
#Executing /home/s.varona/virology_training_test/work/conda/nf-core-viralrecon-1.2.0dev-3fb10bb8a332a0381f3a6f1a0bab1f62/bin/draw_circos_images.sh 

Creating individual config file for SAMPLE SAMPLE3_SE using FILE /home/s.varona/virology_training_test/work/conda/nf-core-viralrecon-1.2.0dev-3fb10bb8a332a0381f3a6f1a0bab1f62/bin/config_files/OR.conf
DONE Creating config file for circos in SAMPLE SAMPLE3_SE
Executing circos in SAMPLE SAMPLE3_SE
Creating image for plasmid NC_045512.2 in sample SAMPLE3_SE
debuggroup summary 0.24s welcome to circos v0.69-8 15 Jun 2019 on Perl 5.026002
Use of uninitialized value $track_type in hash element at /home/s.varona/virology_training_test/work/conda/nf-core-viralrecon-1.2.0dev-3fb10bb8a332a0381f3a6f1a0bab1f62/bin/../lib/Circos.pm line 2402.
debuggroup summary 0.24s current working directory /home/s.varona/virology_training_test/work/ea/e5b0efb3c3fda6a6b2d115796b7353
debuggroup summary 0.24s command /home/s.varona/virology_training_test/work/conda/nf-core-viralrecon-1.2.0dev-3fb10bb8a332a0381f3a6f1a0bab1f62/bin/circos -conf ./NO_GROUP/SAMPLE3_SE/images/SAMPLE3_SE_NC_045512.2_individual.circos.conf
debuggroup summary 0.24s loading configuration from file ./NO_GROUP/SAMPLE3_SE/images/SAMPLE3_SE_NC_045512.2_individual.circos.conf
debuggroup summary 0.24s found conf file ./NO_GROUP/SAMPLE3_SE/images/SAMPLE3_SE_NC_045512.2_individual.circos.conf
debuggroup summary 0.46s debug will appear for these features: output,summary
debuggroup summary 0.46s bitmap output image ./NO_GROUP/SAMPLE3_SE/images/SAMPLE3_SE_NC_045512.2.png
debuggroup summary 0.46s parsing karyotype and organizing ideograms
debuggroup summary 0.46s karyotype has 1 chromosomes of total size 29,904
debuggroup summary 0.46s applying global and local scaling
debuggroup summary 0.47s allocating image, colors and brushes
debuggroup summary 2.97s drawing 1 ideograms of total size 29,904
debuggroup summary 2.97s drawing highlights and ideograms
WARNING *** Track id [track_3] has no type definition. This is alright if you're using the track for side-effects like axes and backgrounds.
WARNING *** Track id [track_3] of type [_undef_] has no file definition. This is alright if you're using the track for side-effects like axes and backgrounds.
WARNING *** Track id [track_7] has no type definition. This is alright if you're using the track for side-effects like axes and backgrounds.
WARNING *** Track id [track_7] of type [_undef_] has no file definition. This is alright if you're using the track for side-effects like axes and backgrounds.
debuggroup summary 3.10s found conf file /home/s.varona/virology_training_test/work/conda/nf-core-viralrecon-1.2.0dev-3fb10bb8a332a0381f3a6f1a0bab1f62/bin/../etc/tracks/text.conf
debuggroup summary 3.10s found conf file /home/s.varona/virology_training_test/work/conda/nf-core-viralrecon-1.2.0dev-3fb10bb8a332a0381f3a6f1a0bab1f62/bin/../etc/tracks/text.conf
debuggroup summary 3.10s found conf file /home/s.varona/virology_training_test/work/conda/nf-core-viralrecon-1.2.0dev-3fb10bb8a332a0381f3a6f1a0bab1f62/bin/../etc/tracks/tile.conf
debuggroup summary 3.10s found conf file /home/s.varona/virology_training_test/work/conda/nf-core-viralrecon-1.2.0dev-3fb10bb8a332a0381f3a6f1a0bab1f62/bin/../etc/tracks/tile.conf
debuggroup summary 3.10s found conf file /home/s.varona/virology_training_test/work/conda/nf-core-viralrecon-1.2.0dev-3fb10bb8a332a0381f3a6f1a0bab1f62/bin/../etc/tracks/text.conf
debuggroup summary 3.10s found conf file /home/s.varona/virology_training_test/work/conda/nf-core-viralrecon-1.2.0dev-3fb10bb8a332a0381f3a6f1a0bab1f62/bin/../etc/tracks/tile.conf
debuggroup summary 3.10s found conf file /home/s.varona/virology_training_test/work/conda/nf-core-viralrecon-1.2.0dev-3fb10bb8a332a0381f3a6f1a0bab1f62/bin/../etc/tracks/tile.conf
debuggroup summary 3.10s found conf file /home/s.varona/virology_training_test/work/conda/nf-core-viralrecon-1.2.0dev-3fb10bb8a332a0381f3a6f1a0bab1f62/bin/../etc/tracks/text.conf
debuggroup summary 3.10s found conf file /home/s.varona/virology_training_test/work/conda/nf-core-viralrecon-1.2.0dev-3fb10bb8a332a0381f3a6f1a0bab1f62/bin/../etc/tracks/tile.conf
debuggroup summary 3.10s found conf file /home/s.varona/virology_training_test/work/conda/nf-core-viralrecon-1.2.0dev-3fb10bb8a332a0381f3a6f1a0bab1f62/bin/../etc/tracks/text.conf
debuggroup summary 3.10s found conf file /home/s.varona/virology_training_test/work/conda/nf-core-viralrecon-1.2.0dev-3fb10bb8a332a0381f3a6f1a0bab1f62/bin/../etc/tracks/tile.conf
debuggroup summary 3.11s processing track_0 text /home/s.varona/virology_training_test/work/ea/e5b0efb3c3fda6a6b2d115796b7353/NO_GROUP/SAMPLE3_SE/data/pID_text_annotation.coordinates
debuggroup summary 3.11s processing track_1 text /home/s.varona/virology_training_test/work/ea/e5b0efb3c3fda6a6b2d115796b7353/NO_GROUP/SAMPLE3_SE/data/SAMPLE3_SE.gff.coordinates
debuggroup summary 3.11s processing track_2 tile /home/s.varona/virology_training_test/work/ea/e5b0efb3c3fda6a6b2d115796b7353/NO_GROUP/SAMPLE3_SE/data/SAMPLE3_SE.gff.forward.coordinates
debuggroup summary 3.11s processing track_4 tile /home/s.varona/virology_training_test/work/ea/e5b0efb3c3fda6a6b2d115796b7353/NO_GROUP/SAMPLE3_SE/data/SAMPLE3_SE.gff.reverse.coordinates
debuggroup summary 3.11s processing track_5 text /home/s.varona/virology_training_test/work/ea/e5b0efb3c3fda6a6b2d115796b7353/NO_GROUP/SAMPLE3_SE/database/SAMPLE3_SE.gff.bed
debuggroup summary 3.12s processing track_6 tile /home/s.varona/virology_training_test/work/ea/e5b0efb3c3fda6a6b2d115796b7353/NO_GROUP/SAMPLE3_SE/database/SAMPLE3_SE.gff.forward.bed
debuggroup summary 3.12s processing track_8 tile /home/s.varona/virology_training_test/work/ea/e5b0efb3c3fda6a6b2d115796b7353/NO_GROUP/SAMPLE3_SE/database/SAMPLE3_SE.gff.reverse.bed
debuggroup summary 3.12s processing track_9 text /home/s.varona/virology_training_test/work/ea/e5b0efb3c3fda6a6b2d115796b7353/NO_GROUP/SAMPLE3_SE/data/SAMPLE3_SE.plasmids.bed
debuggroup summary 3.13s processing track_10 tile /home/s.varona/virology_training_test/work/ea/e5b0efb3c3fda6a6b2d115796b7353/NO_GROUP/SAMPLE3_SE/data/SAMPLE3_SE.plasmids.bed
debuggroup summary 3.14s processing track_11 text /home/s.varona/virology_training_test/work/ea/e5b0efb3c3fda6a6b2d115796b7353/NO_GROUP/SAMPLE3_SE/data/SAMPLE3_SE.plasmids.complete
debuggroup summary 3.17s processing track_12 tile /home/s.varona/virology_training_test/work/ea/e5b0efb3c3fda6a6b2d115796b7353/NO_GROUP/SAMPLE3_SE/data/SAMPLE3_SE.plasmids.complete
debuggroup summary 3.18s drawing track_0 text z 0 pID_text_annotation.coordinates orient center
debuggroup summary 3.18s placing text track ./NO_GROUP/SAMPLE3_SE/data/pID_text_annotation.coordinates
debuggroup summary 3.18s ... see progress with -debug_group text
debuggroup summary 3.18s ... see placement summary with -debug_group textplace
debuggroup summary 3.26s found conf file /home/s.varona/virology_training_test/work/conda/nf-core-viralrecon-1.2.0dev-3fb10bb8a332a0381f3a6f1a0bab1f62/bin/../etc/tracks/axis.conf
debuggroup summary 3.26s drawing track_1 text z 0 SAMPLE3_SE.gff.coordinates 
debuggroup summary 3.26s placing text track ./NO_GROUP/SAMPLE3_SE/data/SAMPLE3_SE.gff.coordinates
debuggroup summary 3.26s ... see progress with -debug_group text
debuggroup summary 3.26s ... see placement summary with -debug_group textplace
debuggroup summary 3.40s found conf file /home/s.varona/virology_training_test/work/conda/nf-core-viralrecon-1.2.0dev-3fb10bb8a332a0381f3a6f1a0bab1f62/bin/../etc/tracks/axis.conf
debuggroup summary 3.42s drawing track_2 tile z 0 SAMPLE3_SE.gff.forward.coordinates orient out
debuggroup summary 3.43s found conf file /home/s.varona/virology_training_test/work/conda/nf-core-viralrecon-1.2.0dev-3fb10bb8a332a0381f3a6f1a0bab1f62/bin/../etc/tracks/axis.conf
debuggroup summary 3.44s drawing track_3 _undef_ z 0 no_file 
debuggroup summary 3.44s found conf file /home/s.varona/virology_training_test/work/conda/nf-core-viralrecon-1.2.0dev-3fb10bb8a332a0381f3a6f1a0bab1f62/bin/../etc/tracks/axis.conf
debuggroup summary 3.45s drawing track_4 tile z 0 SAMPLE3_SE.gff.reverse.coordinates orient in
debuggroup summary 3.45s found conf file /home/s.varona/virology_training_test/work/conda/nf-core-viralrecon-1.2.0dev-3fb10bb8a332a0381f3a6f1a0bab1f62/bin/../etc/tracks/axis.conf
debuggroup summary 3.46s drawing track_5 text z 0 SAMPLE3_SE.gff.bed orient center
debuggroup summary 3.46s placing text track ./NO_GROUP/SAMPLE3_SE/database/SAMPLE3_SE.gff.bed
debuggroup summary 3.46s ... see progress with -debug_group text
debuggroup summary 3.46s ... see placement summary with -debug_group textplace
debuggroup summary 3.54s found conf file /home/s.varona/virology_training_test/work/conda/nf-core-viralrecon-1.2.0dev-3fb10bb8a332a0381f3a6f1a0bab1f62/bin/../etc/tracks/axis.conf
debuggroup summary 3.56s drawing track_6 tile z 0 SAMPLE3_SE.gff.forward.bed orient out
debuggroup summary 3.56s found conf file /home/s.varona/virologArgument "ymdB" isn't numeric in numeric lt (<) at /home/s.varona/virology_training_test/work/conda/nf-core-viralrecon-1.2.0dev-3fb10bb8a332a0381f3a6f1a0bab1f62/bin/../lib/Circos.pm line 2598.
Use of uninitialized value $track_type in hash element at /home/s.varona/virology_training_test/work/conda/nf-core-viralrecon-1.2.0dev-3fb10bb8a332a0381f3a6f1a0bab1f62/bin/../lib/Circos.pm line 2402.
y_training_test/work/conda/nf-core-viralrecon-1.2.0dev-3fb10bb8a332a0381f3a6f1a0bab1f62/bin/../etc/tracks/axis.conf
debuggroup summary 3.59s drawing track_7 _undef_ z 0 no_file 
debuggroup summary 3.59s found conf file /home/s.varona/virology_training_test/work/conda/nf-core-viralrecon-1.2.0dev-3fb10bb8a332a0381f3a6f1a0bab1f62/bin/../etc/tracks/axis.conf
debuggroup summary 3.60s drawing track_8 tile z 0 SAMPLE3_SE.gff.reverse.bed orient in
debuggroup summary 3.60s found conf file /home/s.varona/virology_training_test/work/conda/nf-core-viralrecon-1.2.0dev-3fb10bb8a332a0381f3a6f1a0bab1f62/bin/../etc/tracks/axis.conf
debuggroup summary 3.60s drawing track_9 text z 0 SAMPLE3_SE.plasmids.bed orient out
debuggroup summary 3.60s placing text track ./NO_GROUP/SAMPLE3_SE/data/SAMPLE3_SE.plasmids.bed
debuggroup summary 3.60s ... see progress with -debug_group text
debuggroup summary 3.60s ... see placement summary with -debug_group textplace
debuggroup summary 3.74s found conf file /home/s.varona/virology_training_test/work/conda/nf-core-viralrecon-1.2.0dev-3fb10bb8a332a0381f3a6f1a0bab1f62/bin/../etc/tracks/axis.conf
debuggroup summary 3.76s drawing track_10 tile z 0 SAMPLE3_SE.plasmids.bed orient in
debuggroup summary 3.76s found conf file /home/s.varona/virology_training_test/work/conda/nf-core-viralrecon-1.2.0dev-3fb10bb8a332a0381f3a6f1a0bab1f62/bin/../etc/tracks/axis.conf
debuggroup summary 3.79s drawing track_11 text z 0 SAMPLE3_SE.plasmids.complete orient out
debuggroup summary 3.79s placing text track ./NO_GROUP/SAMPLE3_SE/data/SAMPLE3_SE.plasmids.complete
debuggroup summary 3.79s ... see progress with -debug_group text
debuggroup summary 3.79s ... see placement summary with -debug_group textplace
debuggroup summary 3.93s found conf file /home/s.varona/virology_training_test/work/conda/nf-core-viralrecon-1.2.0dev-3fb10bb8a332a0381f3a6f1a0bab1f62/bin/../etc/tracks/axis.conf
debuggroup summary 3.95s drawing track_12 tile z 0 SAMPLE3_SE.plasmids.complete orient in
debuggroup summary 3.96s found conf file /home/s.varona/virology_training_test/work/conda/nf-core-viralrecon-1.2.0dev-3fb10bb8a332a0381f3a6f1a0bab1f62/bin/../etc/tracks/axis.conf
debuggroup output 3.98s generating output
debuggroup output 4.80s created PNG image ./NO_GROUP/SAMPLE3_SE/images/SAMPLE3_SE_NC_045512.2.png (486 kb)
Creating summary image for in sample SAMPLE3_SE from FILE /home/s.varona/virology_training_test/work/conda/nf-core-viralrecon-1.2.0dev-3fb10bb8a332a0381f3a6f1a0bab1f62/bin/config_files/circos_summary_1_3_3.conf
debuggroup summary 0.24s welcome to circos v0.69-8 15 Jun 2019 on Perl 5.026002
Use of uninitialized value $track_type in hash element at /home/s.varona/virology_training_test/work/conda/nf-core-viralrecon-1.2.0dev-3fb10bb8a332a0381f3a6f1a0bab1f62/bin/../lib/Circos.pm line 2402.
debuggroup summary 0.25s current working directory /home/s.varona/virology_training_test/work/ea/e5b0efb3c3fda6a6b2d115796b7353
debuggroup summary 0.25s command /home/s.varona/virology_training_test/work/conda/nf-core-viralrecon-1.2.0dev-3fb10bb8a332a0381f3a6f1a0bab1f62/bin/circos -conf ./NO_GROUP/SAMPLE3_SE/images/SAMPLE3_SE_summary.circos.conf
debuggroup summary 0.25s loading configuration from file ./NO_GROUP/SAMPLE3_SE/images/SAMPLE3_SE_summary.circos.conf
debuggroup summary 0.25s found conf file ./NO_GROUP/SAMPLE3_SE/images/SAMPLE3_SE_summary.circos.conf
debuggroup summary 0.47s debug will appear for these features: output,summary
debuggroup summary 0.47s bitmap output image ./NO_GROUP/SAMPLE3_SE/images/SAMPLE3_SE_summary.png
debuggroup summary 0.47s parsing karyotype and organizing ideograms
debuggroup summary 0.47s karyotype has 1 chromosomes of total size 29,904
debuggroup summary 0.47s applying global and local scaling
debuggroup summary 0.47s allocating image, colors and brushes
debuggroup summary 2.94s drawing 1 ideograms of total size 29,904
debuggroup summary 2.94s drawing highlights and ideograms
debuggroup summary 3.06s found conf file /home/s.varona/virology_training_test/work/conda/nf-core-viralrecon-1.2.0dev-3fb10bb8a332a0381f3a6f1a0bab1f62/bin/../etc/tracks/link.conf
debuggroup summary 3.06s process track_0 link /home/s.varona/virology_training_test/work/ea/e5b0efb3c3fda6a6b2d115796b7353/NO_GROUP/SAMPLE3_SE/data/SAMPLE3_SE.plasmids.links
debuggroup summary 3.06s drawing link track_0 z 0
WARNING *** Track id [track_4] has no type definition. This is alright if you're using the track for side-effects like axes and backgrounds.
WARNING *** Track id [track_4] of type [_undef_] has no file definition. This is alright if you're using the track for side-effects like axes and backgrounds.
debuggroup summary 3.06s found conf file /home/s.varona/virology_training_test/work/conda/nf-core-viralrecon-1.2.0dev-3fb10bb8a332a0381f3a6f1a0bab1f62/bin/../etc/tracks/histogram.conf
debuggroup summary 3.06s found conf file /home/s.varona/virology_training_test/work/conda/nf-core-viralrecon-1.2.0dev-3fb10bb8a332a0381f3a6f1a0bab1f62/bin/../etc/tracks/text.conf
debuggroup summary 3.06s found conf file /home/s.varona/virology_training_test/work/conda/nf-core-viralrecon-1.2.0dev-3fb10bb8a332a0381f3a6f1a0bab1f62/bin/../etc/tracks/text.conf
debuggroup summary 3.06s found conf file /home/s.varona/virology_training_test/work/conda/nf-core-viralrecon-1.2.0dev-3fb10bb8a332a0381f3a6f1a0bab1f62/bin/../etc/tracks/tile.conf
debuggroup summary 3.06s found conf file /home/s.varona/virology_training_test/work/conda/nf-core-viralrecon-1.2.0dev-3fb10bb8a332a0381f3a6f1a0bab1f62/bin/../etc/tracks/tile.conf
debuggroup summary 3.06s found conf file /home/s.varona/virology_training_test/work/conda/nf-core-viralrecon-1.2.0dev-3fb10bb8a332a0381f3a6f1a0bab1f62/bin/../etc/tracks/text.conf
debuggroup summary 3.07s found conf file /home/s.varona/virology_training_test/work/conda/nf-core-viralrecon-1.2.0dev-3fb10bb8a332a0381f3a6f1a0bab1f62/bin/../etc/tracks/tile.conf
debuggroup summary 3.07s processing track_0 histogram /home/s.varona/virology_training_test/work/ea/e5b0efb3c3fda6a6b2d115796b7353/NO_GROUP/SAMPLE3_SE/data/SAMPLE3_SE.bedgraph_term
debuggroup summary 3.07s processing track_1 text /home/s.varona/virology_training_test/work/ea/e5b0efb3c3fda6a6b2d115796b7353/NO_GROUP/SAMPLE3_SE/data/pID_text_annotation.coordinates
debuggroup summary 3.07s processing track_2 text /home/s.varona/virology_training_test/work/ea/e5b0efb3c3fda6a6b2d115796b7353/NO_GROUP/SAMPLE3_SE/data/SAMPLE3_SE.gff.coordinates
debuggroup summary 3.07s processing track_3 tile /home/s.varona/virology_training_test/work/ea/e5b0efb3c3fda6a6b2d115796b7353/NO_GROUP/SAMPLE3_SE/data/SAMPLE3_SE.gff.forward.coordinates
debuggroup summary 3.07s processing track_5 tile /home/s.varona/virology_training_test/work/ea/e5b0efb3c3fda6a6b2d115796b7353/NO_GROUP/SAMPLE3_SE/data/SAMPLE3_SE.gff.reverse.coordinates
debuggroup summary 3.07s processing track_6 text /home/s.varona/virology_training_test/work/ea/e5b0efb3c3fda6a6b2d115796b7353/NO_GROUP/SAMPLE3_SE/data/SAMPLE3_SE.plasmids.bed
debuggroup summary 3.09s processing track_7 tile /home/s.varona/virology_training_test/work/ea/e5b0efb3c3fda6a6b2d115796b7353/NO_GROUP/SAMPLE3_SE/data/SAMPLE3_SE.plasmids.bed
debuggroup summary 3.10s drawing track_0 histogram z 0 SAMPLE3_SE.bedgraph_term orient out
debuggroup summary 3.10s found conf file /home/s.varona/virology_training_test/work/conda/nf-core-viralrecon-1.2.0dev-3fb10bb8a332a0381f3a6f1a0bab1f62/bin/../etc/tracks/axis.conf
debuggroup summary 3.16s drawing track_1 text z 0 pID_text_annotation.coordinates orient center
debuggroup summary 3.16s placing text track ./NO_GROUP/SAMPLE3_SE/data/pID_text_annotation.coordinates
debuggroup summary 3.16s ... see progress with -debug_group text
debuggroup summary 3.16s ... see placement summary with -debug_group textplace
debuggroup summary 3.23s found conf file /home/s.varona/virology_training_test/work/conda/nf-core-viralrecon-1.2.0dev-3fb10bb8a332a0381f3a6f1a0bab1f62/bin/../etc/tracks/axis.conf
debuggroup summary 3.23s drawing track_2 text z 0 SAMPLE3_SE.gff.coordinates orient center
debuggroup summary 3.23s placing text track ./NO_GROUP/SAMPLE3_SE/data/SAMPLE3_SE.gff.coordinates
debuggroup summary 3.23s ... see progress with -debug_group text
debuggroup summary 3.23s ... see placement summary with -debug_group textplace
debuggroup summary 3.32s found conf file /home/s.varona/virology_training_test/work/conda/nf-core-viralrecon-1.2.0dev-3fb10bb8a332a0381f3a6f1a0bab1f62/bin/../etc/tracks/axis.conf
debuggroup summary 3.35s drawing track_3 tile z 0 SAMPLE3_SE.gff.forward.coordinates orient out
debuggroup summary 3.35s found conf file /home/s.varona/virology_training_test/work/conda/nf-core-viralrecon-1.2.0dev-3fb10bb8a332a0381f3a6f1a0bab1f62/bin/../etc/tracks/axis.conf
debuggroup summary 3.36s drawing track_4 _undef_ z 0 no_file 
debuggroup summary 3.36s found conf file /home/s.varona/virology_training_test/work/conda/nf-core-viralrecon-1.2.0dev-3fb10bb8a332a0381f3a6f1a0bab1f62/bin/../etc/tracks/axis.conf
debuggroup summary 3.37s drawing track_5 tile z 0 SAMPLE3_SE.gff.reverse.coordinates orient in
debuggroup summary 3.37s found conf file /home/s.varona/virology_training_test/work/conda/nf-core-viralrecon-1.2.0dev-3fb10bb8a332a0381f3a6f1a0bab1f62/bin/../etc/tracks/axis.conf
debuggroup summary 3.38s drawing track_6 text z 0 SAMPLE3_SE.plasmids.bed orient out
debuggroup summary 3.38s placing text track ./NO_GROUP/SAMPLE3_SE/data/SAMPLE3_SE.plasmids.bed
debuggroup summary 3.38s ... see progress with -debug_group text
debuggroup summary 3.38s ... see placement summary with -debug_group textplace
debuggroup summary 3.46s found conf file /home/s.varona/virology_training_test/work/conda/nf-core-viralrecon-1.2.0dev-3fb10bb8a332a0381f3a6f1a0bab1f62/bin/../etc/tracks/axis.conf
debuggroup summary 3.48s drawing track_7 tile z 0 SAMPLE3_SE.plasmids.bed orient out
debuggroup summary 3.48s found conf file /home/s.varona/virology_training_test/work/conda/nf-core-viralrecon-1.2.0dev-3fb10bb8a332a0381f3a6f1a0bab1f62/bin/../etc/tracks/axis.conf
debuggroup output 3.50s generating output
debuggroup output 4.31s created PNG image ./NO_GROUP/SAMPLE3_SE/images/SAMPLE3_SE_summary.png (581 kb)
