LOG FILE PLASMIDID
mar mar 2 18:08:11 CET 2021

#Executing /home/s.varona/virology_training_test/work/conda/nf-core-viralrecon-1.2.0dev-3fb10bb8a332a0381f3a6f1a0bab1f62/bin/mash_screener.sh 


DEPENDENCY	              STATUS
----------	              ------
bash                         [0;32mINSTALLED[0m 
mash                         [0;32mINSTALLED[0m 
Output directory is ./NO_GROUP/SAMPLE3_SE/kmer
creating sketch of  GCF_009858895.2_ASM985889v3_genomic.200409.fna
Sketching GCF_009858895.2_ASM985889v3_genomic.200409.fna...
Writing to ./NO_GROUP/SAMPLE3_SE/kmer/database.msh...
mar mar  2 18:08:11 CET 2021
screening SAMPLE3_SE.k31.scaffolds.fa
Loading ./NO_GROUP/SAMPLE3_SE/kmer/database.msh...
   1000 distinct hashes.
Streaming from SAMPLE3_SE.k31.scaffolds.fa...
   Estimated distinct k-mers in mixture: 28395
Summing shared...
Reallocating to winners...
Computing coverage medians...
Writing output...
mar mar  2 18:08:11 CET 2021
DONE Screening SAMPLE3_SE of NO_GROUP Group 

Retrieving sequences matching more than 0.95 identity

#Executing /home/s.varona/virology_training_test/work/conda/nf-core-viralrecon-1.2.0dev-3fb10bb8a332a0381f3a6f1a0bab1f62/bin/filter_fasta.sh 

Output directory is ./NO_GROUP/SAMPLE3_SE/kmer
mar mar  2 18:08:11 CET 2021
Filtering terms on file GCF_009858895.2_ASM985889v3_genomic.200409.fna
mar mar  2 18:08:11 CET 2021
DONE Filtering terms on file GCF_009858895.2_ASM985889v3_genomic.200409.fna
File with filtered sequences can be found in ./NO_GROUP/SAMPLE3_SE/kmer/database.filtered_0.95_term.fasta
Previous number of sequences= 1
Post number of sequences= 1


Namespace(distance=0.5, input_file='./NO_GROUP/SAMPLE3_SE/kmer/database.filtered_0.95_term.fasta', output=False, output_grouped=False)
Obtaining mash distance
Obtaining cluster from distance
Calculating length
Filtering representative fasta
[35m1 sequences clustered into 1[0m
DONE

#Executing /home/s.varona/virology_training_test/work/conda/nf-core-viralrecon-1.2.0dev-3fb10bb8a332a0381f3a6f1a0bab1f62/bin/calculate_seqlen.sh 

mar mar  2 18:08:12 CET 2021
Done seqlen calculation
Files can be found at ./NO_GROUP/SAMPLE3_SE/data

#Executing /home/s.varona/virology_training_test/work/conda/nf-core-viralrecon-1.2.0dev-3fb10bb8a332a0381f3a6f1a0bab1f62/bin/build_karyotype.sh 

(standard_in) 1: syntax error
(standard_in) 1: syntax error
FILE NAME SAMPLE3_SE
mar mar  2 18:08:12 CET 2021
Obtain list of cromosomes (idiogram) for CIRCOS karyotype file
Generating summary karyotype file with plasmids that mapped more than %
mar mar  2 18:08:12 CET 2021
Done Obtain list of cromosomes (idiogram) for CIRCOS karyotype file
Files can be found at ./NO_GROUP/SAMPLE3_SE/data
1 sequences will be displayed on summary image
1 images will be created individually 


#Executing /home/s.varona/virology_training_test/work/conda/nf-core-viralrecon-1.2.0dev-3fb10bb8a332a0381f3a6f1a0bab1f62/bin/prokka_annotation.sh 


DEPENDENCY	              STATUS
----------	              ------
prokka                       [0;32mINSTALLED[0m 
PREFIX SAMPLE3_SE
Output directory is ./NO_GROUP/SAMPLE3_SE/data
mar mar  2 18:08:12 CET 2021
Annotating SAMPLE3_SE.k31.scaffolds.fa with prokka
[18:08:13] This is prokka 1.14.6
[18:08:13] Written by Torsten Seemann <torsten.seemann@gmail.com>
[18:08:13] Homepage is https://github.com/tseemann/prokka
[18:08:13] Local time is Tue Mar  2 18:08:13 2021
[18:08:13] You are s.varona
[18:08:13] Operating system is linux
[18:08:13] You have BioPerl 1.007002
[18:08:13] System has 4 cores.
[18:08:13] Will use maximum of 1 cores.
[18:08:13] Annotating as >>> Bacteria <<<
[18:08:13] Enabling options to ensure Genbank/ENA/DDJB submission compliance.
[18:08:13] Re-using existing --outdir ./NO_GROUP/SAMPLE3_SE/data
[18:08:13] Using filename prefix: SAMPLE3_SE.XXX
[18:08:13] Setting HMMER_NCPU=1
[18:08:13] Writing log to: ./NO_GROUP/SAMPLE3_SE/data/SAMPLE3_SE.log
[18:08:13] Command: /home/s.varona/virology_training_test/work/conda/nf-core-viralrecon-1.2.0dev-3fb10bb8a332a0381f3a6f1a0bab1f62/bin/prokka --force --outdir ./NO_GROUP/SAMPLE3_SE/data --prefix SAMPLE3_SE --addgenes --kingdom Bacteria --genus --species --usegenus --centre BU-ISCIII --locustag SAMPLE3_SE --compliant --cpus 1 SAMPLE3_SE.k31.scaffolds.fa
[18:08:13] Appending to PATH: /home/s.varona/virology_training_test/work/conda/nf-core-viralrecon-1.2.0dev-3fb10bb8a332a0381f3a6f1a0bab1f62/bin
[18:08:13] Looking for 'aragorn' - found /home/s.varona/virology_training_test/work/conda/nf-core-viralrecon-1.2.0dev-3fb10bb8a332a0381f3a6f1a0bab1f62/bin/aragorn
[18:08:13] Determined aragorn version is 001002 from 'ARAGORN v1.2.38 Dean Laslett'
[18:08:13] Looking for 'barrnap' - found /home/s.varona/virology_training_test/work/conda/nf-core-viralrecon-1.2.0dev-3fb10bb8a332a0381f3a6f1a0bab1f62/bin/barrnap
[18:08:13] Determined barrnap version is 000009 from 'barrnap 0.9'
[18:08:13] Looking for 'blastp' - found /home/s.varona/virology_training_test/work/conda/nf-core-viralrecon-1.2.0dev-3fb10bb8a332a0381f3a6f1a0bab1f62/bin/blastp
[18:08:13] Determined blastp version is 002010 from 'blastp: 2.10.1+'
[18:08:13] Looking for 'cmpress' - found /home/s.varona/virology_training_test/work/conda/nf-core-viralrecon-1.2.0dev-3fb10bb8a332a0381f3a6f1a0bab1f62/bin/cmpress
[18:08:13] Determined cmpress version is 001001 from '# INFERNAL 1.1.3 (Nov 2019)'
[18:08:13] Looking for 'cmscan' - found /home/s.varona/virology_training_test/work/conda/nf-core-viralrecon-1.2.0dev-3fb10bb8a332a0381f3a6f1a0bab1f62/bin/cmscan
[18:08:13] Determined cmscan version is 001001 from '# INFERNAL 1.1.3 (Nov 2019)'
[18:08:13] Looking for 'egrep' - found /bin/egrep
[18:08:13] Looking for 'find' - found /usr/bin/find
[18:08:13] Looking for 'grep' - found /bin/grep
[18:08:13] Looking for 'hmmpress' - found /home/s.varona/virology_training_test/work/conda/nf-core-viralrecon-1.2.0dev-3fb10bb8a332a0381f3a6f1a0bab1f62/bin/hmmpress
[18:08:13] Determined hmmpress version is 003003 from '# HMMER 3.3.2 (Nov 2020); http://hmmer.org/'
[18:08:13] Looking for 'hmmscan' - found /home/s.varona/virology_training_test/work/conda/nf-core-viralrecon-1.2.0dev-3fb10bb8a332a0381f3a6f1a0bab1f62/bin/hmmscan
[18:08:13] Determined hmmscan version is 003003 from '# HMMER 3.3.2 (Nov 2020); http://hmmer.org/'
[18:08:13] Looking for 'java' - found /home/s.varona/virology_training_test/work/conda/nf-core-viralrecon-1.2.0dev-3fb10bb8a332a0381f3a6f1a0bab1f62/bin/java
[18:08:13] Looking for 'makeblastdb' - found /home/s.varona/virology_training_test/work/conda/nf-core-viralrecon-1.2.0dev-3fb10bb8a332a0381f3a6f1a0bab1f62/bin/makeblastdb
[18:08:13] Determined makeblastdb version is 002010 from 'makeblastdb: 2.10.1+'
[18:08:13] Looking for 'minced' - found /home/s.varona/virology_training_test/work/conda/nf-core-viralrecon-1.2.0dev-3fb10bb8a332a0381f3a6f1a0bab1f62/bin/minced
[18:08:13] Determined minced version is 004002 from 'minced 0.4.2'
[18:08:13] Looking for 'parallel' - found /home/s.varona/virology_training_test/work/conda/nf-core-viralrecon-1.2.0dev-3fb10bb8a332a0381f3a6f1a0bab1f62/bin/parallel
[18:08:13] Determined parallel version is 20210222 from 'GNU parallel 20210222'
[18:08:13] Looking for 'prodigal' - found /home/s.varona/virology_training_test/work/conda/nf-core-viralrecon-1.2.0dev-3fb10bb8a332a0381f3a6f1a0bab1f62/bin/prodigal
[18:08:13] Determined prodigal version is 002006 from 'Prodigal V2.6.3: February, 2016'
[18:08:13] Looking for 'prokka-genbank_to_fasta_db' - found /home/s.varona/virology_training_test/work/conda/nf-core-viralrecon-1.2.0dev-3fb10bb8a332a0381f3a6f1a0bab1f62/bin/prokka-genbank_to_fasta_db
[18:08:13] Looking for 'sed' - found /home/s.varona/virology_training_test/work/conda/nf-core-viralrecon-1.2.0dev-3fb10bb8a332a0381f3a6f1a0bab1f62/bin/sed
[18:08:13] Looking for 'tbl2asn' - found /home/s.varona/virology_training_test/work/conda/nf-core-viralrecon-1.2.0dev-3fb10bb8a332a0381f3a6f1a0bab1f62/bin/tbl2asn
[18:08:13] Determined tbl2asn version is 025007 from 'tbl2asn 25.7   arguments:'
[18:08:13] Using genetic code table 11.
[18:08:13] Loading and checking input file: SAMPLE3_SE.k31.scaffolds.fa
[18:08:13] Skipping short (<200 bp) contig: 14
[18:08:13] Wrote 16 contigs totalling 27719 bp.
[18:08:13] Predicting tRNAs and tmRNAs
[18:08:13] Running: aragorn -l -gc11  -w \.\/NO_GROUP\/SAMPLE3_SE\/data\/SAMPLE3_SE\.fna
[18:08:13] Found 0 tRNAs
[18:08:13] Predicting Ribosomal RNAs
[18:08:13] Running Barrnap with 1 threads
[18:08:13] Found 0 rRNAs
[18:08:13] Skipping ncRNA search, enable with --rfam if desired.
[18:08:13] Total of 0 tRNA + rRNA features
[18:08:13] Searching for CRISPR repeats
[18:08:14] Found 0 CRISPRs
[18:08:14] Predicting coding sequences
[18:08:14] Contigs total 27719 bp, so using meta mode
[18:08:14] Running: prodigal -i \.\/NO_GROUP\/SAMPLE3_SE\/data\/SAMPLE3_SE\.fna -c -m -g 11 -p meta -f sco -q
[18:08:14] Found 15 CDS
[18:08:14] Connecting features back to sequences
[18:08:14] Skipping genus-specific proteins as can't see /home/s.varona/virology_training_test/work/conda/nf-core-viralrecon-1.2.0dev-3fb10bb8a332a0381f3a6f1a0bab1f62/db/--species
[18:08:14] Annotating CDS, please be patient.
[18:08:14] Will use 1 CPUs for similarity searching.

--------------------- WARNING ---------------------
MSG: Seq [gnl|BU-ISCIII|SAMPLE3_SE_5]: Terminator codon inside CDS!
---------------------------------------------------

--------------------- WARNING ---------------------
MSG: Seq [gnl|BU-ISCIII|SAMPLE3_SE_8]: Terminator codon inside CDS!
---------------------------------------------------
[18:08:14] There are still 15 unannotated CDS left (started with 15)
[18:08:14] Will use blast to search against /home/s.varona/virology_training_test/work/conda/nf-core-viralrecon-1.2.0dev-3fb10bb8a332a0381f3a6f1a0bab1f62/db/kingdom/Bacteria/IS with 1 CPUs
[18:08:14] Running: cat \.\/NO_GROUP\/SAMPLE3_SE\/data\/SAMPLE3_SE\.IS\.tmp\.23234\.faa | parallel --gnu --plain -j 1 --block 1765 --recstart '>' --pipe blastp -query - -db /home/s.varona/virology_training_test/work/conda/nf-core-viralrecon-1.2.0dev-3fb10bb8a332a0381f3a6f1a0bab1f62/db/kingdom/Bacteria/IS -evalue 1e-30 -qcov_hsp_perc 90 -num_threads 1 -num_descriptions 1 -num_alignments 1 -seg no > \.\/NO_GROUP\/SAMPLE3_SE\/data\/SAMPLE3_SE\.IS\.tmp\.23234\.blast 2> /dev/null
[18:08:14] Deleting unwanted file: ./NO_GROUP/SAMPLE3_SE/data/SAMPLE3_SE.IS.tmp.23234.faa
[18:08:14] Deleting unwanted file: ./NO_GROUP/SAMPLE3_SE/data/SAMPLE3_SE.IS.tmp.23234.blast

--------------------- WARNING ---------------------
MSG: Seq [gnl|BU-ISCIII|SAMPLE3_SE_5]: Terminator codon inside CDS!
---------------------------------------------------

--------------------- WARNING ---------------------
MSG: Seq [gnl|BU-ISCIII|SAMPLE3_SE_8]: Terminator codon inside CDS!
---------------------------------------------------
[18:08:14] There are still 15 unannotated CDS left (started with 15)
[18:08:14] Will use blast to search against /home/s.varona/virology_training_test/work/conda/nf-core-viralrecon-1.2.0dev-3fb10bb8a332a0381f3a6f1a0bab1f62/db/kingdom/Bacteria/AMR with 1 CPUs
[18:08:14] Running: cat \.\/NO_GROUP\/SAMPLE3_SE\/data\/SAMPLE3_SE\.AMR\.tmp\.23234\.faa | parallel --gnu --plain -j 1 --block 1765 --recstart '>' --pipe blastp -query - -db /home/s.varona/virology_training_test/work/conda/nf-core-viralrecon-1.2.0dev-3fb10bb8a332a0381f3a6f1a0bab1f62/db/kingdom/Bacteria/AMR -evalue 9.99999999999999e-301 -qcov_hsp_perc 90 -num_threads 1 -num_descriptions 1 -num_alignments 1 -seg no > \.\/NO_GROUP\/SAMPLE3_SE\/data\/SAMPLE3_SE\.AMR\.tmp\.23234\.blast 2> /dev/null
[18:08:15] Deleting unwanted file: ./NO_GROUP/SAMPLE3_SE/data/SAMPLE3_SE.AMR.tmp.23234.faa
[18:08:15] Deleting unwanted file: ./NO_GROUP/SAMPLE3_SE/data/SAMPLE3_SE.AMR.tmp.23234.blast

--------------------- WARNING ---------------------
MSG: Seq [gnl|BU-ISCIII|SAMPLE3_SE_5]: Terminator codon inside CDS!
---------------------------------------------------

--------------------- WARNING ---------------------
MSG: Seq [gnl|BU-ISCIII|SAMPLE3_SE_8]: Terminator codon inside CDS!
---------------------------------------------------
[18:08:15] There are still 15 unannotated CDS left (started with 15)
[18:08:15] Will use blast to search against /home/s.varona/virology_training_test/work/conda/nf-core-viralrecon-1.2.0dev-3fb10bb8a332a0381f3a6f1a0bab1f62/db/kingdom/Bacteria/sprot with 1 CPUs
[18:08:15] Running: cat \.\/NO_GROUP\/SAMPLE3_SE\/data\/SAMPLE3_SE\.sprot\.tmp\.23234\.faa | parallel --gnu --plain -j 1 --block 1765 --recstart '>' --pipe blastp -query - -db /home/s.varona/virology_training_test/work/conda/nf-core-viralrecon-1.2.0dev-3fb10bb8a332a0381f3a6f1a0bab1f62/db/kingdom/Bacteria/sprot -evalue 1e-09 -qcov_hsp_perc 80 -num_threads 1 -num_descriptions 1 -num_alignments 1 -seg no > \.\/NO_GROUP\/SAMPLE3_SE\/data\/SAMPLE3_SE\.sprot\.tmp\.23234\.blast 2> /dev/null
[18:08:17] Deleting unwanted file: ./NO_GROUP/SAMPLE3_SE/data/SAMPLE3_SE.sprot.tmp.23234.faa
[18:08:17] Deleting unwanted file: ./NO_GROUP/SAMPLE3_SE/data/SAMPLE3_SE.sprot.tmp.23234.blast

--------------------- WARNING ---------------------
MSG: Seq [gnl|BU-ISCIII|SAMPLE3_SE_5]: Terminator codon inside CDS!
---------------------------------------------------

--------------------- WARNING ---------------------
MSG: Seq [gnl|BU-ISCIII|SAMPLE3_SE_8]: Terminator codon inside CDS!
---------------------------------------------------
[18:08:17] There are still 15 unannotated CDS left (started with 15)
[18:08:17] Will use hmmer3 to search against /home/s.varona/virology_training_test/work/conda/nf-core-viralrecon-1.2.0dev-3fb10bb8a332a0381f3a6f1a0bab1f62/db/hmm/HAMAP.hmm with 1 CPUs
[18:08:17] Running: cat \.\/NO_GROUP\/SAMPLE3_SE\/data\/SAMPLE3_SE\.HAMAP\.hmm\.tmp\.23234\.faa | parallel --gnu --plain -j 1 --block 1765 --recstart '>' --pipe hmmscan --noali --notextw --acc -E 1e-09 --cpu 1 /home/s.varona/virology_training_test/work/conda/nf-core-viralrecon-1.2.0dev-3fb10bb8a332a0381f3a6f1a0bab1f62/db/hmm/HAMAP.hmm /dev/stdin > \.\/NO_GROUP\/SAMPLE3_SE\/data\/SAMPLE3_SE\.HAMAP\.hmm\.tmp\.23234\.hmmer3 2> /dev/null
[18:08:18] Deleting unwanted file: ./NO_GROUP/SAMPLE3_SE/data/SAMPLE3_SE.HAMAP.hmm.tmp.23234.faa
[18:08:18] Deleting unwanted file: ./NO_GROUP/SAMPLE3_SE/data/SAMPLE3_SE.HAMAP.hmm.tmp.23234.hmmer3
[18:08:18] Labelling remaining 15 proteins as 'hypothetical protein'
[18:08:18] Found 0 unique /gene codes.
[18:08:18] Fixed 0 colliding /gene names.
[18:08:18] Adding /locus_tag identifiers
[18:08:18] Assigned 15 locus_tags to CDS and RNA features.
[18:08:18] Writing outputs to ./NO_GROUP/SAMPLE3_SE/data/

--------------------- WARNING ---------------------
MSG: Seq [SAMPLE3_SE_00005]: Terminator codon inside CDS!
---------------------------------------------------

--------------------- WARNING ---------------------
MSG: Seq [SAMPLE3_SE_00013]: Terminator codon inside CDS!
---------------------------------------------------
[18:08:18] Generating annotation statistics file
[18:08:18] Generating Genbank and Sequin files
[18:08:18] Running: tbl2asn -V b -a r10k -l paired-ends -M n -N 1 -y 'Annotated using prokka 1.14.6 from https://github.com/tseemann/prokka' -Z \.\/NO_GROUP\/SAMPLE3_SE\/data\/SAMPLE3_SE\.err -i \.\/NO_GROUP\/SAMPLE3_SE\/data\/SAMPLE3_SE\.fsa 2> /dev/null
[tbl2asn-forever] Found Prokka input, correcting dates in .gbf|.sqn files.
[tbl2asn-forever] Correcting dates in ./NO_GROUP/SAMPLE3_SE/data/SAMPLE3_SE.gbf
[tbl2asn-forever] Correcting dates in ./NO_GROUP/SAMPLE3_SE/data/SAMPLE3_SE.sqn
[tbl2asn-forever] Dates changed from 01-JAN-2019 to 02-MAR-2021
[18:08:18] Deleting unwanted file: ./NO_GROUP/SAMPLE3_SE/data/errorsummary.val
[18:08:18] Deleting unwanted file: ./NO_GROUP/SAMPLE3_SE/data/SAMPLE3_SE.dr
[18:08:18] Deleting unwanted file: ./NO_GROUP/SAMPLE3_SE/data/SAMPLE3_SE.fixedproducts
[18:08:18] Deleting unwanted file: ./NO_GROUP/SAMPLE3_SE/data/SAMPLE3_SE.ecn
[18:08:18] Deleting unwanted file: ./NO_GROUP/SAMPLE3_SE/data/SAMPLE3_SE.val
[18:08:18] Repairing broken .GBK output that tbl2asn produces...
[18:08:18] Running: sed 's/COORDINATES: profile/COORDINATES:profile/' < \.\/NO_GROUP\/SAMPLE3_SE\/data\/SAMPLE3_SE\.gbf > \.\/NO_GROUP\/SAMPLE3_SE\/data\/SAMPLE3_SE\.gbk
[18:08:18] Deleting unwanted file: ./NO_GROUP/SAMPLE3_SE/data/SAMPLE3_SE.gbf
[18:08:18] Output files:
[18:08:18] ./NO_GROUP/SAMPLE3_SE/data/SAMPLE3_SE.coverage_adapted_clustered_ac
[18:08:18] ./NO_GROUP/SAMPLE3_SE/data/SAMPLE3_SE.bedgraph_term
[18:08:18] ./NO_GROUP/SAMPLE3_SE/data/SAMPLE3_SE.tbl
[18:08:18] ./NO_GROUP/SAMPLE3_SE/data/SAMPLE3_SE.tsv
[18:08:18] ./NO_GROUP/SAMPLE3_SE/data/SAMPLE3_SE.err
[18:08:18] ./NO_GROUP/SAMPLE3_SE/data/SAMPLE3_SE.fsa
[18:08:18] ./NO_GROUP/SAMPLE3_SE/data/SAMPLE3_SE.log
[18:08:18] ./NO_GROUP/SAMPLE3_SE/data/SAMPLE3_SE.faa
[18:08:18] ./NO_GROUP/SAMPLE3_SE/data/SAMPLE3_SE.fna
[18:08:18] ./NO_GROUP/SAMPLE3_SE/data/SAMPLE3_SE.gbk
[18:08:18] ./NO_GROUP/SAMPLE3_SE/data/SAMPLE3_SE.ffn
[18:08:18] ./NO_GROUP/SAMPLE3_SE/data/SAMPLE3_SE.txt
[18:08:18] ./NO_GROUP/SAMPLE3_SE/data/SAMPLE3_SE.sqn
[18:08:18] ./NO_GROUP/SAMPLE3_SE/data/SAMPLE3_SE.gff
[18:08:18] ./NO_GROUP/SAMPLE3_SE/data/SAMPLE3_SE.karyotype_individual.txt
[18:08:18] ./NO_GROUP/SAMPLE3_SE/data/SAMPLE3_SE.karyotype_summary.txt
[18:08:18] Annotation finished successfully.
[18:08:18] Walltime used: 0.08 minutes
[18:08:18] If you use this result please cite the Prokka paper:
[18:08:18] Seemann T (2014) Prokka: rapid prokaryotic genome annotation. Bioinformatics. 30(14):2068-9.
[18:08:18] Type 'prokka --citation' for more details.
[18:08:18] Share and enjoy!
mar mar  2 18:08:18 CET 2021
done annotating SAMPLE3_SE.k31.scaffolds.fa with prokka
Removing unwanted files



#Executing /home/s.varona/virology_training_test/work/conda/nf-core-viralrecon-1.2.0dev-3fb10bb8a332a0381f3a6f1a0bab1f62/bin/blast_align.sh 

query type selected as nucl
Output directory is ./NO_GROUP/SAMPLE3_SE/data
filename is SAMPLE3_SE
mar mar  2 18:08:18 CET 2021
Blasting SAMPLE3_SE agaist database.filtered_0.95_term.0.5.representative.fasta


Building a new DB, current time: 03/02/2021 18:08:18
New DB name:   /home/s.varona/virology_training_test/work/ea/e5b0efb3c3fda6a6b2d115796b7353/NO_GROUP/SAMPLE3_SE/kmer/database.filtered_0.95_term.0.5.representative.fasta.blast.tmp
New DB title:  ./NO_GROUP/SAMPLE3_SE/kmer/database.filtered_0.95_term.0.5.representative.fasta
Sequence type: Nucleotide
Keep MBits: T
Maximum file size: 1000000000B
Adding sequences from FASTA; added 1 sequences in 0.00058198 seconds.


BLAST command is blastn
mar mar  2 18:08:19 CET 2021
Done blasting SAMPLE3_SE agaist database.filtered_0.95_term.0.5.representative.fasta
blasted file can be found in ./NO_GROUP/SAMPLE3_SE/data/SAMPLE3_SE.plasmids.blast 


#Executing /home/s.varona/virology_training_test/work/conda/nf-core-viralrecon-1.2.0dev-3fb10bb8a332a0381f3a6f1a0bab1f62/bin/blast_to_bed.sh 

mar mar  2 18:08:19 CET 2021
Adapting blast to bed using SAMPLE3_SE.plasmids.blast with:
Blast identity= 60
Min length aligned= 500
Min len percentage= 0
mar mar  2 18:08:19 CET 2021
DONE adapting blast to bed
File can be found at ./NO_GROUP/SAMPLE3_SE/data/SAMPLE3_SE.plasmids.bed 


#Executing /home/s.varona/virology_training_test/work/conda/nf-core-viralrecon-1.2.0dev-3fb10bb8a332a0381f3a6f1a0bab1f62/bin/blast_to_complete.sh 

mar mar  2 18:08:19 CET 2021
Adapting blast to complete using SAMPLE3_SE.plasmids.blast with:
Blast identity= 60
Min len percentage= 20
mar mar  2 18:08:19 CET 2021
DONE adapting blast to complete
File can be found at ./NO_GROUP/SAMPLE3_SE/data/SAMPLE3_SE.plasmids.complete /n

#Executing /home/s.varona/virology_training_test/work/conda/nf-core-viralrecon-1.2.0dev-3fb10bb8a332a0381f3a6f1a0bab1f62/bin/blast_to_link.sh 

mar mar  2 18:08:19 CET 2021
Adapting blast to links using SAMPLE3_SE.plasmids.blast with:
Blast identity= 60
Min len percentage= 20
mar mar  2 18:08:19 CET 2021
DONE adapting blast to link
File can be found at ./NO_GROUP/SAMPLE3_SE/data/SAMPLE3_SE.plasmids.links 


#Executing /home/s.varona/virology_training_test/work/conda/nf-core-viralrecon-1.2.0dev-3fb10bb8a332a0381f3a6f1a0bab1f62/bin/gff_to_bed.sh 

mar mar  2 18:08:19 CET 2021
Getting bed file from GFF in SAMPLE3_SE.gff
mar mar  2 18:08:19 CET 2021
DONE getting bed file from GFF
File can be found at ./NO_GROUP/SAMPLE3_SE/data/SAMPLE3_SE.gff.bed



#Executing /home/s.varona/virology_training_test/work/conda/nf-core-viralrecon-1.2.0dev-3fb10bb8a332a0381f3a6f1a0bab1f62/bin/coordinate_adapter.sh 

mar mar  2 18:08:19 CET 2021
adapting coordinates from ./NO_GROUP/SAMPLE3_SE/data/SAMPLE3_SE.gff.bed and ./NO_GROUP/SAMPLE3_SE/data/SAMPLE3_SE.plasmids.blast.links
file name is: SAMPLE3_SE.gff
mar mar  2 18:08:19 CET 2021
Coordinates adapted to file ./NO_GROUP/SAMPLE3_SE/data/SAMPLE3_SE.gff.coordinates 


#Executing /home/s.varona/virology_training_test/work/conda/nf-core-viralrecon-1.2.0dev-3fb10bb8a332a0381f3a6f1a0bab1f62/bin/coordinate_adapter.sh 

mar mar  2 18:08:19 CET 2021
adapting coordinates from ./NO_GROUP/SAMPLE3_SE/data/SAMPLE3_SE.gff.forward.bed and ./NO_GROUP/SAMPLE3_SE/data/SAMPLE3_SE.plasmids.blast.links
file name is: SAMPLE3_SE.gff.forward
mar mar  2 18:08:19 CET 2021
Coordinates adapted to file ./NO_GROUP/SAMPLE3_SE/data/SAMPLE3_SE.gff.forward.coordinates 


#Executing /home/s.varona/virology_training_test/work/conda/nf-core-viralrecon-1.2.0dev-3fb10bb8a332a0381f3a6f1a0bab1f62/bin/coordinate_adapter.sh 

mar mar  2 18:08:19 CET 2021
adapting coordinates from ./NO_GROUP/SAMPLE3_SE/data/SAMPLE3_SE.gff.reverse.bed and ./NO_GROUP/SAMPLE3_SE/data/SAMPLE3_SE.plasmids.blast.links
file name is: SAMPLE3_SE.gff.reverse
mar mar  2 18:08:19 CET 2021
Coordinates adapted to file ./NO_GROUP/SAMPLE3_SE/data/SAMPLE3_SE.gff.reverse.coordinates 


#Executing /home/s.varona/virology_training_test/work/conda/nf-core-viralrecon-1.2.0dev-3fb10bb8a332a0381f3a6f1a0bab1f62/bin/prokka_annotation.sh 


DEPENDENCY	              STATUS
----------	              ------
prokka                       [0;32mINSTALLED[0m 
PREFIX SAMPLE3_SE
Output directory is ./NO_GROUP/SAMPLE3_SE/database
mar mar  2 18:08:19 CET 2021
Annotating ./NO_GROUP/SAMPLE3_SE/kmer/database.filtered_0.95_term.0.5.representative.fasta with prokka
[18:08:19] This is prokka 1.14.6
[18:08:19] Written by Torsten Seemann <torsten.seemann@gmail.com>
[18:08:19] Homepage is https://github.com/tseemann/prokka
[18:08:19] Local time is Tue Mar  2 18:08:19 2021
[18:08:19] You are s.varona
[18:08:19] Operating system is linux
[18:08:19] You have BioPerl 1.007002
[18:08:19] System has 4 cores.
[18:08:19] Will use maximum of 1 cores.
[18:08:19] Annotating as >>> Bacteria <<<
[18:08:19] Enabling options to ensure Genbank/ENA/DDJB submission compliance.
[18:08:19] Re-using existing --outdir ./NO_GROUP/SAMPLE3_SE/database
[18:08:19] Using filename prefix: SAMPLE3_SE.XXX
[18:08:19] Setting HMMER_NCPU=1
[18:08:19] Writing log to: ./NO_GROUP/SAMPLE3_SE/database/SAMPLE3_SE.log
[18:08:19] Command: /home/s.varona/virology_training_test/work/conda/nf-core-viralrecon-1.2.0dev-3fb10bb8a332a0381f3a6f1a0bab1f62/bin/prokka --force --outdir ./NO_GROUP/SAMPLE3_SE/database --prefix SAMPLE3_SE --addgenes --kingdom Bacteria --genus --species --usegenus --centre BU-ISCIII --locustag SAMPLE3_SE --compliant --cpus 1 ./NO_GROUP/SAMPLE3_SE/kmer/database.filtered_0.95_term.0.5.representative.fasta
[18:08:19] Appending to PATH: /home/s.varona/virology_training_test/work/conda/nf-core-viralrecon-1.2.0dev-3fb10bb8a332a0381f3a6f1a0bab1f62/bin
[18:08:19] Looking for 'aragorn' - found /home/s.varona/virology_training_test/work/conda/nf-core-viralrecon-1.2.0dev-3fb10bb8a332a0381f3a6f1a0bab1f62/bin/aragorn
[18:08:19] Determined aragorn version is 001002 from 'ARAGORN v1.2.38 Dean Laslett'
[18:08:19] Looking for 'barrnap' - found /home/s.varona/virology_training_test/work/conda/nf-core-viralrecon-1.2.0dev-3fb10bb8a332a0381f3a6f1a0bab1f62/bin/barrnap
[18:08:19] Determined barrnap version is 000009 from 'barrnap 0.9'
[18:08:19] Looking for 'blastp' - found /home/s.varona/virology_training_test/work/conda/nf-core-viralrecon-1.2.0dev-3fb10bb8a332a0381f3a6f1a0bab1f62/bin/blastp
[18:08:19] Determined blastp version is 002010 from 'blastp: 2.10.1+'
[18:08:19] Looking for 'cmpress' - found /home/s.varona/virology_training_test/work/conda/nf-core-viralrecon-1.2.0dev-3fb10bb8a332a0381f3a6f1a0bab1f62/bin/cmpress
[18:08:19] Determined cmpress version is 001001 from '# INFERNAL 1.1.3 (Nov 2019)'
[18:08:19] Looking for 'cmscan' - found /home/s.varona/virology_training_test/work/conda/nf-core-viralrecon-1.2.0dev-3fb10bb8a332a0381f3a6f1a0bab1f62/bin/cmscan
[18:08:19] Determined cmscan version is 001001 from '# INFERNAL 1.1.3 (Nov 2019)'
[18:08:19] Looking for 'egrep' - found /bin/egrep
[18:08:19] Looking for 'find' - found /usr/bin/find
[18:08:19] Looking for 'grep' - found /bin/grep
[18:08:19] Looking for 'hmmpress' - found /home/s.varona/virology_training_test/work/conda/nf-core-viralrecon-1.2.0dev-3fb10bb8a332a0381f3a6f1a0bab1f62/bin/hmmpress
[18:08:19] Determined hmmpress version is 003003 from '# HMMER 3.3.2 (Nov 2020); http://hmmer.org/'
[18:08:19] Looking for 'hmmscan' - found /home/s.varona/virology_training_test/work/conda/nf-core-viralrecon-1.2.0dev-3fb10bb8a332a0381f3a6f1a0bab1f62/bin/hmmscan
[18:08:19] Determined hmmscan version is 003003 from '# HMMER 3.3.2 (Nov 2020); http://hmmer.org/'
[18:08:19] Looking for 'java' - found /home/s.varona/virology_training_test/work/conda/nf-core-viralrecon-1.2.0dev-3fb10bb8a332a0381f3a6f1a0bab1f62/bin/java
[18:08:19] Looking for 'makeblastdb' - found /home/s.varona/virology_training_test/work/conda/nf-core-viralrecon-1.2.0dev-3fb10bb8a332a0381f3a6f1a0bab1f62/bin/makeblastdb
[18:08:19] Determined makeblastdb version is 002010 from 'makeblastdb: 2.10.1+'
[18:08:19] Looking for 'minced' - found /home/s.varona/virology_training_test/work/conda/nf-core-viralrecon-1.2.0dev-3fb10bb8a332a0381f3a6f1a0bab1f62/bin/minced
[18:08:19] Determined minced version is 004002 from 'minced 0.4.2'
[18:08:19] Looking for 'parallel' - found /home/s.varona/virology_training_test/work/conda/nf-core-viralrecon-1.2.0dev-3fb10bb8a332a0381f3a6f1a0bab1f62/bin/parallel
[18:08:19] Determined parallel version is 20210222 from 'GNU parallel 20210222'
[18:08:19] Looking for 'prodigal' - found /home/s.varona/virology_training_test/work/conda/nf-core-viralrecon-1.2.0dev-3fb10bb8a332a0381f3a6f1a0bab1f62/bin/prodigal
[18:08:19] Determined prodigal version is 002006 from 'Prodigal V2.6.3: February, 2016'
[18:08:19] Looking for 'prokka-genbank_to_fasta_db' - found /home/s.varona/virology_training_test/work/conda/nf-core-viralrecon-1.2.0dev-3fb10bb8a332a0381f3a6f1a0bab1f62/bin/prokka-genbank_to_fasta_db
[18:08:19] Looking for 'sed' - found /home/s.varona/virology_training_test/work/conda/nf-core-viralrecon-1.2.0dev-3fb10bb8a332a0381f3a6f1a0bab1f62/bin/sed
[18:08:19] Looking for 'tbl2asn' - found /home/s.varona/virology_training_test/work/conda/nf-core-viralrecon-1.2.0dev-3fb10bb8a332a0381f3a6f1a0bab1f62/bin/tbl2asn
[18:08:19] Determined tbl2asn version is 025007 from 'tbl2asn 25.7   arguments:'
[18:08:19] Using genetic code table 11.
[18:08:20] Loading and checking input file: ./NO_GROUP/SAMPLE3_SE/kmer/database.filtered_0.95_term.0.5.representative.fasta
[18:08:20] Wrote 1 contigs totalling 29903 bp.
[18:08:20] Predicting tRNAs and tmRNAs
[18:08:20] Running: aragorn -l -gc11  -w \.\/NO_GROUP\/SAMPLE3_SE\/database\/SAMPLE3_SE\.fna
[18:08:20] Found 0 tRNAs
[18:08:20] Predicting Ribosomal RNAs
[18:08:20] Running Barrnap with 1 threads
[18:08:20] Found 0 rRNAs
[18:08:20] Skipping ncRNA search, enable with --rfam if desired.
[18:08:20] Total of 0 tRNA + rRNA features
[18:08:20] Searching for CRISPR repeats
[18:08:20] Found 0 CRISPRs
[18:08:20] Predicting coding sequences
[18:08:20] Contigs total 29903 bp, so using meta mode
[18:08:20] Running: prodigal -i \.\/NO_GROUP\/SAMPLE3_SE\/database\/SAMPLE3_SE\.fna -c -m -g 11 -p meta -f sco -q
[18:08:20] Found 9 CDS
[18:08:20] Connecting features back to sequences
[18:08:20] Skipping genus-specific proteins as can't see /home/s.varona/virology_training_test/work/conda/nf-core-viralrecon-1.2.0dev-3fb10bb8a332a0381f3a6f1a0bab1f62/db/--species
[18:08:20] Annotating CDS, please be patient.
[18:08:20] Will use 1 CPUs for similarity searching.
[18:08:20] There are still 9 unannotated CDS left (started with 9)
[18:08:20] Will use blast to search against /home/s.varona/virology_training_test/work/conda/nf-core-viralrecon-1.2.0dev-3fb10bb8a332a0381f3a6f1a0bab1f62/db/kingdom/Bacteria/IS with 1 CPUs
[18:08:20] Running: cat \.\/NO_GROUP\/SAMPLE3_SE\/database\/SAMPLE3_SE\.IS\.tmp\.24970\.faa | parallel --gnu --plain -j 1 --block 4764 --recstart '>' --pipe blastp -query - -db /home/s.varona/virology_training_test/work/conda/nf-core-viralrecon-1.2.0dev-3fb10bb8a332a0381f3a6f1a0bab1f62/db/kingdom/Bacteria/IS -evalue 1e-30 -qcov_hsp_perc 90 -num_threads 1 -num_descriptions 1 -num_alignments 1 -seg no > \.\/NO_GROUP\/SAMPLE3_SE\/database\/SAMPLE3_SE\.IS\.tmp\.24970\.blast 2> /dev/null
[18:08:21] Deleting unwanted file: ./NO_GROUP/SAMPLE3_SE/database/SAMPLE3_SE.IS.tmp.24970.faa
[18:08:21] Deleting unwanted file: ./NO_GROUP/SAMPLE3_SE/database/SAMPLE3_SE.IS.tmp.24970.blast
[18:08:21] There are still 9 unannotated CDS left (started with 9)
[18:08:21] Will use blast to search against /home/s.varona/virology_training_test/work/conda/nf-core-viralrecon-1.2.0dev-3fb10bb8a332a0381f3a6f1a0bab1f62/db/kingdom/Bacteria/AMR with 1 CPUs
[18:08:21] Running: cat \.\/NO_GROUP\/SAMPLE3_SE\/database\/SAMPLE3_SE\.AMR\.tmp\.24970\.faa | parallel --gnu --plain -j 1 --block 4764 --recstart '>' --pipe blastp -query - -db /home/s.varona/virology_training_test/work/conda/nf-core-viralrecon-1.2.0dev-3fb10bb8a332a0381f3a6f1a0bab1f62/db/kingdom/Bacteria/AMR -evalue 9.99999999999999e-301 -qcov_hsp_perc 90 -num_threads 1 -num_descriptions 1 -num_alignments 1 -seg no > \.\/NO_GROUP\/SAMPLE3_SE\/database\/SAMPLE3_SE\.AMR\.tmp\.24970\.blast 2> /dev/null
[18:08:22] Deleting unwanted file: ./NO_GROUP/SAMPLE3_SE/database/SAMPLE3_SE.AMR.tmp.24970.faa
[18:08:22] Deleting unwanted file: ./NO_GROUP/SAMPLE3_SE/database/SAMPLE3_SE.AMR.tmp.24970.blast
[18:08:22] There are still 9 unannotated CDS left (started with 9)
[18:08:22] Will use blast to search against /home/s.varona/virology_training_test/work/conda/nf-core-viralrecon-1.2.0dev-3fb10bb8a332a0381f3a6f1a0bab1f62/db/kingdom/Bacteria/sprot with 1 CPUs
[18:08:22] Running: cat \.\/NO_GROUP\/SAMPLE3_SE\/database\/SAMPLE3_SE\.sprot\.tmp\.24970\.faa | parallel --gnu --plain -j 1 --block 4764 --recstart '>' --pipe blastp -query - -db /home/s.varona/virology_training_test/work/conda/nf-core-viralrecon-1.2.0dev-3fb10bb8a332a0381f3a6f1a0bab1f62/db/kingdom/Bacteria/sprot -evalue 1e-09 -qcov_hsp_perc 80 -num_threads 1 -num_descriptions 1 -num_alignments 1 -seg no > \.\/NO_GROUP\/SAMPLE3_SE\/database\/SAMPLE3_SE\.sprot\.tmp\.24970\.blast 2> /dev/null
[18:08:26] Deleting unwanted file: ./NO_GROUP/SAMPLE3_SE/database/SAMPLE3_SE.sprot.tmp.24970.faa
[18:08:26] Deleting unwanted file: ./NO_GROUP/SAMPLE3_SE/database/SAMPLE3_SE.sprot.tmp.24970.blast
[18:08:26] There are still 9 unannotated CDS left (started with 9)
[18:08:26] Will use hmmer3 to search against /home/s.varona/virology_training_test/work/conda/nf-core-viralrecon-1.2.0dev-3fb10bb8a332a0381f3a6f1a0bab1f62/db/hmm/HAMAP.hmm with 1 CPUs
[18:08:26] Running: cat \.\/NO_GROUP\/SAMPLE3_SE\/database\/SAMPLE3_SE\.HAMAP\.hmm\.tmp\.24970\.faa | parallel --gnu --plain -j 1 --block 4764 --recstart '>' --pipe hmmscan --noali --notextw --acc -E 1e-09 --cpu 1 /home/s.varona/virology_training_test/work/conda/nf-core-viralrecon-1.2.0dev-3fb10bb8a332a0381f3a6f1a0bab1f62/db/hmm/HAMAP.hmm /dev/stdin > \.\/NO_GROUP\/SAMPLE3_SE\/database\/SAMPLE3_SE\.HAMAP\.hmm\.tmp\.24970\.hmmer3 2> /dev/null
[18:08:27] Deleting unwanted file: ./NO_GROUP/SAMPLE3_SE/database/SAMPLE3_SE.HAMAP.hmm.tmp.24970.faa
[18:08:27] Deleting unwanted file: ./NO_GROUP/SAMPLE3_SE/database/SAMPLE3_SE.HAMAP.hmm.tmp.24970.hmmer3
[18:08:27] Labelling remaining 8 proteins as 'hypothetical protein'
[18:08:27] Found 1 unique /gene codes.
[18:08:27] Fixed 0 colliding /gene names.
[18:08:27] Adding /locus_tag identifiers
[18:08:27] Assigned 9 locus_tags to CDS and RNA features.
[18:08:27] Writing outputs to ./NO_GROUP/SAMPLE3_SE/database/
[18:08:27] Generating annotation statistics file
[18:08:27] Generating Genbank and Sequin files
[18:08:27] Running: tbl2asn -V b -a r10k -l paired-ends -M n -N 1 -y 'Annotated using prokka 1.14.6 from https://github.com/tseemann/prokka' -Z \.\/NO_GROUP\/SAMPLE3_SE\/database\/SAMPLE3_SE\.err -i \.\/NO_GROUP\/SAMPLE3_SE\/database\/SAMPLE3_SE\.fsa 2> /dev/null
[tbl2asn-forever] Found Prokka input, correcting dates in .gbf|.sqn files.
[tbl2asn-forever] Correcting dates in ./NO_GROUP/SAMPLE3_SE/database/SAMPLE3_SE.gbf
[tbl2asn-forever] Correcting dates in ./NO_GROUP/SAMPLE3_SE/database/SAMPLE3_SE.sqn
[tbl2asn-forever] Dates changed from 01-JAN-2019 to 02-MAR-2021
[18:08:27] Deleting unwanted file: ./NO_GROUP/SAMPLE3_SE/database/errorsummary.val
[18:08:27] Deleting unwanted file: ./NO_GROUP/SAMPLE3_SE/database/SAMPLE3_SE.dr
[18:08:27] Deleting unwanted file: ./NO_GROUP/SAMPLE3_SE/database/SAMPLE3_SE.fixedproducts
[18:08:27] Deleting unwanted file: ./NO_GROUP/SAMPLE3_SE/database/SAMPLE3_SE.ecn
[18:08:27] Deleting unwanted file: ./NO_GROUP/SAMPLE3_SE/database/SAMPLE3_SE.val
[18:08:27] Repairing broken .GBK output that tbl2asn produces...
[18:08:27] Running: sed 's/COORDINATES: profile/COORDINATES:profile/' < \.\/NO_GROUP\/SAMPLE3_SE\/database\/SAMPLE3_SE\.gbf > \.\/NO_GROUP\/SAMPLE3_SE\/database\/SAMPLE3_SE\.gbk
[18:08:27] Deleting unwanted file: ./NO_GROUP/SAMPLE3_SE/database/SAMPLE3_SE.gbf
[18:08:27] Output files:
[18:08:27] ./NO_GROUP/SAMPLE3_SE/database/SAMPLE3_SE.tbl
[18:08:27] ./NO_GROUP/SAMPLE3_SE/database/SAMPLE3_SE.tsv
[18:08:27] ./NO_GROUP/SAMPLE3_SE/database/SAMPLE3_SE.err
[18:08:27] ./NO_GROUP/SAMPLE3_SE/database/SAMPLE3_SE.fsa
[18:08:27] ./NO_GROUP/SAMPLE3_SE/database/SAMPLE3_SE.log
[18:08:27] ./NO_GROUP/SAMPLE3_SE/database/SAMPLE3_SE.faa
[18:08:27] ./NO_GROUP/SAMPLE3_SE/database/SAMPLE3_SE.fna
[18:08:27] ./NO_GROUP/SAMPLE3_SE/database/SAMPLE3_SE.gbk
[18:08:27] ./NO_GROUP/SAMPLE3_SE/database/SAMPLE3_SE.ffn
[18:08:27] ./NO_GROUP/SAMPLE3_SE/database/SAMPLE3_SE.txt
[18:08:27] ./NO_GROUP/SAMPLE3_SE/database/SAMPLE3_SE.sqn
[18:08:27] ./NO_GROUP/SAMPLE3_SE/database/SAMPLE3_SE.gff
[18:08:27] Annotation finished successfully.
[18:08:27] Walltime used: 0.13 minutes
[18:08:27] If you use this result please cite the Prokka paper:
[18:08:27] Seemann T (2014) Prokka: rapid prokaryotic genome annotation. Bioinformatics. 30(14):2068-9.
[18:08:27] Type 'prokka --citation' for more details.
[18:08:27] Thank you, come again.
mar mar  2 18:08:27 CET 2021
done annotating ./NO_GROUP/SAMPLE3_SE/kmer/database.filtered_0.95_term.0.5.representative.fasta with prokka
Removing unwanted files



#Executing /home/s.varona/virology_training_test/work/conda/nf-core-viralrecon-1.2.0dev-3fb10bb8a332a0381f3a6f1a0bab1f62/bin/rename_from_fasta.sh 

Default output directory is ./NO_GROUP/SAMPLE3_SE/database
mar mar  2 18:08:27 CET 2021
Renaming SAMPLE3_SE.gff
mar mar  2 18:08:27 CET 2021
DONE renaming SAMPLE3_SE.gff
Renamed file can be found at ./NO_GROUP/SAMPLE3_SE/database/SAMPLE3_SE.gff.renamed

#Executing /home/s.varona/virology_training_test/work/conda/nf-core-viralrecon-1.2.0dev-3fb10bb8a332a0381f3a6f1a0bab1f62/bin/gff_to_bed.sh 

mar mar  2 18:08:27 CET 2021
Getting bed file from GFF in SAMPLE3_SE.gff
mar mar  2 18:08:27 CET 2021
DONE getting bed file from GFF
File can be found at ./NO_GROUP/SAMPLE3_SE/database/SAMPLE3_SE.gff.bed



#Executing /home/s.varona/virology_training_test/work/conda/nf-core-viralrecon-1.2.0dev-3fb10bb8a332a0381f3a6f1a0bab1f62/bin/filter_fasta.sh 

Output directory is= ./NO_GROUP/SAMPLE3_SE/fasta_files
File name is= NC_045512.2
mar mar  2 18:08:27 CET 2021
Filtering terms on file SAMPLE3_SE.fna
mar mar  2 18:08:27 CET 2021
DONE Filtering terms on file SAMPLE3_SE.fna
File with filtered sequences can be found in ./NO_GROUP/SAMPLE3_SE/fasta_files/NC_045512.2_term.fasta
Previous number of sequences= 16
Post number of sequences= 16


