Discrepancy Report Results

Summary
DISC_PROTEIN_NAMES:All proteins have same name "hypothetical protein"
FATAL: BAD_LOCUS_TAG_FORMAT:17 locus tags are incorrectly formatted.
DISC_SOURCE_QUALS_ASNDISC:strain (all present, all same)
DISC_SOURCE_QUALS_ASNDISC:taxname (all present, all same)
DISC_FEATURE_COUNT:gene: 17 present
DISC_FEATURE_COUNT:CDS: 17 present
DISC_COUNT_NUCLEOTIDES:10 nucleotide Bioseqs are present
NO_ANNOTATION:3 bioseqs have no features
DISC_QUALITY_SCORES:Quality scores are missing on all sequences.
ONCALLER_COMMENT_PRESENT:10 comment descriptors were found (all same)
SHORT_PROT_SEQUENCES:1 protein sequences are shorter than 50 aa.
MISSING_GENOMEASSEMBLY_COMMENTS:10 bioseqs are missing GenomeAssembly structured comments
MOLTYPE_NOT_MRNA:10 molecule types are not set as mRNA.
TECHNIQUE_NOT_TSA:10 technique are not set as TSA
MISSING_STRUCTURED_COMMENT:10 sequences do not include structured comments.
MISSING_PROJECT:27 sequences do not include project.
DISC_INCONSISTENT_MOLINFO_TECH:Molinfo Technique Report (some missing, all same)


Detailed Report

DiscRep_ALL:DISC_PROTEIN_NAMES::All proteins have same name "hypothetical protein"

FATAL: DiscRep_ALL:BAD_LOCUS_TAG_FORMAT::17 locus tags are incorrectly formatted.
./NO_GROUP/SAMPLE1_PE/data/SAMPLE1_PE:Gene	SAMPLE1_PE_00001	SAMPLE1_PE_1:c806-648	SAMPLE1_PE_00001
./NO_GROUP/SAMPLE1_PE/data/SAMPLE1_PE:Gene	SAMPLE1_PE_00002	SAMPLE1_PE_1:1103-1564	SAMPLE1_PE_00002
./NO_GROUP/SAMPLE1_PE/data/SAMPLE1_PE:Gene	SAMPLE1_PE_00003	SAMPLE1_PE_1:2224-2463	SAMPLE1_PE_00003
./NO_GROUP/SAMPLE1_PE/data/SAMPLE1_PE:Gene	SAMPLE1_PE_00004	SAMPLE1_PE_2:37-2262	SAMPLE1_PE_00004
./NO_GROUP/SAMPLE1_PE/data/SAMPLE1_PE:Gene	SAMPLE1_PE_00005	SAMPLE1_PE_3:21-4595	SAMPLE1_PE_00005
./NO_GROUP/SAMPLE1_PE/data/SAMPLE1_PE:Gene	SAMPLE1_PE_00006	SAMPLE1_PE_3:c9297-9091	SAMPLE1_PE_00006
./NO_GROUP/SAMPLE1_PE/data/SAMPLE1_PE:Gene	SAMPLE1_PE_00007	SAMPLE1_PE_5:1020-1289	SAMPLE1_PE_00007
./NO_GROUP/SAMPLE1_PE/data/SAMPLE1_PE:Gene	SAMPLE1_PE_00008	SAMPLE1_PE_6:c1420-161	SAMPLE1_PE_00008
./NO_GROUP/SAMPLE1_PE/data/SAMPLE1_PE:Gene	SAMPLE1_PE_00009	SAMPLE1_PE_6:c1800-1435	SAMPLE1_PE_00009
./NO_GROUP/SAMPLE1_PE/data/SAMPLE1_PE:Gene	SAMPLE1_PE_00010	SAMPLE1_PE_6:c2300-1935	SAMPLE1_PE_00010
./NO_GROUP/SAMPLE1_PE/data/SAMPLE1_PE:Gene	SAMPLE1_PE_00011	SAMPLE1_PE_6:c2492-2307	SAMPLE1_PE_00011
./NO_GROUP/SAMPLE1_PE/data/SAMPLE1_PE:Gene	SAMPLE1_PE_00012	SAMPLE1_PE_6:c3171-2503	SAMPLE1_PE_00012
./NO_GROUP/SAMPLE1_PE/data/SAMPLE1_PE:Gene	SAMPLE1_PE_00013	SAMPLE1_PE_6:c3929-3474	SAMPLE1_PE_00013
./NO_GROUP/SAMPLE1_PE/data/SAMPLE1_PE:Gene	SAMPLE1_PE_00014	SAMPLE1_PE_7:409-618	SAMPLE1_PE_00014
./NO_GROUP/SAMPLE1_PE/data/SAMPLE1_PE:Gene	SAMPLE1_PE_00015	SAMPLE1_PE_7:1326-1430	SAMPLE1_PE_00015
./NO_GROUP/SAMPLE1_PE/data/SAMPLE1_PE:Gene	SAMPLE1_PE_00016	SAMPLE1_PE_7:2173-2475	SAMPLE1_PE_00016
./NO_GROUP/SAMPLE1_PE/data/SAMPLE1_PE:Gene	SAMPLE1_PE_00017	SAMPLE1_PE_8:c1749-1567	SAMPLE1_PE_00017

DiscRep_ALL:DISC_SOURCE_QUALS_ASNDISC::strain (all present, all same)
DiscRep_SUB:DISC_SOURCE_QUALS_ASNDISC::10 sources have 'strain' for strain
DiscRep_ALL:DISC_SOURCE_QUALS_ASNDISC::taxname (all present, all same)
DiscRep_SUB:DISC_SOURCE_QUALS_ASNDISC::10 sources have '--species species' for taxname
DiscRep_ALL:DISC_FEATURE_COUNT::gene: 17 present
DiscRep_ALL:DISC_FEATURE_COUNT::CDS: 17 present
DiscRep_ALL:DISC_COUNT_NUCLEOTIDES::10 nucleotide Bioseqs are present
./NO_GROUP/SAMPLE1_PE/data/SAMPLE1_PE:BU-ISCIII:SAMPLE1_PE_1 (length 3807)
./NO_GROUP/SAMPLE1_PE/data/SAMPLE1_PE:BU-ISCIII:SAMPLE1_PE_2 (length 2551)
./NO_GROUP/SAMPLE1_PE/data/SAMPLE1_PE:BU-ISCIII:SAMPLE1_PE_3 (length 10409)
./NO_GROUP/SAMPLE1_PE/data/SAMPLE1_PE:BU-ISCIII:SAMPLE1_PE_4 (length 212)
./NO_GROUP/SAMPLE1_PE/data/SAMPLE1_PE:BU-ISCIII:SAMPLE1_PE_5 (length 1874)
./NO_GROUP/SAMPLE1_PE/data/SAMPLE1_PE:BU-ISCIII:SAMPLE1_PE_6 (length 3993)
./NO_GROUP/SAMPLE1_PE/data/SAMPLE1_PE:BU-ISCIII:SAMPLE1_PE_7 (length 3317)
./NO_GROUP/SAMPLE1_PE/data/SAMPLE1_PE:BU-ISCIII:SAMPLE1_PE_8 (length 1764)
./NO_GROUP/SAMPLE1_PE/data/SAMPLE1_PE:BU-ISCIII:SAMPLE1_PE_9 (length 381)
./NO_GROUP/SAMPLE1_PE/data/SAMPLE1_PE:BU-ISCIII:SAMPLE1_PE_10 (length 396)

DiscRep_ALL:NO_ANNOTATION::3 bioseqs have no features
./NO_GROUP/SAMPLE1_PE/data/SAMPLE1_PE:BU-ISCIII:SAMPLE1_PE_4 (length 212)
./NO_GROUP/SAMPLE1_PE/data/SAMPLE1_PE:BU-ISCIII:SAMPLE1_PE_9 (length 381)
./NO_GROUP/SAMPLE1_PE/data/SAMPLE1_PE:BU-ISCIII:SAMPLE1_PE_10 (length 396)

DiscRep_ALL:DISC_QUALITY_SCORES::Quality scores are missing on all sequences.

DiscRep_ALL:ONCALLER_COMMENT_PRESENT::10 comment descriptors were found (all same)
./NO_GROUP/SAMPLE1_PE/data/SAMPLE1_PE:BU-ISCIII:SAMPLE1_PE_1:Annotated using prokka 1.14.6 from https://github.com/tseemann/prokka
./NO_GROUP/SAMPLE1_PE/data/SAMPLE1_PE:BU-ISCIII:SAMPLE1_PE_2:Annotated using prokka 1.14.6 from https://github.com/tseemann/prokka
./NO_GROUP/SAMPLE1_PE/data/SAMPLE1_PE:BU-ISCIII:SAMPLE1_PE_3:Annotated using prokka 1.14.6 from https://github.com/tseemann/prokka
./NO_GROUP/SAMPLE1_PE/data/SAMPLE1_PE:BU-ISCIII:SAMPLE1_PE_4:Annotated using prokka 1.14.6 from https://github.com/tseemann/prokka
./NO_GROUP/SAMPLE1_PE/data/SAMPLE1_PE:BU-ISCIII:SAMPLE1_PE_5:Annotated using prokka 1.14.6 from https://github.com/tseemann/prokka
./NO_GROUP/SAMPLE1_PE/data/SAMPLE1_PE:BU-ISCIII:SAMPLE1_PE_6:Annotated using prokka 1.14.6 from https://github.com/tseemann/prokka
./NO_GROUP/SAMPLE1_PE/data/SAMPLE1_PE:BU-ISCIII:SAMPLE1_PE_7:Annotated using prokka 1.14.6 from https://github.com/tseemann/prokka
./NO_GROUP/SAMPLE1_PE/data/SAMPLE1_PE:BU-ISCIII:SAMPLE1_PE_8:Annotated using prokka 1.14.6 from https://github.com/tseemann/prokka
./NO_GROUP/SAMPLE1_PE/data/SAMPLE1_PE:BU-ISCIII:SAMPLE1_PE_9:Annotated using prokka 1.14.6 from https://github.com/tseemann/prokka
./NO_GROUP/SAMPLE1_PE/data/SAMPLE1_PE:BU-ISCIII:SAMPLE1_PE_10:Annotated using prokka 1.14.6 from https://github.com/tseemann/prokka

DiscRep_ALL:SHORT_PROT_SEQUENCES::1 protein sequences are shorter than 50 aa.
./NO_GROUP/SAMPLE1_PE/data/SAMPLE1_PE:BU-ISCIII:SAMPLE1_PE_00015 (length 34)

DiscRep_ALL:MISSING_GENOMEASSEMBLY_COMMENTS::10 bioseqs are missing GenomeAssembly structured comments
./NO_GROUP/SAMPLE1_PE/data/SAMPLE1_PE:BU-ISCIII:SAMPLE1_PE_1 (length 3807)
./NO_GROUP/SAMPLE1_PE/data/SAMPLE1_PE:BU-ISCIII:SAMPLE1_PE_2 (length 2551)
./NO_GROUP/SAMPLE1_PE/data/SAMPLE1_PE:BU-ISCIII:SAMPLE1_PE_3 (length 10409)
./NO_GROUP/SAMPLE1_PE/data/SAMPLE1_PE:BU-ISCIII:SAMPLE1_PE_4 (length 212)
./NO_GROUP/SAMPLE1_PE/data/SAMPLE1_PE:BU-ISCIII:SAMPLE1_PE_5 (length 1874)
./NO_GROUP/SAMPLE1_PE/data/SAMPLE1_PE:BU-ISCIII:SAMPLE1_PE_6 (length 3993)
./NO_GROUP/SAMPLE1_PE/data/SAMPLE1_PE:BU-ISCIII:SAMPLE1_PE_7 (length 3317)
./NO_GROUP/SAMPLE1_PE/data/SAMPLE1_PE:BU-ISCIII:SAMPLE1_PE_8 (length 1764)
./NO_GROUP/SAMPLE1_PE/data/SAMPLE1_PE:BU-ISCIII:SAMPLE1_PE_9 (length 381)
./NO_GROUP/SAMPLE1_PE/data/SAMPLE1_PE:BU-ISCIII:SAMPLE1_PE_10 (length 396)

DiscRep_ALL:MOLTYPE_NOT_MRNA::10 molecule types are not set as mRNA.
./NO_GROUP/SAMPLE1_PE/data/SAMPLE1_PE:BU-ISCIII:SAMPLE1_PE_1 (length 3807)
./NO_GROUP/SAMPLE1_PE/data/SAMPLE1_PE:BU-ISCIII:SAMPLE1_PE_2 (length 2551)
./NO_GROUP/SAMPLE1_PE/data/SAMPLE1_PE:BU-ISCIII:SAMPLE1_PE_3 (length 10409)
./NO_GROUP/SAMPLE1_PE/data/SAMPLE1_PE:BU-ISCIII:SAMPLE1_PE_4 (length 212)
./NO_GROUP/SAMPLE1_PE/data/SAMPLE1_PE:BU-ISCIII:SAMPLE1_PE_5 (length 1874)
./NO_GROUP/SAMPLE1_PE/data/SAMPLE1_PE:BU-ISCIII:SAMPLE1_PE_6 (length 3993)
./NO_GROUP/SAMPLE1_PE/data/SAMPLE1_PE:BU-ISCIII:SAMPLE1_PE_7 (length 3317)
./NO_GROUP/SAMPLE1_PE/data/SAMPLE1_PE:BU-ISCIII:SAMPLE1_PE_8 (length 1764)
./NO_GROUP/SAMPLE1_PE/data/SAMPLE1_PE:BU-ISCIII:SAMPLE1_PE_9 (length 381)
./NO_GROUP/SAMPLE1_PE/data/SAMPLE1_PE:BU-ISCIII:SAMPLE1_PE_10 (length 396)

DiscRep_ALL:TECHNIQUE_NOT_TSA::10 technique are not set as TSA
./NO_GROUP/SAMPLE1_PE/data/SAMPLE1_PE:BU-ISCIII:SAMPLE1_PE_1 (length 3807)
./NO_GROUP/SAMPLE1_PE/data/SAMPLE1_PE:BU-ISCIII:SAMPLE1_PE_2 (length 2551)
./NO_GROUP/SAMPLE1_PE/data/SAMPLE1_PE:BU-ISCIII:SAMPLE1_PE_3 (length 10409)
./NO_GROUP/SAMPLE1_PE/data/SAMPLE1_PE:BU-ISCIII:SAMPLE1_PE_4 (length 212)
./NO_GROUP/SAMPLE1_PE/data/SAMPLE1_PE:BU-ISCIII:SAMPLE1_PE_5 (length 1874)
./NO_GROUP/SAMPLE1_PE/data/SAMPLE1_PE:BU-ISCIII:SAMPLE1_PE_6 (length 3993)
./NO_GROUP/SAMPLE1_PE/data/SAMPLE1_PE:BU-ISCIII:SAMPLE1_PE_7 (length 3317)
./NO_GROUP/SAMPLE1_PE/data/SAMPLE1_PE:BU-ISCIII:SAMPLE1_PE_8 (length 1764)
./NO_GROUP/SAMPLE1_PE/data/SAMPLE1_PE:BU-ISCIII:SAMPLE1_PE_9 (length 381)
./NO_GROUP/SAMPLE1_PE/data/SAMPLE1_PE:BU-ISCIII:SAMPLE1_PE_10 (length 396)

DiscRep_ALL:MISSING_STRUCTURED_COMMENT::10 sequences do not include structured comments.
./NO_GROUP/SAMPLE1_PE/data/SAMPLE1_PE:BU-ISCIII:SAMPLE1_PE_1 (length 3807)
./NO_GROUP/SAMPLE1_PE/data/SAMPLE1_PE:BU-ISCIII:SAMPLE1_PE_2 (length 2551)
./NO_GROUP/SAMPLE1_PE/data/SAMPLE1_PE:BU-ISCIII:SAMPLE1_PE_3 (length 10409)
./NO_GROUP/SAMPLE1_PE/data/SAMPLE1_PE:BU-ISCIII:SAMPLE1_PE_4 (length 212)
./NO_GROUP/SAMPLE1_PE/data/SAMPLE1_PE:BU-ISCIII:SAMPLE1_PE_5 (length 1874)
./NO_GROUP/SAMPLE1_PE/data/SAMPLE1_PE:BU-ISCIII:SAMPLE1_PE_6 (length 3993)
./NO_GROUP/SAMPLE1_PE/data/SAMPLE1_PE:BU-ISCIII:SAMPLE1_PE_7 (length 3317)
./NO_GROUP/SAMPLE1_PE/data/SAMPLE1_PE:BU-ISCIII:SAMPLE1_PE_8 (length 1764)
./NO_GROUP/SAMPLE1_PE/data/SAMPLE1_PE:BU-ISCIII:SAMPLE1_PE_9 (length 381)
./NO_GROUP/SAMPLE1_PE/data/SAMPLE1_PE:BU-ISCIII:SAMPLE1_PE_10 (length 396)

DiscRep_ALL:MISSING_PROJECT::27 sequences do not include project.
./NO_GROUP/SAMPLE1_PE/data/SAMPLE1_PE:BU-ISCIII:SAMPLE1_PE_1 (length 3807)
./NO_GROUP/SAMPLE1_PE/data/SAMPLE1_PE:BU-ISCIII:SAMPLE1_PE_00001 (length 52)
./NO_GROUP/SAMPLE1_PE/data/SAMPLE1_PE:BU-ISCIII:SAMPLE1_PE_00002 (length 153)
./NO_GROUP/SAMPLE1_PE/data/SAMPLE1_PE:BU-ISCIII:SAMPLE1_PE_00003 (length 79)
./NO_GROUP/SAMPLE1_PE/data/SAMPLE1_PE:BU-ISCIII:SAMPLE1_PE_2 (length 2551)
./NO_GROUP/SAMPLE1_PE/data/SAMPLE1_PE:BU-ISCIII:SAMPLE1_PE_00004 (length 741)
./NO_GROUP/SAMPLE1_PE/data/SAMPLE1_PE:BU-ISCIII:SAMPLE1_PE_3 (length 10409)
./NO_GROUP/SAMPLE1_PE/data/SAMPLE1_PE:BU-ISCIII:SAMPLE1_PE_00005 (length 1524)
./NO_GROUP/SAMPLE1_PE/data/SAMPLE1_PE:BU-ISCIII:SAMPLE1_PE_00006 (length 68)
./NO_GROUP/SAMPLE1_PE/data/SAMPLE1_PE:BU-ISCIII:SAMPLE1_PE_4 (length 212)
./NO_GROUP/SAMPLE1_PE/data/SAMPLE1_PE:BU-ISCIII:SAMPLE1_PE_5 (length 1874)
./NO_GROUP/SAMPLE1_PE/data/SAMPLE1_PE:BU-ISCIII:SAMPLE1_PE_00007 (length 89)
./NO_GROUP/SAMPLE1_PE/data/SAMPLE1_PE:BU-ISCIII:SAMPLE1_PE_6 (length 3993)
./NO_GROUP/SAMPLE1_PE/data/SAMPLE1_PE:BU-ISCIII:SAMPLE1_PE_00008 (length 419)
./NO_GROUP/SAMPLE1_PE/data/SAMPLE1_PE:BU-ISCIII:SAMPLE1_PE_00009 (length 121)
./NO_GROUP/SAMPLE1_PE/data/SAMPLE1_PE:BU-ISCIII:SAMPLE1_PE_00010 (length 121)
./NO_GROUP/SAMPLE1_PE/data/SAMPLE1_PE:BU-ISCIII:SAMPLE1_PE_00011 (length 61)
./NO_GROUP/SAMPLE1_PE/data/SAMPLE1_PE:BU-ISCIII:SAMPLE1_PE_00012 (length 222)
./NO_GROUP/SAMPLE1_PE/data/SAMPLE1_PE:BU-ISCIII:SAMPLE1_PE_00013 (length 151)
./NO_GROUP/SAMPLE1_PE/data/SAMPLE1_PE:BU-ISCIII:SAMPLE1_PE_7 (length 3317)
./NO_GROUP/SAMPLE1_PE/data/SAMPLE1_PE:BU-ISCIII:SAMPLE1_PE_00014 (length 69)
./NO_GROUP/SAMPLE1_PE/data/SAMPLE1_PE:BU-ISCIII:SAMPLE1_PE_00015 (length 34)
./NO_GROUP/SAMPLE1_PE/data/SAMPLE1_PE:BU-ISCIII:SAMPLE1_PE_00016 (length 100)
./NO_GROUP/SAMPLE1_PE/data/SAMPLE1_PE:BU-ISCIII:SAMPLE1_PE_8 (length 1764)
./NO_GROUP/SAMPLE1_PE/data/SAMPLE1_PE:BU-ISCIII:SAMPLE1_PE_00017 (length 60)
./NO_GROUP/SAMPLE1_PE/data/SAMPLE1_PE:BU-ISCIII:SAMPLE1_PE_9 (length 381)
./NO_GROUP/SAMPLE1_PE/data/SAMPLE1_PE:BU-ISCIII:SAMPLE1_PE_10 (length 396)

DiscRep_ALL:DISC_INCONSISTENT_MOLINFO_TECH::Molinfo Technique Report (some missing, all same)
DiscRep_SUB:DISC_INCONSISTENT_MOLINFO_TECH::technique (all missing)
DiscRep_SUB:DISC_INCONSISTENT_MOLINFO_TECH::10 Molinfos are missing field technique
./NO_GROUP/SAMPLE1_PE/data/SAMPLE1_PE:BU-ISCIII:SAMPLE1_PE_1 (length 3807)
./NO_GROUP/SAMPLE1_PE/data/SAMPLE1_PE:BU-ISCIII:SAMPLE1_PE_2 (length 2551)
./NO_GROUP/SAMPLE1_PE/data/SAMPLE1_PE:BU-ISCIII:SAMPLE1_PE_3 (length 10409)
./NO_GROUP/SAMPLE1_PE/data/SAMPLE1_PE:BU-ISCIII:SAMPLE1_PE_4 (length 212)
./NO_GROUP/SAMPLE1_PE/data/SAMPLE1_PE:BU-ISCIII:SAMPLE1_PE_5 (length 1874)
./NO_GROUP/SAMPLE1_PE/data/SAMPLE1_PE:BU-ISCIII:SAMPLE1_PE_6 (length 3993)
./NO_GROUP/SAMPLE1_PE/data/SAMPLE1_PE:BU-ISCIII:SAMPLE1_PE_7 (length 3317)
./NO_GROUP/SAMPLE1_PE/data/SAMPLE1_PE:BU-ISCIII:SAMPLE1_PE_8 (length 1764)
./NO_GROUP/SAMPLE1_PE/data/SAMPLE1_PE:BU-ISCIII:SAMPLE1_PE_9 (length 381)
./NO_GROUP/SAMPLE1_PE/data/SAMPLE1_PE:BU-ISCIII:SAMPLE1_PE_10 (length 396)

