[18:12:18] This is prokka 1.14.6
[18:12:18] Written by Torsten Seemann <torsten.seemann@gmail.com>
[18:12:18] Homepage is https://github.com/tseemann/prokka
[18:12:18] Local time is Tue Mar  2 18:12:18 2021
[18:12:18] You are s.varona
[18:12:18] Operating system is linux
[18:12:18] You have BioPerl 1.007002
[18:12:18] System has 4 cores.
[18:12:18] Will use maximum of 1 cores.
[18:12:18] Annotating as >>> Bacteria <<<
[18:12:18] Enabling options to ensure Genbank/ENA/DDJB submission compliance.
[18:12:18] Re-using existing --outdir ./NO_GROUP/SAMPLE2_PE/database
[18:12:18] Using filename prefix: SAMPLE2_PE.XXX
[18:12:18] Setting HMMER_NCPU=1
[18:12:18] Writing log to: ./NO_GROUP/SAMPLE2_PE/database/SAMPLE2_PE.log
[18:12:18] Command: /home/s.varona/virology_training_test/work/conda/nf-core-viralrecon-1.2.0dev-3fb10bb8a332a0381f3a6f1a0bab1f62/bin/prokka --force --outdir ./NO_GROUP/SAMPLE2_PE/database --prefix SAMPLE2_PE --addgenes --kingdom Bacteria --genus --species --usegenus --centre BU-ISCIII --locustag SAMPLE2_PE --compliant --cpus 1 ./NO_GROUP/SAMPLE2_PE/kmer/database.filtered_0.95_term.0.5.representative.fasta
[18:12:18] Appending to PATH: /home/s.varona/virology_training_test/work/conda/nf-core-viralrecon-1.2.0dev-3fb10bb8a332a0381f3a6f1a0bab1f62/bin
[18:12:18] Looking for 'aragorn' - found /home/s.varona/virology_training_test/work/conda/nf-core-viralrecon-1.2.0dev-3fb10bb8a332a0381f3a6f1a0bab1f62/bin/aragorn
[18:12:18] Determined aragorn version is 001002 from 'ARAGORN v1.2.38 Dean Laslett'
[18:12:18] Looking for 'barrnap' - found /home/s.varona/virology_training_test/work/conda/nf-core-viralrecon-1.2.0dev-3fb10bb8a332a0381f3a6f1a0bab1f62/bin/barrnap
[18:12:18] Determined barrnap version is 000009 from 'barrnap 0.9'
[18:12:18] Looking for 'blastp' - found /home/s.varona/virology_training_test/work/conda/nf-core-viralrecon-1.2.0dev-3fb10bb8a332a0381f3a6f1a0bab1f62/bin/blastp
[18:12:18] Determined blastp version is 002010 from 'blastp: 2.10.1+'
[18:12:18] Looking for 'cmpress' - found /home/s.varona/virology_training_test/work/conda/nf-core-viralrecon-1.2.0dev-3fb10bb8a332a0381f3a6f1a0bab1f62/bin/cmpress
[18:12:18] Determined cmpress version is 001001 from '# INFERNAL 1.1.3 (Nov 2019)'
[18:12:18] Looking for 'cmscan' - found /home/s.varona/virology_training_test/work/conda/nf-core-viralrecon-1.2.0dev-3fb10bb8a332a0381f3a6f1a0bab1f62/bin/cmscan
[18:12:18] Determined cmscan version is 001001 from '# INFERNAL 1.1.3 (Nov 2019)'
[18:12:18] Looking for 'egrep' - found /bin/egrep
[18:12:18] Looking for 'find' - found /usr/bin/find
[18:12:18] Looking for 'grep' - found /bin/grep
[18:12:18] Looking for 'hmmpress' - found /home/s.varona/virology_training_test/work/conda/nf-core-viralrecon-1.2.0dev-3fb10bb8a332a0381f3a6f1a0bab1f62/bin/hmmpress
[18:12:18] Determined hmmpress version is 003003 from '# HMMER 3.3.2 (Nov 2020); http://hmmer.org/'
[18:12:18] Looking for 'hmmscan' - found /home/s.varona/virology_training_test/work/conda/nf-core-viralrecon-1.2.0dev-3fb10bb8a332a0381f3a6f1a0bab1f62/bin/hmmscan
[18:12:18] Determined hmmscan version is 003003 from '# HMMER 3.3.2 (Nov 2020); http://hmmer.org/'
[18:12:18] Looking for 'java' - found /home/s.varona/virology_training_test/work/conda/nf-core-viralrecon-1.2.0dev-3fb10bb8a332a0381f3a6f1a0bab1f62/bin/java
[18:12:18] Looking for 'makeblastdb' - found /home/s.varona/virology_training_test/work/conda/nf-core-viralrecon-1.2.0dev-3fb10bb8a332a0381f3a6f1a0bab1f62/bin/makeblastdb
[18:12:18] Determined makeblastdb version is 002010 from 'makeblastdb: 2.10.1+'
[18:12:18] Looking for 'minced' - found /home/s.varona/virology_training_test/work/conda/nf-core-viralrecon-1.2.0dev-3fb10bb8a332a0381f3a6f1a0bab1f62/bin/minced
[18:12:18] Determined minced version is 004002 from 'minced 0.4.2'
[18:12:18] Looking for 'parallel' - found /home/s.varona/virology_training_test/work/conda/nf-core-viralrecon-1.2.0dev-3fb10bb8a332a0381f3a6f1a0bab1f62/bin/parallel
[18:12:18] Determined parallel version is 20210222 from 'GNU parallel 20210222'
[18:12:18] Looking for 'prodigal' - found /home/s.varona/virology_training_test/work/conda/nf-core-viralrecon-1.2.0dev-3fb10bb8a332a0381f3a6f1a0bab1f62/bin/prodigal
[18:12:18] Determined prodigal version is 002006 from 'Prodigal V2.6.3: February, 2016'
[18:12:18] Looking for 'prokka-genbank_to_fasta_db' - found /home/s.varona/virology_training_test/work/conda/nf-core-viralrecon-1.2.0dev-3fb10bb8a332a0381f3a6f1a0bab1f62/bin/prokka-genbank_to_fasta_db
[18:12:18] Looking for 'sed' - found /home/s.varona/virology_training_test/work/conda/nf-core-viralrecon-1.2.0dev-3fb10bb8a332a0381f3a6f1a0bab1f62/bin/sed
[18:12:18] Looking for 'tbl2asn' - found /home/s.varona/virology_training_test/work/conda/nf-core-viralrecon-1.2.0dev-3fb10bb8a332a0381f3a6f1a0bab1f62/bin/tbl2asn
[18:12:18] Determined tbl2asn version is 025007 from 'tbl2asn 25.7   arguments:'
[18:12:18] Using genetic code table 11.
[18:12:18] Loading and checking input file: ./NO_GROUP/SAMPLE2_PE/kmer/database.filtered_0.95_term.0.5.representative.fasta
[18:12:18] Wrote 1 contigs totalling 29903 bp.
[18:12:18] Predicting tRNAs and tmRNAs
[18:12:18] Running: aragorn -l -gc11  -w \.\/NO_GROUP\/SAMPLE2_PE\/database\/SAMPLE2_PE\.fna
[18:12:18] Found 0 tRNAs
[18:12:18] Predicting Ribosomal RNAs
[18:12:18] Running Barrnap with 1 threads
[18:12:18] Found 0 rRNAs
[18:12:18] Skipping ncRNA search, enable with --rfam if desired.
[18:12:18] Total of 0 tRNA + rRNA features
[18:12:18] Searching for CRISPR repeats
[18:12:19] Found 0 CRISPRs
[18:12:19] Predicting coding sequences
[18:12:19] Contigs total 29903 bp, so using meta mode
[18:12:19] Running: prodigal -i \.\/NO_GROUP\/SAMPLE2_PE\/database\/SAMPLE2_PE\.fna -c -m -g 11 -p meta -f sco -q
[18:12:19] Found 9 CDS
[18:12:19] Connecting features back to sequences
[18:12:19] Skipping genus-specific proteins as can't see /home/s.varona/virology_training_test/work/conda/nf-core-viralrecon-1.2.0dev-3fb10bb8a332a0381f3a6f1a0bab1f62/db/--species
[18:12:19] Annotating CDS, please be patient.
[18:12:19] Will use 1 CPUs for similarity searching.
[18:12:19] There are still 9 unannotated CDS left (started with 9)
[18:12:19] Will use blast to search against /home/s.varona/virology_training_test/work/conda/nf-core-viralrecon-1.2.0dev-3fb10bb8a332a0381f3a6f1a0bab1f62/db/kingdom/Bacteria/IS with 1 CPUs
[18:12:19] Running: cat \.\/NO_GROUP\/SAMPLE2_PE\/database\/SAMPLE2_PE\.IS\.tmp\.6855\.faa | parallel --gnu --plain -j 1 --block 4764 --recstart '>' --pipe blastp -query - -db /home/s.varona/virology_training_test/work/conda/nf-core-viralrecon-1.2.0dev-3fb10bb8a332a0381f3a6f1a0bab1f62/db/kingdom/Bacteria/IS -evalue 1e-30 -qcov_hsp_perc 90 -num_threads 1 -num_descriptions 1 -num_alignments 1 -seg no > \.\/NO_GROUP\/SAMPLE2_PE\/database\/SAMPLE2_PE\.IS\.tmp\.6855\.blast 2> /dev/null
[18:12:20] Deleting unwanted file: ./NO_GROUP/SAMPLE2_PE/database/SAMPLE2_PE.IS.tmp.6855.faa
[18:12:20] Deleting unwanted file: ./NO_GROUP/SAMPLE2_PE/database/SAMPLE2_PE.IS.tmp.6855.blast
[18:12:20] There are still 9 unannotated CDS left (started with 9)
[18:12:20] Will use blast to search against /home/s.varona/virology_training_test/work/conda/nf-core-viralrecon-1.2.0dev-3fb10bb8a332a0381f3a6f1a0bab1f62/db/kingdom/Bacteria/AMR with 1 CPUs
[18:12:20] Running: cat \.\/NO_GROUP\/SAMPLE2_PE\/database\/SAMPLE2_PE\.AMR\.tmp\.6855\.faa | parallel --gnu --plain -j 1 --block 4764 --recstart '>' --pipe blastp -query - -db /home/s.varona/virology_training_test/work/conda/nf-core-viralrecon-1.2.0dev-3fb10bb8a332a0381f3a6f1a0bab1f62/db/kingdom/Bacteria/AMR -evalue 9.99999999999999e-301 -qcov_hsp_perc 90 -num_threads 1 -num_descriptions 1 -num_alignments 1 -seg no > \.\/NO_GROUP\/SAMPLE2_PE\/database\/SAMPLE2_PE\.AMR\.tmp\.6855\.blast 2> /dev/null
[18:12:21] Deleting unwanted file: ./NO_GROUP/SAMPLE2_PE/database/SAMPLE2_PE.AMR.tmp.6855.faa
[18:12:21] Deleting unwanted file: ./NO_GROUP/SAMPLE2_PE/database/SAMPLE2_PE.AMR.tmp.6855.blast
[18:12:21] There are still 9 unannotated CDS left (started with 9)
[18:12:21] Will use blast to search against /home/s.varona/virology_training_test/work/conda/nf-core-viralrecon-1.2.0dev-3fb10bb8a332a0381f3a6f1a0bab1f62/db/kingdom/Bacteria/sprot with 1 CPUs
[18:12:21] Running: cat \.\/NO_GROUP\/SAMPLE2_PE\/database\/SAMPLE2_PE\.sprot\.tmp\.6855\.faa | parallel --gnu --plain -j 1 --block 4764 --recstart '>' --pipe blastp -query - -db /home/s.varona/virology_training_test/work/conda/nf-core-viralrecon-1.2.0dev-3fb10bb8a332a0381f3a6f1a0bab1f62/db/kingdom/Bacteria/sprot -evalue 1e-09 -qcov_hsp_perc 80 -num_threads 1 -num_descriptions 1 -num_alignments 1 -seg no > \.\/NO_GROUP\/SAMPLE2_PE\/database\/SAMPLE2_PE\.sprot\.tmp\.6855\.blast 2> /dev/null
[18:12:24] Deleting unwanted file: ./NO_GROUP/SAMPLE2_PE/database/SAMPLE2_PE.sprot.tmp.6855.faa
[18:12:24] Deleting unwanted file: ./NO_GROUP/SAMPLE2_PE/database/SAMPLE2_PE.sprot.tmp.6855.blast
[18:12:24] There are still 9 unannotated CDS left (started with 9)
[18:12:24] Will use hmmer3 to search against /home/s.varona/virology_training_test/work/conda/nf-core-viralrecon-1.2.0dev-3fb10bb8a332a0381f3a6f1a0bab1f62/db/hmm/HAMAP.hmm with 1 CPUs
[18:12:24] Running: cat \.\/NO_GROUP\/SAMPLE2_PE\/database\/SAMPLE2_PE\.HAMAP\.hmm\.tmp\.6855\.faa | parallel --gnu --plain -j 1 --block 4764 --recstart '>' --pipe hmmscan --noali --notextw --acc -E 1e-09 --cpu 1 /home/s.varona/virology_training_test/work/conda/nf-core-viralrecon-1.2.0dev-3fb10bb8a332a0381f3a6f1a0bab1f62/db/hmm/HAMAP.hmm /dev/stdin > \.\/NO_GROUP\/SAMPLE2_PE\/database\/SAMPLE2_PE\.HAMAP\.hmm\.tmp\.6855\.hmmer3 2> /dev/null
[18:12:25] Deleting unwanted file: ./NO_GROUP/SAMPLE2_PE/database/SAMPLE2_PE.HAMAP.hmm.tmp.6855.faa
[18:12:25] Deleting unwanted file: ./NO_GROUP/SAMPLE2_PE/database/SAMPLE2_PE.HAMAP.hmm.tmp.6855.hmmer3
[18:12:25] Labelling remaining 8 proteins as 'hypothetical protein'
[18:12:25] Found 1 unique /gene codes.
[18:12:25] Fixed 0 colliding /gene names.
[18:12:25] Adding /locus_tag identifiers
[18:12:25] Assigned 9 locus_tags to CDS and RNA features.
[18:12:25] Writing outputs to ./NO_GROUP/SAMPLE2_PE/database/
[18:12:25] Generating annotation statistics file
[18:12:25] Generating Genbank and Sequin files
[18:12:25] Running: tbl2asn -V b -a r10k -l paired-ends -M n -N 1 -y 'Annotated using prokka 1.14.6 from https://github.com/tseemann/prokka' -Z \.\/NO_GROUP\/SAMPLE2_PE\/database\/SAMPLE2_PE\.err -i \.\/NO_GROUP\/SAMPLE2_PE\/database\/SAMPLE2_PE\.fsa 2> /dev/null
[18:12:25] Deleting unwanted file: ./NO_GROUP/SAMPLE2_PE/database/errorsummary.val
[18:12:25] Deleting unwanted file: ./NO_GROUP/SAMPLE2_PE/database/SAMPLE2_PE.dr
[18:12:25] Deleting unwanted file: ./NO_GROUP/SAMPLE2_PE/database/SAMPLE2_PE.fixedproducts
[18:12:25] Deleting unwanted file: ./NO_GROUP/SAMPLE2_PE/database/SAMPLE2_PE.ecn
[18:12:25] Deleting unwanted file: ./NO_GROUP/SAMPLE2_PE/database/SAMPLE2_PE.val
[18:12:25] Repairing broken .GBK output that tbl2asn produces...
[18:12:25] Running: sed 's/COORDINATES: profile/COORDINATES:profile/' < \.\/NO_GROUP\/SAMPLE2_PE\/database\/SAMPLE2_PE\.gbf > \.\/NO_GROUP\/SAMPLE2_PE\/database\/SAMPLE2_PE\.gbk
[18:12:25] Deleting unwanted file: ./NO_GROUP/SAMPLE2_PE/database/SAMPLE2_PE.gbf
[18:12:25] Output files:
[18:12:25] ./NO_GROUP/SAMPLE2_PE/database/SAMPLE2_PE.fna
[18:12:25] ./NO_GROUP/SAMPLE2_PE/database/SAMPLE2_PE.log
[18:12:25] ./NO_GROUP/SAMPLE2_PE/database/SAMPLE2_PE.tbl
[18:12:25] ./NO_GROUP/SAMPLE2_PE/database/SAMPLE2_PE.txt
[18:12:25] ./NO_GROUP/SAMPLE2_PE/database/SAMPLE2_PE.fsa
[18:12:25] ./NO_GROUP/SAMPLE2_PE/database/SAMPLE2_PE.ffn
[18:12:25] ./NO_GROUP/SAMPLE2_PE/database/SAMPLE2_PE.sqn
[18:12:25] ./NO_GROUP/SAMPLE2_PE/database/SAMPLE2_PE.gbk
[18:12:25] ./NO_GROUP/SAMPLE2_PE/database/SAMPLE2_PE.faa
[18:12:25] ./NO_GROUP/SAMPLE2_PE/database/SAMPLE2_PE.err
[18:12:25] ./NO_GROUP/SAMPLE2_PE/database/SAMPLE2_PE.gff
[18:12:25] ./NO_GROUP/SAMPLE2_PE/database/SAMPLE2_PE.tsv
[18:12:25] Annotation finished successfully.
[18:12:25] Walltime used: 0.12 minutes
[18:12:25] If you use this result please cite the Prokka paper:
[18:12:25] Seemann T (2014) Prokka: rapid prokaryotic genome annotation. Bioinformatics. 30(14):2068-9.
[18:12:25] Type 'prokka --citation' for more details.
[18:12:25] Share and enjoy!
