[22:22:05] This is prokka 1.14.6
[22:22:05] Written by Torsten Seemann <torsten.seemann@gmail.com>
[22:22:05] Homepage is https://github.com/tseemann/prokka
[22:22:05] Local time is Thu Mar  4 22:22:05 2021
[22:22:05] You are svarona
[22:22:05] Operating system is linux
[22:22:05] You have BioPerl 1.007002
[22:22:05] System has 12 cores.
[22:22:05] Will use maximum of 1 cores.
[22:22:05] Annotating as >>> Bacteria <<<
[22:22:05] Enabling options to ensure Genbank/ENA/DDJB submission compliance.
[22:22:05] Re-using existing --outdir ./NO_GROUP/SAMPLE2_PE/database
[22:22:05] Using filename prefix: SAMPLE2_PE.XXX
[22:22:05] Setting HMMER_NCPU=1
[22:22:05] Writing log to: ./NO_GROUP/SAMPLE2_PE/database/SAMPLE2_PE.log
[22:22:05] Command: /home/svarona/work/conda/nf-core-viralrecon-1.2.0dev-3fb10bb8a332a0381f3a6f1a0bab1f62/bin/prokka --force --outdir ./NO_GROUP/SAMPLE2_PE/database --prefix SAMPLE2_PE --addgenes --kingdom Bacteria --genus --species --usegenus --centre BU-ISCIII --locustag SAMPLE2_PE --compliant --cpus 1 ./NO_GROUP/SAMPLE2_PE/kmer/database.filtered_0.95_term.0.5.representative.fasta
[22:22:05] Appending to PATH: /home/svarona/work/conda/nf-core-viralrecon-1.2.0dev-3fb10bb8a332a0381f3a6f1a0bab1f62/bin
[22:22:05] Looking for 'aragorn' - found /home/svarona/work/conda/nf-core-viralrecon-1.2.0dev-3fb10bb8a332a0381f3a6f1a0bab1f62/bin/aragorn
[22:22:05] Determined aragorn version is 001002 from 'ARAGORN v1.2.38 Dean Laslett'
[22:22:05] Looking for 'barrnap' - found /home/svarona/work/conda/nf-core-viralrecon-1.2.0dev-3fb10bb8a332a0381f3a6f1a0bab1f62/bin/barrnap
[22:22:05] Determined barrnap version is 000009 from 'barrnap 0.9'
[22:22:05] Looking for 'blastp' - found /home/svarona/work/conda/nf-core-viralrecon-1.2.0dev-3fb10bb8a332a0381f3a6f1a0bab1f62/bin/blastp
[22:22:05] Determined blastp version is 002010 from 'blastp: 2.10.1+'
[22:22:05] Looking for 'cmpress' - found /home/svarona/work/conda/nf-core-viralrecon-1.2.0dev-3fb10bb8a332a0381f3a6f1a0bab1f62/bin/cmpress
[22:22:05] Determined cmpress version is 001001 from '# INFERNAL 1.1.3 (Nov 2019)'
[22:22:05] Looking for 'cmscan' - found /home/svarona/work/conda/nf-core-viralrecon-1.2.0dev-3fb10bb8a332a0381f3a6f1a0bab1f62/bin/cmscan
[22:22:05] Determined cmscan version is 001001 from '# INFERNAL 1.1.3 (Nov 2019)'
[22:22:05] Looking for 'egrep' - found /usr/bin/egrep
[22:22:05] Looking for 'find' - found /usr/bin/find
[22:22:05] Looking for 'grep' - found /usr/bin/grep
[22:22:05] Looking for 'hmmpress' - found /home/svarona/work/conda/nf-core-viralrecon-1.2.0dev-3fb10bb8a332a0381f3a6f1a0bab1f62/bin/hmmpress
[22:22:05] Determined hmmpress version is 003003 from '# HMMER 3.3.2 (Nov 2020); http://hmmer.org/'
[22:22:05] Looking for 'hmmscan' - found /home/svarona/work/conda/nf-core-viralrecon-1.2.0dev-3fb10bb8a332a0381f3a6f1a0bab1f62/bin/hmmscan
[22:22:05] Determined hmmscan version is 003003 from '# HMMER 3.3.2 (Nov 2020); http://hmmer.org/'
[22:22:05] Looking for 'java' - found /home/svarona/work/conda/nf-core-viralrecon-1.2.0dev-3fb10bb8a332a0381f3a6f1a0bab1f62/bin/java
[22:22:05] Looking for 'makeblastdb' - found /home/svarona/work/conda/nf-core-viralrecon-1.2.0dev-3fb10bb8a332a0381f3a6f1a0bab1f62/bin/makeblastdb
[22:22:05] Determined makeblastdb version is 002010 from 'makeblastdb: 2.10.1+'
[22:22:05] Looking for 'minced' - found /home/svarona/work/conda/nf-core-viralrecon-1.2.0dev-3fb10bb8a332a0381f3a6f1a0bab1f62/bin/minced
[22:22:05] Determined minced version is 004002 from 'minced 0.4.2'
[22:22:05] Looking for 'parallel' - found /home/svarona/work/conda/nf-core-viralrecon-1.2.0dev-3fb10bb8a332a0381f3a6f1a0bab1f62/bin/parallel
[22:22:05] Determined parallel version is 20210222 from 'GNU parallel 20210222'
[22:22:05] Looking for 'prodigal' - found /home/svarona/work/conda/nf-core-viralrecon-1.2.0dev-3fb10bb8a332a0381f3a6f1a0bab1f62/bin/prodigal
[22:22:05] Determined prodigal version is 002006 from 'Prodigal V2.6.3: February, 2016'
[22:22:05] Looking for 'prokka-genbank_to_fasta_db' - found /home/svarona/work/conda/nf-core-viralrecon-1.2.0dev-3fb10bb8a332a0381f3a6f1a0bab1f62/bin/prokka-genbank_to_fasta_db
[22:22:05] Looking for 'sed' - found /home/svarona/work/conda/nf-core-viralrecon-1.2.0dev-3fb10bb8a332a0381f3a6f1a0bab1f62/bin/sed
[22:22:05] Looking for 'tbl2asn' - found /home/svarona/work/conda/nf-core-viralrecon-1.2.0dev-3fb10bb8a332a0381f3a6f1a0bab1f62/bin/tbl2asn
[22:22:06] Determined tbl2asn version is 025007 from 'tbl2asn 25.7   arguments:'
[22:22:06] Using genetic code table 11.
[22:22:06] Loading and checking input file: ./NO_GROUP/SAMPLE2_PE/kmer/database.filtered_0.95_term.0.5.representative.fasta
[22:22:06] Wrote 1 contigs totalling 29903 bp.
[22:22:06] Predicting tRNAs and tmRNAs
[22:22:06] Running: aragorn -l -gc11  -w \.\/NO_GROUP\/SAMPLE2_PE\/database\/SAMPLE2_PE\.fna
[22:22:06] Found 0 tRNAs
[22:22:06] Predicting Ribosomal RNAs
[22:22:06] Running Barrnap with 1 threads
[22:22:06] Found 0 rRNAs
[22:22:06] Skipping ncRNA search, enable with --rfam if desired.
[22:22:06] Total of 0 tRNA + rRNA features
[22:22:06] Searching for CRISPR repeats
[22:22:06] Found 0 CRISPRs
[22:22:06] Predicting coding sequences
[22:22:06] Contigs total 29903 bp, so using meta mode
[22:22:06] Running: prodigal -i \.\/NO_GROUP\/SAMPLE2_PE\/database\/SAMPLE2_PE\.fna -c -m -g 11 -p meta -f sco -q
[22:22:06] Found 9 CDS
[22:22:06] Connecting features back to sequences
[22:22:06] Skipping genus-specific proteins as can't see /home/svarona/work/conda/nf-core-viralrecon-1.2.0dev-3fb10bb8a332a0381f3a6f1a0bab1f62/db/--species
[22:22:06] Annotating CDS, please be patient.
[22:22:06] Will use 1 CPUs for similarity searching.
[22:22:06] There are still 9 unannotated CDS left (started with 9)
[22:22:06] Will use blast to search against /home/svarona/work/conda/nf-core-viralrecon-1.2.0dev-3fb10bb8a332a0381f3a6f1a0bab1f62/db/kingdom/Bacteria/IS with 1 CPUs
[22:22:06] Running: cat \.\/NO_GROUP\/SAMPLE2_PE\/database\/SAMPLE2_PE\.IS\.tmp\.13400\.faa | parallel --gnu --plain -j 1 --block 4764 --recstart '>' --pipe blastp -query - -db /home/svarona/work/conda/nf-core-viralrecon-1.2.0dev-3fb10bb8a332a0381f3a6f1a0bab1f62/db/kingdom/Bacteria/IS -evalue 1e-30 -qcov_hsp_perc 90 -num_threads 1 -num_descriptions 1 -num_alignments 1 -seg no > \.\/NO_GROUP\/SAMPLE2_PE\/database\/SAMPLE2_PE\.IS\.tmp\.13400\.blast 2> /dev/null
[22:22:07] Deleting unwanted file: ./NO_GROUP/SAMPLE2_PE/database/SAMPLE2_PE.IS.tmp.13400.faa
[22:22:07] Deleting unwanted file: ./NO_GROUP/SAMPLE2_PE/database/SAMPLE2_PE.IS.tmp.13400.blast
[22:22:07] There are still 9 unannotated CDS left (started with 9)
[22:22:07] Will use blast to search against /home/svarona/work/conda/nf-core-viralrecon-1.2.0dev-3fb10bb8a332a0381f3a6f1a0bab1f62/db/kingdom/Bacteria/AMR with 1 CPUs
[22:22:07] Running: cat \.\/NO_GROUP\/SAMPLE2_PE\/database\/SAMPLE2_PE\.AMR\.tmp\.13400\.faa | parallel --gnu --plain -j 1 --block 4764 --recstart '>' --pipe blastp -query - -db /home/svarona/work/conda/nf-core-viralrecon-1.2.0dev-3fb10bb8a332a0381f3a6f1a0bab1f62/db/kingdom/Bacteria/AMR -evalue 9.99999999999999e-301 -qcov_hsp_perc 90 -num_threads 1 -num_descriptions 1 -num_alignments 1 -seg no > \.\/NO_GROUP\/SAMPLE2_PE\/database\/SAMPLE2_PE\.AMR\.tmp\.13400\.blast 2> /dev/null
[22:22:07] Deleting unwanted file: ./NO_GROUP/SAMPLE2_PE/database/SAMPLE2_PE.AMR.tmp.13400.faa
[22:22:07] Deleting unwanted file: ./NO_GROUP/SAMPLE2_PE/database/SAMPLE2_PE.AMR.tmp.13400.blast
[22:22:07] There are still 9 unannotated CDS left (started with 9)
[22:22:07] Will use blast to search against /home/svarona/work/conda/nf-core-viralrecon-1.2.0dev-3fb10bb8a332a0381f3a6f1a0bab1f62/db/kingdom/Bacteria/sprot with 1 CPUs
[22:22:07] Running: cat \.\/NO_GROUP\/SAMPLE2_PE\/database\/SAMPLE2_PE\.sprot\.tmp\.13400\.faa | parallel --gnu --plain -j 1 --block 4764 --recstart '>' --pipe blastp -query - -db /home/svarona/work/conda/nf-core-viralrecon-1.2.0dev-3fb10bb8a332a0381f3a6f1a0bab1f62/db/kingdom/Bacteria/sprot -evalue 1e-09 -qcov_hsp_perc 80 -num_threads 1 -num_descriptions 1 -num_alignments 1 -seg no > \.\/NO_GROUP\/SAMPLE2_PE\/database\/SAMPLE2_PE\.sprot\.tmp\.13400\.blast 2> /dev/null
[01:10:30] Deleting unwanted file: ./NO_GROUP/SAMPLE2_PE/database/SAMPLE2_PE.sprot.tmp.13400.faa
[01:10:30] Deleting unwanted file: ./NO_GROUP/SAMPLE2_PE/database/SAMPLE2_PE.sprot.tmp.13400.blast
[01:10:30] There are still 9 unannotated CDS left (started with 9)
[01:10:30] Will use hmmer3 to search against /home/svarona/work/conda/nf-core-viralrecon-1.2.0dev-3fb10bb8a332a0381f3a6f1a0bab1f62/db/hmm/HAMAP.hmm with 1 CPUs
[01:10:30] Running: cat \.\/NO_GROUP\/SAMPLE2_PE\/database\/SAMPLE2_PE\.HAMAP\.hmm\.tmp\.13400\.faa | parallel --gnu --plain -j 1 --block 4764 --recstart '>' --pipe hmmscan --noali --notextw --acc -E 1e-09 --cpu 1 /home/svarona/work/conda/nf-core-viralrecon-1.2.0dev-3fb10bb8a332a0381f3a6f1a0bab1f62/db/hmm/HAMAP.hmm /dev/stdin > \.\/NO_GROUP\/SAMPLE2_PE\/database\/SAMPLE2_PE\.HAMAP\.hmm\.tmp\.13400\.hmmer3 2> /dev/null
[01:10:33] Deleting unwanted file: ./NO_GROUP/SAMPLE2_PE/database/SAMPLE2_PE.HAMAP.hmm.tmp.13400.faa
[01:10:33] Deleting unwanted file: ./NO_GROUP/SAMPLE2_PE/database/SAMPLE2_PE.HAMAP.hmm.tmp.13400.hmmer3
[01:10:33] Labelling remaining 8 proteins as 'hypothetical protein'
[01:10:33] Found 1 unique /gene codes.
[01:10:33] Fixed 0 colliding /gene names.
[01:10:33] Adding /locus_tag identifiers
[01:10:33] Assigned 9 locus_tags to CDS and RNA features.
[01:10:33] Writing outputs to ./NO_GROUP/SAMPLE2_PE/database/
[01:10:33] Generating annotation statistics file
[01:10:33] Generating Genbank and Sequin files
[01:10:33] Running: tbl2asn -V b -a r10k -l paired-ends -M n -N 1 -y 'Annotated using prokka 1.14.6 from https://github.com/tseemann/prokka' -Z \.\/NO_GROUP\/SAMPLE2_PE\/database\/SAMPLE2_PE\.err -i \.\/NO_GROUP\/SAMPLE2_PE\/database\/SAMPLE2_PE\.fsa 2> /dev/null
[01:10:34] Deleting unwanted file: ./NO_GROUP/SAMPLE2_PE/database/errorsummary.val
[01:10:34] Deleting unwanted file: ./NO_GROUP/SAMPLE2_PE/database/SAMPLE2_PE.dr
[01:10:34] Deleting unwanted file: ./NO_GROUP/SAMPLE2_PE/database/SAMPLE2_PE.fixedproducts
[01:10:34] Deleting unwanted file: ./NO_GROUP/SAMPLE2_PE/database/SAMPLE2_PE.ecn
[01:10:34] Deleting unwanted file: ./NO_GROUP/SAMPLE2_PE/database/SAMPLE2_PE.val
[01:10:34] Repairing broken .GBK output that tbl2asn produces...
[01:10:34] Running: sed 's/COORDINATES: profile/COORDINATES:profile/' < \.\/NO_GROUP\/SAMPLE2_PE\/database\/SAMPLE2_PE\.gbf > \.\/NO_GROUP\/SAMPLE2_PE\/database\/SAMPLE2_PE\.gbk
[01:10:34] Deleting unwanted file: ./NO_GROUP/SAMPLE2_PE/database/SAMPLE2_PE.gbf
[01:10:34] Output files:
[01:10:34] ./NO_GROUP/SAMPLE2_PE/database/SAMPLE2_PE.err
[01:10:34] ./NO_GROUP/SAMPLE2_PE/database/SAMPLE2_PE.faa
[01:10:34] ./NO_GROUP/SAMPLE2_PE/database/SAMPLE2_PE.ffn
[01:10:34] ./NO_GROUP/SAMPLE2_PE/database/SAMPLE2_PE.fna
[01:10:34] ./NO_GROUP/SAMPLE2_PE/database/SAMPLE2_PE.fsa
[01:10:34] ./NO_GROUP/SAMPLE2_PE/database/SAMPLE2_PE.gbk
[01:10:34] ./NO_GROUP/SAMPLE2_PE/database/SAMPLE2_PE.gff
[01:10:34] ./NO_GROUP/SAMPLE2_PE/database/SAMPLE2_PE.log
[01:10:34] ./NO_GROUP/SAMPLE2_PE/database/SAMPLE2_PE.sqn
[01:10:34] ./NO_GROUP/SAMPLE2_PE/database/SAMPLE2_PE.tbl
[01:10:34] ./NO_GROUP/SAMPLE2_PE/database/SAMPLE2_PE.tsv
[01:10:34] ./NO_GROUP/SAMPLE2_PE/database/SAMPLE2_PE.txt
[01:10:34] Annotation finished successfully.
[01:10:34] Walltime used: 168.48 minutes
[01:10:34] If you use this result please cite the Prokka paper:
[01:10:34] Seemann T (2014) Prokka: rapid prokaryotic genome annotation. Bioinformatics. 30(14):2068-9.
[01:10:34] Type 'prokka --citation' for more details.
[01:10:34] Share and enjoy!
