Discrepancy Report Results

Summary
FATAL: BAD_LOCUS_TAG_FORMAT:18 locus tags are incorrectly formatted.
DISC_SOURCE_QUALS_ASNDISC:strain (all present, all same)
DISC_SOURCE_QUALS_ASNDISC:taxname (all present, all same)
DISC_FEATURE_COUNT:gene: 18 present
DISC_FEATURE_COUNT:CDS: 18 present
DISC_COUNT_NUCLEOTIDES:6 nucleotide Bioseqs are present
OVERLAPPING_GENES:6 genes overlap another gene on the same strand.
NO_ANNOTATION:2 bioseqs have no features
DISC_QUALITY_SCORES:Quality scores are missing on all sequences.
ONCALLER_COMMENT_PRESENT:6 comment descriptors were found (all same)
SHORT_PROT_SEQUENCES:2 protein sequences are shorter than 50 aa.
MISSING_GENOMEASSEMBLY_COMMENTS:6 bioseqs are missing GenomeAssembly structured comments
MOLTYPE_NOT_MRNA:6 molecule types are not set as mRNA.
TECHNIQUE_NOT_TSA:6 technique are not set as TSA
MISSING_STRUCTURED_COMMENT:6 sequences do not include structured comments.
MISSING_PROJECT:24 sequences do not include project.
DISC_INCONSISTENT_MOLINFO_TECH:Molinfo Technique Report (some missing, all same)


Detailed Report

FATAL: DiscRep_ALL:BAD_LOCUS_TAG_FORMAT::18 locus tags are incorrectly formatted.
./NO_GROUP/SAMPLE1_PE/data/SAMPLE1_PE:Gene	SAMPLE1_PE_00001	SAMPLE1_PE_1:c1588-329	SAMPLE1_PE_00001
./NO_GROUP/SAMPLE1_PE/data/SAMPLE1_PE:Gene	SAMPLE1_PE_00002	SAMPLE1_PE_1:c1968-1603	SAMPLE1_PE_00002
./NO_GROUP/SAMPLE1_PE/data/SAMPLE1_PE:Gene	SAMPLE1_PE_00003	SAMPLE1_PE_1:c2468-2103	SAMPLE1_PE_00003
./NO_GROUP/SAMPLE1_PE/data/SAMPLE1_PE:Gene	SAMPLE1_PE_00004	SAMPLE1_PE_1:c2660-2475	SAMPLE1_PE_00004
./NO_GROUP/SAMPLE1_PE/data/SAMPLE1_PE:Gene	SAMPLE1_PE_00005	SAMPLE1_PE_1:c3339-2671	SAMPLE1_PE_00005
./NO_GROUP/SAMPLE1_PE/data/SAMPLE1_PE:Gene	SAMPLE1_PE_00006	SAMPLE1_PE_1:c4457-3642	SAMPLE1_PE_00006
./NO_GROUP/SAMPLE1_PE/data/SAMPLE1_PE:Gene	SAMPLE1_PE_00007	SAMPLE1_PE_1:c8326-4478	SAMPLE1_PE_00007
./NO_GROUP/SAMPLE1_PE/data/SAMPLE1_PE:Gene	SAMPLE1_PE_00008	SAMPLE1_PE_1:c16094-8307	SAMPLE1_PE_00008
./NO_GROUP/SAMPLE1_PE/data/SAMPLE1_PE:Gene	SAMPLE1_PE_00009	SAMPLE1_PE_1:c20953-16379	SAMPLE1_PE_00009
./NO_GROUP/SAMPLE1_PE/data/SAMPLE1_PE:Gene	ymdB	SAMPLE1_PE_2:243-8675	SAMPLE1_PE_00010
./NO_GROUP/SAMPLE1_PE/data/SAMPLE1_PE:Gene	SAMPLE1_PE_00011	SAMPLE1_PE_3:384-941	SAMPLE1_PE_00011
./NO_GROUP/SAMPLE1_PE/data/SAMPLE1_PE:Gene	SAMPLE1_PE_00012	SAMPLE1_PE_3:c1187-1071	SAMPLE1_PE_00012
./NO_GROUP/SAMPLE1_PE/data/SAMPLE1_PE:Gene	SAMPLE1_PE_00013	SAMPLE1_PE_3:c1645-1187	SAMPLE1_PE_00013
./NO_GROUP/SAMPLE1_PE/data/SAMPLE1_PE:Gene	SAMPLE1_PE_00014	SAMPLE1_PE_3:c1902-1642	SAMPLE1_PE_00014
./NO_GROUP/SAMPLE1_PE/data/SAMPLE1_PE:Gene	SAMPLE1_PE_00015	SAMPLE1_PE_3:c3440-1899	SAMPLE1_PE_00015
./NO_GROUP/SAMPLE1_PE/data/SAMPLE1_PE:Gene	SAMPLE1_PE_00016	SAMPLE1_PE_3:c4490-3504	SAMPLE1_PE_00016
./NO_GROUP/SAMPLE1_PE/data/SAMPLE1_PE:Gene	SAMPLE1_PE_00017	SAMPLE1_PE_3:c5026-4499	SAMPLE1_PE_00017
./NO_GROUP/SAMPLE1_PE/data/SAMPLE1_PE:Gene	SAMPLE1_PE_00018	SAMPLE1_PE_6:c126-4	SAMPLE1_PE_00018

DiscRep_ALL:DISC_SOURCE_QUALS_ASNDISC::strain (all present, all same)
DiscRep_SUB:DISC_SOURCE_QUALS_ASNDISC::6 sources have 'strain' for strain
DiscRep_ALL:DISC_SOURCE_QUALS_ASNDISC::taxname (all present, all same)
DiscRep_SUB:DISC_SOURCE_QUALS_ASNDISC::6 sources have '--species species' for taxname
DiscRep_ALL:DISC_FEATURE_COUNT::gene: 18 present
DiscRep_ALL:DISC_FEATURE_COUNT::CDS: 18 present
DiscRep_ALL:DISC_COUNT_NUCLEOTIDES::6 nucleotide Bioseqs are present
./NO_GROUP/SAMPLE1_PE/data/SAMPLE1_PE:BU-ISCIII:SAMPLE1_PE_1 (length 20973)
./NO_GROUP/SAMPLE1_PE/data/SAMPLE1_PE:BU-ISCIII:SAMPLE1_PE_2 (length 8704)
./NO_GROUP/SAMPLE1_PE/data/SAMPLE1_PE:BU-ISCIII:SAMPLE1_PE_3 (length 5474)
./NO_GROUP/SAMPLE1_PE/data/SAMPLE1_PE:BU-ISCIII:SAMPLE1_PE_4 (length 458)
./NO_GROUP/SAMPLE1_PE/data/SAMPLE1_PE:BU-ISCIII:SAMPLE1_PE_5 (length 400)
./NO_GROUP/SAMPLE1_PE/data/SAMPLE1_PE:BU-ISCIII:SAMPLE1_PE_6 (length 379)

DiscRep_ALL:OVERLAPPING_GENES::6 genes overlap another gene on the same strand.
./NO_GROUP/SAMPLE1_PE/data/SAMPLE1_PE:Gene	SAMPLE1_PE_00007	SAMPLE1_PE_1:c8326-4478	SAMPLE1_PE_00007
./NO_GROUP/SAMPLE1_PE/data/SAMPLE1_PE:Gene	SAMPLE1_PE_00008	SAMPLE1_PE_1:c16094-8307	SAMPLE1_PE_00008
./NO_GROUP/SAMPLE1_PE/data/SAMPLE1_PE:Gene	SAMPLE1_PE_00012	SAMPLE1_PE_3:c1187-1071	SAMPLE1_PE_00012
./NO_GROUP/SAMPLE1_PE/data/SAMPLE1_PE:Gene	SAMPLE1_PE_00013	SAMPLE1_PE_3:c1645-1187	SAMPLE1_PE_00013
./NO_GROUP/SAMPLE1_PE/data/SAMPLE1_PE:Gene	SAMPLE1_PE_00014	SAMPLE1_PE_3:c1902-1642	SAMPLE1_PE_00014
./NO_GROUP/SAMPLE1_PE/data/SAMPLE1_PE:Gene	SAMPLE1_PE_00015	SAMPLE1_PE_3:c3440-1899	SAMPLE1_PE_00015

DiscRep_ALL:NO_ANNOTATION::2 bioseqs have no features
./NO_GROUP/SAMPLE1_PE/data/SAMPLE1_PE:BU-ISCIII:SAMPLE1_PE_4 (length 458)
./NO_GROUP/SAMPLE1_PE/data/SAMPLE1_PE:BU-ISCIII:SAMPLE1_PE_5 (length 400)

DiscRep_ALL:DISC_QUALITY_SCORES::Quality scores are missing on all sequences.

DiscRep_ALL:ONCALLER_COMMENT_PRESENT::6 comment descriptors were found (all same)
./NO_GROUP/SAMPLE1_PE/data/SAMPLE1_PE:BU-ISCIII:SAMPLE1_PE_1:Annotated using prokka 1.14.6 from https://github.com/tseemann/prokka
./NO_GROUP/SAMPLE1_PE/data/SAMPLE1_PE:BU-ISCIII:SAMPLE1_PE_2:Annotated using prokka 1.14.6 from https://github.com/tseemann/prokka
./NO_GROUP/SAMPLE1_PE/data/SAMPLE1_PE:BU-ISCIII:SAMPLE1_PE_3:Annotated using prokka 1.14.6 from https://github.com/tseemann/prokka
./NO_GROUP/SAMPLE1_PE/data/SAMPLE1_PE:BU-ISCIII:SAMPLE1_PE_4:Annotated using prokka 1.14.6 from https://github.com/tseemann/prokka
./NO_GROUP/SAMPLE1_PE/data/SAMPLE1_PE:BU-ISCIII:SAMPLE1_PE_5:Annotated using prokka 1.14.6 from https://github.com/tseemann/prokka
./NO_GROUP/SAMPLE1_PE/data/SAMPLE1_PE:BU-ISCIII:SAMPLE1_PE_6:Annotated using prokka 1.14.6 from https://github.com/tseemann/prokka

DiscRep_ALL:SHORT_PROT_SEQUENCES::2 protein sequences are shorter than 50 aa.
./NO_GROUP/SAMPLE1_PE/data/SAMPLE1_PE:BU-ISCIII:SAMPLE1_PE_00012 (length 38)
./NO_GROUP/SAMPLE1_PE/data/SAMPLE1_PE:BU-ISCIII:SAMPLE1_PE_00018 (length 40)

DiscRep_ALL:MISSING_GENOMEASSEMBLY_COMMENTS::6 bioseqs are missing GenomeAssembly structured comments
./NO_GROUP/SAMPLE1_PE/data/SAMPLE1_PE:BU-ISCIII:SAMPLE1_PE_1 (length 20973)
./NO_GROUP/SAMPLE1_PE/data/SAMPLE1_PE:BU-ISCIII:SAMPLE1_PE_2 (length 8704)
./NO_GROUP/SAMPLE1_PE/data/SAMPLE1_PE:BU-ISCIII:SAMPLE1_PE_3 (length 5474)
./NO_GROUP/SAMPLE1_PE/data/SAMPLE1_PE:BU-ISCIII:SAMPLE1_PE_4 (length 458)
./NO_GROUP/SAMPLE1_PE/data/SAMPLE1_PE:BU-ISCIII:SAMPLE1_PE_5 (length 400)
./NO_GROUP/SAMPLE1_PE/data/SAMPLE1_PE:BU-ISCIII:SAMPLE1_PE_6 (length 379)

DiscRep_ALL:MOLTYPE_NOT_MRNA::6 molecule types are not set as mRNA.
./NO_GROUP/SAMPLE1_PE/data/SAMPLE1_PE:BU-ISCIII:SAMPLE1_PE_1 (length 20973)
./NO_GROUP/SAMPLE1_PE/data/SAMPLE1_PE:BU-ISCIII:SAMPLE1_PE_2 (length 8704)
./NO_GROUP/SAMPLE1_PE/data/SAMPLE1_PE:BU-ISCIII:SAMPLE1_PE_3 (length 5474)
./NO_GROUP/SAMPLE1_PE/data/SAMPLE1_PE:BU-ISCIII:SAMPLE1_PE_4 (length 458)
./NO_GROUP/SAMPLE1_PE/data/SAMPLE1_PE:BU-ISCIII:SAMPLE1_PE_5 (length 400)
./NO_GROUP/SAMPLE1_PE/data/SAMPLE1_PE:BU-ISCIII:SAMPLE1_PE_6 (length 379)

DiscRep_ALL:TECHNIQUE_NOT_TSA::6 technique are not set as TSA
./NO_GROUP/SAMPLE1_PE/data/SAMPLE1_PE:BU-ISCIII:SAMPLE1_PE_1 (length 20973)
./NO_GROUP/SAMPLE1_PE/data/SAMPLE1_PE:BU-ISCIII:SAMPLE1_PE_2 (length 8704)
./NO_GROUP/SAMPLE1_PE/data/SAMPLE1_PE:BU-ISCIII:SAMPLE1_PE_3 (length 5474)
./NO_GROUP/SAMPLE1_PE/data/SAMPLE1_PE:BU-ISCIII:SAMPLE1_PE_4 (length 458)
./NO_GROUP/SAMPLE1_PE/data/SAMPLE1_PE:BU-ISCIII:SAMPLE1_PE_5 (length 400)
./NO_GROUP/SAMPLE1_PE/data/SAMPLE1_PE:BU-ISCIII:SAMPLE1_PE_6 (length 379)

DiscRep_ALL:MISSING_STRUCTURED_COMMENT::6 sequences do not include structured comments.
./NO_GROUP/SAMPLE1_PE/data/SAMPLE1_PE:BU-ISCIII:SAMPLE1_PE_1 (length 20973)
./NO_GROUP/SAMPLE1_PE/data/SAMPLE1_PE:BU-ISCIII:SAMPLE1_PE_2 (length 8704)
./NO_GROUP/SAMPLE1_PE/data/SAMPLE1_PE:BU-ISCIII:SAMPLE1_PE_3 (length 5474)
./NO_GROUP/SAMPLE1_PE/data/SAMPLE1_PE:BU-ISCIII:SAMPLE1_PE_4 (length 458)
./NO_GROUP/SAMPLE1_PE/data/SAMPLE1_PE:BU-ISCIII:SAMPLE1_PE_5 (length 400)
./NO_GROUP/SAMPLE1_PE/data/SAMPLE1_PE:BU-ISCIII:SAMPLE1_PE_6 (length 379)

DiscRep_ALL:MISSING_PROJECT::24 sequences do not include project.
./NO_GROUP/SAMPLE1_PE/data/SAMPLE1_PE:BU-ISCIII:SAMPLE1_PE_1 (length 20973)
./NO_GROUP/SAMPLE1_PE/data/SAMPLE1_PE:BU-ISCIII:SAMPLE1_PE_00001 (length 419)
./NO_GROUP/SAMPLE1_PE/data/SAMPLE1_PE:BU-ISCIII:SAMPLE1_PE_00002 (length 121)
./NO_GROUP/SAMPLE1_PE/data/SAMPLE1_PE:BU-ISCIII:SAMPLE1_PE_00003 (length 121)
./NO_GROUP/SAMPLE1_PE/data/SAMPLE1_PE:BU-ISCIII:SAMPLE1_PE_00004 (length 61)
./NO_GROUP/SAMPLE1_PE/data/SAMPLE1_PE:BU-ISCIII:SAMPLE1_PE_00005 (length 222)
./NO_GROUP/SAMPLE1_PE/data/SAMPLE1_PE:BU-ISCIII:SAMPLE1_PE_00006 (length 271)
./NO_GROUP/SAMPLE1_PE/data/SAMPLE1_PE:BU-ISCIII:SAMPLE1_PE_00007 (length 1282)
./NO_GROUP/SAMPLE1_PE/data/SAMPLE1_PE:BU-ISCIII:SAMPLE1_PE_00008 (length 2595)
./NO_GROUP/SAMPLE1_PE/data/SAMPLE1_PE:BU-ISCIII:SAMPLE1_PE_00009 (length 1524)
./NO_GROUP/SAMPLE1_PE/data/SAMPLE1_PE:BU-ISCIII:SAMPLE1_PE_2 (length 8704)
./NO_GROUP/SAMPLE1_PE/data/SAMPLE1_PE:BU-ISCIII:SAMPLE1_PE_00010 (length 2810)
./NO_GROUP/SAMPLE1_PE/data/SAMPLE1_PE:BU-ISCIII:SAMPLE1_PE_3 (length 5474)
./NO_GROUP/SAMPLE1_PE/data/SAMPLE1_PE:BU-ISCIII:SAMPLE1_PE_00011 (length 185)
./NO_GROUP/SAMPLE1_PE/data/SAMPLE1_PE:BU-ISCIII:SAMPLE1_PE_00012 (length 38)
./NO_GROUP/SAMPLE1_PE/data/SAMPLE1_PE:BU-ISCIII:SAMPLE1_PE_00013 (length 152)
./NO_GROUP/SAMPLE1_PE/data/SAMPLE1_PE:BU-ISCIII:SAMPLE1_PE_00014 (length 86)
./NO_GROUP/SAMPLE1_PE/data/SAMPLE1_PE:BU-ISCIII:SAMPLE1_PE_00015 (length 513)
./NO_GROUP/SAMPLE1_PE/data/SAMPLE1_PE:BU-ISCIII:SAMPLE1_PE_00016 (length 328)
./NO_GROUP/SAMPLE1_PE/data/SAMPLE1_PE:BU-ISCIII:SAMPLE1_PE_00017 (length 175)
./NO_GROUP/SAMPLE1_PE/data/SAMPLE1_PE:BU-ISCIII:SAMPLE1_PE_4 (length 458)
./NO_GROUP/SAMPLE1_PE/data/SAMPLE1_PE:BU-ISCIII:SAMPLE1_PE_5 (length 400)
./NO_GROUP/SAMPLE1_PE/data/SAMPLE1_PE:BU-ISCIII:SAMPLE1_PE_6 (length 379)
./NO_GROUP/SAMPLE1_PE/data/SAMPLE1_PE:BU-ISCIII:SAMPLE1_PE_00018 (length 40)

DiscRep_ALL:DISC_INCONSISTENT_MOLINFO_TECH::Molinfo Technique Report (some missing, all same)
DiscRep_SUB:DISC_INCONSISTENT_MOLINFO_TECH::technique (all missing)
DiscRep_SUB:DISC_INCONSISTENT_MOLINFO_TECH::6 Molinfos are missing field technique
./NO_GROUP/SAMPLE1_PE/data/SAMPLE1_PE:BU-ISCIII:SAMPLE1_PE_1 (length 20973)
./NO_GROUP/SAMPLE1_PE/data/SAMPLE1_PE:BU-ISCIII:SAMPLE1_PE_2 (length 8704)
./NO_GROUP/SAMPLE1_PE/data/SAMPLE1_PE:BU-ISCIII:SAMPLE1_PE_3 (length 5474)
./NO_GROUP/SAMPLE1_PE/data/SAMPLE1_PE:BU-ISCIII:SAMPLE1_PE_4 (length 458)
./NO_GROUP/SAMPLE1_PE/data/SAMPLE1_PE:BU-ISCIII:SAMPLE1_PE_5 (length 400)
./NO_GROUP/SAMPLE1_PE/data/SAMPLE1_PE:BU-ISCIII:SAMPLE1_PE_6 (length 379)

