/home/svarona/work/conda/nf-core-viralrecon-1.2.0dev-3fb10bb8a332a0381f3a6f1a0bab1f62/bin/quast.py --output-dir quast -r GCF_009858895.2_ASM985889v3_genomic.200409.fna --features GCF_009858895.2_ASM985889v3_genomic.200409.gff --threads 2 SAMPLE1_PE.scaffolds.fa SAMPLE2_PE.scaffolds.fa

Version: 5.0.2

System information:
  OS: Linux-4.4.0-19041-Microsoft-x86_64-with-debian-bullseye-sid (linux_64)
  Python version: 3.6.11
  CPUs number: 12

Started: 2021-03-04 22:23:06

Logging to /home/svarona/work/5f/aad272074c0942f63059f068651f59/quast/quast.log

CWD: /home/svarona/work/5f/aad272074c0942f63059f068651f59
Main parameters: 
  MODE: default, threads: 2, minimum contig length: 500, minimum alignment length: 65, \
  ambiguity: one, threshold for extensive misassembly size: 1000

Reference:
  /home/svarona/work/5f/aad272074c0942f63059f068651f59/GCF_009858895.2_ASM985889v3_genomic.200409.fna ==> GCF_009858895.2_ASM985889v3_genomic.200409

Contigs:
  Pre-processing...
  1  SAMPLE1_PE.scaffolds.fa ==> SAMPLE1_PE.scaffolds
  2  SAMPLE2_PE.scaffolds.fa ==> SAMPLE2_PE.scaffolds

2021-03-04 22:23:07
Running Basic statistics processor...
  Reference genome:
    GCF_009858895.2_ASM985889v3_genomic.200409.fna, length = 29903, num fragments = 1, GC % = 37.97
  Contig files: 
    1  SAMPLE1_PE.scaffolds
    2  SAMPLE2_PE.scaffolds
  Calculating N50 and L50...
    1  SAMPLE1_PE.scaffolds, N50 = 20973, L50 = 1, Total length = 35151, GC % = 39.03, # N's per 100 kbp =  0.00
    2  SAMPLE2_PE.scaffolds, N50 = 4738, L50 = 3, Total length = 34939, GC % = 39.13, # N's per 100 kbp =  0.00
  Drawing Nx plot...
    saved to /home/svarona/work/5f/aad272074c0942f63059f068651f59/quast/basic_stats/Nx_plot.pdf
  Drawing NGx plot...
    saved to /home/svarona/work/5f/aad272074c0942f63059f068651f59/quast/basic_stats/NGx_plot.pdf
  Drawing cumulative plot...
    saved to /home/svarona/work/5f/aad272074c0942f63059f068651f59/quast/basic_stats/cumulative_plot.pdf
  Drawing GC content plot...
    saved to /home/svarona/work/5f/aad272074c0942f63059f068651f59/quast/basic_stats/GC_content_plot.pdf
  Drawing SAMPLE1_PE.scaffolds GC content plot...
    saved to /home/svarona/work/5f/aad272074c0942f63059f068651f59/quast/basic_stats/SAMPLE1_PE.scaffolds_GC_content_plot.pdf
  Drawing SAMPLE2_PE.scaffolds GC content plot...
    saved to /home/svarona/work/5f/aad272074c0942f63059f068651f59/quast/basic_stats/SAMPLE2_PE.scaffolds_GC_content_plot.pdf
  Drawing Coverage histogram (bin size: 40x)...
    saved to /home/svarona/work/5f/aad272074c0942f63059f068651f59/quast/basic_stats/coverage_histogram.pdf
  Drawing SAMPLE1_PE.scaffolds coverage histogram (bin size: 9x)...
    saved to /home/svarona/work/5f/aad272074c0942f63059f068651f59/quast/basic_stats/SAMPLE1_PE-scaffolds_coverage_histogram.pdf
  Drawing SAMPLE2_PE.scaffolds coverage histogram (bin size: 43x)...
    saved to /home/svarona/work/5f/aad272074c0942f63059f068651f59/quast/basic_stats/SAMPLE2_PE-scaffolds_coverage_histogram.pdf
Done.

2021-03-04 22:23:09
Running Contig analyzer...
  1  SAMPLE1_PE.scaffolds
  2  SAMPLE2_PE.scaffolds
  1  Logging to files /home/svarona/work/5f/aad272074c0942f63059f068651f59/quast/contigs_reports/contigs_report_SAMPLE1_PE-scaffolds.stdout and contigs_report_SAMPLE1_PE-scaffolds.stderr...
  2  Logging to files /home/svarona/work/5f/aad272074c0942f63059f068651f59/quast/contigs_reports/contigs_report_SAMPLE2_PE-scaffolds.stdout and contigs_report_SAMPLE2_PE-scaffolds.stderr...
  1  Aligning contigs to the reference
  2  Aligning contigs to the reference
  2  /home/svarona/work/conda/nf-core-viralrecon-1.2.0dev-3fb10bb8a332a0381f3a6f1a0bab1f62/bin/minimap2 \
     -c -x asm5 -B5 -O4,16 --no-long-join -r 85 -N 50 -s 65 -z 200 --mask-level 0.9 \
     --min-occ 200 -g 2500 --score-N 2 --cs -t 1 quast/quast_corrected_input/GCF_009858895.2_ASM985889v3_genomic.200409.fna \
     quast/quast_corrected_input/SAMPLE2_PE_scaffolds.fa > quast/contigs_reports/minimap_output/SAMPLE2_PE-scaffolds.coords_tmp \
     2>> quast/contigs_reports/contigs_report_SAMPLE2_PE-scaffolds.stderr
  1  /home/svarona/work/conda/nf-core-viralrecon-1.2.0dev-3fb10bb8a332a0381f3a6f1a0bab1f62/bin/minimap2 \
     -c -x asm5 -B5 -O4,16 --no-long-join -r 85 -N 50 -s 65 -z 200 --mask-level 0.9 \
     --min-occ 200 -g 2500 --score-N 2 --cs -t 1 quast/quast_corrected_input/GCF_009858895.2_ASM985889v3_genomic.200409.fna \
     quast/quast_corrected_input/SAMPLE1_PE_scaffolds.fa > quast/contigs_reports/minimap_output/SAMPLE1_PE-scaffolds.coords_tmp \
     2>> quast/contigs_reports/contigs_report_SAMPLE1_PE-scaffolds.stderr
  1  Analysis is finished.

  2  Analysis is finished.

  Creating total report...
    saved to /home/svarona/work/5f/aad272074c0942f63059f068651f59/quast/contigs_reports/misassemblies_report.txt, misassemblies_report.tsv, and misassemblies_report.tex
  Transposed version of total report...
    saved to /home/svarona/work/5f/aad272074c0942f63059f068651f59/quast/contigs_reports/transposed_report_misassemblies.txt, transposed_report_misassemblies.tsv, and transposed_report_misassemblies.tex
  Creating total report...
    saved to /home/svarona/work/5f/aad272074c0942f63059f068651f59/quast/contigs_reports/unaligned_report.txt, unaligned_report.tsv, and unaligned_report.tex
  Drawing misassemblies by types plot...
    saved to /home/svarona/work/5f/aad272074c0942f63059f068651f59/quast/contigs_reports/misassemblies_plot.pdf
  Drawing misassemblies FRCurve plot...
    saved to /home/svarona/work/5f/aad272074c0942f63059f068651f59/quast/contigs_reports/misassemblies_frcurve_plot.pdf
Done.

2021-03-04 22:23:10
Running NA-NGA calculation...
  1  SAMPLE1_PE.scaffolds, Largest alignment = 20951, NA50 = 20951, NGA50 = 20951, LA50 = 1, LGA50 = 1
  2  SAMPLE2_PE.scaffolds, Largest alignment = 10414, NA50 = 4738, NGA50 = 6357, LA50 = 3, LGA50 = 2
  Drawing cumulative plot...
    saved to /home/svarona/work/5f/aad272074c0942f63059f068651f59/quast/aligned_stats/cumulative_plot.pdf
  Drawing NAx plot...
    saved to /home/svarona/work/5f/aad272074c0942f63059f068651f59/quast/aligned_stats/NAx_plot.pdf
  Drawing NGAx plot...
    saved to /home/svarona/work/5f/aad272074c0942f63059f068651f59/quast/aligned_stats/NGAx_plot.pdf
Done.

2021-03-04 22:23:11
Running Genome analyzer...
  NOTICE: No file with operons were provided. Use the -O option if you want to specify it.
  Loaded 32 genomic features of type "ANY"
  1  SAMPLE1_PE.scaffolds
  2  SAMPLE2_PE.scaffolds
  1  Analysis is finished.
  2  Analysis is finished.
  Drawing genomic features cumulative plot...
    saved to /home/svarona/work/5f/aad272074c0942f63059f068651f59/quast/genome_stats/features_cumulative_plot.pdf
  Drawing genomic features FRCurve plot...
    saved to /home/svarona/work/5f/aad272074c0942f63059f068651f59/quast/genome_stats/features_frcurve_plot.pdf
  Drawing # complete genomic features histogram...
    saved to /home/svarona/work/5f/aad272074c0942f63059f068651f59/quast/genome_stats/complete_features_histogram.pdf
  Drawing Genome fraction, % histogram...
    saved to /home/svarona/work/5f/aad272074c0942f63059f068651f59/quast/genome_stats/genome_fraction_histogram.pdf
Done.

NOTICE: Genes are not predicted by default. Use --gene-finding or --glimmer option to enable it.

2021-03-04 22:23:12
Creating large visual summaries...
This may take a while: press Ctrl-C to skip this step..
  1 of 2: Creating Icarus viewers...
  2 of 2: Creating PDF with all tables and plots...
Done

2021-03-04 22:23:15
RESULTS:
  Text versions of total report are saved to /home/svarona/work/5f/aad272074c0942f63059f068651f59/quast/report.txt, report.tsv, and report.tex
  Text versions of transposed total report are saved to /home/svarona/work/5f/aad272074c0942f63059f068651f59/quast/transposed_report.txt, transposed_report.tsv, and transposed_report.tex
  HTML version (interactive tables and plots) is saved to /home/svarona/work/5f/aad272074c0942f63059f068651f59/quast/report.html
  PDF version (tables and plots) is saved to /home/svarona/work/5f/aad272074c0942f63059f068651f59/quast/report.pdf
  Icarus (contig browser) is saved to /home/svarona/work/5f/aad272074c0942f63059f068651f59/quast/icarus.html
  Log is saved to /home/svarona/work/5f/aad272074c0942f63059f068651f59/quast/quast.log

Finished: 2021-03-04 22:23:15
Elapsed time: 0:00:09.056377
NOTICEs: 2; WARNINGs: 0; non-fatal ERRORs: 0

Thank you for using QUAST!
