Aligning contigs to reference...
	Aligning contigs to the reference
Filtering alignments...
Parsing coords...
Loading reference...
	Loaded [NC_045512.2]
	Total Regions: 1
	Total Region Length: 29903
Analyzing contigs...
CONTIG: SAMPLE3_SE (29782bp)
Best alignment score: 10494.0 (LEN: 10494, IDY: 100.00), Total number of alignments: 9
			Looking for the best set of alignments (out of 9 total alignments)
			The best set is below. Score: 26541.0, number of alignments: 9, unaligned bases: 3201
		This contig is misassembled.
			Real Alignment 1: 55 4428 | 1 4374 | 4374 4374 | 100.0 | NC_045512.2 SAMPLE3_SE
			  Incorrectly estimated size of scaffold gap between these two alignments: gap length difference = 0 (local)
			Real Alignment 2: 4659 5095 | 4605 5041 | 437 437 | 100.0 | NC_045512.2 SAMPLE3_SE
			  Incorrectly estimated size of scaffold gap between these two alignments: gap length difference = 0 (local)
			Real Alignment 3: 5587 8319 | 5533 8265 | 2733 2733 | 100.0 | NC_045512.2 SAMPLE3_SE
			  Incorrectly estimated size of scaffold gap between these two alignments: gap length difference = 0 (local)
			Real Alignment 4: 8914 19407 | 8860 19353 | 10494 10494 | 100.0 | NC_045512.2 SAMPLE3_SE
			  Incorrectly estimated size of scaffold gap between these two alignments: gap length difference = 0 (local)
			Real Alignment 5: 19571 21146 | 19517 21092 | 1576 1576 | 100.0 | NC_045512.2 SAMPLE3_SE
			  Incorrectly estimated size of scaffold gap between these two alignments: gap length difference = 0 (local)
			Real Alignment 6: 21683 22271 | 21629 22217 | 589 589 | 100.0 | NC_045512.2 SAMPLE3_SE
			  Incorrectly estimated size of scaffold gap between these two alignments: gap length difference = 0 (local)
			Real Alignment 7: 22543 23816 | 22489 23762 | 1274 1274 | 100.0 | NC_045512.2 SAMPLE3_SE
			  Incorrectly estimated size of scaffold gap between these two alignments: gap length difference = 0 (local)
			Real Alignment 8: 24051 25646 | 23997 25592 | 1596 1596 | 100.0 | NC_045512.2 SAMPLE3_SE
			  Incorrectly estimated size of scaffold gap between these two alignments: gap length difference = 0 (local)
			Real Alignment 9: 25849 29356 | 25795 29302 | 3508 3508 | 100.0 | NC_045512.2 SAMPLE3_SE

Analyzing coverage...
Writing SNPs into /home/s.varona/virology_training_test/work/ab/fdd2a55638f2467b06d86e31120d94/AF0.75/contigs_reports/minimap_output/SAMPLE3_SE-AF0-75-consensus.used_snps.gz

Analysis is finished!
Founded SNPs were written into /home/s.varona/virology_training_test/work/ab/fdd2a55638f2467b06d86e31120d94/AF0.75/contigs_reports/minimap_output/SAMPLE3_SE-AF0-75-consensus.used_snps.gz

Results:
	Local Misassemblies: 0
	Misassemblies: 0
		Relocations: 0
		Translocations: 0
		Inversions: 0
	Scaffold gap extensive misassemblies: 0
	Scaffold gap local misassemblies: 8
	Misassembled Contigs: 0
	Misassembled Contig Bases: 0
	Misassemblies Inter-Contig Overlap: 0
Unaligned Contigs: 0 + 0 part
Half Unaligned Contigs with Misassemblies: 0
Unaligned Contig Bases: 0

Ambiguously Mapped Contigs: 0
Total Bases in Ambiguously Mapped Contigs: 0
Extra Bases in Ambiguously Mapped Contigs: 0
Note that --allow-ambiguity option was set to "one" and only first alignment per each of these contigs was used.

	Covered Bases: 26581

	SNPs: 0
	Insertions: 0
	Deletions: 0

