Aligning contigs to reference...
	Aligning contigs to the reference
Filtering alignments...
Parsing coords...
Loading reference...
	Loaded [NC_045512.2]
	Total Regions: 1
	Total Region Length: 29903
Analyzing contigs...
CONTIG: SAMPLE3_SE (29903bp)
Best alignment score: 20752.0 (LEN: 20752, IDY: 100.00), Total number of alignments: 3
			Looking for the best set of alignments (out of 3 total alignments)
			The best set is below. Score: 29125.0, number of alignments: 3, unaligned bases: 768
		This contig is misassembled.
			Real Alignment 1: 55 4460 | 55 4460 | 4406 4406 | 100.0 | NC_045512.2 SAMPLE3_SE
			  Incorrectly estimated size of scaffold gap between these two alignments: gap length difference = 0 (local)
			Real Alignment 2: 4659 8635 | 4659 8635 | 3977 3977 | 100.0 | NC_045512.2 SAMPLE3_SE
			  Incorrectly estimated size of scaffold gap between these two alignments: gap length difference = 0 (local)
			Real Alignment 3: 8914 29665 | 8914 29665 | 20752 20752 | 100.0 | NC_045512.2 SAMPLE3_SE

Analyzing coverage...
Writing SNPs into /home/smonzon/test_training_viralrecon/work/3c/28637caa5e83812cda9916c47476a2/AF0.8/contigs_reports/minimap_output/SAMPLE3_SE-AF0-8-consensus-masked.used_snps.gz

Analysis is finished!
Founded SNPs were written into /home/smonzon/test_training_viralrecon/work/3c/28637caa5e83812cda9916c47476a2/AF0.8/contigs_reports/minimap_output/SAMPLE3_SE-AF0-8-consensus-masked.used_snps.gz

Results:
	Local Misassemblies: 0
	Misassemblies: 0
		Relocations: 0
		Translocations: 0
		Inversions: 0
	Scaffold gap extensive misassemblies: 0
	Scaffold gap local misassemblies: 2
	Misassembled Contigs: 0
	Misassembled Contig Bases: 0
	Misassemblies Inter-Contig Overlap: 0
Unaligned Contigs: 0 + 0 part
Half Unaligned Contigs with Misassemblies: 0
Unaligned Contig Bases: 0

Ambiguously Mapped Contigs: 0
Total Bases in Ambiguously Mapped Contigs: 0
Extra Bases in Ambiguously Mapped Contigs: 0
Note that --allow-ambiguity option was set to "one" and only first alignment per each of these contigs was used.

	Covered Bases: 29135

	SNPs: 0
	Insertions: 0
	Deletions: 0

