/home/s.varona/virology_training_test/work/conda/nf-core-viralrecon-1.2.0dev-3fb10bb8a332a0381f3a6f1a0bab1f62/bin/quast.py --output-dir quast -r GCF_009858895.2_ASM985889v3_genomic.200409.fna --features GCF_009858895.2_ASM985889v3_genomic.200409.gff --threads 2 SAMPLE3_SE.scaffolds.fa SAMPLE1_PE.scaffolds.fa SAMPLE2_PE.scaffolds.fa

Version: 5.0.2

System information:
  OS: Linux-5.4.0-62-generic-x86_64-with-debian-buster-sid (linux_64)
  Python version: 3.6.11
  CPUs number: 4

Started: 2021-03-02 18:10:59

Logging to /home/s.varona/virology_training_test/work/01/a4bdfe10204d0c5cac06750daa9976/quast/quast.log

CWD: /home/s.varona/virology_training_test/work/01/a4bdfe10204d0c5cac06750daa9976
Main parameters: 
  MODE: default, threads: 2, minimum contig length: 500, minimum alignment length: 65, \
  ambiguity: one, threshold for extensive misassembly size: 1000

Reference:
  /home/s.varona/virology_training_test/work/01/a4bdfe10204d0c5cac06750daa9976/GCF_009858895.2_ASM985889v3_genomic.200409.fna ==> GCF_009858895.2_ASM985889v3_genomic.200409

Contigs:
  Pre-processing...
  1  SAMPLE3_SE.scaffolds.fa ==> SAMPLE3_SE.scaffolds
  2  SAMPLE1_PE.scaffolds.fa ==> SAMPLE1_PE.scaffolds
  3  SAMPLE2_PE.scaffolds.fa ==> SAMPLE2_PE.scaffolds

2021-03-02 18:11:00
Running Basic statistics processor...
  Reference genome:
    GCF_009858895.2_ASM985889v3_genomic.200409.fna, length = 29903, num fragments = 1, GC % = 37.97
  Contig files: 
    1  SAMPLE3_SE.scaffolds
    2  SAMPLE1_PE.scaffolds
    3  SAMPLE2_PE.scaffolds
  Calculating N50 and L50...
    1  SAMPLE3_SE.scaffolds, N50 = 25568, L50 = 1, Total length = 35255, GC % = 39.06, # N's per 100 kbp =  0.00
    2  SAMPLE1_PE.scaffolds, N50 = 21005, L50 = 1, Total length = 35249, GC % = 39.05, # N's per 100 kbp =  0.00
    3  SAMPLE2_PE.scaffolds, N50 = 4107, L50 = 3, Total length = 34940, GC % = 39.14, # N's per 100 kbp =  0.00
  Drawing Nx plot...
    saved to /home/s.varona/virology_training_test/work/01/a4bdfe10204d0c5cac06750daa9976/quast/basic_stats/Nx_plot.pdf
  Drawing NGx plot...
    saved to /home/s.varona/virology_training_test/work/01/a4bdfe10204d0c5cac06750daa9976/quast/basic_stats/NGx_plot.pdf
  Drawing cumulative plot...
    saved to /home/s.varona/virology_training_test/work/01/a4bdfe10204d0c5cac06750daa9976/quast/basic_stats/cumulative_plot.pdf
  Drawing GC content plot...
    saved to /home/s.varona/virology_training_test/work/01/a4bdfe10204d0c5cac06750daa9976/quast/basic_stats/GC_content_plot.pdf
  Drawing SAMPLE3_SE.scaffolds GC content plot...
    saved to /home/s.varona/virology_training_test/work/01/a4bdfe10204d0c5cac06750daa9976/quast/basic_stats/SAMPLE3_SE.scaffolds_GC_content_plot.pdf
  Drawing SAMPLE1_PE.scaffolds GC content plot...
    saved to /home/s.varona/virology_training_test/work/01/a4bdfe10204d0c5cac06750daa9976/quast/basic_stats/SAMPLE1_PE.scaffolds_GC_content_plot.pdf
  Drawing SAMPLE2_PE.scaffolds GC content plot...
    saved to /home/s.varona/virology_training_test/work/01/a4bdfe10204d0c5cac06750daa9976/quast/basic_stats/SAMPLE2_PE.scaffolds_GC_content_plot.pdf
  Drawing Coverage histogram (bin size: 24x)...
    saved to /home/s.varona/virology_training_test/work/01/a4bdfe10204d0c5cac06750daa9976/quast/basic_stats/coverage_histogram.pdf
  Drawing SAMPLE3_SE.scaffolds coverage histogram (bin size: 20x)...
    saved to /home/s.varona/virology_training_test/work/01/a4bdfe10204d0c5cac06750daa9976/quast/basic_stats/SAMPLE3_SE-scaffolds_coverage_histogram.pdf
  Drawing SAMPLE1_PE.scaffolds coverage histogram (bin size: 5x)...
    saved to /home/s.varona/virology_training_test/work/01/a4bdfe10204d0c5cac06750daa9976/quast/basic_stats/SAMPLE1_PE-scaffolds_coverage_histogram.pdf
  Drawing SAMPLE2_PE.scaffolds coverage histogram (bin size: 30x)...
    saved to /home/s.varona/virology_training_test/work/01/a4bdfe10204d0c5cac06750daa9976/quast/basic_stats/SAMPLE2_PE-scaffolds_coverage_histogram.pdf
Done.

2021-03-02 18:11:03
Running Contig analyzer...
  1  SAMPLE3_SE.scaffolds
  2  SAMPLE1_PE.scaffolds
  2  Logging to files /home/s.varona/virology_training_test/work/01/a4bdfe10204d0c5cac06750daa9976/quast/contigs_reports/contigs_report_SAMPLE1_PE-scaffolds.stdout and contigs_report_SAMPLE1_PE-scaffolds.stderr...
  2  Aligning contigs to the reference
  1  Logging to files /home/s.varona/virology_training_test/work/01/a4bdfe10204d0c5cac06750daa9976/quast/contigs_reports/contigs_report_SAMPLE3_SE-scaffolds.stdout and contigs_report_SAMPLE3_SE-scaffolds.stderr...
  1  Aligning contigs to the reference
  2  /home/s.varona/virology_training_test/work/conda/nf-core-viralrecon-1.2.0dev-3fb10bb8a332a0381f3a6f1a0bab1f62/bin/minimap2 \
     -c -x asm5 -B5 -O4,16 --no-long-join -r 85 -N 50 -s 65 -z 200 --mask-level 0.9 \
     --min-occ 200 -g 2500 --score-N 2 --cs -t 1 quast/quast_corrected_input/GCF_009858895.2_ASM985889v3_genomic.200409.fna \
     quast/quast_corrected_input/SAMPLE1_PE_scaffolds.fa > quast/contigs_reports/minimap_output/SAMPLE1_PE-scaffolds.coords_tmp \
     2>> quast/contigs_reports/contigs_report_SAMPLE1_PE-scaffolds.stderr
  1  /home/s.varona/virology_training_test/work/conda/nf-core-viralrecon-1.2.0dev-3fb10bb8a332a0381f3a6f1a0bab1f62/bin/minimap2 \
     -c -x asm5 -B5 -O4,16 --no-long-join -r 85 -N 50 -s 65 -z 200 --mask-level 0.9 \
     --min-occ 200 -g 2500 --score-N 2 --cs -t 1 quast/quast_corrected_input/GCF_009858895.2_ASM985889v3_genomic.200409.fna \
     quast/quast_corrected_input/SAMPLE3_SE_scaffolds.fa > quast/contigs_reports/minimap_output/SAMPLE3_SE-scaffolds.coords_tmp \
     2>> quast/contigs_reports/contigs_report_SAMPLE3_SE-scaffolds.stderr
  2  Analysis is finished.

  3  SAMPLE2_PE.scaffolds
  3  Logging to files /home/s.varona/virology_training_test/work/01/a4bdfe10204d0c5cac06750daa9976/quast/contigs_reports/contigs_report_SAMPLE2_PE-scaffolds.stdout and contigs_report_SAMPLE2_PE-scaffolds.stderr...
  3  Aligning contigs to the reference
  3  /home/s.varona/virology_training_test/work/conda/nf-core-viralrecon-1.2.0dev-3fb10bb8a332a0381f3a6f1a0bab1f62/bin/minimap2 \
     -c -x asm5 -B5 -O4,16 --no-long-join -r 85 -N 50 -s 65 -z 200 --mask-level 0.9 \
     --min-occ 200 -g 2500 --score-N 2 --cs -t 1 quast/quast_corrected_input/GCF_009858895.2_ASM985889v3_genomic.200409.fna \
     quast/quast_corrected_input/SAMPLE2_PE_scaffolds.fa > quast/contigs_reports/minimap_output/SAMPLE2_PE-scaffolds.coords_tmp \
     2>> quast/contigs_reports/contigs_report_SAMPLE2_PE-scaffolds.stderr
  1  Analysis is finished.

  3  Analysis is finished.

  Creating total report...
    saved to /home/s.varona/virology_training_test/work/01/a4bdfe10204d0c5cac06750daa9976/quast/contigs_reports/misassemblies_report.txt, misassemblies_report.tsv, and misassemblies_report.tex
  Transposed version of total report...
    saved to /home/s.varona/virology_training_test/work/01/a4bdfe10204d0c5cac06750daa9976/quast/contigs_reports/transposed_report_misassemblies.txt, transposed_report_misassemblies.tsv, and transposed_report_misassemblies.tex
  Creating total report...
    saved to /home/s.varona/virology_training_test/work/01/a4bdfe10204d0c5cac06750daa9976/quast/contigs_reports/unaligned_report.txt, unaligned_report.tsv, and unaligned_report.tex
  Drawing misassemblies by types plot...
    saved to /home/s.varona/virology_training_test/work/01/a4bdfe10204d0c5cac06750daa9976/quast/contigs_reports/misassemblies_plot.pdf
  Drawing misassemblies FRCurve plot...
    saved to /home/s.varona/virology_training_test/work/01/a4bdfe10204d0c5cac06750daa9976/quast/contigs_reports/misassemblies_frcurve_plot.pdf
Done.

2021-03-02 18:11:04
Running NA-NGA calculation...
  1  SAMPLE3_SE.scaffolds, Largest alignment = 25542, NA50 = 25542, NGA50 = 25542, LA50 = 1, LGA50 = 1
  2  SAMPLE1_PE.scaffolds, Largest alignment = 20949, NA50 = 20949, NGA50 = 20949, LA50 = 1, LGA50 = 1
  3  SAMPLE2_PE.scaffolds, Largest alignment = 10414, NA50 = 3990, NGA50 = 6357, LA50 = 3, LGA50 = 2
  Drawing cumulative plot...
    saved to /home/s.varona/virology_training_test/work/01/a4bdfe10204d0c5cac06750daa9976/quast/aligned_stats/cumulative_plot.pdf
  Drawing NAx plot...
    saved to /home/s.varona/virology_training_test/work/01/a4bdfe10204d0c5cac06750daa9976/quast/aligned_stats/NAx_plot.pdf
  Drawing NGAx plot...
    saved to /home/s.varona/virology_training_test/work/01/a4bdfe10204d0c5cac06750daa9976/quast/aligned_stats/NGAx_plot.pdf
Done.

2021-03-02 18:11:05
Running Genome analyzer...
  NOTICE: No file with operons were provided. Use the -O option if you want to specify it.
  Loaded 32 genomic features of type "ANY"
  1  SAMPLE3_SE.scaffolds
  2  SAMPLE1_PE.scaffolds
  1  Analysis is finished.
  2  Analysis is finished.
  3  SAMPLE2_PE.scaffolds
  3  Analysis is finished.
  Drawing genomic features cumulative plot...
    saved to /home/s.varona/virology_training_test/work/01/a4bdfe10204d0c5cac06750daa9976/quast/genome_stats/features_cumulative_plot.pdf
  Drawing genomic features FRCurve plot...
    saved to /home/s.varona/virology_training_test/work/01/a4bdfe10204d0c5cac06750daa9976/quast/genome_stats/features_frcurve_plot.pdf
  Drawing # complete genomic features histogram...
    saved to /home/s.varona/virology_training_test/work/01/a4bdfe10204d0c5cac06750daa9976/quast/genome_stats/complete_features_histogram.pdf
  Drawing Genome fraction, % histogram...
    saved to /home/s.varona/virology_training_test/work/01/a4bdfe10204d0c5cac06750daa9976/quast/genome_stats/genome_fraction_histogram.pdf
Done.

NOTICE: Genes are not predicted by default. Use --gene-finding or --glimmer option to enable it.

2021-03-02 18:11:06
Creating large visual summaries...
This may take a while: press Ctrl-C to skip this step..
  1 of 2: Creating Icarus viewers...
  2 of 2: Creating PDF with all tables and plots...
Done

2021-03-02 18:11:12
RESULTS:
  Text versions of total report are saved to /home/s.varona/virology_training_test/work/01/a4bdfe10204d0c5cac06750daa9976/quast/report.txt, report.tsv, and report.tex
  Text versions of transposed total report are saved to /home/s.varona/virology_training_test/work/01/a4bdfe10204d0c5cac06750daa9976/quast/transposed_report.txt, transposed_report.tsv, and transposed_report.tex
  HTML version (interactive tables and plots) is saved to /home/s.varona/virology_training_test/work/01/a4bdfe10204d0c5cac06750daa9976/quast/report.html
  PDF version (tables and plots) is saved to /home/s.varona/virology_training_test/work/01/a4bdfe10204d0c5cac06750daa9976/quast/report.pdf
  Icarus (contig browser) is saved to /home/s.varona/virology_training_test/work/01/a4bdfe10204d0c5cac06750daa9976/quast/icarus.html
  Log is saved to /home/s.varona/virology_training_test/work/01/a4bdfe10204d0c5cac06750daa9976/quast/quast.log

Finished: 2021-03-02 18:11:12
Elapsed time: 0:00:13.346360
NOTICEs: 2; WARNINGs: 0; non-fatal ERRORs: 0

Thank you for using QUAST!
