Aligning contigs to reference...
	Aligning contigs to the reference
Filtering alignments...
Parsing coords...
Loading reference...
	Loaded [NC_045512.2]
	Total Regions: 1
	Total Region Length: 29903
Analyzing contigs...
CONTIG: SAMPLE2_PE (29903bp)
Best alignment score: 10359.9 (LEN: 10362, IDY: 99.98), Total number of alignments: 10
			Looking for the best set of alignments (out of 10 total alignments)
			The best set is below. Score: 26803.0, number of alignments: 10, unaligned bases: 3049
		This contig is misassembled.
			Real Alignment 1: 55 3826 | 55 3826 | 3772 3772 | 100.0 | NC_045512.2 SAMPLE2_PE
			  Incorrectly estimated size of scaffold gap between these two alignments: gap length difference = 0 (local)
			Real Alignment 2: 4078 4428 | 4078 4428 | 351 351 | 100.0 | NC_045512.2 SAMPLE2_PE
			  Incorrectly estimated size of scaffold gap between these two alignments: gap length difference = 0 (local)
			Real Alignment 3: 4659 4995 | 4659 4995 | 337 337 | 100.0 | NC_045512.2 SAMPLE2_PE
			  Incorrectly estimated size of scaffold gap between these two alignments: gap length difference = 0 (local)
			Real Alignment 4: 5345 8547 | 5345 8547 | 3203 3203 | 100.0 | NC_045512.2 SAMPLE2_PE
			  Incorrectly estimated size of scaffold gap between these two alignments: gap length difference = 0 (local)
			Real Alignment 5: 8914 19275 | 8914 19275 | 10362 10362 | 99.98 | NC_045512.2 SAMPLE2_PE
			  Incorrectly estimated size of scaffold gap between these two alignments: gap length difference = 0 (local)
			Real Alignment 6: 19571 21146 | 19571 21146 | 1576 1576 | 100.0 | NC_045512.2 SAMPLE2_PE
			  Incorrectly estimated size of scaffold gap between these two alignments: gap length difference = 0 (local)
			Real Alignment 7: 21552 23814 | 21552 23814 | 2263 2263 | 100.0 | NC_045512.2 SAMPLE2_PE
			  Incorrectly estimated size of scaffold gap between these two alignments: gap length difference = 0 (local)
			Real Alignment 8: 24101 25646 | 24101 25646 | 1546 1546 | 100.0 | NC_045512.2 SAMPLE2_PE
			  Incorrectly estimated size of scaffold gap between these two alignments: gap length difference = 0 (local)
			Real Alignment 9: 25925 27511 | 25925 27511 | 1587 1587 | 99.94 | NC_045512.2 SAMPLE2_PE
			  Incorrectly estimated size of scaffold gap between these two alignments: gap length difference = 0 (local)
			Real Alignment 10: 27809 29665 | 27809 29665 | 1857 1857 | 99.84 | NC_045512.2 SAMPLE2_PE

Analyzing coverage...
Writing SNPs into /home/s.varona/virology_training_test/work/3e/418a553edb50161cf233ed03a4ff70/AF0.75/contigs_reports/minimap_output/SAMPLE2_PE-AF0-75-consensus-masked.used_snps.gz

Analysis is finished!
Founded SNPs were written into /home/s.varona/virology_training_test/work/3e/418a553edb50161cf233ed03a4ff70/AF0.75/contigs_reports/minimap_output/SAMPLE2_PE-AF0-75-consensus-masked.used_snps.gz

Results:
	Local Misassemblies: 0
	Misassemblies: 0
		Relocations: 0
		Translocations: 0
		Inversions: 0
	Scaffold gap extensive misassemblies: 0
	Scaffold gap local misassemblies: 9
	Misassembled Contigs: 0
	Misassembled Contig Bases: 0
	Misassemblies Inter-Contig Overlap: 0
Unaligned Contigs: 0 + 0 part
Half Unaligned Contigs with Misassemblies: 0
Unaligned Contig Bases: 0

Ambiguously Mapped Contigs: 0
Total Bases in Ambiguously Mapped Contigs: 0
Extra Bases in Ambiguously Mapped Contigs: 0
Note that --allow-ambiguity option was set to "one" and only first alignment per each of these contigs was used.

	Covered Bases: 26854

	SNPs: 6
	Insertions: 0
	Deletions: 0

