Aligning contigs to reference...
	Aligning contigs to the reference
Filtering alignments...
Parsing coords...
Loading reference...
	Loaded [NC_045512.2]
	Total Regions: 1
	Total Region Length: 29903
Analyzing contigs...
CONTIG: SAMPLE3_SE (29782bp)
Best alignment score: 10494.0 (LEN: 10494, IDY: 100.00), Total number of alignments: 10
			Looking for the best set of alignments (out of 10 total alignments)
			The best set is below. Score: 26329.0, number of alignments: 10, unaligned bases: 3408
		This contig is misassembled.
			Real Alignment 1: 55 3765 | 1 3711 | 3711 3711 | 100.0 | NC_045512.2 SAMPLE3_SE
			  Incorrectly estimated size of scaffold gap between these two alignments: gap length difference = 0 (local)
			Real Alignment 2: 3941 4428 | 3887 4374 | 488 488 | 100.0 | NC_045512.2 SAMPLE3_SE
			  Incorrectly estimated size of scaffold gap between these two alignments: gap length difference = 0 (local)
			Real Alignment 3: 4659 5095 | 4605 5041 | 437 437 | 100.0 | NC_045512.2 SAMPLE3_SE
			  Incorrectly estimated size of scaffold gap between these two alignments: gap length difference = 0 (local)
			Real Alignment 4: 5587 8317 | 5533 8263 | 2731 2731 | 100.0 | NC_045512.2 SAMPLE3_SE
			  Incorrectly estimated size of scaffold gap between these two alignments: gap length difference = 0 (local)
			Real Alignment 5: 8914 19407 | 8860 19353 | 10494 10494 | 100.0 | NC_045512.2 SAMPLE3_SE
			  Incorrectly estimated size of scaffold gap between these two alignments: gap length difference = 0 (local)
			Real Alignment 6: 19571 21146 | 19517 21092 | 1576 1576 | 100.0 | NC_045512.2 SAMPLE3_SE
			  Incorrectly estimated size of scaffold gap between these two alignments: gap length difference = 0 (local)
			Real Alignment 7: 21683 22264 | 21629 22210 | 582 582 | 100.0 | NC_045512.2 SAMPLE3_SE
			  Incorrectly estimated size of scaffold gap between these two alignments: gap length difference = 0 (local)
			Real Alignment 8: 22543 23793 | 22489 23739 | 1251 1251 | 100.0 | NC_045512.2 SAMPLE3_SE
			  Incorrectly estimated size of scaffold gap between these two alignments: gap length difference = 0 (local)
			Real Alignment 9: 24051 25646 | 23997 25592 | 1596 1596 | 100.0 | NC_045512.2 SAMPLE3_SE
			  Incorrectly estimated size of scaffold gap between these two alignments: gap length difference = 0 (local)
			Real Alignment 10: 25849 29356 | 25795 29302 | 3508 3508 | 100.0 | NC_045512.2 SAMPLE3_SE

Analyzing coverage...
Writing SNPs into /home/svarona/work/1a/b271eb85ee29f40be86e8bc8417406/AF0.8/contigs_reports/minimap_output/SAMPLE3_SE-AF0-8-consensus.used_snps.gz

Analysis is finished!
Founded SNPs were written into /home/svarona/work/1a/b271eb85ee29f40be86e8bc8417406/AF0.8/contigs_reports/minimap_output/SAMPLE3_SE-AF0-8-consensus.used_snps.gz

Results:
	Local Misassemblies: 0
	Misassemblies: 0
		Relocations: 0
		Translocations: 0
		Inversions: 0
	Scaffold gap extensive misassemblies: 0
	Scaffold gap local misassemblies: 9
	Misassembled Contigs: 0
	Misassembled Contig Bases: 0
	Misassemblies Inter-Contig Overlap: 0
Unaligned Contigs: 0 + 0 part
Half Unaligned Contigs with Misassemblies: 0
Unaligned Contig Bases: 0

Ambiguously Mapped Contigs: 0
Total Bases in Ambiguously Mapped Contigs: 0
Extra Bases in Ambiguously Mapped Contigs: 0
Note that --allow-ambiguity option was set to "one" and only first alignment per each of these contigs was used.

	Covered Bases: 26374

	SNPs: 0
	Insertions: 0
	Deletions: 0

