Aligning contigs to reference...
	Aligning contigs to the reference
Filtering alignments...
Parsing coords...
Loading reference...
	Loaded [NC_045512.2]
	Total Regions: 1
	Total Region Length: 29903
Analyzing contigs...
CONTIG: SAMPLE2_PE (29649bp)
Best alignment score: 10359.9 (LEN: 10362, IDY: 99.98), Total number of alignments: 11
			Looking for the best set of alignments (out of 11 total alignments)
			The best set is below. Score: 25571.0, number of alignments: 11, unaligned bases: 4022
		This contig is misassembled.
			Real Alignment 1: 55 3781 | 1 3727 | 3727 3727 | 100.0 | NC_045512.2 SAMPLE2_PE
			  Incorrectly estimated size of scaffold gap between these two alignments: gap length difference = 0 (local)
			Real Alignment 2: 4078 4428 | 4024 4374 | 351 351 | 100.0 | NC_045512.2 SAMPLE2_PE
			  Incorrectly estimated size of scaffold gap between these two alignments: gap length difference = 0 (local)
			Real Alignment 3: 4659 4995 | 4605 4941 | 337 337 | 100.0 | NC_045512.2 SAMPLE2_PE
			  Incorrectly estimated size of scaffold gap between these two alignments: gap length difference = 0 (local)
			Real Alignment 4: 5345 8319 | 5291 8265 | 2975 2975 | 100.0 | NC_045512.2 SAMPLE2_PE
			  Incorrectly estimated size of scaffold gap between these two alignments: gap length difference = 0 (local)
			Real Alignment 5: 8914 19275 | 8860 19221 | 10362 10362 | 99.98 | NC_045512.2 SAMPLE2_PE
			  Incorrectly estimated size of scaffold gap between these two alignments: gap length difference = 0 (local)
			Real Alignment 6: 19867 21146 | 19813 21092 | 1280 1280 | 100.0 | NC_045512.2 SAMPLE2_PE
			  Incorrectly estimated size of scaffold gap between these two alignments: gap length difference = 0 (local)
			Real Alignment 7: 21683 22324 | 21629 22270 | 642 642 | 100.0 | NC_045512.2 SAMPLE2_PE
			  Incorrectly estimated size of scaffold gap between these two alignments: gap length difference = 0 (local)
			Real Alignment 8: 22543 23814 | 22489 23760 | 1272 1272 | 100.0 | NC_045512.2 SAMPLE2_PE
			  Incorrectly estimated size of scaffold gap between these two alignments: gap length difference = 0 (local)
			Real Alignment 9: 24101 25646 | 24047 25592 | 1546 1546 | 100.0 | NC_045512.2 SAMPLE2_PE
			  Incorrectly estimated size of scaffold gap between these two alignments: gap length difference = 0 (local)
			Real Alignment 10: 25925 27511 | 25871 27457 | 1587 1587 | 99.94 | NC_045512.2 SAMPLE2_PE
			  Incorrectly estimated size of scaffold gap between these two alignments: gap length difference = 0 (local)
			Real Alignment 11: 27809 29356 | 27755 29302 | 1548 1548 | 99.81 | NC_045512.2 SAMPLE2_PE

Analyzing coverage...
Writing SNPs into /home/svarona/work/1a/b271eb85ee29f40be86e8bc8417406/AF0.8/contigs_reports/minimap_output/SAMPLE2_PE-AF0-8-consensus.used_snps.gz

Analysis is finished!
Founded SNPs were written into /home/svarona/work/1a/b271eb85ee29f40be86e8bc8417406/AF0.8/contigs_reports/minimap_output/SAMPLE2_PE-AF0-8-consensus.used_snps.gz

Results:
	Local Misassemblies: 0
	Misassemblies: 0
		Relocations: 0
		Translocations: 0
		Inversions: 0
	Scaffold gap extensive misassemblies: 0
	Scaffold gap local misassemblies: 10
	Misassembled Contigs: 0
	Misassembled Contig Bases: 0
	Misassemblies Inter-Contig Overlap: 0
Unaligned Contigs: 0 + 0 part
Half Unaligned Contigs with Misassemblies: 0
Unaligned Contig Bases: 0

Ambiguously Mapped Contigs: 0
Total Bases in Ambiguously Mapped Contigs: 0
Extra Bases in Ambiguously Mapped Contigs: 0
Note that --allow-ambiguity option was set to "one" and only first alignment per each of these contigs was used.

	Covered Bases: 25627

	SNPs: 6
	Insertions: 0
	Deletions: 0

