Aligning contigs to reference...
	Aligning contigs to the reference
Filtering alignments...
Parsing coords...
Loading reference...
	Loaded [NC_045512.2]
	Total Regions: 1
	Total Region Length: 29903
Analyzing contigs...
CONTIG: SAMPLE1_PE (29782bp)
Best alignment score: 20747.8 (LEN: 20752, IDY: 99.98), Total number of alignments: 3
			Looking for the best set of alignments (out of 3 total alignments)
			The best set is below. Score: 29170.8, number of alignments: 3, unaligned bases: 595
		This contig is misassembled.
			Real Alignment 1: 55 5240 | 1 5186 | 5186 5186 | 99.96 | NC_045512.2 SAMPLE1_PE
			  Incorrectly estimated size of scaffold gap between these two alignments: gap length difference = 0 (local)
			Real Alignment 2: 5345 8593 | 5291 8539 | 3249 3249 | 100.0 | NC_045512.2 SAMPLE1_PE
			  Incorrectly estimated size of scaffold gap between these two alignments: gap length difference = 0 (local)
			Real Alignment 3: 8914 29665 | 8860 29611 | 20752 20752 | 99.98 | NC_045512.2 SAMPLE1_PE

Analyzing coverage...
Writing SNPs into /home/svarona/work/1a/b271eb85ee29f40be86e8bc8417406/AF0.8/contigs_reports/minimap_output/SAMPLE1_PE-AF0-8-consensus.used_snps.gz

Analysis is finished!
Founded SNPs were written into /home/svarona/work/1a/b271eb85ee29f40be86e8bc8417406/AF0.8/contigs_reports/minimap_output/SAMPLE1_PE-AF0-8-consensus.used_snps.gz

Results:
	Local Misassemblies: 0
	Misassemblies: 0
		Relocations: 0
		Translocations: 0
		Inversions: 0
	Scaffold gap extensive misassemblies: 0
	Scaffold gap local misassemblies: 2
	Misassembled Contigs: 0
	Misassembled Contig Bases: 0
	Misassemblies Inter-Contig Overlap: 0
Unaligned Contigs: 0 + 0 part
Half Unaligned Contigs with Misassemblies: 0
Unaligned Contig Bases: 0

Ambiguously Mapped Contigs: 0
Total Bases in Ambiguously Mapped Contigs: 0
Extra Bases in Ambiguously Mapped Contigs: 0
Note that --allow-ambiguity option was set to "one" and only first alignment per each of these contigs was used.

	Covered Bases: 29187

	SNPs: 6
	Insertions: 0
	Deletions: 0

