LOG FILE PLASMIDID
Thu Mar 4 22:19:38 CET 2021

#Executing /home/svarona/work/conda/nf-core-viralrecon-1.2.0dev-3fb10bb8a332a0381f3a6f1a0bab1f62/bin/mash_screener.sh 


DEPENDENCY	              STATUS
----------	              ------
bash                         [0;32mINSTALLED[0m 
mash                         [0;32mINSTALLED[0m 
Output directory is ./NO_GROUP/SAMPLE1_PE/kmer
creating sketch of  GCF_009858895.2_ASM985889v3_genomic.200409.fna
Sketching GCF_009858895.2_ASM985889v3_genomic.200409.fna...
Writing to ./NO_GROUP/SAMPLE1_PE/kmer/database.msh...
Thu Mar  4 22:19:38 CET 2021
screening SAMPLE1_PE.scaffolds.fa
Loading ./NO_GROUP/SAMPLE1_PE/kmer/database.msh...
   1000 distinct hashes.
Streaming from SAMPLE1_PE.scaffolds.fa...
   Estimated distinct k-mers in mixture: 36636
Summing shared...
Reallocating to winners...
Computing coverage medians...
Writing output...
Thu Mar  4 22:19:38 CET 2021
DONE Screening SAMPLE1_PE of NO_GROUP Group 

Retrieving sequences matching more than 0.95 identity

#Executing /home/svarona/work/conda/nf-core-viralrecon-1.2.0dev-3fb10bb8a332a0381f3a6f1a0bab1f62/bin/filter_fasta.sh 

Output directory is ./NO_GROUP/SAMPLE1_PE/kmer
Thu Mar  4 22:19:38 CET 2021
Filtering terms on file GCF_009858895.2_ASM985889v3_genomic.200409.fna
Thu Mar  4 22:19:38 CET 2021
DONE Filtering terms on file GCF_009858895.2_ASM985889v3_genomic.200409.fna
File with filtered sequences can be found in ./NO_GROUP/SAMPLE1_PE/kmer/database.filtered_0.95_term.fasta
Previous number of sequences= 1
Post number of sequences= 1


Namespace(distance=0.5, input_file='./NO_GROUP/SAMPLE1_PE/kmer/database.filtered_0.95_term.fasta', output=False, output_grouped=False)
Obtaining mash distance
Obtaining cluster from distance
Calculating length
Filtering representative fasta
[35m1 sequences clustered into 1[0m
DONE

#Executing /home/svarona/work/conda/nf-core-viralrecon-1.2.0dev-3fb10bb8a332a0381f3a6f1a0bab1f62/bin/calculate_seqlen.sh 

Thu Mar  4 22:19:39 CET 2021
Done seqlen calculation
Files can be found at ./NO_GROUP/SAMPLE1_PE/data

#Executing /home/svarona/work/conda/nf-core-viralrecon-1.2.0dev-3fb10bb8a332a0381f3a6f1a0bab1f62/bin/build_karyotype.sh 

(standard_in) 1: syntax error
(standard_in) 1: syntax error
FILE NAME SAMPLE1_PE
Thu Mar  4 22:19:39 CET 2021
Obtain list of cromosomes (idiogram) for CIRCOS karyotype file
Generating summary karyotype file with plasmids that mapped more than %
Thu Mar  4 22:19:39 CET 2021
Done Obtain list of cromosomes (idiogram) for CIRCOS karyotype file
Files can be found at ./NO_GROUP/SAMPLE1_PE/data
1 sequences will be displayed on summary image
1 images will be created individually 


#Executing /home/svarona/work/conda/nf-core-viralrecon-1.2.0dev-3fb10bb8a332a0381f3a6f1a0bab1f62/bin/prokka_annotation.sh 


DEPENDENCY	              STATUS
----------	              ------
prokka                       [0;32mINSTALLED[0m 
PREFIX SAMPLE1_PE
Output directory is ./NO_GROUP/SAMPLE1_PE/data
Thu Mar  4 22:19:39 CET 2021
Annotating SAMPLE1_PE.scaffolds.fa with prokka
[22:19:39] This is prokka 1.14.6
[22:19:39] Written by Torsten Seemann <torsten.seemann@gmail.com>
[22:19:39] Homepage is https://github.com/tseemann/prokka
[22:19:39] Local time is Thu Mar  4 22:19:39 2021
[22:19:39] You are svarona
[22:19:39] Operating system is linux
[22:19:39] You have BioPerl 1.007002
[22:19:39] System has 12 cores.
[22:19:39] Will use maximum of 1 cores.
[22:19:39] Annotating as >>> Bacteria <<<
[22:19:39] Enabling options to ensure Genbank/ENA/DDJB submission compliance.
[22:19:39] Re-using existing --outdir ./NO_GROUP/SAMPLE1_PE/data
[22:19:39] Using filename prefix: SAMPLE1_PE.XXX
[22:19:39] Setting HMMER_NCPU=1
[22:19:39] Writing log to: ./NO_GROUP/SAMPLE1_PE/data/SAMPLE1_PE.log
[22:19:39] Command: /home/svarona/work/conda/nf-core-viralrecon-1.2.0dev-3fb10bb8a332a0381f3a6f1a0bab1f62/bin/prokka --force --outdir ./NO_GROUP/SAMPLE1_PE/data --prefix SAMPLE1_PE --addgenes --kingdom Bacteria --genus --species --usegenus --centre BU-ISCIII --locustag SAMPLE1_PE --compliant --cpus 1 SAMPLE1_PE.scaffolds.fa
[22:19:39] Appending to PATH: /home/svarona/work/conda/nf-core-viralrecon-1.2.0dev-3fb10bb8a332a0381f3a6f1a0bab1f62/bin
[22:19:39] Looking for 'aragorn' - found /home/svarona/work/conda/nf-core-viralrecon-1.2.0dev-3fb10bb8a332a0381f3a6f1a0bab1f62/bin/aragorn
[22:19:39] Determined aragorn version is 001002 from 'ARAGORN v1.2.38 Dean Laslett'
[22:19:39] Looking for 'barrnap' - found /home/svarona/work/conda/nf-core-viralrecon-1.2.0dev-3fb10bb8a332a0381f3a6f1a0bab1f62/bin/barrnap
[22:19:39] Determined barrnap version is 000009 from 'barrnap 0.9'
[22:19:39] Looking for 'blastp' - found /home/svarona/work/conda/nf-core-viralrecon-1.2.0dev-3fb10bb8a332a0381f3a6f1a0bab1f62/bin/blastp
[22:19:39] Determined blastp version is 002010 from 'blastp: 2.10.1+'
[22:19:39] Looking for 'cmpress' - found /home/svarona/work/conda/nf-core-viralrecon-1.2.0dev-3fb10bb8a332a0381f3a6f1a0bab1f62/bin/cmpress
[22:19:39] Determined cmpress version is 001001 from '# INFERNAL 1.1.3 (Nov 2019)'
[22:19:39] Looking for 'cmscan' - found /home/svarona/work/conda/nf-core-viralrecon-1.2.0dev-3fb10bb8a332a0381f3a6f1a0bab1f62/bin/cmscan
[22:19:39] Determined cmscan version is 001001 from '# INFERNAL 1.1.3 (Nov 2019)'
[22:19:39] Looking for 'egrep' - found /usr/bin/egrep
[22:19:39] Looking for 'find' - found /usr/bin/find
[22:19:39] Looking for 'grep' - found /usr/bin/grep
[22:19:39] Looking for 'hmmpress' - found /home/svarona/work/conda/nf-core-viralrecon-1.2.0dev-3fb10bb8a332a0381f3a6f1a0bab1f62/bin/hmmpress
[22:19:39] Determined hmmpress version is 003003 from '# HMMER 3.3.2 (Nov 2020); http://hmmer.org/'
[22:19:39] Looking for 'hmmscan' - found /home/svarona/work/conda/nf-core-viralrecon-1.2.0dev-3fb10bb8a332a0381f3a6f1a0bab1f62/bin/hmmscan
[22:19:39] Determined hmmscan version is 003003 from '# HMMER 3.3.2 (Nov 2020); http://hmmer.org/'
[22:19:39] Looking for 'java' - found /home/svarona/work/conda/nf-core-viralrecon-1.2.0dev-3fb10bb8a332a0381f3a6f1a0bab1f62/bin/java
[22:19:39] Looking for 'makeblastdb' - found /home/svarona/work/conda/nf-core-viralrecon-1.2.0dev-3fb10bb8a332a0381f3a6f1a0bab1f62/bin/makeblastdb
[22:19:39] Determined makeblastdb version is 002010 from 'makeblastdb: 2.10.1+'
[22:19:39] Looking for 'minced' - found /home/svarona/work/conda/nf-core-viralrecon-1.2.0dev-3fb10bb8a332a0381f3a6f1a0bab1f62/bin/minced
[22:19:39] Determined minced version is 004002 from 'minced 0.4.2'
[22:19:39] Looking for 'parallel' - found /home/svarona/work/conda/nf-core-viralrecon-1.2.0dev-3fb10bb8a332a0381f3a6f1a0bab1f62/bin/parallel
[22:19:40] Determined parallel version is 20210222 from 'GNU parallel 20210222'
[22:19:40] Looking for 'prodigal' - found /home/svarona/work/conda/nf-core-viralrecon-1.2.0dev-3fb10bb8a332a0381f3a6f1a0bab1f62/bin/prodigal
[22:19:40] Determined prodigal version is 002006 from 'Prodigal V2.6.3: February, 2016'
[22:19:40] Looking for 'prokka-genbank_to_fasta_db' - found /home/svarona/work/conda/nf-core-viralrecon-1.2.0dev-3fb10bb8a332a0381f3a6f1a0bab1f62/bin/prokka-genbank_to_fasta_db
[22:19:40] Looking for 'sed' - found /home/svarona/work/conda/nf-core-viralrecon-1.2.0dev-3fb10bb8a332a0381f3a6f1a0bab1f62/bin/sed
[22:19:40] Looking for 'tbl2asn' - found /home/svarona/work/conda/nf-core-viralrecon-1.2.0dev-3fb10bb8a332a0381f3a6f1a0bab1f62/bin/tbl2asn
[22:19:40] Determined tbl2asn version is 025007 from 'tbl2asn 25.7   arguments:'
[22:19:40] Using genetic code table 11.
[22:19:40] Loading and checking input file: SAMPLE1_PE.scaffolds.fa
[22:19:40] Wrote 4 contigs totalling 35707 bp.
[22:19:40] Predicting tRNAs and tmRNAs
[22:19:40] Running: aragorn -l -gc11  -w \.\/NO_GROUP\/SAMPLE1_PE\/data\/SAMPLE1_PE\.fna
[22:19:40] Found 0 tRNAs
[22:19:40] Predicting Ribosomal RNAs
[22:19:40] Running Barrnap with 1 threads
[22:19:40] Found 0 rRNAs
[22:19:40] Skipping ncRNA search, enable with --rfam if desired.
[22:19:40] Total of 0 tRNA + rRNA features
[22:19:40] Searching for CRISPR repeats
[22:19:40] Found 0 CRISPRs
[22:19:40] Predicting coding sequences
[22:19:40] Contigs total 35707 bp, so using meta mode
[22:19:40] Running: prodigal -i \.\/NO_GROUP\/SAMPLE1_PE\/data\/SAMPLE1_PE\.fna -c -m -g 11 -p meta -f sco -q
[22:19:40] Found 17 CDS
[22:19:40] Connecting features back to sequences
[22:19:40] Skipping genus-specific proteins as can't see /home/svarona/work/conda/nf-core-viralrecon-1.2.0dev-3fb10bb8a332a0381f3a6f1a0bab1f62/db/--species
[22:19:40] Annotating CDS, please be patient.
[22:19:40] Will use 1 CPUs for similarity searching.
[22:19:40] There are still 17 unannotated CDS left (started with 17)
[22:19:40] Will use blast to search against /home/svarona/work/conda/nf-core-viralrecon-1.2.0dev-3fb10bb8a332a0381f3a6f1a0bab1f62/db/kingdom/Bacteria/IS with 1 CPUs
[22:19:40] Running: cat \.\/NO_GROUP\/SAMPLE1_PE\/data\/SAMPLE1_PE\.IS\.tmp\.7263\.faa | parallel --gnu --plain -j 1 --block 5489 --recstart '>' --pipe blastp -query - -db /home/svarona/work/conda/nf-core-viralrecon-1.2.0dev-3fb10bb8a332a0381f3a6f1a0bab1f62/db/kingdom/Bacteria/IS -evalue 1e-30 -qcov_hsp_perc 90 -num_threads 1 -num_descriptions 1 -num_alignments 1 -seg no > \.\/NO_GROUP\/SAMPLE1_PE\/data\/SAMPLE1_PE\.IS\.tmp\.7263\.blast 2> /dev/null
[22:19:41] Deleting unwanted file: ./NO_GROUP/SAMPLE1_PE/data/SAMPLE1_PE.IS.tmp.7263.faa
[22:19:41] Deleting unwanted file: ./NO_GROUP/SAMPLE1_PE/data/SAMPLE1_PE.IS.tmp.7263.blast
[22:19:41] There are still 17 unannotated CDS left (started with 17)
[22:19:41] Will use blast to search against /home/svarona/work/conda/nf-core-viralrecon-1.2.0dev-3fb10bb8a332a0381f3a6f1a0bab1f62/db/kingdom/Bacteria/AMR with 1 CPUs
[22:19:41] Running: cat \.\/NO_GROUP\/SAMPLE1_PE\/data\/SAMPLE1_PE\.AMR\.tmp\.7263\.faa | parallel --gnu --plain -j 1 --block 5489 --recstart '>' --pipe blastp -query - -db /home/svarona/work/conda/nf-core-viralrecon-1.2.0dev-3fb10bb8a332a0381f3a6f1a0bab1f62/db/kingdom/Bacteria/AMR -evalue 9.99999999999999e-301 -qcov_hsp_perc 90 -num_threads 1 -num_descriptions 1 -num_alignments 1 -seg no > \.\/NO_GROUP\/SAMPLE1_PE\/data\/SAMPLE1_PE\.AMR\.tmp\.7263\.blast 2> /dev/null
[22:19:43] Deleting unwanted file: ./NO_GROUP/SAMPLE1_PE/data/SAMPLE1_PE.AMR.tmp.7263.faa
[22:19:43] Deleting unwanted file: ./NO_GROUP/SAMPLE1_PE/data/SAMPLE1_PE.AMR.tmp.7263.blast
[22:19:43] There are still 17 unannotated CDS left (started with 17)
[22:19:43] Will use blast to search against /home/svarona/work/conda/nf-core-viralrecon-1.2.0dev-3fb10bb8a332a0381f3a6f1a0bab1f62/db/kingdom/Bacteria/sprot with 1 CPUs
[22:19:43] Running: cat \.\/NO_GROUP\/SAMPLE1_PE\/data\/SAMPLE1_PE\.sprot\.tmp\.7263\.faa | parallel --gnu --plain -j 1 --block 5489 --recstart '>' --pipe blastp -query - -db /home/svarona/work/conda/nf-core-viralrecon-1.2.0dev-3fb10bb8a332a0381f3a6f1a0bab1f62/db/kingdom/Bacteria/sprot -evalue 1e-09 -qcov_hsp_perc 80 -num_threads 1 -num_descriptions 1 -num_alignments 1 -seg no > \.\/NO_GROUP\/SAMPLE1_PE\/data\/SAMPLE1_PE\.sprot\.tmp\.7263\.blast 2> /dev/null
[22:19:45] Deleting unwanted file: ./NO_GROUP/SAMPLE1_PE/data/SAMPLE1_PE.sprot.tmp.7263.faa
[22:19:45] Deleting unwanted file: ./NO_GROUP/SAMPLE1_PE/data/SAMPLE1_PE.sprot.tmp.7263.blast
[22:19:45] There are still 17 unannotated CDS left (started with 17)
[22:19:45] Will use hmmer3 to search against /home/svarona/work/conda/nf-core-viralrecon-1.2.0dev-3fb10bb8a332a0381f3a6f1a0bab1f62/db/hmm/HAMAP.hmm with 1 CPUs
[22:19:45] Running: cat \.\/NO_GROUP\/SAMPLE1_PE\/data\/SAMPLE1_PE\.HAMAP\.hmm\.tmp\.7263\.faa | parallel --gnu --plain -j 1 --block 5489 --recstart '>' --pipe hmmscan --noali --notextw --acc -E 1e-09 --cpu 1 /home/svarona/work/conda/nf-core-viralrecon-1.2.0dev-3fb10bb8a332a0381f3a6f1a0bab1f62/db/hmm/HAMAP.hmm /dev/stdin > \.\/NO_GROUP\/SAMPLE1_PE\/data\/SAMPLE1_PE\.HAMAP\.hmm\.tmp\.7263\.hmmer3 2> /dev/null
[22:19:51] Deleting unwanted file: ./NO_GROUP/SAMPLE1_PE/data/SAMPLE1_PE.HAMAP.hmm.tmp.7263.faa
[22:19:51] Deleting unwanted file: ./NO_GROUP/SAMPLE1_PE/data/SAMPLE1_PE.HAMAP.hmm.tmp.7263.hmmer3
[22:19:51] Labelling remaining 16 proteins as 'hypothetical protein'
[22:19:51] Found 1 unique /gene codes.
[22:19:51] Fixed 0 colliding /gene names.
[22:19:51] Adding /locus_tag identifiers
[22:19:51] Assigned 17 locus_tags to CDS and RNA features.
[22:19:51] Writing outputs to ./NO_GROUP/SAMPLE1_PE/data/
[22:19:51] Generating annotation statistics file
[22:19:51] Generating Genbank and Sequin files
[22:19:51] Running: tbl2asn -V b -a r10k -l paired-ends -M n -N 1 -y 'Annotated using prokka 1.14.6 from https://github.com/tseemann/prokka' -Z \.\/NO_GROUP\/SAMPLE1_PE\/data\/SAMPLE1_PE\.err -i \.\/NO_GROUP\/SAMPLE1_PE\/data\/SAMPLE1_PE\.fsa 2> /dev/null
[tbl2asn-forever] Found Prokka input, correcting dates in .gbf|.sqn files.
[tbl2asn-forever] Correcting dates in ./NO_GROUP/SAMPLE1_PE/data/SAMPLE1_PE.gbf
[tbl2asn-forever] Correcting dates in ./NO_GROUP/SAMPLE1_PE/data/SAMPLE1_PE.sqn
[tbl2asn-forever] Dates changed from 01-JAN-2019 to 04-MAR-2021
[22:19:51] Deleting unwanted file: ./NO_GROUP/SAMPLE1_PE/data/errorsummary.val
[22:19:51] Deleting unwanted file: ./NO_GROUP/SAMPLE1_PE/data/SAMPLE1_PE.dr
[22:19:51] Deleting unwanted file: ./NO_GROUP/SAMPLE1_PE/data/SAMPLE1_PE.fixedproducts
[22:19:51] Deleting unwanted file: ./NO_GROUP/SAMPLE1_PE/data/SAMPLE1_PE.ecn
[22:19:51] Deleting unwanted file: ./NO_GROUP/SAMPLE1_PE/data/SAMPLE1_PE.val
[22:19:51] Repairing broken .GBK output that tbl2asn produces...
[22:19:51] Running: sed 's/COORDINATES: profile/COORDINATES:profile/' < \.\/NO_GROUP\/SAMPLE1_PE\/data\/SAMPLE1_PE\.gbf > \.\/NO_GROUP\/SAMPLE1_PE\/data\/SAMPLE1_PE\.gbk
[22:19:51] Deleting unwanted file: ./NO_GROUP/SAMPLE1_PE/data/SAMPLE1_PE.gbf
[22:19:51] Output files:
[22:19:51] ./NO_GROUP/SAMPLE1_PE/data/SAMPLE1_PE.bedgraph_term
[22:19:51] ./NO_GROUP/SAMPLE1_PE/data/SAMPLE1_PE.coverage_adapted_clustered_ac
[22:19:51] ./NO_GROUP/SAMPLE1_PE/data/SAMPLE1_PE.err
[22:19:51] ./NO_GROUP/SAMPLE1_PE/data/SAMPLE1_PE.faa
[22:19:51] ./NO_GROUP/SAMPLE1_PE/data/SAMPLE1_PE.ffn
[22:19:51] ./NO_GROUP/SAMPLE1_PE/data/SAMPLE1_PE.fna
[22:19:51] ./NO_GROUP/SAMPLE1_PE/data/SAMPLE1_PE.fsa
[22:19:51] ./NO_GROUP/SAMPLE1_PE/data/SAMPLE1_PE.gbk
[22:19:51] ./NO_GROUP/SAMPLE1_PE/data/SAMPLE1_PE.gff
[22:19:51] ./NO_GROUP/SAMPLE1_PE/data/SAMPLE1_PE.karyotype_individual.txt
[22:19:51] ./NO_GROUP/SAMPLE1_PE/data/SAMPLE1_PE.karyotype_summary.txt
[22:19:51] ./NO_GROUP/SAMPLE1_PE/data/SAMPLE1_PE.log
[22:19:51] ./NO_GROUP/SAMPLE1_PE/data/SAMPLE1_PE.sqn
[22:19:51] ./NO_GROUP/SAMPLE1_PE/data/SAMPLE1_PE.tbl
[22:19:51] ./NO_GROUP/SAMPLE1_PE/data/SAMPLE1_PE.tsv
[22:19:51] ./NO_GROUP/SAMPLE1_PE/data/SAMPLE1_PE.txt
[22:19:51] Annotation finished successfully.
[22:19:51] Walltime used: 0.20 minutes
[22:19:51] If you use this result please cite the Prokka paper:
[22:19:51] Seemann T (2014) Prokka: rapid prokaryotic genome annotation. Bioinformatics. 30(14):2068-9.
[22:19:51] Type 'prokka --citation' for more details.
[22:19:51] Thank you, come again.
Thu Mar  4 22:19:51 CET 2021
done annotating SAMPLE1_PE.scaffolds.fa with prokka
Removing unwanted files



#Executing /home/svarona/work/conda/nf-core-viralrecon-1.2.0dev-3fb10bb8a332a0381f3a6f1a0bab1f62/bin/blast_align.sh 

query type selected as nucl
Output directory is ./NO_GROUP/SAMPLE1_PE/data
filename is SAMPLE1_PE
Thu Mar  4 22:19:51 CET 2021
Blasting SAMPLE1_PE agaist database.filtered_0.95_term.0.5.representative.fasta


Building a new DB, current time: 03/04/2021 22:19:52
New DB name:   /home/svarona/work/a1/31ce179121384c7c349e24fd39387b/NO_GROUP/SAMPLE1_PE/kmer/database.filtered_0.95_term.0.5.representative.fasta.blast.tmp
New DB title:  ./NO_GROUP/SAMPLE1_PE/kmer/database.filtered_0.95_term.0.5.representative.fasta
Sequence type: Nucleotide
Keep MBits: T
Maximum file size: 1000000000B
Adding sequences from FASTA; added 1 sequences in 0.000583172 seconds.


BLAST command is blastn
Thu Mar  4 22:19:52 CET 2021
Done blasting SAMPLE1_PE agaist database.filtered_0.95_term.0.5.representative.fasta
blasted file can be found in ./NO_GROUP/SAMPLE1_PE/data/SAMPLE1_PE.plasmids.blast 


#Executing /home/svarona/work/conda/nf-core-viralrecon-1.2.0dev-3fb10bb8a332a0381f3a6f1a0bab1f62/bin/blast_to_bed.sh 

Thu Mar  4 22:19:52 CET 2021
Adapting blast to bed using SAMPLE1_PE.plasmids.blast with:
Blast identity= 60
Min length aligned= 500
Min len percentage= 0
Thu Mar  4 22:19:52 CET 2021
DONE adapting blast to bed
File can be found at ./NO_GROUP/SAMPLE1_PE/data/SAMPLE1_PE.plasmids.bed 


#Executing /home/svarona/work/conda/nf-core-viralrecon-1.2.0dev-3fb10bb8a332a0381f3a6f1a0bab1f62/bin/blast_to_complete.sh 

Thu Mar  4 22:19:52 CET 2021
Adapting blast to complete using SAMPLE1_PE.plasmids.blast with:
Blast identity= 60
Min len percentage= 20
Thu Mar  4 22:19:52 CET 2021
DONE adapting blast to complete
File can be found at ./NO_GROUP/SAMPLE1_PE/data/SAMPLE1_PE.plasmids.complete /n

#Executing /home/svarona/work/conda/nf-core-viralrecon-1.2.0dev-3fb10bb8a332a0381f3a6f1a0bab1f62/bin/blast_to_link.sh 

Thu Mar  4 22:19:52 CET 2021
Adapting blast to links using SAMPLE1_PE.plasmids.blast with:
Blast identity= 60
Min len percentage= 20
Thu Mar  4 22:19:52 CET 2021
DONE adapting blast to link
File can be found at ./NO_GROUP/SAMPLE1_PE/data/SAMPLE1_PE.plasmids.links 


#Executing /home/svarona/work/conda/nf-core-viralrecon-1.2.0dev-3fb10bb8a332a0381f3a6f1a0bab1f62/bin/gff_to_bed.sh 

Thu Mar  4 22:19:52 CET 2021
Getting bed file from GFF in SAMPLE1_PE.gff
Thu Mar  4 22:19:52 CET 2021
DONE getting bed file from GFF
File can be found at ./NO_GROUP/SAMPLE1_PE/data/SAMPLE1_PE.gff.bed



#Executing /home/svarona/work/conda/nf-core-viralrecon-1.2.0dev-3fb10bb8a332a0381f3a6f1a0bab1f62/bin/coordinate_adapter.sh 

Thu Mar  4 22:19:52 CET 2021
adapting coordinates from ./NO_GROUP/SAMPLE1_PE/data/SAMPLE1_PE.gff.bed and ./NO_GROUP/SAMPLE1_PE/data/SAMPLE1_PE.plasmids.blast.links
file name is: SAMPLE1_PE.gff
Thu Mar  4 22:19:52 CET 2021
Coordinates adapted to file ./NO_GROUP/SAMPLE1_PE/data/SAMPLE1_PE.gff.coordinates 


#Executing /home/svarona/work/conda/nf-core-viralrecon-1.2.0dev-3fb10bb8a332a0381f3a6f1a0bab1f62/bin/coordinate_adapter.sh 

Thu Mar  4 22:19:52 CET 2021
adapting coordinates from ./NO_GROUP/SAMPLE1_PE/data/SAMPLE1_PE.gff.forward.bed and ./NO_GROUP/SAMPLE1_PE/data/SAMPLE1_PE.plasmids.blast.links
file name is: SAMPLE1_PE.gff.forward
Thu Mar  4 22:19:52 CET 2021
Coordinates adapted to file ./NO_GROUP/SAMPLE1_PE/data/SAMPLE1_PE.gff.forward.coordinates 


#Executing /home/svarona/work/conda/nf-core-viralrecon-1.2.0dev-3fb10bb8a332a0381f3a6f1a0bab1f62/bin/coordinate_adapter.sh 

Thu Mar  4 22:19:52 CET 2021
adapting coordinates from ./NO_GROUP/SAMPLE1_PE/data/SAMPLE1_PE.gff.reverse.bed and ./NO_GROUP/SAMPLE1_PE/data/SAMPLE1_PE.plasmids.blast.links
file name is: SAMPLE1_PE.gff.reverse
Thu Mar  4 22:19:52 CET 2021
Coordinates adapted to file ./NO_GROUP/SAMPLE1_PE/data/SAMPLE1_PE.gff.reverse.coordinates 


#Executing /home/svarona/work/conda/nf-core-viralrecon-1.2.0dev-3fb10bb8a332a0381f3a6f1a0bab1f62/bin/prokka_annotation.sh 


DEPENDENCY	              STATUS
----------	              ------
prokka                       [0;32mINSTALLED[0m 
PREFIX SAMPLE1_PE
Output directory is ./NO_GROUP/SAMPLE1_PE/database
Thu Mar  4 22:19:52 CET 2021
Annotating ./NO_GROUP/SAMPLE1_PE/kmer/database.filtered_0.95_term.0.5.representative.fasta with prokka
[22:19:52] This is prokka 1.14.6
[22:19:52] Written by Torsten Seemann <torsten.seemann@gmail.com>
[22:19:52] Homepage is https://github.com/tseemann/prokka
[22:19:52] Local time is Thu Mar  4 22:19:52 2021
[22:19:52] You are svarona
[22:19:52] Operating system is linux
[22:19:52] You have BioPerl 1.007002
[22:19:52] System has 12 cores.
[22:19:52] Will use maximum of 1 cores.
[22:19:52] Annotating as >>> Bacteria <<<
[22:19:52] Enabling options to ensure Genbank/ENA/DDJB submission compliance.
[22:19:52] Re-using existing --outdir ./NO_GROUP/SAMPLE1_PE/database
[22:19:52] Using filename prefix: SAMPLE1_PE.XXX
[22:19:52] Setting HMMER_NCPU=1
[22:19:52] Writing log to: ./NO_GROUP/SAMPLE1_PE/database/SAMPLE1_PE.log
[22:19:52] Command: /home/svarona/work/conda/nf-core-viralrecon-1.2.0dev-3fb10bb8a332a0381f3a6f1a0bab1f62/bin/prokka --force --outdir ./NO_GROUP/SAMPLE1_PE/database --prefix SAMPLE1_PE --addgenes --kingdom Bacteria --genus --species --usegenus --centre BU-ISCIII --locustag SAMPLE1_PE --compliant --cpus 1 ./NO_GROUP/SAMPLE1_PE/kmer/database.filtered_0.95_term.0.5.representative.fasta
[22:19:53] Appending to PATH: /home/svarona/work/conda/nf-core-viralrecon-1.2.0dev-3fb10bb8a332a0381f3a6f1a0bab1f62/bin
[22:19:53] Looking for 'aragorn' - found /home/svarona/work/conda/nf-core-viralrecon-1.2.0dev-3fb10bb8a332a0381f3a6f1a0bab1f62/bin/aragorn
[22:19:53] Determined aragorn version is 001002 from 'ARAGORN v1.2.38 Dean Laslett'
[22:19:53] Looking for 'barrnap' - found /home/svarona/work/conda/nf-core-viralrecon-1.2.0dev-3fb10bb8a332a0381f3a6f1a0bab1f62/bin/barrnap
[22:19:53] Determined barrnap version is 000009 from 'barrnap 0.9'
[22:19:53] Looking for 'blastp' - found /home/svarona/work/conda/nf-core-viralrecon-1.2.0dev-3fb10bb8a332a0381f3a6f1a0bab1f62/bin/blastp
[22:19:53] Determined blastp version is 002010 from 'blastp: 2.10.1+'
[22:19:53] Looking for 'cmpress' - found /home/svarona/work/conda/nf-core-viralrecon-1.2.0dev-3fb10bb8a332a0381f3a6f1a0bab1f62/bin/cmpress
[22:19:53] Determined cmpress version is 001001 from '# INFERNAL 1.1.3 (Nov 2019)'
[22:19:53] Looking for 'cmscan' - found /home/svarona/work/conda/nf-core-viralrecon-1.2.0dev-3fb10bb8a332a0381f3a6f1a0bab1f62/bin/cmscan
[22:19:53] Determined cmscan version is 001001 from '# INFERNAL 1.1.3 (Nov 2019)'
[22:19:53] Looking for 'egrep' - found /usr/bin/egrep
[22:19:53] Looking for 'find' - found /usr/bin/find
[22:19:53] Looking for 'grep' - found /usr/bin/grep
[22:19:53] Looking for 'hmmpress' - found /home/svarona/work/conda/nf-core-viralrecon-1.2.0dev-3fb10bb8a332a0381f3a6f1a0bab1f62/bin/hmmpress
[22:19:53] Determined hmmpress version is 003003 from '# HMMER 3.3.2 (Nov 2020); http://hmmer.org/'
[22:19:53] Looking for 'hmmscan' - found /home/svarona/work/conda/nf-core-viralrecon-1.2.0dev-3fb10bb8a332a0381f3a6f1a0bab1f62/bin/hmmscan
[22:19:53] Determined hmmscan version is 003003 from '# HMMER 3.3.2 (Nov 2020); http://hmmer.org/'
[22:19:53] Looking for 'java' - found /home/svarona/work/conda/nf-core-viralrecon-1.2.0dev-3fb10bb8a332a0381f3a6f1a0bab1f62/bin/java
[22:19:53] Looking for 'makeblastdb' - found /home/svarona/work/conda/nf-core-viralrecon-1.2.0dev-3fb10bb8a332a0381f3a6f1a0bab1f62/bin/makeblastdb
[22:19:53] Determined makeblastdb version is 002010 from 'makeblastdb: 2.10.1+'
[22:19:53] Looking for 'minced' - found /home/svarona/work/conda/nf-core-viralrecon-1.2.0dev-3fb10bb8a332a0381f3a6f1a0bab1f62/bin/minced
[22:19:53] Determined minced version is 004002 from 'minced 0.4.2'
[22:19:53] Looking for 'parallel' - found /home/svarona/work/conda/nf-core-viralrecon-1.2.0dev-3fb10bb8a332a0381f3a6f1a0bab1f62/bin/parallel
[22:19:53] Determined parallel version is 20210222 from 'GNU parallel 20210222'
[22:19:53] Looking for 'prodigal' - found /home/svarona/work/conda/nf-core-viralrecon-1.2.0dev-3fb10bb8a332a0381f3a6f1a0bab1f62/bin/prodigal
[22:19:53] Determined prodigal version is 002006 from 'Prodigal V2.6.3: February, 2016'
[22:19:53] Looking for 'prokka-genbank_to_fasta_db' - found /home/svarona/work/conda/nf-core-viralrecon-1.2.0dev-3fb10bb8a332a0381f3a6f1a0bab1f62/bin/prokka-genbank_to_fasta_db
[22:19:53] Looking for 'sed' - found /home/svarona/work/conda/nf-core-viralrecon-1.2.0dev-3fb10bb8a332a0381f3a6f1a0bab1f62/bin/sed
[22:19:53] Looking for 'tbl2asn' - found /home/svarona/work/conda/nf-core-viralrecon-1.2.0dev-3fb10bb8a332a0381f3a6f1a0bab1f62/bin/tbl2asn
[22:19:53] Determined tbl2asn version is 025007 from 'tbl2asn 25.7   arguments:'
[22:19:53] Using genetic code table 11.
[22:19:53] Loading and checking input file: ./NO_GROUP/SAMPLE1_PE/kmer/database.filtered_0.95_term.0.5.representative.fasta
[22:19:53] Wrote 1 contigs totalling 29903 bp.
[22:19:53] Predicting tRNAs and tmRNAs
[22:19:53] Running: aragorn -l -gc11  -w \.\/NO_GROUP\/SAMPLE1_PE\/database\/SAMPLE1_PE\.fna
[22:19:53] Found 0 tRNAs
[22:19:53] Predicting Ribosomal RNAs
[22:19:53] Running Barrnap with 1 threads
[22:19:53] Found 0 rRNAs
[22:19:53] Skipping ncRNA search, enable with --rfam if desired.
[22:19:53] Total of 0 tRNA + rRNA features
[22:19:53] Searching for CRISPR repeats
[22:19:53] Found 0 CRISPRs
[22:19:53] Predicting coding sequences
[22:19:53] Contigs total 29903 bp, so using meta mode
[22:19:53] Running: prodigal -i \.\/NO_GROUP\/SAMPLE1_PE\/database\/SAMPLE1_PE\.fna -c -m -g 11 -p meta -f sco -q
[22:19:54] Found 9 CDS
[22:19:54] Connecting features back to sequences
[22:19:54] Skipping genus-specific proteins as can't see /home/svarona/work/conda/nf-core-viralrecon-1.2.0dev-3fb10bb8a332a0381f3a6f1a0bab1f62/db/--species
[22:19:54] Annotating CDS, please be patient.
[22:19:54] Will use 1 CPUs for similarity searching.
[22:19:54] There are still 9 unannotated CDS left (started with 9)
[22:19:54] Will use blast to search against /home/svarona/work/conda/nf-core-viralrecon-1.2.0dev-3fb10bb8a332a0381f3a6f1a0bab1f62/db/kingdom/Bacteria/IS with 1 CPUs
[22:19:54] Running: cat \.\/NO_GROUP\/SAMPLE1_PE\/database\/SAMPLE1_PE\.IS\.tmp\.10295\.faa | parallel --gnu --plain -j 1 --block 4764 --recstart '>' --pipe blastp -query - -db /home/svarona/work/conda/nf-core-viralrecon-1.2.0dev-3fb10bb8a332a0381f3a6f1a0bab1f62/db/kingdom/Bacteria/IS -evalue 1e-30 -qcov_hsp_perc 90 -num_threads 1 -num_descriptions 1 -num_alignments 1 -seg no > \.\/NO_GROUP\/SAMPLE1_PE\/database\/SAMPLE1_PE\.IS\.tmp\.10295\.blast 2> /dev/null
[22:19:54] Deleting unwanted file: ./NO_GROUP/SAMPLE1_PE/database/SAMPLE1_PE.IS.tmp.10295.faa
[22:19:54] Deleting unwanted file: ./NO_GROUP/SAMPLE1_PE/database/SAMPLE1_PE.IS.tmp.10295.blast
[22:19:54] There are still 9 unannotated CDS left (started with 9)
[22:19:54] Will use blast to search against /home/svarona/work/conda/nf-core-viralrecon-1.2.0dev-3fb10bb8a332a0381f3a6f1a0bab1f62/db/kingdom/Bacteria/AMR with 1 CPUs
[22:19:54] Running: cat \.\/NO_GROUP\/SAMPLE1_PE\/database\/SAMPLE1_PE\.AMR\.tmp\.10295\.faa | parallel --gnu --plain -j 1 --block 4764 --recstart '>' --pipe blastp -query - -db /home/svarona/work/conda/nf-core-viralrecon-1.2.0dev-3fb10bb8a332a0381f3a6f1a0bab1f62/db/kingdom/Bacteria/AMR -evalue 9.99999999999999e-301 -qcov_hsp_perc 90 -num_threads 1 -num_descriptions 1 -num_alignments 1 -seg no > \.\/NO_GROUP\/SAMPLE1_PE\/database\/SAMPLE1_PE\.AMR\.tmp\.10295\.blast 2> /dev/null
[22:19:55] Deleting unwanted file: ./NO_GROUP/SAMPLE1_PE/database/SAMPLE1_PE.AMR.tmp.10295.faa
[22:19:55] Deleting unwanted file: ./NO_GROUP/SAMPLE1_PE/database/SAMPLE1_PE.AMR.tmp.10295.blast
[22:19:55] There are still 9 unannotated CDS left (started with 9)
[22:19:55] Will use blast to search against /home/svarona/work/conda/nf-core-viralrecon-1.2.0dev-3fb10bb8a332a0381f3a6f1a0bab1f62/db/kingdom/Bacteria/sprot with 1 CPUs
[22:19:55] Running: cat \.\/NO_GROUP\/SAMPLE1_PE\/database\/SAMPLE1_PE\.sprot\.tmp\.10295\.faa | parallel --gnu --plain -j 1 --block 4764 --recstart '>' --pipe blastp -query - -db /home/svarona/work/conda/nf-core-viralrecon-1.2.0dev-3fb10bb8a332a0381f3a6f1a0bab1f62/db/kingdom/Bacteria/sprot -evalue 1e-09 -qcov_hsp_perc 80 -num_threads 1 -num_descriptions 1 -num_alignments 1 -seg no > \.\/NO_GROUP\/SAMPLE1_PE\/database\/SAMPLE1_PE\.sprot\.tmp\.10295\.blast 2> /dev/null
[22:19:57] Deleting unwanted file: ./NO_GROUP/SAMPLE1_PE/database/SAMPLE1_PE.sprot.tmp.10295.faa
[22:19:57] Deleting unwanted file: ./NO_GROUP/SAMPLE1_PE/database/SAMPLE1_PE.sprot.tmp.10295.blast
[22:19:57] There are still 9 unannotated CDS left (started with 9)
[22:19:57] Will use hmmer3 to search against /home/svarona/work/conda/nf-core-viralrecon-1.2.0dev-3fb10bb8a332a0381f3a6f1a0bab1f62/db/hmm/HAMAP.hmm with 1 CPUs
[22:19:57] Running: cat \.\/NO_GROUP\/SAMPLE1_PE\/database\/SAMPLE1_PE\.HAMAP\.hmm\.tmp\.10295\.faa | parallel --gnu --plain -j 1 --block 4764 --recstart '>' --pipe hmmscan --noali --notextw --acc -E 1e-09 --cpu 1 /home/svarona/work/conda/nf-core-viralrecon-1.2.0dev-3fb10bb8a332a0381f3a6f1a0bab1f62/db/hmm/HAMAP.hmm /dev/stdin > \.\/NO_GROUP\/SAMPLE1_PE\/database\/SAMPLE1_PE\.HAMAP\.hmm\.tmp\.10295\.hmmer3 2> /dev/null
[22:20:00] Deleting unwanted file: ./NO_GROUP/SAMPLE1_PE/database/SAMPLE1_PE.HAMAP.hmm.tmp.10295.faa
[22:20:00] Deleting unwanted file: ./NO_GROUP/SAMPLE1_PE/database/SAMPLE1_PE.HAMAP.hmm.tmp.10295.hmmer3
[22:20:00] Labelling remaining 8 proteins as 'hypothetical protein'
[22:20:00] Found 1 unique /gene codes.
[22:20:00] Fixed 0 colliding /gene names.
[22:20:00] Adding /locus_tag identifiers
[22:20:00] Assigned 9 locus_tags to CDS and RNA features.
[22:20:00] Writing outputs to ./NO_GROUP/SAMPLE1_PE/database/
[22:20:00] Generating annotation statistics file
[22:20:00] Generating Genbank and Sequin files
[22:20:00] Running: tbl2asn -V b -a r10k -l paired-ends -M n -N 1 -y 'Annotated using prokka 1.14.6 from https://github.com/tseemann/prokka' -Z \.\/NO_GROUP\/SAMPLE1_PE\/database\/SAMPLE1_PE\.err -i \.\/NO_GROUP\/SAMPLE1_PE\/database\/SAMPLE1_PE\.fsa 2> /dev/null
[tbl2asn-forever] Found Prokka input, correcting dates in .gbf|.sqn files.
[tbl2asn-forever] Correcting dates in ./NO_GROUP/SAMPLE1_PE/database/SAMPLE1_PE.gbf
[tbl2asn-forever] Correcting dates in ./NO_GROUP/SAMPLE1_PE/database/SAMPLE1_PE.sqn
[tbl2asn-forever] Dates changed from 01-JAN-2019 to 04-MAR-2021
[22:20:01] Deleting unwanted file: ./NO_GROUP/SAMPLE1_PE/database/errorsummary.val
[22:20:01] Deleting unwanted file: ./NO_GROUP/SAMPLE1_PE/database/SAMPLE1_PE.dr
[22:20:01] Deleting unwanted file: ./NO_GROUP/SAMPLE1_PE/database/SAMPLE1_PE.fixedproducts
[22:20:01] Deleting unwanted file: ./NO_GROUP/SAMPLE1_PE/database/SAMPLE1_PE.ecn
[22:20:01] Deleting unwanted file: ./NO_GROUP/SAMPLE1_PE/database/SAMPLE1_PE.val
[22:20:01] Repairing broken .GBK output that tbl2asn produces...
[22:20:01] Running: sed 's/COORDINATES: profile/COORDINATES:profile/' < \.\/NO_GROUP\/SAMPLE1_PE\/database\/SAMPLE1_PE\.gbf > \.\/NO_GROUP\/SAMPLE1_PE\/database\/SAMPLE1_PE\.gbk
[22:20:01] Deleting unwanted file: ./NO_GROUP/SAMPLE1_PE/database/SAMPLE1_PE.gbf
[22:20:01] Output files:
[22:20:01] ./NO_GROUP/SAMPLE1_PE/database/SAMPLE1_PE.err
[22:20:01] ./NO_GROUP/SAMPLE1_PE/database/SAMPLE1_PE.faa
[22:20:01] ./NO_GROUP/SAMPLE1_PE/database/SAMPLE1_PE.ffn
[22:20:01] ./NO_GROUP/SAMPLE1_PE/database/SAMPLE1_PE.fna
[22:20:01] ./NO_GROUP/SAMPLE1_PE/database/SAMPLE1_PE.fsa
[22:20:01] ./NO_GROUP/SAMPLE1_PE/database/SAMPLE1_PE.gbk
[22:20:01] ./NO_GROUP/SAMPLE1_PE/database/SAMPLE1_PE.gff
[22:20:01] ./NO_GROUP/SAMPLE1_PE/database/SAMPLE1_PE.log
[22:20:01] ./NO_GROUP/SAMPLE1_PE/database/SAMPLE1_PE.sqn
[22:20:01] ./NO_GROUP/SAMPLE1_PE/database/SAMPLE1_PE.tbl
[22:20:01] ./NO_GROUP/SAMPLE1_PE/database/SAMPLE1_PE.tsv
[22:20:01] ./NO_GROUP/SAMPLE1_PE/database/SAMPLE1_PE.txt
[22:20:01] Annotation finished successfully.
[22:20:01] Walltime used: 0.15 minutes
[22:20:01] If you use this result please cite the Prokka paper:
[22:20:01] Seemann T (2014) Prokka: rapid prokaryotic genome annotation. Bioinformatics. 30(14):2068-9.
[22:20:01] Type 'prokka --citation' for more details.
[22:20:01] Share and enjoy!
Thu Mar  4 22:20:01 CET 2021
done annotating ./NO_GROUP/SAMPLE1_PE/kmer/database.filtered_0.95_term.0.5.representative.fasta with prokka
Removing unwanted files



#Executing /home/svarona/work/conda/nf-core-viralrecon-1.2.0dev-3fb10bb8a332a0381f3a6f1a0bab1f62/bin/rename_from_fasta.sh 

Default output directory is ./NO_GROUP/SAMPLE1_PE/database
Thu Mar  4 22:20:01 CET 2021
Renaming SAMPLE1_PE.gff
Thu Mar  4 22:20:01 CET 2021
DONE renaming SAMPLE1_PE.gff
Renamed file can be found at ./NO_GROUP/SAMPLE1_PE/database/SAMPLE1_PE.gff.renamed

#Executing /home/svarona/work/conda/nf-core-viralrecon-1.2.0dev-3fb10bb8a332a0381f3a6f1a0bab1f62/bin/gff_to_bed.sh 

Thu Mar  4 22:20:01 CET 2021
Getting bed file from GFF in SAMPLE1_PE.gff
Thu Mar  4 22:20:01 CET 2021
DONE getting bed file from GFF
File can be found at ./NO_GROUP/SAMPLE1_PE/database/SAMPLE1_PE.gff.bed



#Executing /home/svarona/work/conda/nf-core-viralrecon-1.2.0dev-3fb10bb8a332a0381f3a6f1a0bab1f62/bin/filter_fasta.sh 

Output directory is= ./NO_GROUP/SAMPLE1_PE/fasta_files
File name is= NC_045512.2
Thu Mar  4 22:20:01 CET 2021
Filtering terms on file SAMPLE1_PE.fna
Thu Mar  4 22:20:01 CET 2021
DONE Filtering terms on file SAMPLE1_PE.fna
File with filtered sequences can be found in ./NO_GROUP/SAMPLE1_PE/fasta_files/NC_045512.2_term.fasta
Previous number of sequences= 4
Post number of sequences= 2


