[15:30:46] This is prokka 1.14.6
[15:30:46] Written by Torsten Seemann <torsten.seemann@gmail.com>
[15:30:46] Homepage is https://github.com/tseemann/prokka
[15:30:46] Local time is Mon Mar  8 15:30:46 2021
[15:30:46] You are smonzon
[15:30:46] Operating system is linux
[15:30:46] You have BioPerl 1.007002
[15:30:46] System has 8 cores.
[15:30:46] Will use maximum of 1 cores.
[15:30:46] Annotating as >>> Bacteria <<<
[15:30:46] Enabling options to ensure Genbank/ENA/DDJB submission compliance.
[15:30:46] Re-using existing --outdir ./NO_GROUP/SAMPLE1_PE/database
[15:30:46] Using filename prefix: SAMPLE1_PE.XXX
[15:30:46] Setting HMMER_NCPU=1
[15:30:46] Writing log to: ./NO_GROUP/SAMPLE1_PE/database/SAMPLE1_PE.log
[15:30:46] Command: /home/smonzon/test_training_viralrecon/work/conda/nf-core-viralrecon-1.2.0dev-3fb10bb8a332a0381f3a6f1a0bab1f62/bin/prokka --force --outdir ./NO_GROUP/SAMPLE1_PE/database --prefix SAMPLE1_PE --addgenes --kingdom Bacteria --genus --species --usegenus --centre BU-ISCIII --locustag SAMPLE1_PE --compliant --cpus 1 ./NO_GROUP/SAMPLE1_PE/kmer/database.filtered_0.95_term.0.5.representative.fasta
[15:30:46] Appending to PATH: /home/smonzon/test_training_viralrecon/work/conda/nf-core-viralrecon-1.2.0dev-3fb10bb8a332a0381f3a6f1a0bab1f62/bin
[15:30:46] Looking for 'aragorn' - found /home/smonzon/test_training_viralrecon/work/conda/nf-core-viralrecon-1.2.0dev-3fb10bb8a332a0381f3a6f1a0bab1f62/bin/aragorn
[15:30:46] Determined aragorn version is 001002 from 'ARAGORN v1.2.38 Dean Laslett'
[15:30:46] Looking for 'barrnap' - found /home/smonzon/test_training_viralrecon/work/conda/nf-core-viralrecon-1.2.0dev-3fb10bb8a332a0381f3a6f1a0bab1f62/bin/barrnap
[15:30:46] Determined barrnap version is 000009 from 'barrnap 0.9'
[15:30:46] Looking for 'blastp' - found /home/smonzon/test_training_viralrecon/work/conda/nf-core-viralrecon-1.2.0dev-3fb10bb8a332a0381f3a6f1a0bab1f62/bin/blastp
[15:30:47] Determined blastp version is 002010 from 'blastp: 2.10.1+'
[15:30:47] Looking for 'cmpress' - found /home/smonzon/test_training_viralrecon/work/conda/nf-core-viralrecon-1.2.0dev-3fb10bb8a332a0381f3a6f1a0bab1f62/bin/cmpress
[15:30:47] Determined cmpress version is 001001 from '# INFERNAL 1.1.3 (Nov 2019)'
[15:30:47] Looking for 'cmscan' - found /home/smonzon/test_training_viralrecon/work/conda/nf-core-viralrecon-1.2.0dev-3fb10bb8a332a0381f3a6f1a0bab1f62/bin/cmscan
[15:30:47] Determined cmscan version is 001001 from '# INFERNAL 1.1.3 (Nov 2019)'
[15:30:47] Looking for 'egrep' - found /bin/egrep
[15:30:47] Looking for 'find' - found /usr/bin/find
[15:30:47] Looking for 'grep' - found /bin/grep
[15:30:47] Looking for 'hmmpress' - found /home/smonzon/test_training_viralrecon/work/conda/nf-core-viralrecon-1.2.0dev-3fb10bb8a332a0381f3a6f1a0bab1f62/bin/hmmpress
[15:30:47] Determined hmmpress version is 003003 from '# HMMER 3.3.2 (Nov 2020); http://hmmer.org/'
[15:30:47] Looking for 'hmmscan' - found /home/smonzon/test_training_viralrecon/work/conda/nf-core-viralrecon-1.2.0dev-3fb10bb8a332a0381f3a6f1a0bab1f62/bin/hmmscan
[15:30:47] Determined hmmscan version is 003003 from '# HMMER 3.3.2 (Nov 2020); http://hmmer.org/'
[15:30:47] Looking for 'java' - found /home/smonzon/test_training_viralrecon/work/conda/nf-core-viralrecon-1.2.0dev-3fb10bb8a332a0381f3a6f1a0bab1f62/bin/java
[15:30:47] Looking for 'makeblastdb' - found /home/smonzon/test_training_viralrecon/work/conda/nf-core-viralrecon-1.2.0dev-3fb10bb8a332a0381f3a6f1a0bab1f62/bin/makeblastdb
[15:30:47] Determined makeblastdb version is 002010 from 'makeblastdb: 2.10.1+'
[15:30:47] Looking for 'minced' - found /home/smonzon/test_training_viralrecon/work/conda/nf-core-viralrecon-1.2.0dev-3fb10bb8a332a0381f3a6f1a0bab1f62/bin/minced
[15:30:47] Determined minced version is 004002 from 'minced 0.4.2'
[15:30:47] Looking for 'parallel' - found /home/smonzon/test_training_viralrecon/work/conda/nf-core-viralrecon-1.2.0dev-3fb10bb8a332a0381f3a6f1a0bab1f62/bin/parallel
[15:30:47] Determined parallel version is 20210222 from 'GNU parallel 20210222'
[15:30:47] Looking for 'prodigal' - found /home/smonzon/test_training_viralrecon/work/conda/nf-core-viralrecon-1.2.0dev-3fb10bb8a332a0381f3a6f1a0bab1f62/bin/prodigal
[15:30:47] Determined prodigal version is 002006 from 'Prodigal V2.6.3: February, 2016'
[15:30:47] Looking for 'prokka-genbank_to_fasta_db' - found /home/smonzon/test_training_viralrecon/work/conda/nf-core-viralrecon-1.2.0dev-3fb10bb8a332a0381f3a6f1a0bab1f62/bin/prokka-genbank_to_fasta_db
[15:30:47] Looking for 'sed' - found /home/smonzon/test_training_viralrecon/work/conda/nf-core-viralrecon-1.2.0dev-3fb10bb8a332a0381f3a6f1a0bab1f62/bin/sed
[15:30:47] Looking for 'tbl2asn' - found /home/smonzon/test_training_viralrecon/work/conda/nf-core-viralrecon-1.2.0dev-3fb10bb8a332a0381f3a6f1a0bab1f62/bin/tbl2asn
[15:30:47] Determined tbl2asn version is 025007 from 'tbl2asn 25.7   arguments:'
[15:30:47] Using genetic code table 11.
[15:30:47] Loading and checking input file: ./NO_GROUP/SAMPLE1_PE/kmer/database.filtered_0.95_term.0.5.representative.fasta
[15:30:47] Wrote 1 contigs totalling 29903 bp.
[15:30:47] Predicting tRNAs and tmRNAs
[15:30:47] Running: aragorn -l -gc11  -w \.\/NO_GROUP\/SAMPLE1_PE\/database\/SAMPLE1_PE\.fna
[15:30:47] Found 0 tRNAs
[15:30:47] Predicting Ribosomal RNAs
[15:30:47] Running Barrnap with 1 threads
[15:30:47] Found 0 rRNAs
[15:30:47] Skipping ncRNA search, enable with --rfam if desired.
[15:30:47] Total of 0 tRNA + rRNA features
[15:30:47] Searching for CRISPR repeats
[15:30:47] Found 0 CRISPRs
[15:30:47] Predicting coding sequences
[15:30:47] Contigs total 29903 bp, so using meta mode
[15:30:47] Running: prodigal -i \.\/NO_GROUP\/SAMPLE1_PE\/database\/SAMPLE1_PE\.fna -c -m -g 11 -p meta -f sco -q
[15:30:48] Found 9 CDS
[15:30:48] Connecting features back to sequences
[15:30:48] Skipping genus-specific proteins as can't see /home/smonzon/test_training_viralrecon/work/conda/nf-core-viralrecon-1.2.0dev-3fb10bb8a332a0381f3a6f1a0bab1f62/db/--species
[15:30:48] Annotating CDS, please be patient.
[15:30:48] Will use 1 CPUs for similarity searching.
[15:30:48] There are still 9 unannotated CDS left (started with 9)
[15:30:48] Will use blast to search against /home/smonzon/test_training_viralrecon/work/conda/nf-core-viralrecon-1.2.0dev-3fb10bb8a332a0381f3a6f1a0bab1f62/db/kingdom/Bacteria/IS with 1 CPUs
[15:30:48] Running: cat \.\/NO_GROUP\/SAMPLE1_PE\/database\/SAMPLE1_PE\.IS\.tmp\.25667\.faa | parallel --gnu --plain -j 1 --block 4764 --recstart '>' --pipe blastp -query - -db /home/smonzon/test_training_viralrecon/work/conda/nf-core-viralrecon-1.2.0dev-3fb10bb8a332a0381f3a6f1a0bab1f62/db/kingdom/Bacteria/IS -evalue 1e-30 -qcov_hsp_perc 90 -num_threads 1 -num_descriptions 1 -num_alignments 1 -seg no > \.\/NO_GROUP\/SAMPLE1_PE\/database\/SAMPLE1_PE\.IS\.tmp\.25667\.blast 2> /dev/null
[15:30:49] Deleting unwanted file: ./NO_GROUP/SAMPLE1_PE/database/SAMPLE1_PE.IS.tmp.25667.faa
[15:30:49] Deleting unwanted file: ./NO_GROUP/SAMPLE1_PE/database/SAMPLE1_PE.IS.tmp.25667.blast
[15:30:49] There are still 9 unannotated CDS left (started with 9)
[15:30:49] Will use blast to search against /home/smonzon/test_training_viralrecon/work/conda/nf-core-viralrecon-1.2.0dev-3fb10bb8a332a0381f3a6f1a0bab1f62/db/kingdom/Bacteria/AMR with 1 CPUs
[15:30:49] Running: cat \.\/NO_GROUP\/SAMPLE1_PE\/database\/SAMPLE1_PE\.AMR\.tmp\.25667\.faa | parallel --gnu --plain -j 1 --block 4764 --recstart '>' --pipe blastp -query - -db /home/smonzon/test_training_viralrecon/work/conda/nf-core-viralrecon-1.2.0dev-3fb10bb8a332a0381f3a6f1a0bab1f62/db/kingdom/Bacteria/AMR -evalue 9.99999999999999e-301 -qcov_hsp_perc 90 -num_threads 1 -num_descriptions 1 -num_alignments 1 -seg no > \.\/NO_GROUP\/SAMPLE1_PE\/database\/SAMPLE1_PE\.AMR\.tmp\.25667\.blast 2> /dev/null
[15:30:50] Deleting unwanted file: ./NO_GROUP/SAMPLE1_PE/database/SAMPLE1_PE.AMR.tmp.25667.faa
[15:30:50] Deleting unwanted file: ./NO_GROUP/SAMPLE1_PE/database/SAMPLE1_PE.AMR.tmp.25667.blast
[15:30:50] There are still 9 unannotated CDS left (started with 9)
[15:30:50] Will use blast to search against /home/smonzon/test_training_viralrecon/work/conda/nf-core-viralrecon-1.2.0dev-3fb10bb8a332a0381f3a6f1a0bab1f62/db/kingdom/Bacteria/sprot with 1 CPUs
[15:30:50] Running: cat \.\/NO_GROUP\/SAMPLE1_PE\/database\/SAMPLE1_PE\.sprot\.tmp\.25667\.faa | parallel --gnu --plain -j 1 --block 4764 --recstart '>' --pipe blastp -query - -db /home/smonzon/test_training_viralrecon/work/conda/nf-core-viralrecon-1.2.0dev-3fb10bb8a332a0381f3a6f1a0bab1f62/db/kingdom/Bacteria/sprot -evalue 1e-09 -qcov_hsp_perc 80 -num_threads 1 -num_descriptions 1 -num_alignments 1 -seg no > \.\/NO_GROUP\/SAMPLE1_PE\/database\/SAMPLE1_PE\.sprot\.tmp\.25667\.blast 2> /dev/null
[15:30:53] Deleting unwanted file: ./NO_GROUP/SAMPLE1_PE/database/SAMPLE1_PE.sprot.tmp.25667.faa
[15:30:53] Deleting unwanted file: ./NO_GROUP/SAMPLE1_PE/database/SAMPLE1_PE.sprot.tmp.25667.blast
[15:30:53] There are still 9 unannotated CDS left (started with 9)
[15:30:53] Will use hmmer3 to search against /home/smonzon/test_training_viralrecon/work/conda/nf-core-viralrecon-1.2.0dev-3fb10bb8a332a0381f3a6f1a0bab1f62/db/hmm/HAMAP.hmm with 1 CPUs
[15:30:53] Running: cat \.\/NO_GROUP\/SAMPLE1_PE\/database\/SAMPLE1_PE\.HAMAP\.hmm\.tmp\.25667\.faa | parallel --gnu --plain -j 1 --block 4764 --recstart '>' --pipe hmmscan --noali --notextw --acc -E 1e-09 --cpu 1 /home/smonzon/test_training_viralrecon/work/conda/nf-core-viralrecon-1.2.0dev-3fb10bb8a332a0381f3a6f1a0bab1f62/db/hmm/HAMAP.hmm /dev/stdin > \.\/NO_GROUP\/SAMPLE1_PE\/database\/SAMPLE1_PE\.HAMAP\.hmm\.tmp\.25667\.hmmer3 2> /dev/null
[15:30:54] Deleting unwanted file: ./NO_GROUP/SAMPLE1_PE/database/SAMPLE1_PE.HAMAP.hmm.tmp.25667.faa
[15:30:54] Deleting unwanted file: ./NO_GROUP/SAMPLE1_PE/database/SAMPLE1_PE.HAMAP.hmm.tmp.25667.hmmer3
[15:30:54] Labelling remaining 8 proteins as 'hypothetical protein'
[15:30:54] Found 1 unique /gene codes.
[15:30:54] Fixed 0 colliding /gene names.
[15:30:54] Adding /locus_tag identifiers
[15:30:54] Assigned 9 locus_tags to CDS and RNA features.
[15:30:54] Writing outputs to ./NO_GROUP/SAMPLE1_PE/database/
[15:30:54] Generating annotation statistics file
[15:30:54] Generating Genbank and Sequin files
[15:30:54] Running: tbl2asn -V b -a r10k -l paired-ends -M n -N 1 -y 'Annotated using prokka 1.14.6 from https://github.com/tseemann/prokka' -Z \.\/NO_GROUP\/SAMPLE1_PE\/database\/SAMPLE1_PE\.err -i \.\/NO_GROUP\/SAMPLE1_PE\/database\/SAMPLE1_PE\.fsa 2> /dev/null
[15:30:54] Deleting unwanted file: ./NO_GROUP/SAMPLE1_PE/database/errorsummary.val
[15:30:54] Deleting unwanted file: ./NO_GROUP/SAMPLE1_PE/database/SAMPLE1_PE.dr
[15:30:54] Deleting unwanted file: ./NO_GROUP/SAMPLE1_PE/database/SAMPLE1_PE.fixedproducts
[15:30:54] Deleting unwanted file: ./NO_GROUP/SAMPLE1_PE/database/SAMPLE1_PE.ecn
[15:30:54] Deleting unwanted file: ./NO_GROUP/SAMPLE1_PE/database/SAMPLE1_PE.val
[15:30:54] Repairing broken .GBK output that tbl2asn produces...
[15:30:54] Running: sed 's/COORDINATES: profile/COORDINATES:profile/' < \.\/NO_GROUP\/SAMPLE1_PE\/database\/SAMPLE1_PE\.gbf > \.\/NO_GROUP\/SAMPLE1_PE\/database\/SAMPLE1_PE\.gbk
[15:30:54] Deleting unwanted file: ./NO_GROUP/SAMPLE1_PE/database/SAMPLE1_PE.gbf
[15:30:54] Output files:
[15:30:54] ./NO_GROUP/SAMPLE1_PE/database/SAMPLE1_PE.fna
[15:30:54] ./NO_GROUP/SAMPLE1_PE/database/SAMPLE1_PE.faa
[15:30:54] ./NO_GROUP/SAMPLE1_PE/database/SAMPLE1_PE.log
[15:30:54] ./NO_GROUP/SAMPLE1_PE/database/SAMPLE1_PE.gbk
[15:30:54] ./NO_GROUP/SAMPLE1_PE/database/SAMPLE1_PE.txt
[15:30:54] ./NO_GROUP/SAMPLE1_PE/database/SAMPLE1_PE.ffn
[15:30:54] ./NO_GROUP/SAMPLE1_PE/database/SAMPLE1_PE.err
[15:30:54] ./NO_GROUP/SAMPLE1_PE/database/SAMPLE1_PE.tsv
[15:30:54] ./NO_GROUP/SAMPLE1_PE/database/SAMPLE1_PE.fsa
[15:30:54] ./NO_GROUP/SAMPLE1_PE/database/SAMPLE1_PE.tbl
[15:30:54] ./NO_GROUP/SAMPLE1_PE/database/SAMPLE1_PE.gff
[15:30:54] ./NO_GROUP/SAMPLE1_PE/database/SAMPLE1_PE.sqn
[15:30:54] Annotation finished successfully.
[15:30:54] Walltime used: 0.13 minutes
[15:30:54] If you use this result please cite the Prokka paper:
[15:30:54] Seemann T (2014) Prokka: rapid prokaryotic genome annotation. Bioinformatics. 30(14):2068-9.
[15:30:54] Type 'prokka --citation' for more details.
[15:30:54] Thank you, come again.
