[2021-03-08 15:35:54,362] multiqc                                            [DEBUG  ]  No MultiQC config found: /home/smonzon/test_training_viralrecon/work/conda/nf-core-viralrecon-1.2.0dev-3fb10bb8a332a0381f3a6f1a0bab1f62/lib/python3.6/site-packages/multiqc_config.yaml
[2021-03-08 15:35:54,363] multiqc                                            [DEBUG  ]  No MultiQC config found: /home/smonzon/.multiqc_config.yaml
[2021-03-08 15:35:54,424] multiqc                                            [DEBUG  ]  Loading config settings from: multiqc_config.yaml
[2021-03-08 15:35:54,424] multiqc                                            [DEBUG  ]  New config 'report_comment': This report has been generated by the <a href="https://github.com/nf-core/viralrecon" target="_blank">nf-core/viralrecon</a> analysis pipeline. For information about how to interpret these results, please see the <a href="https://github.com/nf-core/viralrecon" target="_blank">documentation</a>.

[2021-03-08 15:35:54,425] multiqc                                            [DEBUG  ]  New config 'data_format': yaml
[2021-03-08 15:35:54,425] multiqc                                            [DEBUG  ]  New config 'run_modules': ['custom_content', 'fastqc', 'fastp', 'bowtie2', 'samtools', 'picard', 'mosdepth', 'varscan2', 'ivar', 'bcftools', 'snpeff', 'quast', 'cutadapt', 'kraken']
[2021-03-08 15:35:54,425] multiqc                                            [DEBUG  ]  New config 'exclude_modules': ['general_stats']
[2021-03-08 15:35:54,425] multiqc                                            [DEBUG  ]  New config 'custom_data': {'summary_variants_metrics': {'section_name': 'Variant calling metrics', 'description': 'generated by the nf-core/viralrecon pipeline', 'plot_type': 'table', 'pconfig': {'id': 'summary_variants_metrics_plot', 'table_title': 'Variant calling metrics', 'namespace': 'Variant calling metrics', 'format': '{:.0f}'}}, 'summary_assembly_metrics': {'section_name': 'De novo assembly metrics', 'description': 'generated by the nf-core/viralrecon pipeline', 'plot_type': 'table', 'pconfig': {'id': 'summary_assembly_metrics_plot', 'table_title': 'De novo assembly metrics', 'namespace': 'De novo assembly metrics', 'format': '{:.0f}'}}}
[2021-03-08 15:35:54,425] multiqc                                            [DEBUG  ]  New config 'module_order': [{'fastqc': {'name': 'PREPROCESS: FastQC (raw reads)', 'anchor': 'fastqc_raw', 'info': 'This section of the report shows FastQC results for the raw reads before adapter trimming.', 'path_filters': ['./fastqc/*.zip']}}, {'fastp': {'name': 'PREPROCESS: fastp (adapter trimming)', 'info': 'This section of the report shows fastp results for reads after adapter and quality trimming.'}}, {'fastqc': {'name': 'PREPROCESS: FastQC (adapter trimming)', 'anchor': 'fastqc_fastp', 'info': 'This section of the report shows FastQC results for reads after adapter and quality trimming.', 'path_filters': ['./fastp/fastqc/*.zip']}}, {'bowtie2': {'name': 'VARIANTS: Bowtie 2', 'info': 'This section of the report shows Bowtie 2 mapping results for reads after adapter trimming and quality trimming.'}}, {'samtools': {'name': 'VARIANTS: SAMTools (raw)', 'anchor': 'samtools_bowtie2', 'info': 'This section of the report shows SAMTools counts/statistics after mapping with Bowtie 2.', 'path_filters': ['./bowtie2/flagstat/*']}}, {'ivar': {'name': 'VARIANTS: iVar trim', 'info': 'This section of the report shows counts observed for each amplicon primer per sample as detected by iVar trim.'}}, {'samtools': {'name': 'VARIANTS: SAMTools (iVar)', 'anchor': 'samtools_ivar', 'info': 'This section of the report shows SAMTools counts/statistics after primer sequence removal with iVar.', 'path_filters': ['./ivar/trim/flagstat/*']}}, {'samtools': {'name': 'VARIANTS: SAMTools (MarkDuplicates)', 'anchor': 'samtools_markduplicates', 'info': 'This section of the report shows SAMTools counts/statistics after duplicate removal with picard MarkDuplicates.', 'path_filters': ['./picard/markdup/*']}}, {'picard': {'name': 'VARIANTS: Picard Metrics', 'info': 'This section of the report shows picard CollectMultipleMetrics and MarkDuplicates results after mapping (if "--protocol amplicon" this will be after primer sequence removal with iVar).'}}, {'mosdepth': {'name': 'VARIANTS: mosdepth', 'info': 'This section of the report shows genome-wide coverage metrics generated by mosdepth.'}}, {'varscan2': {'name': 'VARIANTS: VarScan 2', 'info': 'This section of the report shows total number of variants called by VarScan 2 broken down by those that were reported or not.'}}, {'bcftools': {'name': 'VARIANTS: BCFTools (VarScan 2; high freq)', 'anchor': 'bcftools_varscan2', 'info': 'This section of the report shows BCFTools stats results for high frequency variants called by VarScan 2. The allele frequency filtering threshold can be set by the --max_allele_freq parameter (Default: 0.8).', 'path_filters': ['./varscan2/bcftools/highfreq/*.txt']}}, {'snpeff': {'name': 'VARIANTS: SnpEff (VarScan 2; high freq)', 'anchor': 'snpeff_varscan2', 'info': 'This section of the report shows SnpEff results for high frequency variants called by VarScan 2. The allele frequency filtering threshold can be set by the --max_allele_freq parameter (Default: 0.8).', 'path_filters': ['./varscan2/snpeff/highfreq/*.csv']}}, {'quast': {'name': 'VARIANTS: QUAST (VarScan 2; high freq)', 'anchor': 'quast_varscan2', 'info': 'This section of the report shows QUAST results for consensus sequences generated from high frequency variants with VarScan 2. The allele frequency filtering threshold can be set by the --max_allele_freq parameter (Default: 0.8).', 'path_filters': ['./varscan2/quast/highfreq/*.tsv']}}, {'bcftools': {'name': 'VARIANTS: BCFTools (iVar; high freq)', 'anchor': 'bcftools_ivar', 'info': 'This section of the report shows BCFTools stats results for high frequency variants called by iVar. The allele frequency filtering threshold can be set by the --max_allele_freq parameter (Default: 0.8).', 'path_filters': ['./ivar/variants/bcftools/highfreq/*.txt']}}, {'snpeff': {'name': 'VARIANTS: SnpEff (iVar; high freq)', 'anchor': 'snpeff_ivar', 'info': 'This section of the report shows SnpEff results for high frequency variants called by iVar. The allele frequency filtering threshold can be set by the --max_allele_freq parameter (Default: 0.8).', 'path_filters': ['./ivar/variants/snpeff/highfreq/*.csv']}}, {'quast': {'name': 'VARIANTS: QUAST (iVar; high freq)', 'anchor': 'quast_ivar', 'info': 'This section of the report shows QUAST results for consensus sequences generated from high frequency variants with iVar. The allele frequency filtering threshold can be set by the --max_allele_freq parameter (Default: 0.8).', 'path_filters': ['./ivar/consensus/quast/highfreq/*.tsv']}}, {'bcftools': {'name': 'VARIANTS: BCFTools (BCFTools)', 'anchor': 'bcftools_bcftools', 'info': 'This section of the report shows BCFTools stats results for variants called by BCFTools.', 'path_filters': ['./bcftools/variants/bcftools/*.txt']}}, {'snpeff': {'name': 'VARIANTS: SnpEff (BCFTools)', 'anchor': 'snpeff_bcftools', 'info': 'This section of the report shows SnpEff results for variants called by BCFTools.', 'path_filters': ['./bcftools/variants/snpeff/*.csv']}}, {'quast': {'name': 'VARIANTS: QUAST (BCFTools)', 'anchor': 'quast_bcftools', 'info': 'This section of the report shows QUAST results for consensus sequence generated from BCFTools variants.', 'path_filters': ['./bcftools/consensus/quast/*.tsv']}}, {'cutadapt': {'name': 'ASSEMBLY: Cutadapt (primer trimming)', 'info': 'This section of the report shows Cutadapt results for reads after primer sequence trimming.'}}, {'fastqc': {'name': 'ASSEMBLY: FastQC (primer trimming)', 'anchor': 'fastqc_cutadapt', 'info': 'This section of the report shows FastQC results for reads after primer sequence trimming with Cutadapt.', 'path_filters': ['./cutadapt/fastqc/*.zip']}}, {'kraken': {'name': 'ASSEMBLY: Kraken 2', 'info': 'This section of the report shows Kraken 2 classification results for reads after primer sequence trimming with Cutadapt.'}}, {'quast': {'name': 'ASSEMBLY: QUAST (SPAdes)', 'anchor': 'quast_spades', 'info': 'This section of the report shows QUAST results from SPAdes de novo assembly.', 'path_filters': ['./spades/quast/*.tsv']}}, {'bcftools': {'name': 'ASSEMBLY: BCFTools (SPAdes)', 'anchor': 'bcftools_spades', 'info': 'This section of the report shows BCFTools stats results for variants called in the SPAdes assembly relative to the reference.', 'path_filters': ['./spades/bcftools/*.txt']}}, {'snpeff': {'name': 'ASSEMBLY: SnpEff (SPAdes)', 'anchor': 'snpeff_spades', 'info': 'This section of the report shows SnpEff results for variants called in the SPAdes assembly relative to the reference.', 'path_filters': ['./spades/snpeff/*.csv']}}, {'quast': {'name': 'ASSEMBLY: QUAST (MetaSPAdes)', 'anchor': 'quast_metaspades', 'info': 'This section of the report shows QUAST results from MetaSPAdes de novo assembly.', 'path_filters': ['./metaspades/quast/*.tsv']}}, {'bcftools': {'name': 'ASSEMBLY: BCFTools (MetaSPAdes)', 'anchor': 'bcftools_metaspades', 'info': 'This section of the report shows BCFTools stats results for variants called in the MetaSPAdes assembly relative to the reference.', 'path_filters': ['./metaspades/bcftools/*.txt']}}, {'snpeff': {'name': 'ASSEMBLY: SnpEff (MetaSPAdes)', 'anchor': 'snpeff_metaspades', 'info': 'This section of the report shows SnpEff results for variants called in the MetaSPAdes assembly relative to the reference.', 'path_filters': ['./metaspades/snpeff/*.csv']}}, {'quast': {'name': 'ASSEMBLY: QUAST (Unicycler)', 'anchor': 'quast_unicycler', 'info': 'This section of the report shows QUAST results from Unicycler de novo assembly.', 'path_filters': ['./unicycler/quast/*.tsv']}}, {'bcftools': {'name': 'ASSEMBLY: BCFTools (Unicycler)', 'anchor': 'bcftools_unicycler', 'info': 'This section of the report shows BCFTools stats results for variants called in the Unicycler assembly relative to the reference.', 'path_filters': ['./unicycler/bcftools/*.txt']}}, {'snpeff': {'name': 'ASSEMBLY: SnpEff (Unicycler)', 'anchor': 'snpeff_unicycler', 'info': 'This section of the report shows SnpEff results for variants called in the Unicycler assembly relative to the reference.', 'path_filters': ['./unicycler/snpeff/*.csv']}}, {'quast': {'name': 'ASSEMBLY: QUAST (minia)', 'anchor': 'quast_minia', 'info': 'This section of the report shows QUAST results from minia de novo assembly.', 'path_filters': ['./minia/quast/*.tsv']}}, {'bcftools': {'name': 'ASSEMBLY: BCFTools (minia)', 'anchor': 'bcftools_minia', 'info': 'This section of the report shows BCFTools stats results for variants called in the minia assembly relative to the reference.', 'path_filters': ['./minia/bcftools/*.txt']}}, {'snpeff': {'name': 'ASSEMBLY: SnpEff (minia)', 'anchor': 'snpeff_minia', 'info': 'This section of the report shows SnpEff results for variants called in the minia assembly relative to the reference.', 'path_filters': ['./minia/snpeff/*.csv']}}]
[2021-03-08 15:35:54,426] multiqc                                            [DEBUG  ]  New config 'report_section_order': {'summary_assembly_metrics': {'before': 'summary_variants_metrics'}, 'ivar_variants': {'before': 'quast_varscan2'}, 'software_versions': {'order': -1001}, 'nf-core-viralrecon-summary': {'order': -1002}}
[2021-03-08 15:35:54,426] multiqc                                            [DEBUG  ]  New config 'bcftools': {'collapse_complementary_changes': True}
[2021-03-08 15:35:54,426] multiqc                                            [DEBUG  ]  New config 'custom_plot_config': {'picard_insert_size': {'cpswitch_c_active': False, 'smooth_points': 1000}}
[2021-03-08 15:35:54,427] multiqc                                            [DEBUG  ]  Added to filename clean extensions: ['.trim', '.bowtie2', '.mkD', '.ptrim', '.highfreq', '.lowfreq', '.consensus', '.snpEff', '.scaffolds', '.kraken2', {'type': 'regex', 'pattern': '.(AF|k)[0-9]+.*'}]
[2021-03-08 15:35:54,427] multiqc                                            [DEBUG  ]  Added to filename patterns: {'fastp': {'fn': '*.fastp.json'}, 'bowtie2': {'fn': '*.bowtie2.log'}, 'ivar/trim': {'fn': '*.ivar.log'}, 'mosdepth/global_dist': {'fn': '*.global.dist.txt'}, 'varscan2/mpileup2cns': {'fn': '*.varscan2.log'}, 'cutadapt': {'fn': '*.cutadapt.log'}, 'picard/alignment_metrics': {'fn': '*.alignment_summary_metrics'}, 'picard/insertsize': {'fn': '*.insert_size_metrics'}, 'picard/markdups': {'fn': '*.MarkDuplicates.metrics.txt'}, 'picard/wgs_metrics': {'fn': '*.coverage_metrics'}, 'picard/basedistributionbycycle': {'skip': True}, 'picard/gcbias': {'skip': True}, 'picard/hsmetrics': {'skip': True}, 'picard/oxogmetrics': {'skip': True}, 'picard/pcr_metrics': {'skip': True}, 'picard/quality_by_cycle': {'skip': True}, 'picard/quality_score_distribution': {'skip': True}, 'picard/quality_yield_metrics': {'skip': True}, 'picard/rnaseqmetrics': {'skip': True}, 'picard/rrbs_metrics': {'skip': True}, 'picard/sam_file_validation': {'skip': True}, 'picard/variant_calling_metrics': {'skip': True}}
[2021-03-08 15:35:54,427] multiqc                                            [DEBUG  ]  Command used: /home/smonzon/test_training_viralrecon/work/conda/nf-core-viralrecon-1.2.0dev-3fb10bb8a332a0381f3a6f1a0bab1f62/bin/multiqc . -f
[2021-03-08 15:35:54,858] multiqc                                            [DEBUG  ]  Latest MultiQC version is v1.9
[2021-03-08 15:35:54,858] multiqc                                            [INFO   ]  This is MultiQC v1.9
[2021-03-08 15:35:54,858] multiqc                                            [DEBUG  ]  Command     : /home/smonzon/test_training_viralrecon/work/conda/nf-core-viralrecon-1.2.0dev-3fb10bb8a332a0381f3a6f1a0bab1f62/bin/multiqc . -f
[2021-03-08 15:35:54,858] multiqc                                            [DEBUG  ]  Working dir : /home/smonzon/test_training_viralrecon/work/ae/f916ba640aa277a4258139d1560f90
[2021-03-08 15:35:54,859] multiqc                                            [INFO   ]  Template    : default
[2021-03-08 15:35:54,859] multiqc                                            [DEBUG  ]  Running Python 3.6.11 | packaged by conda-forge | (default, Nov 27 2020, 18:57:37)  [GCC 9.3.0]
[2021-03-08 15:35:54,859] multiqc                                            [INFO   ]  Searching   : /home/smonzon/test_training_viralrecon/work/ae/f916ba640aa277a4258139d1560f90
[2021-03-08 15:35:54,862] multiqc                                            [INFO   ]  Only using modules custom_content, fastqc, fastp, bowtie2, samtools, picard, mosdepth, varscan2, ivar, bcftools, snpeff, quast, cutadapt, kraken
[2021-03-08 15:35:54,863] multiqc                                            [INFO   ]  Excluding modules 'general_stats'
[2021-03-08 15:35:54,863] multiqc                                            [DEBUG  ]  Analysing modules: custom_content, fastqc, fastp, fastqc, bowtie2, samtools, ivar, samtools, samtools, picard, mosdepth, varscan2, bcftools, snpeff, quast, bcftools, snpeff, quast, bcftools, snpeff, quast, cutadapt, fastqc, kraken, quast, bcftools, snpeff, quast, bcftools, snpeff, quast, bcftools, snpeff, quast, bcftools, snpeff
[2021-03-08 15:35:54,863] multiqc                                            [DEBUG  ]  Using temporary directory for creating report: /tmp/tmpx07uhf9i
[2021-03-08 15:35:55,014] multiqc                                            [WARNING]  Skipping search pattern: picard/basedistributionbycycle
[2021-03-08 15:35:55,015] multiqc                                            [WARNING]  Skipping search pattern: picard/gcbias
[2021-03-08 15:35:55,015] multiqc                                            [WARNING]  Skipping search pattern: picard/hsmetrics
[2021-03-08 15:35:55,015] multiqc                                            [WARNING]  Skipping search pattern: picard/oxogmetrics
[2021-03-08 15:35:55,015] multiqc                                            [WARNING]  Skipping search pattern: picard/pcr_metrics
[2021-03-08 15:35:55,015] multiqc                                            [WARNING]  Skipping search pattern: picard/quality_by_cycle
[2021-03-08 15:35:55,015] multiqc                                            [WARNING]  Skipping search pattern: picard/quality_score_distribution
[2021-03-08 15:35:55,015] multiqc                                            [WARNING]  Skipping search pattern: picard/quality_yield_metrics
[2021-03-08 15:35:55,015] multiqc                                            [WARNING]  Skipping search pattern: picard/rnaseqmetrics
[2021-03-08 15:35:55,015] multiqc                                            [WARNING]  Skipping search pattern: picard/rrbs_metrics
[2021-03-08 15:35:55,016] multiqc                                            [WARNING]  Skipping search pattern: picard/sam_file_validation
[2021-03-08 15:35:55,016] multiqc                                            [WARNING]  Skipping search pattern: picard/variant_calling_metrics
[2021-03-08 15:35:55,016] multiqc                                            [DEBUG  ]  Ignored 197 search patterns as didn't match running modules.
[2021-03-08 15:35:55,017] multiqc                                            [DEBUG  ]  Ignoring directory as matched fn_ignore_dirs: ./multiqc_data
[2021-03-08 15:35:55,031] multiqc                                            [DEBUG  ]  Ignoring file as matched an ignore pattern: multiqc_report.html
[2021-03-08 15:35:55,685] multiqc.plots.bargraph                             [DEBUG  ]  Using matplotlib version 3.3.4
[2021-03-08 15:35:55,686] multiqc.plots.linegraph                            [DEBUG  ]  Using matplotlib version 3.3.4
[2021-03-08 15:35:55,696] multiqc.modules.custom_content.custom_content      [INFO   ]  nf-core-viralrecon-summary: Found 1 sample (html)
[2021-03-08 15:35:55,714] multiqc.modules.custom_content.custom_content      [INFO   ]  summary_assembly_metrics: Found 3 samples (table)
[2021-03-08 15:35:55,735] multiqc.modules.custom_content.custom_content      [INFO   ]  summary_variants_metrics: Found 3 samples (table)
[2021-03-08 15:35:55,735] multiqc.modules.custom_content.custom_content      [INFO   ]  software_versions: Found 1 sample (html)
[2021-03-08 15:35:55,742] multiqc.modules.base_module                        [DEBUG  ]  fastqc/zip - Selecting 'SAMPLE2_PE_1.merged_fastqc.zip' as it matched the path_filters for 'PREPROCESS: FastQC (raw reads)'
[2021-03-08 15:35:55,762] multiqc.modules.base_module                        [DEBUG  ]  fastqc/zip - Selecting 'SAMPLE1_PE_2.merged_fastqc.zip' as it matched the path_filters for 'PREPROCESS: FastQC (raw reads)'
[2021-03-08 15:35:55,783] multiqc.modules.base_module                        [DEBUG  ]  fastqc/zip - Selecting 'SAMPLE2_PE_2.merged_fastqc.zip' as it matched the path_filters for 'PREPROCESS: FastQC (raw reads)'
[2021-03-08 15:35:55,802] multiqc.modules.base_module                        [DEBUG  ]  fastqc/zip - Selecting 'SAMPLE3_SE.merged_fastqc.zip' as it matched the path_filters for 'PREPROCESS: FastQC (raw reads)'
[2021-03-08 15:35:55,822] multiqc.modules.base_module                        [DEBUG  ]  fastqc/zip - Selecting 'SAMPLE1_PE_1.merged_fastqc.zip' as it matched the path_filters for 'PREPROCESS: FastQC (raw reads)'
[2021-03-08 15:35:55,842] multiqc.modules.base_module                        [DEBUG  ]  fastqc/zip - Skipping 'SAMPLE3_SE.trim_fastqc.zip' as it didn't match the path_filters for 'PREPROCESS: FastQC (raw reads)'
[2021-03-08 15:35:55,842] multiqc.modules.base_module                        [DEBUG  ]  fastqc/zip - Skipping 'SAMPLE2_PE_2.trim_fastqc.zip' as it didn't match the path_filters for 'PREPROCESS: FastQC (raw reads)'
[2021-03-08 15:35:55,842] multiqc.modules.base_module                        [DEBUG  ]  fastqc/zip - Skipping 'SAMPLE1_PE_1.trim_fastqc.zip' as it didn't match the path_filters for 'PREPROCESS: FastQC (raw reads)'
[2021-03-08 15:35:55,842] multiqc.modules.base_module                        [DEBUG  ]  fastqc/zip - Skipping 'SAMPLE2_PE_1.trim_fastqc.zip' as it didn't match the path_filters for 'PREPROCESS: FastQC (raw reads)'
[2021-03-08 15:35:55,842] multiqc.modules.base_module                        [DEBUG  ]  fastqc/zip - Skipping 'SAMPLE1_PE_2.trim_fastqc.zip' as it didn't match the path_filters for 'PREPROCESS: FastQC (raw reads)'
[2021-03-08 15:35:55,842] multiqc.modules.base_module                        [DEBUG  ]  fastqc/zip - Skipping 'SAMPLE1_PE_2.ptrim_fastqc.zip' as it didn't match the path_filters for 'PREPROCESS: FastQC (raw reads)'
[2021-03-08 15:35:55,843] multiqc.modules.base_module                        [DEBUG  ]  fastqc/zip - Skipping 'SAMPLE1_PE_1.ptrim_fastqc.zip' as it didn't match the path_filters for 'PREPROCESS: FastQC (raw reads)'
[2021-03-08 15:35:55,843] multiqc.modules.base_module                        [DEBUG  ]  fastqc/zip - Skipping 'SAMPLE2_PE_2.ptrim_fastqc.zip' as it didn't match the path_filters for 'PREPROCESS: FastQC (raw reads)'
[2021-03-08 15:35:55,843] multiqc.modules.base_module                        [DEBUG  ]  fastqc/zip - Skipping 'SAMPLE3_SE.ptrim_fastqc.zip' as it didn't match the path_filters for 'PREPROCESS: FastQC (raw reads)'
[2021-03-08 15:35:55,843] multiqc.modules.base_module                        [DEBUG  ]  fastqc/zip - Skipping 'SAMPLE2_PE_1.ptrim_fastqc.zip' as it didn't match the path_filters for 'PREPROCESS: FastQC (raw reads)'
[2021-03-08 15:35:55,843] multiqc.modules.fastqc.fastqc                      [INFO   ]  Found 5 reports
[2021-03-08 15:35:56,031] multiqc.modules.fastp.fastp                        [DEBUG  ]  fastp JSON did not have a 'adapter_cutting' key, skipping: 'SAMPLE3_SE.fastp.json'
[2021-03-08 15:35:56,031] multiqc.modules.fastp.fastp                        [DEBUG  ]  Could not calculate 'pct_adapter': SAMPLE3_SE.fastp.json
[2021-03-08 15:35:56,031] multiqc.modules.fastp.fastp                        [DEBUG  ]  No insert size plot data: SAMPLE3_SE.fastp.json
[2021-03-08 15:35:56,032] multiqc.modules.fastp.fastp                        [DEBUG  ]  Read quality read2_before_filtering not found: SAMPLE3_SE.fastp.json
[2021-03-08 15:35:56,032] multiqc.modules.fastp.fastp                        [DEBUG  ]  Content curve data read2_before_filtering not found: SAMPLE3_SE.fastp.json
[2021-03-08 15:35:56,032] multiqc.modules.fastp.fastp                        [DEBUG  ]  Read quality read2_after_filtering not found: SAMPLE3_SE.fastp.json
[2021-03-08 15:35:56,032] multiqc.modules.fastp.fastp                        [DEBUG  ]  Content curve data read2_after_filtering not found: SAMPLE3_SE.fastp.json
[2021-03-08 15:35:56,044] multiqc.modules.fastp.fastp                        [INFO   ]  Found 3 reports
[2021-03-08 15:35:58,637] multiqc.modules.base_module                        [DEBUG  ]  fastqc/zip - Skipping 'SAMPLE2_PE_1.merged_fastqc.zip' as it didn't match the path_filters for 'PREPROCESS: FastQC (adapter trimming)'
[2021-03-08 15:35:58,637] multiqc.modules.base_module                        [DEBUG  ]  fastqc/zip - Skipping 'SAMPLE1_PE_2.merged_fastqc.zip' as it didn't match the path_filters for 'PREPROCESS: FastQC (adapter trimming)'
[2021-03-08 15:35:58,637] multiqc.modules.base_module                        [DEBUG  ]  fastqc/zip - Skipping 'SAMPLE2_PE_2.merged_fastqc.zip' as it didn't match the path_filters for 'PREPROCESS: FastQC (adapter trimming)'
[2021-03-08 15:35:58,637] multiqc.modules.base_module                        [DEBUG  ]  fastqc/zip - Skipping 'SAMPLE3_SE.merged_fastqc.zip' as it didn't match the path_filters for 'PREPROCESS: FastQC (adapter trimming)'
[2021-03-08 15:35:58,637] multiqc.modules.base_module                        [DEBUG  ]  fastqc/zip - Skipping 'SAMPLE1_PE_1.merged_fastqc.zip' as it didn't match the path_filters for 'PREPROCESS: FastQC (adapter trimming)'
[2021-03-08 15:35:58,638] multiqc.modules.base_module                        [DEBUG  ]  fastqc/zip - Selecting 'SAMPLE3_SE.trim_fastqc.zip' as it matched the path_filters for 'PREPROCESS: FastQC (adapter trimming)'
[2021-03-08 15:35:58,657] multiqc.modules.base_module                        [DEBUG  ]  fastqc/zip - Selecting 'SAMPLE2_PE_2.trim_fastqc.zip' as it matched the path_filters for 'PREPROCESS: FastQC (adapter trimming)'
[2021-03-08 15:35:58,676] multiqc.modules.base_module                        [DEBUG  ]  fastqc/zip - Selecting 'SAMPLE1_PE_1.trim_fastqc.zip' as it matched the path_filters for 'PREPROCESS: FastQC (adapter trimming)'
[2021-03-08 15:35:58,694] multiqc.modules.base_module                        [DEBUG  ]  fastqc/zip - Selecting 'SAMPLE2_PE_1.trim_fastqc.zip' as it matched the path_filters for 'PREPROCESS: FastQC (adapter trimming)'
[2021-03-08 15:35:58,713] multiqc.modules.base_module                        [DEBUG  ]  fastqc/zip - Selecting 'SAMPLE1_PE_2.trim_fastqc.zip' as it matched the path_filters for 'PREPROCESS: FastQC (adapter trimming)'
[2021-03-08 15:35:58,732] multiqc.modules.base_module                        [DEBUG  ]  fastqc/zip - Skipping 'SAMPLE1_PE_2.ptrim_fastqc.zip' as it didn't match the path_filters for 'PREPROCESS: FastQC (adapter trimming)'
[2021-03-08 15:35:58,732] multiqc.modules.base_module                        [DEBUG  ]  fastqc/zip - Skipping 'SAMPLE1_PE_1.ptrim_fastqc.zip' as it didn't match the path_filters for 'PREPROCESS: FastQC (adapter trimming)'
[2021-03-08 15:35:58,732] multiqc.modules.base_module                        [DEBUG  ]  fastqc/zip - Skipping 'SAMPLE2_PE_2.ptrim_fastqc.zip' as it didn't match the path_filters for 'PREPROCESS: FastQC (adapter trimming)'
[2021-03-08 15:35:58,732] multiqc.modules.base_module                        [DEBUG  ]  fastqc/zip - Skipping 'SAMPLE3_SE.ptrim_fastqc.zip' as it didn't match the path_filters for 'PREPROCESS: FastQC (adapter trimming)'
[2021-03-08 15:35:58,732] multiqc.modules.base_module                        [DEBUG  ]  fastqc/zip - Skipping 'SAMPLE2_PE_1.ptrim_fastqc.zip' as it didn't match the path_filters for 'PREPROCESS: FastQC (adapter trimming)'
[2021-03-08 15:35:58,732] multiqc.modules.fastqc.fastqc                      [INFO   ]  Found 5 reports
[2021-03-08 15:35:58,909] multiqc.modules.bowtie2.bowtie2                    [INFO   ]  Found 3 reports
[2021-03-08 15:35:58,927] multiqc.modules.base_module                        [DEBUG  ]  samtools/stats - Skipping 'SAMPLE2_PE.trim.sorted.bam.stats' as it didn't match the path_filters for 'VARIANTS: SAMTools (raw)'
[2021-03-08 15:35:58,927] multiqc.modules.base_module                        [DEBUG  ]  samtools/stats - Skipping 'SAMPLE3_SE.trim.sorted.bam.stats' as it didn't match the path_filters for 'VARIANTS: SAMTools (raw)'
[2021-03-08 15:35:58,927] multiqc.modules.base_module                        [DEBUG  ]  samtools/stats - Skipping 'SAMPLE1_PE.trim.sorted.bam.stats' as it didn't match the path_filters for 'VARIANTS: SAMTools (raw)'
[2021-03-08 15:35:58,927] multiqc.modules.base_module                        [DEBUG  ]  samtools/stats - Selecting 'SAMPLE3_SE.sorted.bam.stats' as it matched the path_filters for 'VARIANTS: SAMTools (raw)'
[2021-03-08 15:35:58,928] multiqc.modules.base_module                        [DEBUG  ]  samtools/stats - Selecting 'SAMPLE2_PE.sorted.bam.stats' as it matched the path_filters for 'VARIANTS: SAMTools (raw)'
[2021-03-08 15:35:58,929] multiqc.modules.base_module                        [DEBUG  ]  samtools/stats - Selecting 'SAMPLE1_PE.sorted.bam.stats' as it matched the path_filters for 'VARIANTS: SAMTools (raw)'
[2021-03-08 15:35:58,950] multiqc.modules.samtools.samtools                  [INFO   ]  Found 3 stats reports
[2021-03-08 15:35:58,950] multiqc.modules.base_module                        [DEBUG  ]  samtools/flagstat - Skipping 'SAMPLE3_SE.trim.sorted.bam.flagstat' as it didn't match the path_filters for 'VARIANTS: SAMTools (raw)'
[2021-03-08 15:35:58,950] multiqc.modules.base_module                        [DEBUG  ]  samtools/flagstat - Skipping 'SAMPLE1_PE.trim.sorted.bam.flagstat' as it didn't match the path_filters for 'VARIANTS: SAMTools (raw)'
[2021-03-08 15:35:58,950] multiqc.modules.base_module                        [DEBUG  ]  samtools/flagstat - Skipping 'SAMPLE2_PE.trim.sorted.bam.flagstat' as it didn't match the path_filters for 'VARIANTS: SAMTools (raw)'
[2021-03-08 15:35:58,950] multiqc.modules.base_module                        [DEBUG  ]  samtools/flagstat - Selecting 'SAMPLE2_PE.sorted.bam.flagstat' as it matched the path_filters for 'VARIANTS: SAMTools (raw)'
[2021-03-08 15:35:58,956] multiqc.modules.base_module                        [DEBUG  ]  samtools/flagstat - Selecting 'SAMPLE1_PE.sorted.bam.flagstat' as it matched the path_filters for 'VARIANTS: SAMTools (raw)'
[2021-03-08 15:35:58,956] multiqc.modules.base_module                        [DEBUG  ]  samtools/flagstat - Selecting 'SAMPLE3_SE.sorted.bam.flagstat' as it matched the path_filters for 'VARIANTS: SAMTools (raw)'
[2021-03-08 15:35:58,969] multiqc.modules.samtools.samtools                  [INFO   ]  Found 3 flagstat reports
[2021-03-08 15:35:58,969] multiqc.modules.base_module                        [DEBUG  ]  samtools/idxstats - Skipping 'SAMPLE3_SE.trim.sorted.bam.idxstats' as it didn't match the path_filters for 'VARIANTS: SAMTools (raw)'
[2021-03-08 15:35:58,969] multiqc.modules.base_module                        [DEBUG  ]  samtools/idxstats - Skipping 'SAMPLE2_PE.trim.sorted.bam.idxstats' as it didn't match the path_filters for 'VARIANTS: SAMTools (raw)'
[2021-03-08 15:35:58,970] multiqc.modules.base_module                        [DEBUG  ]  samtools/idxstats - Skipping 'SAMPLE1_PE.trim.sorted.bam.idxstats' as it didn't match the path_filters for 'VARIANTS: SAMTools (raw)'
[2021-03-08 15:35:58,970] multiqc.modules.base_module                        [DEBUG  ]  samtools/idxstats - Selecting 'SAMPLE3_SE.sorted.bam.idxstats' as it matched the path_filters for 'VARIANTS: SAMTools (raw)'
[2021-03-08 15:35:58,970] multiqc.modules.base_module                        [DEBUG  ]  samtools/idxstats - Selecting 'SAMPLE2_PE.sorted.bam.idxstats' as it matched the path_filters for 'VARIANTS: SAMTools (raw)'
[2021-03-08 15:35:58,970] multiqc.modules.base_module                        [DEBUG  ]  samtools/idxstats - Selecting 'SAMPLE1_PE.sorted.bam.idxstats' as it matched the path_filters for 'VARIANTS: SAMTools (raw)'
[2021-03-08 15:35:58,973] multiqc.modules.samtools.samtools                  [INFO   ]  Found 3 idxstats reports
[2021-03-08 15:35:58,984] multiqc.modules.ivar.ivar                          [INFO   ]  Found 3 reports
[2021-03-08 15:35:59,053] multiqc.modules.base_module                        [DEBUG  ]  samtools/stats - Selecting 'SAMPLE2_PE.trim.sorted.bam.stats' as it matched the path_filters for 'VARIANTS: SAMTools (iVar)'
[2021-03-08 15:35:59,054] multiqc.modules.base_module                        [DEBUG  ]  samtools/stats - Selecting 'SAMPLE3_SE.trim.sorted.bam.stats' as it matched the path_filters for 'VARIANTS: SAMTools (iVar)'
[2021-03-08 15:35:59,055] multiqc.modules.base_module                        [DEBUG  ]  samtools/stats - Selecting 'SAMPLE1_PE.trim.sorted.bam.stats' as it matched the path_filters for 'VARIANTS: SAMTools (iVar)'
[2021-03-08 15:35:59,057] multiqc.modules.base_module                        [DEBUG  ]  samtools/stats - Skipping 'SAMPLE3_SE.sorted.bam.stats' as it didn't match the path_filters for 'VARIANTS: SAMTools (iVar)'
[2021-03-08 15:35:59,057] multiqc.modules.base_module                        [DEBUG  ]  samtools/stats - Skipping 'SAMPLE2_PE.sorted.bam.stats' as it didn't match the path_filters for 'VARIANTS: SAMTools (iVar)'
[2021-03-08 15:35:59,057] multiqc.modules.base_module                        [DEBUG  ]  samtools/stats - Skipping 'SAMPLE1_PE.sorted.bam.stats' as it didn't match the path_filters for 'VARIANTS: SAMTools (iVar)'
[2021-03-08 15:35:59,075] multiqc.modules.samtools.samtools                  [INFO   ]  Found 3 stats reports
[2021-03-08 15:35:59,075] multiqc.modules.base_module                        [DEBUG  ]  samtools/flagstat - Selecting 'SAMPLE3_SE.trim.sorted.bam.flagstat' as it matched the path_filters for 'VARIANTS: SAMTools (iVar)'
[2021-03-08 15:35:59,076] multiqc.modules.base_module                        [DEBUG  ]  samtools/flagstat - Selecting 'SAMPLE1_PE.trim.sorted.bam.flagstat' as it matched the path_filters for 'VARIANTS: SAMTools (iVar)'
[2021-03-08 15:35:59,076] multiqc.modules.base_module                        [DEBUG  ]  samtools/flagstat - Selecting 'SAMPLE2_PE.trim.sorted.bam.flagstat' as it matched the path_filters for 'VARIANTS: SAMTools (iVar)'
[2021-03-08 15:35:59,077] multiqc.modules.base_module                        [DEBUG  ]  samtools/flagstat - Skipping 'SAMPLE2_PE.sorted.bam.flagstat' as it didn't match the path_filters for 'VARIANTS: SAMTools (iVar)'
[2021-03-08 15:35:59,077] multiqc.modules.base_module                        [DEBUG  ]  samtools/flagstat - Skipping 'SAMPLE1_PE.sorted.bam.flagstat' as it didn't match the path_filters for 'VARIANTS: SAMTools (iVar)'
[2021-03-08 15:35:59,077] multiqc.modules.base_module                        [DEBUG  ]  samtools/flagstat - Skipping 'SAMPLE3_SE.sorted.bam.flagstat' as it didn't match the path_filters for 'VARIANTS: SAMTools (iVar)'
[2021-03-08 15:35:59,090] multiqc.modules.samtools.samtools                  [INFO   ]  Found 3 flagstat reports
[2021-03-08 15:35:59,090] multiqc.modules.base_module                        [DEBUG  ]  samtools/idxstats - Selecting 'SAMPLE3_SE.trim.sorted.bam.idxstats' as it matched the path_filters for 'VARIANTS: SAMTools (iVar)'
[2021-03-08 15:35:59,090] multiqc.modules.base_module                        [DEBUG  ]  samtools/idxstats - Selecting 'SAMPLE2_PE.trim.sorted.bam.idxstats' as it matched the path_filters for 'VARIANTS: SAMTools (iVar)'
[2021-03-08 15:35:59,090] multiqc.modules.base_module                        [DEBUG  ]  samtools/idxstats - Selecting 'SAMPLE1_PE.trim.sorted.bam.idxstats' as it matched the path_filters for 'VARIANTS: SAMTools (iVar)'
[2021-03-08 15:35:59,091] multiqc.modules.base_module                        [DEBUG  ]  samtools/idxstats - Skipping 'SAMPLE3_SE.sorted.bam.idxstats' as it didn't match the path_filters for 'VARIANTS: SAMTools (iVar)'
[2021-03-08 15:35:59,091] multiqc.modules.base_module                        [DEBUG  ]  samtools/idxstats - Skipping 'SAMPLE2_PE.sorted.bam.idxstats' as it didn't match the path_filters for 'VARIANTS: SAMTools (iVar)'
[2021-03-08 15:35:59,091] multiqc.modules.base_module                        [DEBUG  ]  samtools/idxstats - Skipping 'SAMPLE1_PE.sorted.bam.idxstats' as it didn't match the path_filters for 'VARIANTS: SAMTools (iVar)'
[2021-03-08 15:35:59,093] multiqc.modules.samtools.samtools                  [INFO   ]  Found 3 idxstats reports
[2021-03-08 15:35:59,099] multiqc.modules.base_module                        [DEBUG  ]  samtools/stats - Skipping 'SAMPLE2_PE.trim.sorted.bam.stats' as it didn't match the path_filters for 'VARIANTS: SAMTools (MarkDuplicates)'
[2021-03-08 15:35:59,099] multiqc.modules.base_module                        [DEBUG  ]  samtools/stats - Skipping 'SAMPLE3_SE.trim.sorted.bam.stats' as it didn't match the path_filters for 'VARIANTS: SAMTools (MarkDuplicates)'
[2021-03-08 15:35:59,099] multiqc.modules.base_module                        [DEBUG  ]  samtools/stats - Skipping 'SAMPLE1_PE.trim.sorted.bam.stats' as it didn't match the path_filters for 'VARIANTS: SAMTools (MarkDuplicates)'
[2021-03-08 15:35:59,099] multiqc.modules.base_module                        [DEBUG  ]  samtools/stats - Skipping 'SAMPLE3_SE.sorted.bam.stats' as it didn't match the path_filters for 'VARIANTS: SAMTools (MarkDuplicates)'
[2021-03-08 15:35:59,099] multiqc.modules.base_module                        [DEBUG  ]  samtools/stats - Skipping 'SAMPLE2_PE.sorted.bam.stats' as it didn't match the path_filters for 'VARIANTS: SAMTools (MarkDuplicates)'
[2021-03-08 15:35:59,099] multiqc.modules.base_module                        [DEBUG  ]  samtools/stats - Skipping 'SAMPLE1_PE.sorted.bam.stats' as it didn't match the path_filters for 'VARIANTS: SAMTools (MarkDuplicates)'
[2021-03-08 15:35:59,100] multiqc.modules.base_module                        [DEBUG  ]  samtools/flagstat - Skipping 'SAMPLE3_SE.trim.sorted.bam.flagstat' as it didn't match the path_filters for 'VARIANTS: SAMTools (MarkDuplicates)'
[2021-03-08 15:35:59,100] multiqc.modules.base_module                        [DEBUG  ]  samtools/flagstat - Skipping 'SAMPLE1_PE.trim.sorted.bam.flagstat' as it didn't match the path_filters for 'VARIANTS: SAMTools (MarkDuplicates)'
[2021-03-08 15:35:59,100] multiqc.modules.base_module                        [DEBUG  ]  samtools/flagstat - Skipping 'SAMPLE2_PE.trim.sorted.bam.flagstat' as it didn't match the path_filters for 'VARIANTS: SAMTools (MarkDuplicates)'
[2021-03-08 15:35:59,100] multiqc.modules.base_module                        [DEBUG  ]  samtools/flagstat - Skipping 'SAMPLE2_PE.sorted.bam.flagstat' as it didn't match the path_filters for 'VARIANTS: SAMTools (MarkDuplicates)'
[2021-03-08 15:35:59,100] multiqc.modules.base_module                        [DEBUG  ]  samtools/flagstat - Skipping 'SAMPLE1_PE.sorted.bam.flagstat' as it didn't match the path_filters for 'VARIANTS: SAMTools (MarkDuplicates)'
[2021-03-08 15:35:59,100] multiqc.modules.base_module                        [DEBUG  ]  samtools/flagstat - Skipping 'SAMPLE3_SE.sorted.bam.flagstat' as it didn't match the path_filters for 'VARIANTS: SAMTools (MarkDuplicates)'
[2021-03-08 15:35:59,100] multiqc.modules.base_module                        [DEBUG  ]  samtools/idxstats - Skipping 'SAMPLE3_SE.trim.sorted.bam.idxstats' as it didn't match the path_filters for 'VARIANTS: SAMTools (MarkDuplicates)'
[2021-03-08 15:35:59,100] multiqc.modules.base_module                        [DEBUG  ]  samtools/idxstats - Skipping 'SAMPLE2_PE.trim.sorted.bam.idxstats' as it didn't match the path_filters for 'VARIANTS: SAMTools (MarkDuplicates)'
[2021-03-08 15:35:59,100] multiqc.modules.base_module                        [DEBUG  ]  samtools/idxstats - Skipping 'SAMPLE1_PE.trim.sorted.bam.idxstats' as it didn't match the path_filters for 'VARIANTS: SAMTools (MarkDuplicates)'
[2021-03-08 15:35:59,100] multiqc.modules.base_module                        [DEBUG  ]  samtools/idxstats - Skipping 'SAMPLE3_SE.sorted.bam.idxstats' as it didn't match the path_filters for 'VARIANTS: SAMTools (MarkDuplicates)'
[2021-03-08 15:35:59,100] multiqc.modules.base_module                        [DEBUG  ]  samtools/idxstats - Skipping 'SAMPLE2_PE.sorted.bam.idxstats' as it didn't match the path_filters for 'VARIANTS: SAMTools (MarkDuplicates)'
[2021-03-08 15:35:59,100] multiqc.modules.base_module                        [DEBUG  ]  samtools/idxstats - Skipping 'SAMPLE1_PE.sorted.bam.idxstats' as it didn't match the path_filters for 'VARIANTS: SAMTools (MarkDuplicates)'
[2021-03-08 15:35:59,100] multiqc                                            [DEBUG  ]  No samples found: samtools
[2021-03-08 15:35:59,123] multiqc.modules.picard.picard                      [INFO   ]  Found 3 AlignmentSummaryMetrics reports
[2021-03-08 15:35:59,133] multiqc.modules.picard.picard                      [INFO   ]  Found 2 InsertSizeMetrics reports
[2021-03-08 15:36:06,745] multiqc.modules.picard.picard                      [INFO   ]  Found 3 WgsMetrics reports
[2021-03-08 15:36:06,769] multiqc.modules.mosdepth.mosdepth                  [INFO   ]  Found 3 reports
[2021-03-08 15:36:06,831] multiqc.modules.mosdepth.mosdepth                  [DEBUG  ]  Using default coverage thresholds: 1, 5, 10, 30, 50
[2021-03-08 15:36:06,848] multiqc.modules.varscan2.varscan2                  [INFO   ]  Found 3 reports
[2021-03-08 15:36:06,855] multiqc.modules.base_module                        [DEBUG  ]  bcftools/stats - Skipping 'SAMPLE2_PE.bcftools_stats.txt' as it didn't match the path_filters for 'VARIANTS: BCFTools (VarScan 2; high freq)'
[2021-03-08 15:36:06,855] multiqc.modules.base_module                        [DEBUG  ]  bcftools/stats - Skipping 'SAMPLE1_PE.bcftools_stats.txt' as it didn't match the path_filters for 'VARIANTS: BCFTools (VarScan 2; high freq)'
[2021-03-08 15:36:06,855] multiqc.modules.base_module                        [DEBUG  ]  bcftools/stats - Selecting 'SAMPLE2_PE.AF0.8.bcftools_stats.txt' as it matched the path_filters for 'VARIANTS: BCFTools (VarScan 2; high freq)'
[2021-03-08 15:36:06,856] multiqc.modules.base_module                        [DEBUG  ]  bcftools/stats - Selecting 'SAMPLE1_PE.AF0.8.bcftools_stats.txt' as it matched the path_filters for 'VARIANTS: BCFTools (VarScan 2; high freq)'
[2021-03-08 15:36:06,856] multiqc.modules.base_module                        [DEBUG  ]  bcftools/stats - Selecting 'SAMPLE3_SE.AF0.8.bcftools_stats.txt' as it matched the path_filters for 'VARIANTS: BCFTools (VarScan 2; high freq)'
[2021-03-08 15:36:06,865] multiqc.modules.bcftools.bcftools                  [INFO   ]  Found 3 stats reports
[2021-03-08 15:36:06,871] multiqc.modules.base_module                        [DEBUG  ]  snpeff - Skipping 'SAMPLE1_PE.snpEff.csv' as it didn't match the path_filters for 'VARIANTS: SnpEff (VarScan 2; high freq)'
[2021-03-08 15:36:06,871] multiqc.modules.base_module                        [DEBUG  ]  snpeff - Skipping 'SAMPLE2_PE.snpEff.csv' as it didn't match the path_filters for 'VARIANTS: SnpEff (VarScan 2; high freq)'
[2021-03-08 15:36:06,871] multiqc.modules.base_module                        [DEBUG  ]  snpeff - Selecting 'SAMPLE1_PE.AF0.8.snpEff.csv' as it matched the path_filters for 'VARIANTS: SnpEff (VarScan 2; high freq)'
[2021-03-08 15:36:06,872] multiqc.modules.base_module                        [DEBUG  ]  snpeff - Selecting 'SAMPLE2_PE.AF0.8.snpEff.csv' as it matched the path_filters for 'VARIANTS: SnpEff (VarScan 2; high freq)'
[2021-03-08 15:36:06,873] multiqc.modules.base_module                        [DEBUG  ]  snpeff - Selecting 'SAMPLE3_SE.AF0.8.snpEff.csv' as it matched the path_filters for 'VARIANTS: SnpEff (VarScan 2; high freq)'
[2021-03-08 15:36:06,873] multiqc.modules.snpeff.snpeff                      [INFO   ]  Found 3 reports
[2021-03-08 15:36:06,884] multiqc.plots.bargraph                             [WARNING]  Tried to make bar plot, but had no data
[2021-03-08 15:36:06,888] multiqc.plots.bargraph                             [WARNING]  Tried to make bar plot, but had no data
[2021-03-08 15:36:06,897] multiqc.modules.base_module                        [DEBUG  ]  quast - Skipping 'report.tsv' as it didn't match the path_filters for 'VARIANTS: QUAST (VarScan 2; high freq)'
[2021-03-08 15:36:06,897] multiqc.modules.base_module                        [DEBUG  ]  quast - Selecting 'report.tsv' as it matched the path_filters for 'VARIANTS: QUAST (VarScan 2; high freq)'
[2021-03-08 15:36:06,898] multiqc.modules.quast.quast                        [INFO   ]  Found 3 reports
[2021-03-08 15:36:06,937] multiqc.modules.base_module                        [DEBUG  ]  bcftools/stats - Skipping 'SAMPLE2_PE.bcftools_stats.txt' as it didn't match the path_filters for 'VARIANTS: BCFTools (iVar; high freq)'
[2021-03-08 15:36:06,937] multiqc.modules.base_module                        [DEBUG  ]  bcftools/stats - Skipping 'SAMPLE1_PE.bcftools_stats.txt' as it didn't match the path_filters for 'VARIANTS: BCFTools (iVar; high freq)'
[2021-03-08 15:36:06,937] multiqc.modules.base_module                        [DEBUG  ]  bcftools/stats - Skipping 'SAMPLE2_PE.AF0.8.bcftools_stats.txt' as it didn't match the path_filters for 'VARIANTS: BCFTools (iVar; high freq)'
[2021-03-08 15:36:06,937] multiqc.modules.base_module                        [DEBUG  ]  bcftools/stats - Skipping 'SAMPLE1_PE.AF0.8.bcftools_stats.txt' as it didn't match the path_filters for 'VARIANTS: BCFTools (iVar; high freq)'
[2021-03-08 15:36:06,937] multiqc.modules.base_module                        [DEBUG  ]  bcftools/stats - Skipping 'SAMPLE3_SE.AF0.8.bcftools_stats.txt' as it didn't match the path_filters for 'VARIANTS: BCFTools (iVar; high freq)'
[2021-03-08 15:36:06,938] multiqc                                            [DEBUG  ]  No samples found: bcftools
[2021-03-08 15:36:06,944] multiqc.modules.base_module                        [DEBUG  ]  snpeff - Skipping 'SAMPLE1_PE.snpEff.csv' as it didn't match the path_filters for 'VARIANTS: SnpEff (iVar; high freq)'
[2021-03-08 15:36:06,944] multiqc.modules.base_module                        [DEBUG  ]  snpeff - Skipping 'SAMPLE2_PE.snpEff.csv' as it didn't match the path_filters for 'VARIANTS: SnpEff (iVar; high freq)'
[2021-03-08 15:36:06,944] multiqc.modules.base_module                        [DEBUG  ]  snpeff - Skipping 'SAMPLE1_PE.AF0.8.snpEff.csv' as it didn't match the path_filters for 'VARIANTS: SnpEff (iVar; high freq)'
[2021-03-08 15:36:06,944] multiqc.modules.base_module                        [DEBUG  ]  snpeff - Skipping 'SAMPLE2_PE.AF0.8.snpEff.csv' as it didn't match the path_filters for 'VARIANTS: SnpEff (iVar; high freq)'
[2021-03-08 15:36:06,944] multiqc.modules.base_module                        [DEBUG  ]  snpeff - Skipping 'SAMPLE3_SE.AF0.8.snpEff.csv' as it didn't match the path_filters for 'VARIANTS: SnpEff (iVar; high freq)'
[2021-03-08 15:36:06,944] multiqc                                            [DEBUG  ]  No samples found: snpeff
[2021-03-08 15:36:06,950] multiqc.modules.base_module                        [DEBUG  ]  quast - Skipping 'report.tsv' as it didn't match the path_filters for 'VARIANTS: QUAST (iVar; high freq)'
[2021-03-08 15:36:06,950] multiqc.modules.base_module                        [DEBUG  ]  quast - Skipping 'report.tsv' as it didn't match the path_filters for 'VARIANTS: QUAST (iVar; high freq)'
[2021-03-08 15:36:06,950] multiqc                                            [DEBUG  ]  No samples found: quast
[2021-03-08 15:36:06,956] multiqc.modules.base_module                        [DEBUG  ]  bcftools/stats - Skipping 'SAMPLE2_PE.bcftools_stats.txt' as it didn't match the path_filters for 'VARIANTS: BCFTools (BCFTools)'
[2021-03-08 15:36:06,956] multiqc.modules.base_module                        [DEBUG  ]  bcftools/stats - Skipping 'SAMPLE1_PE.bcftools_stats.txt' as it didn't match the path_filters for 'VARIANTS: BCFTools (BCFTools)'
[2021-03-08 15:36:06,956] multiqc.modules.base_module                        [DEBUG  ]  bcftools/stats - Skipping 'SAMPLE2_PE.AF0.8.bcftools_stats.txt' as it didn't match the path_filters for 'VARIANTS: BCFTools (BCFTools)'
[2021-03-08 15:36:06,956] multiqc.modules.base_module                        [DEBUG  ]  bcftools/stats - Skipping 'SAMPLE1_PE.AF0.8.bcftools_stats.txt' as it didn't match the path_filters for 'VARIANTS: BCFTools (BCFTools)'
[2021-03-08 15:36:06,956] multiqc.modules.base_module                        [DEBUG  ]  bcftools/stats - Skipping 'SAMPLE3_SE.AF0.8.bcftools_stats.txt' as it didn't match the path_filters for 'VARIANTS: BCFTools (BCFTools)'
[2021-03-08 15:36:06,956] multiqc                                            [DEBUG  ]  No samples found: bcftools
[2021-03-08 15:36:06,962] multiqc.modules.base_module                        [DEBUG  ]  snpeff - Skipping 'SAMPLE1_PE.snpEff.csv' as it didn't match the path_filters for 'VARIANTS: SnpEff (BCFTools)'
[2021-03-08 15:36:06,962] multiqc.modules.base_module                        [DEBUG  ]  snpeff - Skipping 'SAMPLE2_PE.snpEff.csv' as it didn't match the path_filters for 'VARIANTS: SnpEff (BCFTools)'
[2021-03-08 15:36:06,962] multiqc.modules.base_module                        [DEBUG  ]  snpeff - Skipping 'SAMPLE1_PE.AF0.8.snpEff.csv' as it didn't match the path_filters for 'VARIANTS: SnpEff (BCFTools)'
[2021-03-08 15:36:06,962] multiqc.modules.base_module                        [DEBUG  ]  snpeff - Skipping 'SAMPLE2_PE.AF0.8.snpEff.csv' as it didn't match the path_filters for 'VARIANTS: SnpEff (BCFTools)'
[2021-03-08 15:36:06,962] multiqc.modules.base_module                        [DEBUG  ]  snpeff - Skipping 'SAMPLE3_SE.AF0.8.snpEff.csv' as it didn't match the path_filters for 'VARIANTS: SnpEff (BCFTools)'
[2021-03-08 15:36:06,962] multiqc                                            [DEBUG  ]  No samples found: snpeff
[2021-03-08 15:36:06,968] multiqc.modules.base_module                        [DEBUG  ]  quast - Skipping 'report.tsv' as it didn't match the path_filters for 'VARIANTS: QUAST (BCFTools)'
[2021-03-08 15:36:06,968] multiqc.modules.base_module                        [DEBUG  ]  quast - Skipping 'report.tsv' as it didn't match the path_filters for 'VARIANTS: QUAST (BCFTools)'
[2021-03-08 15:36:06,968] multiqc                                            [DEBUG  ]  No samples found: quast
[2021-03-08 15:36:07,532] multiqc.modules.cutadapt.cutadapt                  [INFO   ]  Found 3 reports
[2021-03-08 15:36:14,582] multiqc.modules.base_module                        [DEBUG  ]  fastqc/zip - Skipping 'SAMPLE2_PE_1.merged_fastqc.zip' as it didn't match the path_filters for 'ASSEMBLY: FastQC (primer trimming)'
[2021-03-08 15:36:14,582] multiqc.modules.base_module                        [DEBUG  ]  fastqc/zip - Skipping 'SAMPLE1_PE_2.merged_fastqc.zip' as it didn't match the path_filters for 'ASSEMBLY: FastQC (primer trimming)'
[2021-03-08 15:36:14,582] multiqc.modules.base_module                        [DEBUG  ]  fastqc/zip - Skipping 'SAMPLE2_PE_2.merged_fastqc.zip' as it didn't match the path_filters for 'ASSEMBLY: FastQC (primer trimming)'
[2021-03-08 15:36:14,582] multiqc.modules.base_module                        [DEBUG  ]  fastqc/zip - Skipping 'SAMPLE3_SE.merged_fastqc.zip' as it didn't match the path_filters for 'ASSEMBLY: FastQC (primer trimming)'
[2021-03-08 15:36:14,582] multiqc.modules.base_module                        [DEBUG  ]  fastqc/zip - Skipping 'SAMPLE1_PE_1.merged_fastqc.zip' as it didn't match the path_filters for 'ASSEMBLY: FastQC (primer trimming)'
[2021-03-08 15:36:14,582] multiqc.modules.base_module                        [DEBUG  ]  fastqc/zip - Skipping 'SAMPLE3_SE.trim_fastqc.zip' as it didn't match the path_filters for 'ASSEMBLY: FastQC (primer trimming)'
[2021-03-08 15:36:14,583] multiqc.modules.base_module                        [DEBUG  ]  fastqc/zip - Skipping 'SAMPLE2_PE_2.trim_fastqc.zip' as it didn't match the path_filters for 'ASSEMBLY: FastQC (primer trimming)'
[2021-03-08 15:36:14,583] multiqc.modules.base_module                        [DEBUG  ]  fastqc/zip - Skipping 'SAMPLE1_PE_1.trim_fastqc.zip' as it didn't match the path_filters for 'ASSEMBLY: FastQC (primer trimming)'
[2021-03-08 15:36:14,583] multiqc.modules.base_module                        [DEBUG  ]  fastqc/zip - Skipping 'SAMPLE2_PE_1.trim_fastqc.zip' as it didn't match the path_filters for 'ASSEMBLY: FastQC (primer trimming)'
[2021-03-08 15:36:14,583] multiqc.modules.base_module                        [DEBUG  ]  fastqc/zip - Skipping 'SAMPLE1_PE_2.trim_fastqc.zip' as it didn't match the path_filters for 'ASSEMBLY: FastQC (primer trimming)'
[2021-03-08 15:36:14,583] multiqc.modules.base_module                        [DEBUG  ]  fastqc/zip - Selecting 'SAMPLE1_PE_2.ptrim_fastqc.zip' as it matched the path_filters for 'ASSEMBLY: FastQC (primer trimming)'
[2021-03-08 15:36:14,602] multiqc.modules.base_module                        [DEBUG  ]  fastqc/zip - Selecting 'SAMPLE1_PE_1.ptrim_fastqc.zip' as it matched the path_filters for 'ASSEMBLY: FastQC (primer trimming)'
[2021-03-08 15:36:14,622] multiqc.modules.base_module                        [DEBUG  ]  fastqc/zip - Selecting 'SAMPLE2_PE_2.ptrim_fastqc.zip' as it matched the path_filters for 'ASSEMBLY: FastQC (primer trimming)'
[2021-03-08 15:36:14,641] multiqc.modules.base_module                        [DEBUG  ]  fastqc/zip - Selecting 'SAMPLE3_SE.ptrim_fastqc.zip' as it matched the path_filters for 'ASSEMBLY: FastQC (primer trimming)'
[2021-03-08 15:36:14,661] multiqc.modules.base_module                        [DEBUG  ]  fastqc/zip - Selecting 'SAMPLE2_PE_1.ptrim_fastqc.zip' as it matched the path_filters for 'ASSEMBLY: FastQC (primer trimming)'
[2021-03-08 15:36:14,681] multiqc.modules.fastqc.fastqc                      [INFO   ]  Found 5 reports
[2021-03-08 15:36:14,853] multiqc.modules.kraken.kraken                      [INFO   ]  Found 3 reports
[2021-03-08 15:36:14,861] multiqc.modules.base_module                        [DEBUG  ]  quast - Skipping 'report.tsv' as it didn't match the path_filters for 'ASSEMBLY: QUAST (SPAdes)'
[2021-03-08 15:36:14,861] multiqc.modules.base_module                        [DEBUG  ]  quast - Skipping 'report.tsv' as it didn't match the path_filters for 'ASSEMBLY: QUAST (SPAdes)'
[2021-03-08 15:36:14,861] multiqc                                            [DEBUG  ]  No samples found: quast
[2021-03-08 15:36:14,867] multiqc.modules.base_module                        [DEBUG  ]  bcftools/stats - Skipping 'SAMPLE2_PE.bcftools_stats.txt' as it didn't match the path_filters for 'ASSEMBLY: BCFTools (SPAdes)'
[2021-03-08 15:36:14,867] multiqc.modules.base_module                        [DEBUG  ]  bcftools/stats - Skipping 'SAMPLE1_PE.bcftools_stats.txt' as it didn't match the path_filters for 'ASSEMBLY: BCFTools (SPAdes)'
[2021-03-08 15:36:14,867] multiqc.modules.base_module                        [DEBUG  ]  bcftools/stats - Skipping 'SAMPLE2_PE.AF0.8.bcftools_stats.txt' as it didn't match the path_filters for 'ASSEMBLY: BCFTools (SPAdes)'
[2021-03-08 15:36:14,867] multiqc.modules.base_module                        [DEBUG  ]  bcftools/stats - Skipping 'SAMPLE1_PE.AF0.8.bcftools_stats.txt' as it didn't match the path_filters for 'ASSEMBLY: BCFTools (SPAdes)'
[2021-03-08 15:36:14,867] multiqc.modules.base_module                        [DEBUG  ]  bcftools/stats - Skipping 'SAMPLE3_SE.AF0.8.bcftools_stats.txt' as it didn't match the path_filters for 'ASSEMBLY: BCFTools (SPAdes)'
[2021-03-08 15:36:14,867] multiqc                                            [DEBUG  ]  No samples found: bcftools
[2021-03-08 15:36:14,873] multiqc.modules.base_module                        [DEBUG  ]  snpeff - Skipping 'SAMPLE1_PE.snpEff.csv' as it didn't match the path_filters for 'ASSEMBLY: SnpEff (SPAdes)'
[2021-03-08 15:36:14,873] multiqc.modules.base_module                        [DEBUG  ]  snpeff - Skipping 'SAMPLE2_PE.snpEff.csv' as it didn't match the path_filters for 'ASSEMBLY: SnpEff (SPAdes)'
[2021-03-08 15:36:14,873] multiqc.modules.base_module                        [DEBUG  ]  snpeff - Skipping 'SAMPLE1_PE.AF0.8.snpEff.csv' as it didn't match the path_filters for 'ASSEMBLY: SnpEff (SPAdes)'
[2021-03-08 15:36:14,873] multiqc.modules.base_module                        [DEBUG  ]  snpeff - Skipping 'SAMPLE2_PE.AF0.8.snpEff.csv' as it didn't match the path_filters for 'ASSEMBLY: SnpEff (SPAdes)'
[2021-03-08 15:36:14,873] multiqc.modules.base_module                        [DEBUG  ]  snpeff - Skipping 'SAMPLE3_SE.AF0.8.snpEff.csv' as it didn't match the path_filters for 'ASSEMBLY: SnpEff (SPAdes)'
[2021-03-08 15:36:14,873] multiqc                                            [DEBUG  ]  No samples found: snpeff
[2021-03-08 15:36:14,879] multiqc.modules.base_module                        [DEBUG  ]  quast - Selecting 'report.tsv' as it matched the path_filters for 'ASSEMBLY: QUAST (MetaSPAdes)'
[2021-03-08 15:36:14,880] multiqc.modules.base_module                        [DEBUG  ]  quast - Skipping 'report.tsv' as it didn't match the path_filters for 'ASSEMBLY: QUAST (MetaSPAdes)'
[2021-03-08 15:36:14,880] multiqc.modules.quast.quast                        [INFO   ]  Found 2 reports
[2021-03-08 15:36:14,908] multiqc.modules.base_module                        [DEBUG  ]  bcftools/stats - Selecting 'SAMPLE2_PE.bcftools_stats.txt' as it matched the path_filters for 'ASSEMBLY: BCFTools (MetaSPAdes)'
[2021-03-08 15:36:14,909] multiqc.modules.base_module                        [DEBUG  ]  bcftools/stats - Selecting 'SAMPLE1_PE.bcftools_stats.txt' as it matched the path_filters for 'ASSEMBLY: BCFTools (MetaSPAdes)'
[2021-03-08 15:36:14,909] multiqc.modules.base_module                        [DEBUG  ]  bcftools/stats - Skipping 'SAMPLE2_PE.AF0.8.bcftools_stats.txt' as it didn't match the path_filters for 'ASSEMBLY: BCFTools (MetaSPAdes)'
[2021-03-08 15:36:14,909] multiqc.modules.base_module                        [DEBUG  ]  bcftools/stats - Skipping 'SAMPLE1_PE.AF0.8.bcftools_stats.txt' as it didn't match the path_filters for 'ASSEMBLY: BCFTools (MetaSPAdes)'
[2021-03-08 15:36:14,909] multiqc.modules.base_module                        [DEBUG  ]  bcftools/stats - Skipping 'SAMPLE3_SE.AF0.8.bcftools_stats.txt' as it didn't match the path_filters for 'ASSEMBLY: BCFTools (MetaSPAdes)'
[2021-03-08 15:36:14,915] multiqc.modules.bcftools.bcftools                  [INFO   ]  Found 2 stats reports
[2021-03-08 15:36:14,921] multiqc.modules.base_module                        [DEBUG  ]  snpeff - Selecting 'SAMPLE1_PE.snpEff.csv' as it matched the path_filters for 'ASSEMBLY: SnpEff (MetaSPAdes)'
[2021-03-08 15:36:14,922] multiqc.modules.base_module                        [DEBUG  ]  snpeff - Selecting 'SAMPLE2_PE.snpEff.csv' as it matched the path_filters for 'ASSEMBLY: SnpEff (MetaSPAdes)'
[2021-03-08 15:36:14,922] multiqc.modules.base_module                        [DEBUG  ]  snpeff - Skipping 'SAMPLE1_PE.AF0.8.snpEff.csv' as it didn't match the path_filters for 'ASSEMBLY: SnpEff (MetaSPAdes)'
[2021-03-08 15:36:14,922] multiqc.modules.base_module                        [DEBUG  ]  snpeff - Skipping 'SAMPLE2_PE.AF0.8.snpEff.csv' as it didn't match the path_filters for 'ASSEMBLY: SnpEff (MetaSPAdes)'
[2021-03-08 15:36:14,922] multiqc.modules.base_module                        [DEBUG  ]  snpeff - Skipping 'SAMPLE3_SE.AF0.8.snpEff.csv' as it didn't match the path_filters for 'ASSEMBLY: SnpEff (MetaSPAdes)'
[2021-03-08 15:36:14,923] multiqc.modules.snpeff.snpeff                      [INFO   ]  Found 2 reports
[2021-03-08 15:36:14,946] multiqc.modules.base_module                        [DEBUG  ]  quast - Skipping 'report.tsv' as it didn't match the path_filters for 'ASSEMBLY: QUAST (Unicycler)'
[2021-03-08 15:36:14,946] multiqc.modules.base_module                        [DEBUG  ]  quast - Skipping 'report.tsv' as it didn't match the path_filters for 'ASSEMBLY: QUAST (Unicycler)'
[2021-03-08 15:36:14,946] multiqc                                            [DEBUG  ]  No samples found: quast
[2021-03-08 15:36:14,951] multiqc.modules.base_module                        [DEBUG  ]  bcftools/stats - Skipping 'SAMPLE2_PE.bcftools_stats.txt' as it didn't match the path_filters for 'ASSEMBLY: BCFTools (Unicycler)'
[2021-03-08 15:36:14,952] multiqc.modules.base_module                        [DEBUG  ]  bcftools/stats - Skipping 'SAMPLE1_PE.bcftools_stats.txt' as it didn't match the path_filters for 'ASSEMBLY: BCFTools (Unicycler)'
[2021-03-08 15:36:14,952] multiqc.modules.base_module                        [DEBUG  ]  bcftools/stats - Skipping 'SAMPLE2_PE.AF0.8.bcftools_stats.txt' as it didn't match the path_filters for 'ASSEMBLY: BCFTools (Unicycler)'
[2021-03-08 15:36:14,952] multiqc.modules.base_module                        [DEBUG  ]  bcftools/stats - Skipping 'SAMPLE1_PE.AF0.8.bcftools_stats.txt' as it didn't match the path_filters for 'ASSEMBLY: BCFTools (Unicycler)'
[2021-03-08 15:36:14,952] multiqc.modules.base_module                        [DEBUG  ]  bcftools/stats - Skipping 'SAMPLE3_SE.AF0.8.bcftools_stats.txt' as it didn't match the path_filters for 'ASSEMBLY: BCFTools (Unicycler)'
[2021-03-08 15:36:14,952] multiqc                                            [DEBUG  ]  No samples found: bcftools
[2021-03-08 15:36:14,957] multiqc.modules.base_module                        [DEBUG  ]  snpeff - Skipping 'SAMPLE1_PE.snpEff.csv' as it didn't match the path_filters for 'ASSEMBLY: SnpEff (Unicycler)'
[2021-03-08 15:36:14,958] multiqc.modules.base_module                        [DEBUG  ]  snpeff - Skipping 'SAMPLE2_PE.snpEff.csv' as it didn't match the path_filters for 'ASSEMBLY: SnpEff (Unicycler)'
[2021-03-08 15:36:14,958] multiqc.modules.base_module                        [DEBUG  ]  snpeff - Skipping 'SAMPLE1_PE.AF0.8.snpEff.csv' as it didn't match the path_filters for 'ASSEMBLY: SnpEff (Unicycler)'
[2021-03-08 15:36:14,958] multiqc.modules.base_module                        [DEBUG  ]  snpeff - Skipping 'SAMPLE2_PE.AF0.8.snpEff.csv' as it didn't match the path_filters for 'ASSEMBLY: SnpEff (Unicycler)'
[2021-03-08 15:36:14,958] multiqc.modules.base_module                        [DEBUG  ]  snpeff - Skipping 'SAMPLE3_SE.AF0.8.snpEff.csv' as it didn't match the path_filters for 'ASSEMBLY: SnpEff (Unicycler)'
[2021-03-08 15:36:14,958] multiqc                                            [DEBUG  ]  No samples found: snpeff
[2021-03-08 15:36:14,963] multiqc.modules.base_module                        [DEBUG  ]  quast - Skipping 'report.tsv' as it didn't match the path_filters for 'ASSEMBLY: QUAST (minia)'
[2021-03-08 15:36:14,963] multiqc.modules.base_module                        [DEBUG  ]  quast - Skipping 'report.tsv' as it didn't match the path_filters for 'ASSEMBLY: QUAST (minia)'
[2021-03-08 15:36:14,964] multiqc                                            [DEBUG  ]  No samples found: quast
[2021-03-08 15:36:15,183] multiqc.modules.base_module                        [DEBUG  ]  bcftools/stats - Skipping 'SAMPLE2_PE.bcftools_stats.txt' as it didn't match the path_filters for 'ASSEMBLY: BCFTools (minia)'
[2021-03-08 15:36:15,183] multiqc.modules.base_module                        [DEBUG  ]  bcftools/stats - Skipping 'SAMPLE1_PE.bcftools_stats.txt' as it didn't match the path_filters for 'ASSEMBLY: BCFTools (minia)'
[2021-03-08 15:36:15,183] multiqc.modules.base_module                        [DEBUG  ]  bcftools/stats - Skipping 'SAMPLE2_PE.AF0.8.bcftools_stats.txt' as it didn't match the path_filters for 'ASSEMBLY: BCFTools (minia)'
[2021-03-08 15:36:15,183] multiqc.modules.base_module                        [DEBUG  ]  bcftools/stats - Skipping 'SAMPLE1_PE.AF0.8.bcftools_stats.txt' as it didn't match the path_filters for 'ASSEMBLY: BCFTools (minia)'
[2021-03-08 15:36:15,183] multiqc.modules.base_module                        [DEBUG  ]  bcftools/stats - Skipping 'SAMPLE3_SE.AF0.8.bcftools_stats.txt' as it didn't match the path_filters for 'ASSEMBLY: BCFTools (minia)'
[2021-03-08 15:36:15,183] multiqc                                            [DEBUG  ]  No samples found: bcftools
[2021-03-08 15:36:15,189] multiqc.modules.base_module                        [DEBUG  ]  snpeff - Skipping 'SAMPLE1_PE.snpEff.csv' as it didn't match the path_filters for 'ASSEMBLY: SnpEff (minia)'
[2021-03-08 15:36:15,189] multiqc.modules.base_module                        [DEBUG  ]  snpeff - Skipping 'SAMPLE2_PE.snpEff.csv' as it didn't match the path_filters for 'ASSEMBLY: SnpEff (minia)'
[2021-03-08 15:36:15,189] multiqc.modules.base_module                        [DEBUG  ]  snpeff - Skipping 'SAMPLE1_PE.AF0.8.snpEff.csv' as it didn't match the path_filters for 'ASSEMBLY: SnpEff (minia)'
[2021-03-08 15:36:15,189] multiqc.modules.base_module                        [DEBUG  ]  snpeff - Skipping 'SAMPLE2_PE.AF0.8.snpEff.csv' as it didn't match the path_filters for 'ASSEMBLY: SnpEff (minia)'
[2021-03-08 15:36:15,189] multiqc.modules.base_module                        [DEBUG  ]  snpeff - Skipping 'SAMPLE3_SE.AF0.8.snpEff.csv' as it didn't match the path_filters for 'ASSEMBLY: SnpEff (minia)'
[2021-03-08 15:36:15,190] multiqc                                            [DEBUG  ]  No samples found: snpeff
[2021-03-08 15:36:15,190] multiqc                                            [DEBUG  ]  Reordering sections: anchor 'ivar_variants' not found.
[2021-03-08 15:36:15,190] multiqc                                            [DEBUG  ]  Reordering sections: anchor 'summary_assembly_metrics' not found for module 'Variant calling metrics'.
[2021-03-08 15:36:15,190] multiqc                                            [DEBUG  ]  Reordering sections: anchor 'ivar_variants' not found for module 'Variant calling metrics'.
[2021-03-08 15:36:15,190] multiqc                                            [DEBUG  ]  Reordering sections: anchor 'software_versions' not found for module 'Variant calling metrics'.
[2021-03-08 15:36:15,190] multiqc                                            [DEBUG  ]  Reordering sections: anchor 'nf-core-viralrecon-summary' not found for module 'Variant calling metrics'.
[2021-03-08 15:36:15,190] multiqc                                            [DEBUG  ]  Reordering sections: anchor 'summary_assembly_metrics' not found for module 'De novo assembly metrics'.
[2021-03-08 15:36:15,190] multiqc                                            [DEBUG  ]  Reordering sections: anchor 'ivar_variants' not found for module 'De novo assembly metrics'.
[2021-03-08 15:36:15,190] multiqc                                            [DEBUG  ]  Reordering sections: anchor 'software_versions' not found for module 'De novo assembly metrics'.
[2021-03-08 15:36:15,190] multiqc                                            [DEBUG  ]  Reordering sections: anchor 'nf-core-viralrecon-summary' not found for module 'De novo assembly metrics'.
[2021-03-08 15:36:15,190] multiqc                                            [DEBUG  ]  Reordering sections: anchor 'summary_assembly_metrics' not found for module 'PREPROCESS: FastQC (raw reads)'.
[2021-03-08 15:36:15,190] multiqc                                            [DEBUG  ]  Reordering sections: anchor 'ivar_variants' not found for module 'PREPROCESS: FastQC (raw reads)'.
[2021-03-08 15:36:15,190] multiqc                                            [DEBUG  ]  Reordering sections: anchor 'software_versions' not found for module 'PREPROCESS: FastQC (raw reads)'.
[2021-03-08 15:36:15,190] multiqc                                            [DEBUG  ]  Reordering sections: anchor 'nf-core-viralrecon-summary' not found for module 'PREPROCESS: FastQC (raw reads)'.
[2021-03-08 15:36:15,191] multiqc                                            [DEBUG  ]  Reordering sections: anchor 'summary_assembly_metrics' not found for module 'PREPROCESS: fastp (adapter trimming)'.
[2021-03-08 15:36:15,191] multiqc                                            [DEBUG  ]  Reordering sections: anchor 'ivar_variants' not found for module 'PREPROCESS: fastp (adapter trimming)'.
[2021-03-08 15:36:15,191] multiqc                                            [DEBUG  ]  Reordering sections: anchor 'software_versions' not found for module 'PREPROCESS: fastp (adapter trimming)'.
[2021-03-08 15:36:15,191] multiqc                                            [DEBUG  ]  Reordering sections: anchor 'nf-core-viralrecon-summary' not found for module 'PREPROCESS: fastp (adapter trimming)'.
[2021-03-08 15:36:15,191] multiqc                                            [DEBUG  ]  Reordering sections: anchor 'summary_assembly_metrics' not found for module 'PREPROCESS: FastQC (adapter trimming)'.
[2021-03-08 15:36:15,191] multiqc                                            [DEBUG  ]  Reordering sections: anchor 'ivar_variants' not found for module 'PREPROCESS: FastQC (adapter trimming)'.
[2021-03-08 15:36:15,191] multiqc                                            [DEBUG  ]  Reordering sections: anchor 'software_versions' not found for module 'PREPROCESS: FastQC (adapter trimming)'.
[2021-03-08 15:36:15,191] multiqc                                            [DEBUG  ]  Reordering sections: anchor 'nf-core-viralrecon-summary' not found for module 'PREPROCESS: FastQC (adapter trimming)'.
[2021-03-08 15:36:15,191] multiqc                                            [DEBUG  ]  Reordering sections: anchor 'summary_assembly_metrics' not found for module 'VARIANTS: Bowtie 2'.
[2021-03-08 15:36:15,191] multiqc                                            [DEBUG  ]  Reordering sections: anchor 'ivar_variants' not found for module 'VARIANTS: Bowtie 2'.
[2021-03-08 15:36:15,191] multiqc                                            [DEBUG  ]  Reordering sections: anchor 'software_versions' not found for module 'VARIANTS: Bowtie 2'.
[2021-03-08 15:36:15,191] multiqc                                            [DEBUG  ]  Reordering sections: anchor 'nf-core-viralrecon-summary' not found for module 'VARIANTS: Bowtie 2'.
[2021-03-08 15:36:15,191] multiqc                                            [DEBUG  ]  Reordering sections: anchor 'summary_assembly_metrics' not found for module 'VARIANTS: SAMTools (raw)'.
[2021-03-08 15:36:15,191] multiqc                                            [DEBUG  ]  Reordering sections: anchor 'ivar_variants' not found for module 'VARIANTS: SAMTools (raw)'.
[2021-03-08 15:36:15,191] multiqc                                            [DEBUG  ]  Reordering sections: anchor 'software_versions' not found for module 'VARIANTS: SAMTools (raw)'.
[2021-03-08 15:36:15,192] multiqc                                            [DEBUG  ]  Reordering sections: anchor 'nf-core-viralrecon-summary' not found for module 'VARIANTS: SAMTools (raw)'.
[2021-03-08 15:36:15,192] multiqc                                            [DEBUG  ]  Reordering sections: anchor 'summary_assembly_metrics' not found for module 'VARIANTS: iVar trim'.
[2021-03-08 15:36:15,192] multiqc                                            [DEBUG  ]  Reordering sections: anchor 'ivar_variants' not found for module 'VARIANTS: iVar trim'.
[2021-03-08 15:36:15,192] multiqc                                            [DEBUG  ]  Reordering sections: anchor 'software_versions' not found for module 'VARIANTS: iVar trim'.
[2021-03-08 15:36:15,192] multiqc                                            [DEBUG  ]  Reordering sections: anchor 'nf-core-viralrecon-summary' not found for module 'VARIANTS: iVar trim'.
[2021-03-08 15:36:15,192] multiqc                                            [DEBUG  ]  Reordering sections: anchor 'summary_assembly_metrics' not found for module 'VARIANTS: SAMTools (iVar)'.
[2021-03-08 15:36:15,192] multiqc                                            [DEBUG  ]  Reordering sections: anchor 'ivar_variants' not found for module 'VARIANTS: SAMTools (iVar)'.
[2021-03-08 15:36:15,192] multiqc                                            [DEBUG  ]  Reordering sections: anchor 'software_versions' not found for module 'VARIANTS: SAMTools (iVar)'.
[2021-03-08 15:36:15,192] multiqc                                            [DEBUG  ]  Reordering sections: anchor 'nf-core-viralrecon-summary' not found for module 'VARIANTS: SAMTools (iVar)'.
[2021-03-08 15:36:15,192] multiqc                                            [DEBUG  ]  Reordering sections: anchor 'summary_assembly_metrics' not found for module 'VARIANTS: Picard Metrics'.
[2021-03-08 15:36:15,192] multiqc                                            [DEBUG  ]  Reordering sections: anchor 'ivar_variants' not found for module 'VARIANTS: Picard Metrics'.
[2021-03-08 15:36:15,192] multiqc                                            [DEBUG  ]  Reordering sections: anchor 'software_versions' not found for module 'VARIANTS: Picard Metrics'.
[2021-03-08 15:36:15,192] multiqc                                            [DEBUG  ]  Reordering sections: anchor 'nf-core-viralrecon-summary' not found for module 'VARIANTS: Picard Metrics'.
[2021-03-08 15:36:15,192] multiqc                                            [DEBUG  ]  Reordering sections: anchor 'summary_assembly_metrics' not found for module 'VARIANTS: mosdepth'.
[2021-03-08 15:36:15,192] multiqc                                            [DEBUG  ]  Reordering sections: anchor 'ivar_variants' not found for module 'VARIANTS: mosdepth'.
[2021-03-08 15:36:15,193] multiqc                                            [DEBUG  ]  Reordering sections: anchor 'software_versions' not found for module 'VARIANTS: mosdepth'.
[2021-03-08 15:36:15,193] multiqc                                            [DEBUG  ]  Reordering sections: anchor 'nf-core-viralrecon-summary' not found for module 'VARIANTS: mosdepth'.
[2021-03-08 15:36:15,193] multiqc                                            [DEBUG  ]  Reordering sections: anchor 'summary_assembly_metrics' not found for module 'VARIANTS: VarScan 2'.
[2021-03-08 15:36:15,193] multiqc                                            [DEBUG  ]  Reordering sections: anchor 'ivar_variants' not found for module 'VARIANTS: VarScan 2'.
[2021-03-08 15:36:15,193] multiqc                                            [DEBUG  ]  Reordering sections: anchor 'software_versions' not found for module 'VARIANTS: VarScan 2'.
[2021-03-08 15:36:15,193] multiqc                                            [DEBUG  ]  Reordering sections: anchor 'nf-core-viralrecon-summary' not found for module 'VARIANTS: VarScan 2'.
[2021-03-08 15:36:15,193] multiqc                                            [DEBUG  ]  Reordering sections: anchor 'summary_assembly_metrics' not found for module 'VARIANTS: BCFTools (VarScan 2; high freq)'.
[2021-03-08 15:36:15,193] multiqc                                            [DEBUG  ]  Reordering sections: anchor 'ivar_variants' not found for module 'VARIANTS: BCFTools (VarScan 2; high freq)'.
[2021-03-08 15:36:15,193] multiqc                                            [DEBUG  ]  Reordering sections: anchor 'software_versions' not found for module 'VARIANTS: BCFTools (VarScan 2; high freq)'.
[2021-03-08 15:36:15,193] multiqc                                            [DEBUG  ]  Reordering sections: anchor 'nf-core-viralrecon-summary' not found for module 'VARIANTS: BCFTools (VarScan 2; high freq)'.
[2021-03-08 15:36:15,193] multiqc                                            [DEBUG  ]  Reordering sections: anchor 'summary_assembly_metrics' not found for module 'VARIANTS: SnpEff (VarScan 2; high freq)'.
[2021-03-08 15:36:15,193] multiqc                                            [DEBUG  ]  Reordering sections: anchor 'ivar_variants' not found for module 'VARIANTS: SnpEff (VarScan 2; high freq)'.
[2021-03-08 15:36:15,193] multiqc                                            [DEBUG  ]  Reordering sections: anchor 'software_versions' not found for module 'VARIANTS: SnpEff (VarScan 2; high freq)'.
[2021-03-08 15:36:15,193] multiqc                                            [DEBUG  ]  Reordering sections: anchor 'nf-core-viralrecon-summary' not found for module 'VARIANTS: SnpEff (VarScan 2; high freq)'.
[2021-03-08 15:36:15,193] multiqc                                            [DEBUG  ]  Reordering sections: anchor 'summary_assembly_metrics' not found for module 'VARIANTS: QUAST (VarScan 2; high freq)'.
[2021-03-08 15:36:15,193] multiqc                                            [DEBUG  ]  Reordering sections: anchor 'ivar_variants' not found for module 'VARIANTS: QUAST (VarScan 2; high freq)'.
[2021-03-08 15:36:15,194] multiqc                                            [DEBUG  ]  Reordering sections: anchor 'software_versions' not found for module 'VARIANTS: QUAST (VarScan 2; high freq)'.
[2021-03-08 15:36:15,194] multiqc                                            [DEBUG  ]  Reordering sections: anchor 'nf-core-viralrecon-summary' not found for module 'VARIANTS: QUAST (VarScan 2; high freq)'.
[2021-03-08 15:36:15,194] multiqc                                            [DEBUG  ]  Reordering sections: anchor 'summary_assembly_metrics' not found for module 'ASSEMBLY: Cutadapt (primer trimming)'.
[2021-03-08 15:36:15,194] multiqc                                            [DEBUG  ]  Reordering sections: anchor 'ivar_variants' not found for module 'ASSEMBLY: Cutadapt (primer trimming)'.
[2021-03-08 15:36:15,194] multiqc                                            [DEBUG  ]  Reordering sections: anchor 'software_versions' not found for module 'ASSEMBLY: Cutadapt (primer trimming)'.
[2021-03-08 15:36:15,194] multiqc                                            [DEBUG  ]  Reordering sections: anchor 'nf-core-viralrecon-summary' not found for module 'ASSEMBLY: Cutadapt (primer trimming)'.
[2021-03-08 15:36:15,194] multiqc                                            [DEBUG  ]  Reordering sections: anchor 'summary_assembly_metrics' not found for module 'ASSEMBLY: FastQC (primer trimming)'.
[2021-03-08 15:36:15,194] multiqc                                            [DEBUG  ]  Reordering sections: anchor 'ivar_variants' not found for module 'ASSEMBLY: FastQC (primer trimming)'.
[2021-03-08 15:36:15,194] multiqc                                            [DEBUG  ]  Reordering sections: anchor 'software_versions' not found for module 'ASSEMBLY: FastQC (primer trimming)'.
[2021-03-08 15:36:15,194] multiqc                                            [DEBUG  ]  Reordering sections: anchor 'nf-core-viralrecon-summary' not found for module 'ASSEMBLY: FastQC (primer trimming)'.
[2021-03-08 15:36:15,194] multiqc                                            [DEBUG  ]  Reordering sections: anchor 'summary_assembly_metrics' not found for module 'ASSEMBLY: Kraken 2'.
[2021-03-08 15:36:15,194] multiqc                                            [DEBUG  ]  Reordering sections: anchor 'ivar_variants' not found for module 'ASSEMBLY: Kraken 2'.
[2021-03-08 15:36:15,194] multiqc                                            [DEBUG  ]  Reordering sections: anchor 'software_versions' not found for module 'ASSEMBLY: Kraken 2'.
[2021-03-08 15:36:15,194] multiqc                                            [DEBUG  ]  Reordering sections: anchor 'nf-core-viralrecon-summary' not found for module 'ASSEMBLY: Kraken 2'.
[2021-03-08 15:36:15,194] multiqc                                            [DEBUG  ]  Reordering sections: anchor 'summary_assembly_metrics' not found for module 'ASSEMBLY: QUAST (MetaSPAdes)'.
[2021-03-08 15:36:15,194] multiqc                                            [DEBUG  ]  Reordering sections: anchor 'ivar_variants' not found for module 'ASSEMBLY: QUAST (MetaSPAdes)'.
[2021-03-08 15:36:15,195] multiqc                                            [DEBUG  ]  Reordering sections: anchor 'software_versions' not found for module 'ASSEMBLY: QUAST (MetaSPAdes)'.
[2021-03-08 15:36:15,195] multiqc                                            [DEBUG  ]  Reordering sections: anchor 'nf-core-viralrecon-summary' not found for module 'ASSEMBLY: QUAST (MetaSPAdes)'.
[2021-03-08 15:36:15,195] multiqc                                            [DEBUG  ]  Reordering sections: anchor 'summary_assembly_metrics' not found for module 'ASSEMBLY: BCFTools (MetaSPAdes)'.
[2021-03-08 15:36:15,195] multiqc                                            [DEBUG  ]  Reordering sections: anchor 'ivar_variants' not found for module 'ASSEMBLY: BCFTools (MetaSPAdes)'.
[2021-03-08 15:36:15,195] multiqc                                            [DEBUG  ]  Reordering sections: anchor 'software_versions' not found for module 'ASSEMBLY: BCFTools (MetaSPAdes)'.
[2021-03-08 15:36:15,195] multiqc                                            [DEBUG  ]  Reordering sections: anchor 'nf-core-viralrecon-summary' not found for module 'ASSEMBLY: BCFTools (MetaSPAdes)'.
[2021-03-08 15:36:15,195] multiqc                                            [DEBUG  ]  Reordering sections: anchor 'summary_assembly_metrics' not found for module 'ASSEMBLY: SnpEff (MetaSPAdes)'.
[2021-03-08 15:36:15,195] multiqc                                            [DEBUG  ]  Reordering sections: anchor 'ivar_variants' not found for module 'ASSEMBLY: SnpEff (MetaSPAdes)'.
[2021-03-08 15:36:15,195] multiqc                                            [DEBUG  ]  Reordering sections: anchor 'software_versions' not found for module 'ASSEMBLY: SnpEff (MetaSPAdes)'.
[2021-03-08 15:36:15,195] multiqc                                            [DEBUG  ]  Reordering sections: anchor 'nf-core-viralrecon-summary' not found for module 'ASSEMBLY: SnpEff (MetaSPAdes)'.
[2021-03-08 15:36:15,195] multiqc                                            [DEBUG  ]  Reordering sections: anchor 'summary_assembly_metrics' not found for module 'nf-core/viralrecon Software Versions'.
[2021-03-08 15:36:15,195] multiqc                                            [DEBUG  ]  Reordering sections: anchor 'ivar_variants' not found for module 'nf-core/viralrecon Software Versions'.
[2021-03-08 15:36:15,195] multiqc                                            [DEBUG  ]  Reordering sections: anchor 'software_versions' not found for module 'nf-core/viralrecon Software Versions'.
[2021-03-08 15:36:15,195] multiqc                                            [DEBUG  ]  Reordering sections: anchor 'nf-core-viralrecon-summary' not found for module 'nf-core/viralrecon Software Versions'.
[2021-03-08 15:36:15,195] multiqc                                            [DEBUG  ]  Reordering sections: anchor 'summary_assembly_metrics' not found for module 'nf-core/viralrecon Workflow Summary'.
[2021-03-08 15:36:15,195] multiqc                                            [DEBUG  ]  Reordering sections: anchor 'ivar_variants' not found for module 'nf-core/viralrecon Workflow Summary'.
[2021-03-08 15:36:15,196] multiqc                                            [DEBUG  ]  Reordering sections: anchor 'software_versions' not found for module 'nf-core/viralrecon Workflow Summary'.
[2021-03-08 15:36:15,196] multiqc                                            [DEBUG  ]  Reordering sections: anchor 'nf-core-viralrecon-summary' not found for module 'nf-core/viralrecon Workflow Summary'.
[2021-03-08 15:36:15,392] multiqc                                            [INFO   ]  Compressing plot data
[2021-03-08 15:36:16,624] multiqc                                            [WARNING]  Deleting    : multiqc_report.html   (-f was specified)
[2021-03-08 15:36:16,625] multiqc                                            [WARNING]  Deleting    : multiqc_data   (-f was specified)
[2021-03-08 15:36:16,627] multiqc                                            [INFO   ]  Report      : multiqc_report.html
[2021-03-08 15:36:16,627] multiqc                                            [INFO   ]  Data        : multiqc_data
[2021-03-08 15:36:16,628] multiqc                                            [DEBUG  ]  Moving data file from '/tmp/tmpx07uhf9i/multiqc_data' to '/home/smonzon/test_training_viralrecon/work/ae/f916ba640aa277a4258139d1560f90/multiqc_data'
[2021-03-08 15:36:16,789] multiqc                                            [INFO   ]  MultiQC complete
