Discrepancy Report Results

Summary
FATAL: BAD_LOCUS_TAG_FORMAT:10 locus tags are incorrectly formatted.
DISC_SOURCE_QUALS_ASNDISC:strain (all present, all same)
DISC_SOURCE_QUALS_ASNDISC:taxname (all present, all same)
DISC_FEATURE_COUNT:gene: 10 present
DISC_FEATURE_COUNT:CDS: 10 present
DISC_COUNT_NUCLEOTIDES:2 nucleotide Bioseqs are present
OVERLAPPING_GENES:2 genes overlap another gene on the same strand.
NO_ANNOTATION:1 bioseqs have no features
DISC_QUALITY_SCORES:Quality scores are missing on all sequences.
ONCALLER_COMMENT_PRESENT:2 comment descriptors were found (all same)
MISSING_GENOMEASSEMBLY_COMMENTS:2 bioseqs are missing GenomeAssembly structured comments
MOLTYPE_NOT_MRNA:2 molecule types are not set as mRNA.
TECHNIQUE_NOT_TSA:2 technique are not set as TSA
MISSING_STRUCTURED_COMMENT:2 sequences do not include structured comments.
MISSING_PROJECT:12 sequences do not include project.
DISC_INCONSISTENT_MOLINFO_TECH:Molinfo Technique Report (some missing, all same)


Detailed Report

FATAL: DiscRep_ALL:BAD_LOCUS_TAG_FORMAT::10 locus tags are incorrectly formatted.
./NO_GROUP/SAMPLE3_SE/data/SAMPLE3_SE:Gene	ymdB	SAMPLE3_SE_1:173-8605	SAMPLE3_SE_00001
./NO_GROUP/SAMPLE3_SE/data/SAMPLE3_SE:Gene	SAMPLE3_SE_00002	SAMPLE3_SE_1:8553-9128	SAMPLE3_SE_00002
./NO_GROUP/SAMPLE3_SE/data/SAMPLE3_SE:Gene	SAMPLE3_SE_00003	SAMPLE3_SE_1:9413-17200	SAMPLE3_SE_00003
./NO_GROUP/SAMPLE3_SE/data/SAMPLE3_SE:Gene	SAMPLE3_SE_00004	SAMPLE3_SE_1:17208-21029	SAMPLE3_SE_00004
./NO_GROUP/SAMPLE3_SE/data/SAMPLE3_SE:Gene	SAMPLE3_SE_00005	SAMPLE3_SE_1:21038-21865	SAMPLE3_SE_00005
./NO_GROUP/SAMPLE3_SE/data/SAMPLE3_SE:Gene	SAMPLE3_SE_00006	SAMPLE3_SE_1:22168-22836	SAMPLE3_SE_00006
./NO_GROUP/SAMPLE3_SE/data/SAMPLE3_SE:Gene	SAMPLE3_SE_00007	SAMPLE3_SE_1:22847-23032	SAMPLE3_SE_00007
./NO_GROUP/SAMPLE3_SE/data/SAMPLE3_SE:Gene	SAMPLE3_SE_00008	SAMPLE3_SE_1:23039-23404	SAMPLE3_SE_00008
./NO_GROUP/SAMPLE3_SE/data/SAMPLE3_SE:Gene	SAMPLE3_SE_00009	SAMPLE3_SE_1:23539-23904	SAMPLE3_SE_00009
./NO_GROUP/SAMPLE3_SE/data/SAMPLE3_SE:Gene	SAMPLE3_SE_00010	SAMPLE3_SE_1:23919-25178	SAMPLE3_SE_00010

DiscRep_ALL:DISC_SOURCE_QUALS_ASNDISC::strain (all present, all same)
DiscRep_SUB:DISC_SOURCE_QUALS_ASNDISC::2 sources have 'strain' for strain
DiscRep_ALL:DISC_SOURCE_QUALS_ASNDISC::taxname (all present, all same)
DiscRep_SUB:DISC_SOURCE_QUALS_ASNDISC::2 sources have '--species species' for taxname
DiscRep_ALL:DISC_FEATURE_COUNT::gene: 10 present
DiscRep_ALL:DISC_FEATURE_COUNT::CDS: 10 present
DiscRep_ALL:DISC_COUNT_NUCLEOTIDES::2 nucleotide Bioseqs are present
./NO_GROUP/SAMPLE3_SE/data/SAMPLE3_SE:BU-ISCIII:SAMPLE3_SE_1 (length 25442)
./NO_GROUP/SAMPLE3_SE/data/SAMPLE3_SE:BU-ISCIII:SAMPLE3_SE_2 (length 3984)

DiscRep_ALL:OVERLAPPING_GENES::2 genes overlap another gene on the same strand.
./NO_GROUP/SAMPLE3_SE/data/SAMPLE3_SE:Gene	ymdB	SAMPLE3_SE_1:173-8605	SAMPLE3_SE_00001
./NO_GROUP/SAMPLE3_SE/data/SAMPLE3_SE:Gene	SAMPLE3_SE_00002	SAMPLE3_SE_1:8553-9128	SAMPLE3_SE_00002

DiscRep_ALL:NO_ANNOTATION::1 bioseqs have no features
./NO_GROUP/SAMPLE3_SE/data/SAMPLE3_SE:BU-ISCIII:SAMPLE3_SE_2 (length 3984)

DiscRep_ALL:DISC_QUALITY_SCORES::Quality scores are missing on all sequences.

DiscRep_ALL:ONCALLER_COMMENT_PRESENT::2 comment descriptors were found (all same)
./NO_GROUP/SAMPLE3_SE/data/SAMPLE3_SE:BU-ISCIII:SAMPLE3_SE_1:Annotated using prokka 1.14.6 from https://github.com/tseemann/prokka
./NO_GROUP/SAMPLE3_SE/data/SAMPLE3_SE:BU-ISCIII:SAMPLE3_SE_2:Annotated using prokka 1.14.6 from https://github.com/tseemann/prokka

DiscRep_ALL:MISSING_GENOMEASSEMBLY_COMMENTS::2 bioseqs are missing GenomeAssembly structured comments
./NO_GROUP/SAMPLE3_SE/data/SAMPLE3_SE:BU-ISCIII:SAMPLE3_SE_1 (length 25442)
./NO_GROUP/SAMPLE3_SE/data/SAMPLE3_SE:BU-ISCIII:SAMPLE3_SE_2 (length 3984)

DiscRep_ALL:MOLTYPE_NOT_MRNA::2 molecule types are not set as mRNA.
./NO_GROUP/SAMPLE3_SE/data/SAMPLE3_SE:BU-ISCIII:SAMPLE3_SE_1 (length 25442)
./NO_GROUP/SAMPLE3_SE/data/SAMPLE3_SE:BU-ISCIII:SAMPLE3_SE_2 (length 3984)

DiscRep_ALL:TECHNIQUE_NOT_TSA::2 technique are not set as TSA
./NO_GROUP/SAMPLE3_SE/data/SAMPLE3_SE:BU-ISCIII:SAMPLE3_SE_1 (length 25442)
./NO_GROUP/SAMPLE3_SE/data/SAMPLE3_SE:BU-ISCIII:SAMPLE3_SE_2 (length 3984)

DiscRep_ALL:MISSING_STRUCTURED_COMMENT::2 sequences do not include structured comments.
./NO_GROUP/SAMPLE3_SE/data/SAMPLE3_SE:BU-ISCIII:SAMPLE3_SE_1 (length 25442)
./NO_GROUP/SAMPLE3_SE/data/SAMPLE3_SE:BU-ISCIII:SAMPLE3_SE_2 (length 3984)

DiscRep_ALL:MISSING_PROJECT::12 sequences do not include project.
./NO_GROUP/SAMPLE3_SE/data/SAMPLE3_SE:BU-ISCIII:SAMPLE3_SE_1 (length 25442)
./NO_GROUP/SAMPLE3_SE/data/SAMPLE3_SE:BU-ISCIII:SAMPLE3_SE_00001 (length 2810)
./NO_GROUP/SAMPLE3_SE/data/SAMPLE3_SE:BU-ISCIII:SAMPLE3_SE_00002 (length 191)
./NO_GROUP/SAMPLE3_SE/data/SAMPLE3_SE:BU-ISCIII:SAMPLE3_SE_00003 (length 2595)
./NO_GROUP/SAMPLE3_SE/data/SAMPLE3_SE:BU-ISCIII:SAMPLE3_SE_00004 (length 1273)
./NO_GROUP/SAMPLE3_SE/data/SAMPLE3_SE:BU-ISCIII:SAMPLE3_SE_00005 (length 275)
./NO_GROUP/SAMPLE3_SE/data/SAMPLE3_SE:BU-ISCIII:SAMPLE3_SE_00006 (length 222)
./NO_GROUP/SAMPLE3_SE/data/SAMPLE3_SE:BU-ISCIII:SAMPLE3_SE_00007 (length 61)
./NO_GROUP/SAMPLE3_SE/data/SAMPLE3_SE:BU-ISCIII:SAMPLE3_SE_00008 (length 121)
./NO_GROUP/SAMPLE3_SE/data/SAMPLE3_SE:BU-ISCIII:SAMPLE3_SE_00009 (length 121)
./NO_GROUP/SAMPLE3_SE/data/SAMPLE3_SE:BU-ISCIII:SAMPLE3_SE_00010 (length 419)
./NO_GROUP/SAMPLE3_SE/data/SAMPLE3_SE:BU-ISCIII:SAMPLE3_SE_2 (length 3984)

DiscRep_ALL:DISC_INCONSISTENT_MOLINFO_TECH::Molinfo Technique Report (some missing, all same)
DiscRep_SUB:DISC_INCONSISTENT_MOLINFO_TECH::technique (all missing)
DiscRep_SUB:DISC_INCONSISTENT_MOLINFO_TECH::2 Molinfos are missing field technique
./NO_GROUP/SAMPLE3_SE/data/SAMPLE3_SE:BU-ISCIII:SAMPLE3_SE_1 (length 25442)
./NO_GROUP/SAMPLE3_SE/data/SAMPLE3_SE:BU-ISCIII:SAMPLE3_SE_2 (length 3984)

