[22:18:33] This is prokka 1.14.6
[22:18:33] Written by Torsten Seemann <torsten.seemann@gmail.com>
[22:18:33] Homepage is https://github.com/tseemann/prokka
[22:18:33] Local time is Thu Mar  4 22:18:33 2021
[22:18:33] You are svarona
[22:18:33] Operating system is linux
[22:18:33] You have BioPerl 1.007002
[22:18:33] System has 12 cores.
[22:18:33] Will use maximum of 1 cores.
[22:18:33] Annotating as >>> Bacteria <<<
[22:18:33] Enabling options to ensure Genbank/ENA/DDJB submission compliance.
[22:18:33] Re-using existing --outdir ./NO_GROUP/SAMPLE3_SE/data
[22:18:33] Using filename prefix: SAMPLE3_SE.XXX
[22:18:33] Setting HMMER_NCPU=1
[22:18:33] Writing log to: ./NO_GROUP/SAMPLE3_SE/data/SAMPLE3_SE.log
[22:18:33] Command: /home/svarona/work/conda/nf-core-viralrecon-1.2.0dev-3fb10bb8a332a0381f3a6f1a0bab1f62/bin/prokka --force --outdir ./NO_GROUP/SAMPLE3_SE/data --prefix SAMPLE3_SE --addgenes --kingdom Bacteria --genus --species --usegenus --centre BU-ISCIII --locustag SAMPLE3_SE --compliant --cpus 1 SAMPLE3_SE.scaffolds.fa
[22:18:33] Appending to PATH: /home/svarona/work/conda/nf-core-viralrecon-1.2.0dev-3fb10bb8a332a0381f3a6f1a0bab1f62/bin
[22:18:33] Looking for 'aragorn' - found /home/svarona/work/conda/nf-core-viralrecon-1.2.0dev-3fb10bb8a332a0381f3a6f1a0bab1f62/bin/aragorn
[22:18:33] Determined aragorn version is 001002 from 'ARAGORN v1.2.38 Dean Laslett'
[22:18:33] Looking for 'barrnap' - found /home/svarona/work/conda/nf-core-viralrecon-1.2.0dev-3fb10bb8a332a0381f3a6f1a0bab1f62/bin/barrnap
[22:18:33] Determined barrnap version is 000009 from 'barrnap 0.9'
[22:18:33] Looking for 'blastp' - found /home/svarona/work/conda/nf-core-viralrecon-1.2.0dev-3fb10bb8a332a0381f3a6f1a0bab1f62/bin/blastp
[22:18:33] Determined blastp version is 002010 from 'blastp: 2.10.1+'
[22:18:33] Looking for 'cmpress' - found /home/svarona/work/conda/nf-core-viralrecon-1.2.0dev-3fb10bb8a332a0381f3a6f1a0bab1f62/bin/cmpress
[22:18:33] Determined cmpress version is 001001 from '# INFERNAL 1.1.3 (Nov 2019)'
[22:18:33] Looking for 'cmscan' - found /home/svarona/work/conda/nf-core-viralrecon-1.2.0dev-3fb10bb8a332a0381f3a6f1a0bab1f62/bin/cmscan
[22:18:33] Determined cmscan version is 001001 from '# INFERNAL 1.1.3 (Nov 2019)'
[22:18:33] Looking for 'egrep' - found /usr/bin/egrep
[22:18:33] Looking for 'find' - found /usr/bin/find
[22:18:33] Looking for 'grep' - found /usr/bin/grep
[22:18:33] Looking for 'hmmpress' - found /home/svarona/work/conda/nf-core-viralrecon-1.2.0dev-3fb10bb8a332a0381f3a6f1a0bab1f62/bin/hmmpress
[22:18:33] Determined hmmpress version is 003003 from '# HMMER 3.3.2 (Nov 2020); http://hmmer.org/'
[22:18:33] Looking for 'hmmscan' - found /home/svarona/work/conda/nf-core-viralrecon-1.2.0dev-3fb10bb8a332a0381f3a6f1a0bab1f62/bin/hmmscan
[22:18:33] Determined hmmscan version is 003003 from '# HMMER 3.3.2 (Nov 2020); http://hmmer.org/'
[22:18:33] Looking for 'java' - found /home/svarona/work/conda/nf-core-viralrecon-1.2.0dev-3fb10bb8a332a0381f3a6f1a0bab1f62/bin/java
[22:18:33] Looking for 'makeblastdb' - found /home/svarona/work/conda/nf-core-viralrecon-1.2.0dev-3fb10bb8a332a0381f3a6f1a0bab1f62/bin/makeblastdb
[22:18:33] Determined makeblastdb version is 002010 from 'makeblastdb: 2.10.1+'
[22:18:33] Looking for 'minced' - found /home/svarona/work/conda/nf-core-viralrecon-1.2.0dev-3fb10bb8a332a0381f3a6f1a0bab1f62/bin/minced
[22:18:34] Determined minced version is 004002 from 'minced 0.4.2'
[22:18:34] Looking for 'parallel' - found /home/svarona/work/conda/nf-core-viralrecon-1.2.0dev-3fb10bb8a332a0381f3a6f1a0bab1f62/bin/parallel
[22:18:34] Determined parallel version is 20210222 from 'GNU parallel 20210222'
[22:18:34] Looking for 'prodigal' - found /home/svarona/work/conda/nf-core-viralrecon-1.2.0dev-3fb10bb8a332a0381f3a6f1a0bab1f62/bin/prodigal
[22:18:34] Determined prodigal version is 002006 from 'Prodigal V2.6.3: February, 2016'
[22:18:34] Looking for 'prokka-genbank_to_fasta_db' - found /home/svarona/work/conda/nf-core-viralrecon-1.2.0dev-3fb10bb8a332a0381f3a6f1a0bab1f62/bin/prokka-genbank_to_fasta_db
[22:18:34] Looking for 'sed' - found /home/svarona/work/conda/nf-core-viralrecon-1.2.0dev-3fb10bb8a332a0381f3a6f1a0bab1f62/bin/sed
[22:18:34] Looking for 'tbl2asn' - found /home/svarona/work/conda/nf-core-viralrecon-1.2.0dev-3fb10bb8a332a0381f3a6f1a0bab1f62/bin/tbl2asn
[22:18:34] Determined tbl2asn version is 025007 from 'tbl2asn 25.7   arguments:'
[22:18:34] Using genetic code table 11.
[22:18:34] Loading and checking input file: SAMPLE3_SE.scaffolds.fa
[22:18:34] Wrote 2 contigs totalling 29426 bp.
[22:18:34] Predicting tRNAs and tmRNAs
[22:18:34] Running: aragorn -l -gc11  -w \.\/NO_GROUP\/SAMPLE3_SE\/data\/SAMPLE3_SE\.fna
[22:18:34] Found 0 tRNAs
[22:18:34] Predicting Ribosomal RNAs
[22:18:34] Running Barrnap with 1 threads
[22:18:34] Found 0 rRNAs
[22:18:34] Skipping ncRNA search, enable with --rfam if desired.
[22:18:34] Total of 0 tRNA + rRNA features
[22:18:34] Searching for CRISPR repeats
[22:18:34] Found 0 CRISPRs
[22:18:34] Predicting coding sequences
[22:18:34] Contigs total 29426 bp, so using meta mode
[22:18:34] Running: prodigal -i \.\/NO_GROUP\/SAMPLE3_SE\/data\/SAMPLE3_SE\.fna -c -m -g 11 -p meta -f sco -q
[22:18:34] Found 10 CDS
[22:18:34] Connecting features back to sequences
[22:18:34] Skipping genus-specific proteins as can't see /home/svarona/work/conda/nf-core-viralrecon-1.2.0dev-3fb10bb8a332a0381f3a6f1a0bab1f62/db/--species
[22:18:34] Annotating CDS, please be patient.
[22:18:34] Will use 1 CPUs for similarity searching.
[22:18:34] There are still 10 unannotated CDS left (started with 10)
[22:18:34] Will use blast to search against /home/svarona/work/conda/nf-core-viralrecon-1.2.0dev-3fb10bb8a332a0381f3a6f1a0bab1f62/db/kingdom/Bacteria/IS with 1 CPUs
[22:18:34] Running: cat \.\/NO_GROUP\/SAMPLE3_SE\/data\/SAMPLE3_SE\.IS\.tmp\.21638\.faa | parallel --gnu --plain -j 1 --block 4064 --recstart '>' --pipe blastp -query - -db /home/svarona/work/conda/nf-core-viralrecon-1.2.0dev-3fb10bb8a332a0381f3a6f1a0bab1f62/db/kingdom/Bacteria/IS -evalue 1e-30 -qcov_hsp_perc 90 -num_threads 1 -num_descriptions 1 -num_alignments 1 -seg no > \.\/NO_GROUP\/SAMPLE3_SE\/data\/SAMPLE3_SE\.IS\.tmp\.21638\.blast 2> /dev/null
[22:18:35] Deleting unwanted file: ./NO_GROUP/SAMPLE3_SE/data/SAMPLE3_SE.IS.tmp.21638.faa
[22:18:35] Deleting unwanted file: ./NO_GROUP/SAMPLE3_SE/data/SAMPLE3_SE.IS.tmp.21638.blast
[22:18:35] There are still 10 unannotated CDS left (started with 10)
[22:18:35] Will use blast to search against /home/svarona/work/conda/nf-core-viralrecon-1.2.0dev-3fb10bb8a332a0381f3a6f1a0bab1f62/db/kingdom/Bacteria/AMR with 1 CPUs
[22:18:35] Running: cat \.\/NO_GROUP\/SAMPLE3_SE\/data\/SAMPLE3_SE\.AMR\.tmp\.21638\.faa | parallel --gnu --plain -j 1 --block 4064 --recstart '>' --pipe blastp -query - -db /home/svarona/work/conda/nf-core-viralrecon-1.2.0dev-3fb10bb8a332a0381f3a6f1a0bab1f62/db/kingdom/Bacteria/AMR -evalue 9.99999999999999e-301 -qcov_hsp_perc 90 -num_threads 1 -num_descriptions 1 -num_alignments 1 -seg no > \.\/NO_GROUP\/SAMPLE3_SE\/data\/SAMPLE3_SE\.AMR\.tmp\.21638\.blast 2> /dev/null
[22:18:41] Deleting unwanted file: ./NO_GROUP/SAMPLE3_SE/data/SAMPLE3_SE.AMR.tmp.21638.faa
[22:18:41] Deleting unwanted file: ./NO_GROUP/SAMPLE3_SE/data/SAMPLE3_SE.AMR.tmp.21638.blast
[22:18:41] There are still 10 unannotated CDS left (started with 10)
[22:18:41] Will use blast to search against /home/svarona/work/conda/nf-core-viralrecon-1.2.0dev-3fb10bb8a332a0381f3a6f1a0bab1f62/db/kingdom/Bacteria/sprot with 1 CPUs
[22:18:41] Running: cat \.\/NO_GROUP\/SAMPLE3_SE\/data\/SAMPLE3_SE\.sprot\.tmp\.21638\.faa | parallel --gnu --plain -j 1 --block 4064 --recstart '>' --pipe blastp -query - -db /home/svarona/work/conda/nf-core-viralrecon-1.2.0dev-3fb10bb8a332a0381f3a6f1a0bab1f62/db/kingdom/Bacteria/sprot -evalue 1e-09 -qcov_hsp_perc 80 -num_threads 1 -num_descriptions 1 -num_alignments 1 -seg no > \.\/NO_GROUP\/SAMPLE3_SE\/data\/SAMPLE3_SE\.sprot\.tmp\.21638\.blast 2> /dev/null
[22:18:43] Deleting unwanted file: ./NO_GROUP/SAMPLE3_SE/data/SAMPLE3_SE.sprot.tmp.21638.faa
[22:18:43] Deleting unwanted file: ./NO_GROUP/SAMPLE3_SE/data/SAMPLE3_SE.sprot.tmp.21638.blast
[22:18:43] There are still 10 unannotated CDS left (started with 10)
[22:18:43] Will use hmmer3 to search against /home/svarona/work/conda/nf-core-viralrecon-1.2.0dev-3fb10bb8a332a0381f3a6f1a0bab1f62/db/hmm/HAMAP.hmm with 1 CPUs
[22:18:43] Running: cat \.\/NO_GROUP\/SAMPLE3_SE\/data\/SAMPLE3_SE\.HAMAP\.hmm\.tmp\.21638\.faa | parallel --gnu --plain -j 1 --block 4064 --recstart '>' --pipe hmmscan --noali --notextw --acc -E 1e-09 --cpu 1 /home/svarona/work/conda/nf-core-viralrecon-1.2.0dev-3fb10bb8a332a0381f3a6f1a0bab1f62/db/hmm/HAMAP.hmm /dev/stdin > \.\/NO_GROUP\/SAMPLE3_SE\/data\/SAMPLE3_SE\.HAMAP\.hmm\.tmp\.21638\.hmmer3 2> /dev/null
[22:18:47] Deleting unwanted file: ./NO_GROUP/SAMPLE3_SE/data/SAMPLE3_SE.HAMAP.hmm.tmp.21638.faa
[22:18:47] Deleting unwanted file: ./NO_GROUP/SAMPLE3_SE/data/SAMPLE3_SE.HAMAP.hmm.tmp.21638.hmmer3
[22:18:47] Labelling remaining 9 proteins as 'hypothetical protein'
[22:18:47] Found 1 unique /gene codes.
[22:18:47] Fixed 0 colliding /gene names.
[22:18:47] Adding /locus_tag identifiers
[22:18:47] Assigned 10 locus_tags to CDS and RNA features.
[22:18:47] Writing outputs to ./NO_GROUP/SAMPLE3_SE/data/
[22:18:47] Generating annotation statistics file
[22:18:47] Generating Genbank and Sequin files
[22:18:47] Running: tbl2asn -V b -a r10k -l paired-ends -M n -N 1 -y 'Annotated using prokka 1.14.6 from https://github.com/tseemann/prokka' -Z \.\/NO_GROUP\/SAMPLE3_SE\/data\/SAMPLE3_SE\.err -i \.\/NO_GROUP\/SAMPLE3_SE\/data\/SAMPLE3_SE\.fsa 2> /dev/null
[22:18:48] Deleting unwanted file: ./NO_GROUP/SAMPLE3_SE/data/errorsummary.val
[22:18:48] Deleting unwanted file: ./NO_GROUP/SAMPLE3_SE/data/SAMPLE3_SE.dr
[22:18:48] Deleting unwanted file: ./NO_GROUP/SAMPLE3_SE/data/SAMPLE3_SE.fixedproducts
[22:18:48] Deleting unwanted file: ./NO_GROUP/SAMPLE3_SE/data/SAMPLE3_SE.ecn
[22:18:48] Deleting unwanted file: ./NO_GROUP/SAMPLE3_SE/data/SAMPLE3_SE.val
[22:18:48] Repairing broken .GBK output that tbl2asn produces...
[22:18:48] Running: sed 's/COORDINATES: profile/COORDINATES:profile/' < \.\/NO_GROUP\/SAMPLE3_SE\/data\/SAMPLE3_SE\.gbf > \.\/NO_GROUP\/SAMPLE3_SE\/data\/SAMPLE3_SE\.gbk
[22:18:48] Deleting unwanted file: ./NO_GROUP/SAMPLE3_SE/data/SAMPLE3_SE.gbf
[22:18:48] Output files:
[22:18:48] ./NO_GROUP/SAMPLE3_SE/data/SAMPLE3_SE.bedgraph_term
[22:18:48] ./NO_GROUP/SAMPLE3_SE/data/SAMPLE3_SE.coverage_adapted_clustered_ac
[22:18:48] ./NO_GROUP/SAMPLE3_SE/data/SAMPLE3_SE.err
[22:18:48] ./NO_GROUP/SAMPLE3_SE/data/SAMPLE3_SE.faa
[22:18:48] ./NO_GROUP/SAMPLE3_SE/data/SAMPLE3_SE.ffn
[22:18:48] ./NO_GROUP/SAMPLE3_SE/data/SAMPLE3_SE.fna
[22:18:48] ./NO_GROUP/SAMPLE3_SE/data/SAMPLE3_SE.fsa
[22:18:48] ./NO_GROUP/SAMPLE3_SE/data/SAMPLE3_SE.gbk
[22:18:48] ./NO_GROUP/SAMPLE3_SE/data/SAMPLE3_SE.gff
[22:18:48] ./NO_GROUP/SAMPLE3_SE/data/SAMPLE3_SE.karyotype_individual.txt
[22:18:48] ./NO_GROUP/SAMPLE3_SE/data/SAMPLE3_SE.karyotype_summary.txt
[22:18:48] ./NO_GROUP/SAMPLE3_SE/data/SAMPLE3_SE.log
[22:18:48] ./NO_GROUP/SAMPLE3_SE/data/SAMPLE3_SE.sqn
[22:18:48] ./NO_GROUP/SAMPLE3_SE/data/SAMPLE3_SE.tbl
[22:18:48] ./NO_GROUP/SAMPLE3_SE/data/SAMPLE3_SE.tsv
[22:18:48] ./NO_GROUP/SAMPLE3_SE/data/SAMPLE3_SE.txt
[22:18:48] Annotation finished successfully.
[22:18:48] Walltime used: 0.25 minutes
[22:18:48] If you use this result please cite the Prokka paper:
[22:18:48] Seemann T (2014) Prokka: rapid prokaryotic genome annotation. Bioinformatics. 30(14):2068-9.
[22:18:48] Type 'prokka --citation' for more details.
[22:18:48] Share and enjoy!
