Discrepancy Report Results

Summary
FATAL: BAD_LOCUS_TAG_FORMAT:9 locus tags are incorrectly formatted.
DISC_SOURCE_QUALS_ASNDISC:strain (all present, all unique)
DISC_SOURCE_QUALS_ASNDISC:taxname (all present, all unique)
DISC_FEATURE_COUNT:gene: 9 present
DISC_FEATURE_COUNT:CDS: 9 present
DISC_COUNT_NUCLEOTIDES:1 nucleotide Bioseqs are present
DISC_QUALITY_SCORES:Quality scores are missing on all sequences.
ONCALLER_COMMENT_PRESENT:1 comment descriptors were found (all same)
MISSING_GENOMEASSEMBLY_COMMENTS:1 bioseqs are missing GenomeAssembly structured comments
MOLTYPE_NOT_MRNA:1 molecule types are not set as mRNA.
TECHNIQUE_NOT_TSA:1 technique are not set as TSA
MISSING_STRUCTURED_COMMENT:1 sequences do not include structured comments.
MISSING_PROJECT:10 sequences do not include project.
DISC_INCONSISTENT_MOLINFO_TECH:Molinfo Technique Report (some missing, all same)


Detailed Report

FATAL: DiscRep_ALL:BAD_LOCUS_TAG_FORMAT::9 locus tags are incorrectly formatted.
./NO_GROUP/SAMPLE1_PE/database/SAMPLE1_PE:Gene	ymdB	SAMPLE1_PE_1:266-13483	SAMPLE1_PE_00001
./NO_GROUP/SAMPLE1_PE/database/SAMPLE1_PE:Gene	SAMPLE1_PE_00002	SAMPLE1_PE_1:13768-21555	SAMPLE1_PE_00002
./NO_GROUP/SAMPLE1_PE/database/SAMPLE1_PE:Gene	SAMPLE1_PE_00003	SAMPLE1_PE_1:21563-25384	SAMPLE1_PE_00003
./NO_GROUP/SAMPLE1_PE/database/SAMPLE1_PE:Gene	SAMPLE1_PE_00004	SAMPLE1_PE_1:25393-26220	SAMPLE1_PE_00004
./NO_GROUP/SAMPLE1_PE/database/SAMPLE1_PE:Gene	SAMPLE1_PE_00005	SAMPLE1_PE_1:26523-27191	SAMPLE1_PE_00005
./NO_GROUP/SAMPLE1_PE/database/SAMPLE1_PE:Gene	SAMPLE1_PE_00006	SAMPLE1_PE_1:27202-27387	SAMPLE1_PE_00006
./NO_GROUP/SAMPLE1_PE/database/SAMPLE1_PE:Gene	SAMPLE1_PE_00007	SAMPLE1_PE_1:27394-27759	SAMPLE1_PE_00007
./NO_GROUP/SAMPLE1_PE/database/SAMPLE1_PE:Gene	SAMPLE1_PE_00008	SAMPLE1_PE_1:27894-28259	SAMPLE1_PE_00008
./NO_GROUP/SAMPLE1_PE/database/SAMPLE1_PE:Gene	SAMPLE1_PE_00009	SAMPLE1_PE_1:28274-29533	SAMPLE1_PE_00009

DiscRep_ALL:DISC_SOURCE_QUALS_ASNDISC::strain (all present, all unique)
DiscRep_SUB:DISC_SOURCE_QUALS_ASNDISC::1 sources have unique values for strain
DiscRep_ALL:DISC_SOURCE_QUALS_ASNDISC::taxname (all present, all unique)
DiscRep_SUB:DISC_SOURCE_QUALS_ASNDISC::1 sources have unique values for taxname
DiscRep_ALL:DISC_FEATURE_COUNT::gene: 9 present
DiscRep_ALL:DISC_FEATURE_COUNT::CDS: 9 present
DiscRep_ALL:DISC_COUNT_NUCLEOTIDES::1 nucleotide Bioseqs are present
./NO_GROUP/SAMPLE1_PE/database/SAMPLE1_PE:BU-ISCIII:SAMPLE1_PE_1 (length 29903)

DiscRep_ALL:DISC_QUALITY_SCORES::Quality scores are missing on all sequences.

DiscRep_ALL:ONCALLER_COMMENT_PRESENT::1 comment descriptors were found (all same)
./NO_GROUP/SAMPLE1_PE/database/SAMPLE1_PE:BU-ISCIII:SAMPLE1_PE_1:Annotated using prokka 1.14.6 from https://github.com/tseemann/prokka

DiscRep_ALL:MISSING_GENOMEASSEMBLY_COMMENTS::1 bioseqs are missing GenomeAssembly structured comments
./NO_GROUP/SAMPLE1_PE/database/SAMPLE1_PE:BU-ISCIII:SAMPLE1_PE_1 (length 29903)

DiscRep_ALL:MOLTYPE_NOT_MRNA::1 molecule types are not set as mRNA.
./NO_GROUP/SAMPLE1_PE/database/SAMPLE1_PE:BU-ISCIII:SAMPLE1_PE_1 (length 29903)

DiscRep_ALL:TECHNIQUE_NOT_TSA::1 technique are not set as TSA
./NO_GROUP/SAMPLE1_PE/database/SAMPLE1_PE:BU-ISCIII:SAMPLE1_PE_1 (length 29903)

DiscRep_ALL:MISSING_STRUCTURED_COMMENT::1 sequences do not include structured comments.
./NO_GROUP/SAMPLE1_PE/database/SAMPLE1_PE:BU-ISCIII:SAMPLE1_PE_1 (length 29903)

DiscRep_ALL:MISSING_PROJECT::10 sequences do not include project.
./NO_GROUP/SAMPLE1_PE/database/SAMPLE1_PE:BU-ISCIII:SAMPLE1_PE_1 (length 29903)
./NO_GROUP/SAMPLE1_PE/database/SAMPLE1_PE:BU-ISCIII:SAMPLE1_PE_00001 (length 4405)
./NO_GROUP/SAMPLE1_PE/database/SAMPLE1_PE:BU-ISCIII:SAMPLE1_PE_00002 (length 2595)
./NO_GROUP/SAMPLE1_PE/database/SAMPLE1_PE:BU-ISCIII:SAMPLE1_PE_00003 (length 1273)
./NO_GROUP/SAMPLE1_PE/database/SAMPLE1_PE:BU-ISCIII:SAMPLE1_PE_00004 (length 275)
./NO_GROUP/SAMPLE1_PE/database/SAMPLE1_PE:BU-ISCIII:SAMPLE1_PE_00005 (length 222)
./NO_GROUP/SAMPLE1_PE/database/SAMPLE1_PE:BU-ISCIII:SAMPLE1_PE_00006 (length 61)
./NO_GROUP/SAMPLE1_PE/database/SAMPLE1_PE:BU-ISCIII:SAMPLE1_PE_00007 (length 121)
./NO_GROUP/SAMPLE1_PE/database/SAMPLE1_PE:BU-ISCIII:SAMPLE1_PE_00008 (length 121)
./NO_GROUP/SAMPLE1_PE/database/SAMPLE1_PE:BU-ISCIII:SAMPLE1_PE_00009 (length 419)

DiscRep_ALL:DISC_INCONSISTENT_MOLINFO_TECH::Molinfo Technique Report (some missing, all same)
DiscRep_SUB:DISC_INCONSISTENT_MOLINFO_TECH::technique (all missing)
DiscRep_SUB:DISC_INCONSISTENT_MOLINFO_TECH::1 Molinfos are missing field technique
./NO_GROUP/SAMPLE1_PE/database/SAMPLE1_PE:BU-ISCIII:SAMPLE1_PE_1 (length 29903)

