[18:09:08] This is prokka 1.14.6
[18:09:08] Written by Torsten Seemann <torsten.seemann@gmail.com>
[18:09:08] Homepage is https://github.com/tseemann/prokka
[18:09:08] Local time is Tue Mar  2 18:09:08 2021
[18:09:08] You are s.varona
[18:09:08] Operating system is linux
[18:09:08] You have BioPerl 1.007002
[18:09:08] System has 4 cores.
[18:09:08] Will use maximum of 1 cores.
[18:09:08] Annotating as >>> Bacteria <<<
[18:09:08] Enabling options to ensure Genbank/ENA/DDJB submission compliance.
[18:09:08] Re-using existing --outdir ./NO_GROUP/SAMPLE1_PE/database
[18:09:08] Using filename prefix: SAMPLE1_PE.XXX
[18:09:08] Setting HMMER_NCPU=1
[18:09:08] Writing log to: ./NO_GROUP/SAMPLE1_PE/database/SAMPLE1_PE.log
[18:09:08] Command: /home/s.varona/virology_training_test/work/conda/nf-core-viralrecon-1.2.0dev-3fb10bb8a332a0381f3a6f1a0bab1f62/bin/prokka --force --outdir ./NO_GROUP/SAMPLE1_PE/database --prefix SAMPLE1_PE --addgenes --kingdom Bacteria --genus --species --usegenus --centre BU-ISCIII --locustag SAMPLE1_PE --compliant --cpus 1 ./NO_GROUP/SAMPLE1_PE/kmer/database.filtered_0.95_term.0.5.representative.fasta
[18:09:08] Appending to PATH: /home/s.varona/virology_training_test/work/conda/nf-core-viralrecon-1.2.0dev-3fb10bb8a332a0381f3a6f1a0bab1f62/bin
[18:09:08] Looking for 'aragorn' - found /home/s.varona/virology_training_test/work/conda/nf-core-viralrecon-1.2.0dev-3fb10bb8a332a0381f3a6f1a0bab1f62/bin/aragorn
[18:09:08] Determined aragorn version is 001002 from 'ARAGORN v1.2.38 Dean Laslett'
[18:09:08] Looking for 'barrnap' - found /home/s.varona/virology_training_test/work/conda/nf-core-viralrecon-1.2.0dev-3fb10bb8a332a0381f3a6f1a0bab1f62/bin/barrnap
[18:09:08] Determined barrnap version is 000009 from 'barrnap 0.9'
[18:09:08] Looking for 'blastp' - found /home/s.varona/virology_training_test/work/conda/nf-core-viralrecon-1.2.0dev-3fb10bb8a332a0381f3a6f1a0bab1f62/bin/blastp
[18:09:08] Determined blastp version is 002010 from 'blastp: 2.10.1+'
[18:09:08] Looking for 'cmpress' - found /home/s.varona/virology_training_test/work/conda/nf-core-viralrecon-1.2.0dev-3fb10bb8a332a0381f3a6f1a0bab1f62/bin/cmpress
[18:09:08] Determined cmpress version is 001001 from '# INFERNAL 1.1.3 (Nov 2019)'
[18:09:08] Looking for 'cmscan' - found /home/s.varona/virology_training_test/work/conda/nf-core-viralrecon-1.2.0dev-3fb10bb8a332a0381f3a6f1a0bab1f62/bin/cmscan
[18:09:08] Determined cmscan version is 001001 from '# INFERNAL 1.1.3 (Nov 2019)'
[18:09:08] Looking for 'egrep' - found /bin/egrep
[18:09:08] Looking for 'find' - found /usr/bin/find
[18:09:08] Looking for 'grep' - found /bin/grep
[18:09:08] Looking for 'hmmpress' - found /home/s.varona/virology_training_test/work/conda/nf-core-viralrecon-1.2.0dev-3fb10bb8a332a0381f3a6f1a0bab1f62/bin/hmmpress
[18:09:08] Determined hmmpress version is 003003 from '# HMMER 3.3.2 (Nov 2020); http://hmmer.org/'
[18:09:08] Looking for 'hmmscan' - found /home/s.varona/virology_training_test/work/conda/nf-core-viralrecon-1.2.0dev-3fb10bb8a332a0381f3a6f1a0bab1f62/bin/hmmscan
[18:09:08] Determined hmmscan version is 003003 from '# HMMER 3.3.2 (Nov 2020); http://hmmer.org/'
[18:09:08] Looking for 'java' - found /home/s.varona/virology_training_test/work/conda/nf-core-viralrecon-1.2.0dev-3fb10bb8a332a0381f3a6f1a0bab1f62/bin/java
[18:09:08] Looking for 'makeblastdb' - found /home/s.varona/virology_training_test/work/conda/nf-core-viralrecon-1.2.0dev-3fb10bb8a332a0381f3a6f1a0bab1f62/bin/makeblastdb
[18:09:08] Determined makeblastdb version is 002010 from 'makeblastdb: 2.10.1+'
[18:09:08] Looking for 'minced' - found /home/s.varona/virology_training_test/work/conda/nf-core-viralrecon-1.2.0dev-3fb10bb8a332a0381f3a6f1a0bab1f62/bin/minced
[18:09:08] Determined minced version is 004002 from 'minced 0.4.2'
[18:09:08] Looking for 'parallel' - found /home/s.varona/virology_training_test/work/conda/nf-core-viralrecon-1.2.0dev-3fb10bb8a332a0381f3a6f1a0bab1f62/bin/parallel
[18:09:08] Determined parallel version is 20210222 from 'GNU parallel 20210222'
[18:09:08] Looking for 'prodigal' - found /home/s.varona/virology_training_test/work/conda/nf-core-viralrecon-1.2.0dev-3fb10bb8a332a0381f3a6f1a0bab1f62/bin/prodigal
[18:09:08] Determined prodigal version is 002006 from 'Prodigal V2.6.3: February, 2016'
[18:09:08] Looking for 'prokka-genbank_to_fasta_db' - found /home/s.varona/virology_training_test/work/conda/nf-core-viralrecon-1.2.0dev-3fb10bb8a332a0381f3a6f1a0bab1f62/bin/prokka-genbank_to_fasta_db
[18:09:08] Looking for 'sed' - found /home/s.varona/virology_training_test/work/conda/nf-core-viralrecon-1.2.0dev-3fb10bb8a332a0381f3a6f1a0bab1f62/bin/sed
[18:09:08] Looking for 'tbl2asn' - found /home/s.varona/virology_training_test/work/conda/nf-core-viralrecon-1.2.0dev-3fb10bb8a332a0381f3a6f1a0bab1f62/bin/tbl2asn
[18:09:08] Determined tbl2asn version is 025007 from 'tbl2asn 25.7   arguments:'
[18:09:08] Using genetic code table 11.
[18:09:08] Loading and checking input file: ./NO_GROUP/SAMPLE1_PE/kmer/database.filtered_0.95_term.0.5.representative.fasta
[18:09:08] Wrote 1 contigs totalling 29903 bp.
[18:09:08] Predicting tRNAs and tmRNAs
[18:09:08] Running: aragorn -l -gc11  -w \.\/NO_GROUP\/SAMPLE1_PE\/database\/SAMPLE1_PE\.fna
[18:09:08] Found 0 tRNAs
[18:09:08] Predicting Ribosomal RNAs
[18:09:08] Running Barrnap with 1 threads
[18:09:08] Found 0 rRNAs
[18:09:08] Skipping ncRNA search, enable with --rfam if desired.
[18:09:08] Total of 0 tRNA + rRNA features
[18:09:08] Searching for CRISPR repeats
[18:09:09] Found 0 CRISPRs
[18:09:09] Predicting coding sequences
[18:09:09] Contigs total 29903 bp, so using meta mode
[18:09:09] Running: prodigal -i \.\/NO_GROUP\/SAMPLE1_PE\/database\/SAMPLE1_PE\.fna -c -m -g 11 -p meta -f sco -q
[18:09:09] Found 9 CDS
[18:09:09] Connecting features back to sequences
[18:09:09] Skipping genus-specific proteins as can't see /home/s.varona/virology_training_test/work/conda/nf-core-viralrecon-1.2.0dev-3fb10bb8a332a0381f3a6f1a0bab1f62/db/--species
[18:09:09] Annotating CDS, please be patient.
[18:09:09] Will use 1 CPUs for similarity searching.
[18:09:09] There are still 9 unannotated CDS left (started with 9)
[18:09:09] Will use blast to search against /home/s.varona/virology_training_test/work/conda/nf-core-viralrecon-1.2.0dev-3fb10bb8a332a0381f3a6f1a0bab1f62/db/kingdom/Bacteria/IS with 1 CPUs
[18:09:09] Running: cat \.\/NO_GROUP\/SAMPLE1_PE\/database\/SAMPLE1_PE\.IS\.tmp\.8813\.faa | parallel --gnu --plain -j 1 --block 4764 --recstart '>' --pipe blastp -query - -db /home/s.varona/virology_training_test/work/conda/nf-core-viralrecon-1.2.0dev-3fb10bb8a332a0381f3a6f1a0bab1f62/db/kingdom/Bacteria/IS -evalue 1e-30 -qcov_hsp_perc 90 -num_threads 1 -num_descriptions 1 -num_alignments 1 -seg no > \.\/NO_GROUP\/SAMPLE1_PE\/database\/SAMPLE1_PE\.IS\.tmp\.8813\.blast 2> /dev/null
[18:09:10] Deleting unwanted file: ./NO_GROUP/SAMPLE1_PE/database/SAMPLE1_PE.IS.tmp.8813.faa
[18:09:10] Deleting unwanted file: ./NO_GROUP/SAMPLE1_PE/database/SAMPLE1_PE.IS.tmp.8813.blast
[18:09:10] There are still 9 unannotated CDS left (started with 9)
[18:09:10] Will use blast to search against /home/s.varona/virology_training_test/work/conda/nf-core-viralrecon-1.2.0dev-3fb10bb8a332a0381f3a6f1a0bab1f62/db/kingdom/Bacteria/AMR with 1 CPUs
[18:09:10] Running: cat \.\/NO_GROUP\/SAMPLE1_PE\/database\/SAMPLE1_PE\.AMR\.tmp\.8813\.faa | parallel --gnu --plain -j 1 --block 4764 --recstart '>' --pipe blastp -query - -db /home/s.varona/virology_training_test/work/conda/nf-core-viralrecon-1.2.0dev-3fb10bb8a332a0381f3a6f1a0bab1f62/db/kingdom/Bacteria/AMR -evalue 9.99999999999999e-301 -qcov_hsp_perc 90 -num_threads 1 -num_descriptions 1 -num_alignments 1 -seg no > \.\/NO_GROUP\/SAMPLE1_PE\/database\/SAMPLE1_PE\.AMR\.tmp\.8813\.blast 2> /dev/null
[18:09:11] Deleting unwanted file: ./NO_GROUP/SAMPLE1_PE/database/SAMPLE1_PE.AMR.tmp.8813.faa
[18:09:11] Deleting unwanted file: ./NO_GROUP/SAMPLE1_PE/database/SAMPLE1_PE.AMR.tmp.8813.blast
[18:09:11] There are still 9 unannotated CDS left (started with 9)
[18:09:11] Will use blast to search against /home/s.varona/virology_training_test/work/conda/nf-core-viralrecon-1.2.0dev-3fb10bb8a332a0381f3a6f1a0bab1f62/db/kingdom/Bacteria/sprot with 1 CPUs
[18:09:11] Running: cat \.\/NO_GROUP\/SAMPLE1_PE\/database\/SAMPLE1_PE\.sprot\.tmp\.8813\.faa | parallel --gnu --plain -j 1 --block 4764 --recstart '>' --pipe blastp -query - -db /home/s.varona/virology_training_test/work/conda/nf-core-viralrecon-1.2.0dev-3fb10bb8a332a0381f3a6f1a0bab1f62/db/kingdom/Bacteria/sprot -evalue 1e-09 -qcov_hsp_perc 80 -num_threads 1 -num_descriptions 1 -num_alignments 1 -seg no > \.\/NO_GROUP\/SAMPLE1_PE\/database\/SAMPLE1_PE\.sprot\.tmp\.8813\.blast 2> /dev/null
[18:09:14] Deleting unwanted file: ./NO_GROUP/SAMPLE1_PE/database/SAMPLE1_PE.sprot.tmp.8813.faa
[18:09:14] Deleting unwanted file: ./NO_GROUP/SAMPLE1_PE/database/SAMPLE1_PE.sprot.tmp.8813.blast
[18:09:14] There are still 9 unannotated CDS left (started with 9)
[18:09:14] Will use hmmer3 to search against /home/s.varona/virology_training_test/work/conda/nf-core-viralrecon-1.2.0dev-3fb10bb8a332a0381f3a6f1a0bab1f62/db/hmm/HAMAP.hmm with 1 CPUs
[18:09:14] Running: cat \.\/NO_GROUP\/SAMPLE1_PE\/database\/SAMPLE1_PE\.HAMAP\.hmm\.tmp\.8813\.faa | parallel --gnu --plain -j 1 --block 4764 --recstart '>' --pipe hmmscan --noali --notextw --acc -E 1e-09 --cpu 1 /home/s.varona/virology_training_test/work/conda/nf-core-viralrecon-1.2.0dev-3fb10bb8a332a0381f3a6f1a0bab1f62/db/hmm/HAMAP.hmm /dev/stdin > \.\/NO_GROUP\/SAMPLE1_PE\/database\/SAMPLE1_PE\.HAMAP\.hmm\.tmp\.8813\.hmmer3 2> /dev/null
[18:09:15] Deleting unwanted file: ./NO_GROUP/SAMPLE1_PE/database/SAMPLE1_PE.HAMAP.hmm.tmp.8813.faa
[18:09:15] Deleting unwanted file: ./NO_GROUP/SAMPLE1_PE/database/SAMPLE1_PE.HAMAP.hmm.tmp.8813.hmmer3
[18:09:15] Labelling remaining 8 proteins as 'hypothetical protein'
[18:09:15] Found 1 unique /gene codes.
[18:09:15] Fixed 0 colliding /gene names.
[18:09:15] Adding /locus_tag identifiers
[18:09:15] Assigned 9 locus_tags to CDS and RNA features.
[18:09:15] Writing outputs to ./NO_GROUP/SAMPLE1_PE/database/
[18:09:15] Generating annotation statistics file
[18:09:15] Generating Genbank and Sequin files
[18:09:15] Running: tbl2asn -V b -a r10k -l paired-ends -M n -N 1 -y 'Annotated using prokka 1.14.6 from https://github.com/tseemann/prokka' -Z \.\/NO_GROUP\/SAMPLE1_PE\/database\/SAMPLE1_PE\.err -i \.\/NO_GROUP\/SAMPLE1_PE\/database\/SAMPLE1_PE\.fsa 2> /dev/null
[18:09:15] Deleting unwanted file: ./NO_GROUP/SAMPLE1_PE/database/errorsummary.val
[18:09:15] Deleting unwanted file: ./NO_GROUP/SAMPLE1_PE/database/SAMPLE1_PE.dr
[18:09:15] Deleting unwanted file: ./NO_GROUP/SAMPLE1_PE/database/SAMPLE1_PE.fixedproducts
[18:09:15] Deleting unwanted file: ./NO_GROUP/SAMPLE1_PE/database/SAMPLE1_PE.ecn
[18:09:15] Deleting unwanted file: ./NO_GROUP/SAMPLE1_PE/database/SAMPLE1_PE.val
[18:09:15] Repairing broken .GBK output that tbl2asn produces...
[18:09:15] Running: sed 's/COORDINATES: profile/COORDINATES:profile/' < \.\/NO_GROUP\/SAMPLE1_PE\/database\/SAMPLE1_PE\.gbf > \.\/NO_GROUP\/SAMPLE1_PE\/database\/SAMPLE1_PE\.gbk
[18:09:15] Deleting unwanted file: ./NO_GROUP/SAMPLE1_PE/database/SAMPLE1_PE.gbf
[18:09:15] Output files:
[18:09:15] ./NO_GROUP/SAMPLE1_PE/database/SAMPLE1_PE.ffn
[18:09:15] ./NO_GROUP/SAMPLE1_PE/database/SAMPLE1_PE.gbk
[18:09:15] ./NO_GROUP/SAMPLE1_PE/database/SAMPLE1_PE.gff
[18:09:15] ./NO_GROUP/SAMPLE1_PE/database/SAMPLE1_PE.faa
[18:09:15] ./NO_GROUP/SAMPLE1_PE/database/SAMPLE1_PE.fna
[18:09:15] ./NO_GROUP/SAMPLE1_PE/database/SAMPLE1_PE.err
[18:09:15] ./NO_GROUP/SAMPLE1_PE/database/SAMPLE1_PE.tsv
[18:09:15] ./NO_GROUP/SAMPLE1_PE/database/SAMPLE1_PE.sqn
[18:09:15] ./NO_GROUP/SAMPLE1_PE/database/SAMPLE1_PE.tbl
[18:09:15] ./NO_GROUP/SAMPLE1_PE/database/SAMPLE1_PE.txt
[18:09:15] ./NO_GROUP/SAMPLE1_PE/database/SAMPLE1_PE.log
[18:09:15] ./NO_GROUP/SAMPLE1_PE/database/SAMPLE1_PE.fsa
[18:09:15] Annotation finished successfully.
[18:09:15] Walltime used: 0.12 minutes
[18:09:15] If you use this result please cite the Prokka paper:
[18:09:15] Seemann T (2014) Prokka: rapid prokaryotic genome annotation. Bioinformatics. 30(14):2068-9.
[18:09:15] Type 'prokka --citation' for more details.
[18:09:15] Share and enjoy!
