Discrepancy Report Results

Summary
FATAL: BAD_LOCUS_TAG_FORMAT:19 locus tags are incorrectly formatted.
DISC_SOURCE_QUALS_ASNDISC:strain (all present, all same)
DISC_SOURCE_QUALS_ASNDISC:taxname (all present, all same)
DISC_FEATURE_COUNT:gene: 19 present
DISC_FEATURE_COUNT:CDS: 19 present
DISC_COUNT_NUCLEOTIDES:4 nucleotide Bioseqs are present
OVERLAPPING_GENES:6 genes overlap another gene on the same strand.
DISC_QUALITY_SCORES:Quality scores are missing on all sequences.
ONCALLER_COMMENT_PRESENT:4 comment descriptors were found (all same)
SHORT_PROT_SEQUENCES:1 protein sequences are shorter than 50 aa.
MISSING_GENOMEASSEMBLY_COMMENTS:4 bioseqs are missing GenomeAssembly structured comments
MOLTYPE_NOT_MRNA:4 molecule types are not set as mRNA.
TECHNIQUE_NOT_TSA:4 technique are not set as TSA
MISSING_STRUCTURED_COMMENT:4 sequences do not include structured comments.
MISSING_PROJECT:23 sequences do not include project.
DISC_INCONSISTENT_MOLINFO_TECH:Molinfo Technique Report (some missing, all same)


Detailed Report

FATAL: DiscRep_ALL:BAD_LOCUS_TAG_FORMAT::19 locus tags are incorrectly formatted.
./NO_GROUP/SAMPLE3_SE/data/SAMPLE3_SE:Gene	ymdB	SAMPLE3_SE_1:236-8668	SAMPLE3_SE_00001
./NO_GROUP/SAMPLE3_SE/data/SAMPLE3_SE:Gene	SAMPLE3_SE_00002	SAMPLE3_SE_1:8616-9191	SAMPLE3_SE_00002
./NO_GROUP/SAMPLE3_SE/data/SAMPLE3_SE:Gene	SAMPLE3_SE_00003	SAMPLE3_SE_1:9476-17263	SAMPLE3_SE_00003
./NO_GROUP/SAMPLE3_SE/data/SAMPLE3_SE:Gene	SAMPLE3_SE_00004	SAMPLE3_SE_1:17271-21092	SAMPLE3_SE_00004
./NO_GROUP/SAMPLE3_SE/data/SAMPLE3_SE:Gene	SAMPLE3_SE_00005	SAMPLE3_SE_1:21101-21928	SAMPLE3_SE_00005
./NO_GROUP/SAMPLE3_SE/data/SAMPLE3_SE:Gene	SAMPLE3_SE_00006	SAMPLE3_SE_1:22231-22899	SAMPLE3_SE_00006
./NO_GROUP/SAMPLE3_SE/data/SAMPLE3_SE:Gene	SAMPLE3_SE_00007	SAMPLE3_SE_1:22910-23095	SAMPLE3_SE_00007
./NO_GROUP/SAMPLE3_SE/data/SAMPLE3_SE:Gene	SAMPLE3_SE_00008	SAMPLE3_SE_1:23102-23467	SAMPLE3_SE_00008
./NO_GROUP/SAMPLE3_SE/data/SAMPLE3_SE:Gene	SAMPLE3_SE_00009	SAMPLE3_SE_1:23602-23967	SAMPLE3_SE_00009
./NO_GROUP/SAMPLE3_SE/data/SAMPLE3_SE:Gene	SAMPLE3_SE_00010	SAMPLE3_SE_1:23982-25241	SAMPLE3_SE_00010
./NO_GROUP/SAMPLE3_SE/data/SAMPLE3_SE:Gene	SAMPLE3_SE_00011	SAMPLE3_SE_2:115-633	SAMPLE3_SE_00011
./NO_GROUP/SAMPLE3_SE/data/SAMPLE3_SE:Gene	SAMPLE3_SE_00012	SAMPLE3_SE_2:697-2238	SAMPLE3_SE_00012
./NO_GROUP/SAMPLE3_SE/data/SAMPLE3_SE:Gene	SAMPLE3_SE_00013	SAMPLE3_SE_2:2235-2495	SAMPLE3_SE_00013
./NO_GROUP/SAMPLE3_SE/data/SAMPLE3_SE:Gene	SAMPLE3_SE_00014	SAMPLE3_SE_2:2492-2950	SAMPLE3_SE_00014
./NO_GROUP/SAMPLE3_SE/data/SAMPLE3_SE:Gene	SAMPLE3_SE_00015	SAMPLE3_SE_2:2950-3066	SAMPLE3_SE_00015
./NO_GROUP/SAMPLE3_SE/data/SAMPLE3_SE:Gene	SAMPLE3_SE_00016	SAMPLE3_SE_2:3103-4386	SAMPLE3_SE_00016
./NO_GROUP/SAMPLE3_SE/data/SAMPLE3_SE:Gene	SAMPLE3_SE_00017	SAMPLE3_SE_2:4497-5024	SAMPLE3_SE_00017
./NO_GROUP/SAMPLE3_SE/data/SAMPLE3_SE:Gene	SAMPLE3_SE_00018	SAMPLE3_SE_3:c2314-1880	SAMPLE3_SE_00018
./NO_GROUP/SAMPLE3_SE/data/SAMPLE3_SE:Gene	SAMPLE3_SE_00019	SAMPLE3_SE_4:36-368	SAMPLE3_SE_00019

DiscRep_ALL:DISC_SOURCE_QUALS_ASNDISC::strain (all present, all same)
DiscRep_SUB:DISC_SOURCE_QUALS_ASNDISC::4 sources have 'strain' for strain
DiscRep_ALL:DISC_SOURCE_QUALS_ASNDISC::taxname (all present, all same)
DiscRep_SUB:DISC_SOURCE_QUALS_ASNDISC::4 sources have '--species species' for taxname
DiscRep_ALL:DISC_FEATURE_COUNT::gene: 19 present
DiscRep_ALL:DISC_FEATURE_COUNT::CDS: 19 present
DiscRep_ALL:DISC_COUNT_NUCLEOTIDES::4 nucleotide Bioseqs are present
./NO_GROUP/SAMPLE3_SE/data/SAMPLE3_SE:BU-ISCIII:SAMPLE3_SE_1 (length 25568)
./NO_GROUP/SAMPLE3_SE/data/SAMPLE3_SE:BU-ISCIII:SAMPLE3_SE_2 (length 5513)
./NO_GROUP/SAMPLE3_SE/data/SAMPLE3_SE:BU-ISCIII:SAMPLE3_SE_3 (length 4174)
./NO_GROUP/SAMPLE3_SE/data/SAMPLE3_SE:BU-ISCIII:SAMPLE3_SE_4 (length 438)

DiscRep_ALL:OVERLAPPING_GENES::6 genes overlap another gene on the same strand.
./NO_GROUP/SAMPLE3_SE/data/SAMPLE3_SE:Gene	ymdB	SAMPLE3_SE_1:236-8668	SAMPLE3_SE_00001
./NO_GROUP/SAMPLE3_SE/data/SAMPLE3_SE:Gene	SAMPLE3_SE_00002	SAMPLE3_SE_1:8616-9191	SAMPLE3_SE_00002
./NO_GROUP/SAMPLE3_SE/data/SAMPLE3_SE:Gene	SAMPLE3_SE_00012	SAMPLE3_SE_2:697-2238	SAMPLE3_SE_00012
./NO_GROUP/SAMPLE3_SE/data/SAMPLE3_SE:Gene	SAMPLE3_SE_00013	SAMPLE3_SE_2:2235-2495	SAMPLE3_SE_00013
./NO_GROUP/SAMPLE3_SE/data/SAMPLE3_SE:Gene	SAMPLE3_SE_00014	SAMPLE3_SE_2:2492-2950	SAMPLE3_SE_00014
./NO_GROUP/SAMPLE3_SE/data/SAMPLE3_SE:Gene	SAMPLE3_SE_00015	SAMPLE3_SE_2:2950-3066	SAMPLE3_SE_00015

DiscRep_ALL:DISC_QUALITY_SCORES::Quality scores are missing on all sequences.

DiscRep_ALL:ONCALLER_COMMENT_PRESENT::4 comment descriptors were found (all same)
./NO_GROUP/SAMPLE3_SE/data/SAMPLE3_SE:BU-ISCIII:SAMPLE3_SE_1:Annotated using prokka 1.14.6 from https://github.com/tseemann/prokka
./NO_GROUP/SAMPLE3_SE/data/SAMPLE3_SE:BU-ISCIII:SAMPLE3_SE_2:Annotated using prokka 1.14.6 from https://github.com/tseemann/prokka
./NO_GROUP/SAMPLE3_SE/data/SAMPLE3_SE:BU-ISCIII:SAMPLE3_SE_3:Annotated using prokka 1.14.6 from https://github.com/tseemann/prokka
./NO_GROUP/SAMPLE3_SE/data/SAMPLE3_SE:BU-ISCIII:SAMPLE3_SE_4:Annotated using prokka 1.14.6 from https://github.com/tseemann/prokka

DiscRep_ALL:SHORT_PROT_SEQUENCES::1 protein sequences are shorter than 50 aa.
./NO_GROUP/SAMPLE3_SE/data/SAMPLE3_SE:BU-ISCIII:SAMPLE3_SE_00015 (length 38)

DiscRep_ALL:MISSING_GENOMEASSEMBLY_COMMENTS::4 bioseqs are missing GenomeAssembly structured comments
./NO_GROUP/SAMPLE3_SE/data/SAMPLE3_SE:BU-ISCIII:SAMPLE3_SE_1 (length 25568)
./NO_GROUP/SAMPLE3_SE/data/SAMPLE3_SE:BU-ISCIII:SAMPLE3_SE_2 (length 5513)
./NO_GROUP/SAMPLE3_SE/data/SAMPLE3_SE:BU-ISCIII:SAMPLE3_SE_3 (length 4174)
./NO_GROUP/SAMPLE3_SE/data/SAMPLE3_SE:BU-ISCIII:SAMPLE3_SE_4 (length 438)

DiscRep_ALL:MOLTYPE_NOT_MRNA::4 molecule types are not set as mRNA.
./NO_GROUP/SAMPLE3_SE/data/SAMPLE3_SE:BU-ISCIII:SAMPLE3_SE_1 (length 25568)
./NO_GROUP/SAMPLE3_SE/data/SAMPLE3_SE:BU-ISCIII:SAMPLE3_SE_2 (length 5513)
./NO_GROUP/SAMPLE3_SE/data/SAMPLE3_SE:BU-ISCIII:SAMPLE3_SE_3 (length 4174)
./NO_GROUP/SAMPLE3_SE/data/SAMPLE3_SE:BU-ISCIII:SAMPLE3_SE_4 (length 438)

DiscRep_ALL:TECHNIQUE_NOT_TSA::4 technique are not set as TSA
./NO_GROUP/SAMPLE3_SE/data/SAMPLE3_SE:BU-ISCIII:SAMPLE3_SE_1 (length 25568)
./NO_GROUP/SAMPLE3_SE/data/SAMPLE3_SE:BU-ISCIII:SAMPLE3_SE_2 (length 5513)
./NO_GROUP/SAMPLE3_SE/data/SAMPLE3_SE:BU-ISCIII:SAMPLE3_SE_3 (length 4174)
./NO_GROUP/SAMPLE3_SE/data/SAMPLE3_SE:BU-ISCIII:SAMPLE3_SE_4 (length 438)

DiscRep_ALL:MISSING_STRUCTURED_COMMENT::4 sequences do not include structured comments.
./NO_GROUP/SAMPLE3_SE/data/SAMPLE3_SE:BU-ISCIII:SAMPLE3_SE_1 (length 25568)
./NO_GROUP/SAMPLE3_SE/data/SAMPLE3_SE:BU-ISCIII:SAMPLE3_SE_2 (length 5513)
./NO_GROUP/SAMPLE3_SE/data/SAMPLE3_SE:BU-ISCIII:SAMPLE3_SE_3 (length 4174)
./NO_GROUP/SAMPLE3_SE/data/SAMPLE3_SE:BU-ISCIII:SAMPLE3_SE_4 (length 438)

DiscRep_ALL:MISSING_PROJECT::23 sequences do not include project.
./NO_GROUP/SAMPLE3_SE/data/SAMPLE3_SE:BU-ISCIII:SAMPLE3_SE_1 (length 25568)
./NO_GROUP/SAMPLE3_SE/data/SAMPLE3_SE:BU-ISCIII:SAMPLE3_SE_00001 (length 2810)
./NO_GROUP/SAMPLE3_SE/data/SAMPLE3_SE:BU-ISCIII:SAMPLE3_SE_00002 (length 191)
./NO_GROUP/SAMPLE3_SE/data/SAMPLE3_SE:BU-ISCIII:SAMPLE3_SE_00003 (length 2595)
./NO_GROUP/SAMPLE3_SE/data/SAMPLE3_SE:BU-ISCIII:SAMPLE3_SE_00004 (length 1273)
./NO_GROUP/SAMPLE3_SE/data/SAMPLE3_SE:BU-ISCIII:SAMPLE3_SE_00005 (length 275)
./NO_GROUP/SAMPLE3_SE/data/SAMPLE3_SE:BU-ISCIII:SAMPLE3_SE_00006 (length 222)
./NO_GROUP/SAMPLE3_SE/data/SAMPLE3_SE:BU-ISCIII:SAMPLE3_SE_00007 (length 61)
./NO_GROUP/SAMPLE3_SE/data/SAMPLE3_SE:BU-ISCIII:SAMPLE3_SE_00008 (length 121)
./NO_GROUP/SAMPLE3_SE/data/SAMPLE3_SE:BU-ISCIII:SAMPLE3_SE_00009 (length 121)
./NO_GROUP/SAMPLE3_SE/data/SAMPLE3_SE:BU-ISCIII:SAMPLE3_SE_00010 (length 419)
./NO_GROUP/SAMPLE3_SE/data/SAMPLE3_SE:BU-ISCIII:SAMPLE3_SE_2 (length 5513)
./NO_GROUP/SAMPLE3_SE/data/SAMPLE3_SE:BU-ISCIII:SAMPLE3_SE_00011 (length 172)
./NO_GROUP/SAMPLE3_SE/data/SAMPLE3_SE:BU-ISCIII:SAMPLE3_SE_00012 (length 513)
./NO_GROUP/SAMPLE3_SE/data/SAMPLE3_SE:BU-ISCIII:SAMPLE3_SE_00013 (length 86)
./NO_GROUP/SAMPLE3_SE/data/SAMPLE3_SE:BU-ISCIII:SAMPLE3_SE_00014 (length 152)
./NO_GROUP/SAMPLE3_SE/data/SAMPLE3_SE:BU-ISCIII:SAMPLE3_SE_00015 (length 38)
./NO_GROUP/SAMPLE3_SE/data/SAMPLE3_SE:BU-ISCIII:SAMPLE3_SE_00016 (length 427)
./NO_GROUP/SAMPLE3_SE/data/SAMPLE3_SE:BU-ISCIII:SAMPLE3_SE_00017 (length 175)
./NO_GROUP/SAMPLE3_SE/data/SAMPLE3_SE:BU-ISCIII:SAMPLE3_SE_3 (length 4174)
./NO_GROUP/SAMPLE3_SE/data/SAMPLE3_SE:BU-ISCIII:SAMPLE3_SE_00018 (length 144)
./NO_GROUP/SAMPLE3_SE/data/SAMPLE3_SE:BU-ISCIII:SAMPLE3_SE_4 (length 438)
./NO_GROUP/SAMPLE3_SE/data/SAMPLE3_SE:BU-ISCIII:SAMPLE3_SE_00019 (length 110)

DiscRep_ALL:DISC_INCONSISTENT_MOLINFO_TECH::Molinfo Technique Report (some missing, all same)
DiscRep_SUB:DISC_INCONSISTENT_MOLINFO_TECH::technique (all missing)
DiscRep_SUB:DISC_INCONSISTENT_MOLINFO_TECH::4 Molinfos are missing field technique
./NO_GROUP/SAMPLE3_SE/data/SAMPLE3_SE:BU-ISCIII:SAMPLE3_SE_1 (length 25568)
./NO_GROUP/SAMPLE3_SE/data/SAMPLE3_SE:BU-ISCIII:SAMPLE3_SE_2 (length 5513)
./NO_GROUP/SAMPLE3_SE/data/SAMPLE3_SE:BU-ISCIII:SAMPLE3_SE_3 (length 4174)
./NO_GROUP/SAMPLE3_SE/data/SAMPLE3_SE:BU-ISCIII:SAMPLE3_SE_4 (length 438)

