[22:21:22] This is prokka 1.14.6
[22:21:22] Written by Torsten Seemann <torsten.seemann@gmail.com>
[22:21:22] Homepage is https://github.com/tseemann/prokka
[22:21:22] Local time is Thu Mar  4 22:21:22 2021
[22:21:22] You are svarona
[22:21:22] Operating system is linux
[22:21:22] You have BioPerl 1.007002
[22:21:22] System has 12 cores.
[22:21:22] Will use maximum of 1 cores.
[22:21:22] Annotating as >>> Bacteria <<<
[22:21:22] Enabling options to ensure Genbank/ENA/DDJB submission compliance.
[22:21:22] Re-using existing --outdir ./NO_GROUP/SAMPLE2_PE/data
[22:21:22] Using filename prefix: SAMPLE2_PE.XXX
[22:21:22] Setting HMMER_NCPU=1
[22:21:22] Writing log to: ./NO_GROUP/SAMPLE2_PE/data/SAMPLE2_PE.log
[22:21:22] Command: /home/svarona/work/conda/nf-core-viralrecon-1.2.0dev-3fb10bb8a332a0381f3a6f1a0bab1f62/bin/prokka --force --outdir ./NO_GROUP/SAMPLE2_PE/data --prefix SAMPLE2_PE --addgenes --kingdom Bacteria --genus --species --usegenus --centre BU-ISCIII --locustag SAMPLE2_PE --compliant --cpus 1 SAMPLE2_PE.scaffolds.fa
[22:21:22] Appending to PATH: /home/svarona/work/conda/nf-core-viralrecon-1.2.0dev-3fb10bb8a332a0381f3a6f1a0bab1f62/bin
[22:21:22] Looking for 'aragorn' - found /home/svarona/work/conda/nf-core-viralrecon-1.2.0dev-3fb10bb8a332a0381f3a6f1a0bab1f62/bin/aragorn
[22:21:22] Determined aragorn version is 001002 from 'ARAGORN v1.2.38 Dean Laslett'
[22:21:22] Looking for 'barrnap' - found /home/svarona/work/conda/nf-core-viralrecon-1.2.0dev-3fb10bb8a332a0381f3a6f1a0bab1f62/bin/barrnap
[22:21:22] Determined barrnap version is 000009 from 'barrnap 0.9'
[22:21:22] Looking for 'blastp' - found /home/svarona/work/conda/nf-core-viralrecon-1.2.0dev-3fb10bb8a332a0381f3a6f1a0bab1f62/bin/blastp
[22:21:22] Determined blastp version is 002010 from 'blastp: 2.10.1+'
[22:21:22] Looking for 'cmpress' - found /home/svarona/work/conda/nf-core-viralrecon-1.2.0dev-3fb10bb8a332a0381f3a6f1a0bab1f62/bin/cmpress
[22:21:22] Determined cmpress version is 001001 from '# INFERNAL 1.1.3 (Nov 2019)'
[22:21:22] Looking for 'cmscan' - found /home/svarona/work/conda/nf-core-viralrecon-1.2.0dev-3fb10bb8a332a0381f3a6f1a0bab1f62/bin/cmscan
[22:21:22] Determined cmscan version is 001001 from '# INFERNAL 1.1.3 (Nov 2019)'
[22:21:22] Looking for 'egrep' - found /usr/bin/egrep
[22:21:22] Looking for 'find' - found /usr/bin/find
[22:21:22] Looking for 'grep' - found /usr/bin/grep
[22:21:22] Looking for 'hmmpress' - found /home/svarona/work/conda/nf-core-viralrecon-1.2.0dev-3fb10bb8a332a0381f3a6f1a0bab1f62/bin/hmmpress
[22:21:22] Determined hmmpress version is 003003 from '# HMMER 3.3.2 (Nov 2020); http://hmmer.org/'
[22:21:22] Looking for 'hmmscan' - found /home/svarona/work/conda/nf-core-viralrecon-1.2.0dev-3fb10bb8a332a0381f3a6f1a0bab1f62/bin/hmmscan
[22:21:22] Determined hmmscan version is 003003 from '# HMMER 3.3.2 (Nov 2020); http://hmmer.org/'
[22:21:22] Looking for 'java' - found /home/svarona/work/conda/nf-core-viralrecon-1.2.0dev-3fb10bb8a332a0381f3a6f1a0bab1f62/bin/java
[22:21:22] Looking for 'makeblastdb' - found /home/svarona/work/conda/nf-core-viralrecon-1.2.0dev-3fb10bb8a332a0381f3a6f1a0bab1f62/bin/makeblastdb
[22:21:23] Determined makeblastdb version is 002010 from 'makeblastdb: 2.10.1+'
[22:21:23] Looking for 'minced' - found /home/svarona/work/conda/nf-core-viralrecon-1.2.0dev-3fb10bb8a332a0381f3a6f1a0bab1f62/bin/minced
[22:21:23] Determined minced version is 004002 from 'minced 0.4.2'
[22:21:23] Looking for 'parallel' - found /home/svarona/work/conda/nf-core-viralrecon-1.2.0dev-3fb10bb8a332a0381f3a6f1a0bab1f62/bin/parallel
[22:21:23] Determined parallel version is 20210222 from 'GNU parallel 20210222'
[22:21:23] Looking for 'prodigal' - found /home/svarona/work/conda/nf-core-viralrecon-1.2.0dev-3fb10bb8a332a0381f3a6f1a0bab1f62/bin/prodigal
[22:21:23] Determined prodigal version is 002006 from 'Prodigal V2.6.3: February, 2016'
[22:21:23] Looking for 'prokka-genbank_to_fasta_db' - found /home/svarona/work/conda/nf-core-viralrecon-1.2.0dev-3fb10bb8a332a0381f3a6f1a0bab1f62/bin/prokka-genbank_to_fasta_db
[22:21:23] Looking for 'sed' - found /home/svarona/work/conda/nf-core-viralrecon-1.2.0dev-3fb10bb8a332a0381f3a6f1a0bab1f62/bin/sed
[22:21:23] Looking for 'tbl2asn' - found /home/svarona/work/conda/nf-core-viralrecon-1.2.0dev-3fb10bb8a332a0381f3a6f1a0bab1f62/bin/tbl2asn
[22:21:23] Determined tbl2asn version is 025007 from 'tbl2asn 25.7   arguments:'
[22:21:23] Using genetic code table 11.
[22:21:23] Loading and checking input file: SAMPLE2_PE.scaffolds.fa
[22:21:23] Wrote 5 contigs totalling 25591 bp.
[22:21:23] Predicting tRNAs and tmRNAs
[22:21:23] Running: aragorn -l -gc11  -w \.\/NO_GROUP\/SAMPLE2_PE\/data\/SAMPLE2_PE\.fna
[22:21:23] Found 0 tRNAs
[22:21:23] Predicting Ribosomal RNAs
[22:21:23] Running Barrnap with 1 threads
[22:21:23] Found 0 rRNAs
[22:21:23] Skipping ncRNA search, enable with --rfam if desired.
[22:21:23] Total of 0 tRNA + rRNA features
[22:21:23] Searching for CRISPR repeats
[22:21:23] Found 0 CRISPRs
[22:21:23] Predicting coding sequences
[22:21:23] Contigs total 25591 bp, so using meta mode
[22:21:23] Running: prodigal -i \.\/NO_GROUP\/SAMPLE2_PE\/data\/SAMPLE2_PE\.fna -c -m -g 11 -p meta -f sco -q
[22:21:23] Found 11 CDS
[22:21:23] Connecting features back to sequences
[22:21:23] Skipping genus-specific proteins as can't see /home/svarona/work/conda/nf-core-viralrecon-1.2.0dev-3fb10bb8a332a0381f3a6f1a0bab1f62/db/--species
[22:21:23] Annotating CDS, please be patient.
[22:21:23] Will use 1 CPUs for similarity searching.
[22:21:23] There are still 11 unannotated CDS left (started with 11)
[22:21:23] Will use blast to search against /home/svarona/work/conda/nf-core-viralrecon-1.2.0dev-3fb10bb8a332a0381f3a6f1a0bab1f62/db/kingdom/Bacteria/IS with 1 CPUs
[22:21:23] Running: cat \.\/NO_GROUP\/SAMPLE2_PE\/data\/SAMPLE2_PE\.IS\.tmp\.1325\.faa | parallel --gnu --plain -j 1 --block 2357 --recstart '>' --pipe blastp -query - -db /home/svarona/work/conda/nf-core-viralrecon-1.2.0dev-3fb10bb8a332a0381f3a6f1a0bab1f62/db/kingdom/Bacteria/IS -evalue 1e-30 -qcov_hsp_perc 90 -num_threads 1 -num_descriptions 1 -num_alignments 1 -seg no > \.\/NO_GROUP\/SAMPLE2_PE\/data\/SAMPLE2_PE\.IS\.tmp\.1325\.blast 2> /dev/null
[22:21:24] Deleting unwanted file: ./NO_GROUP/SAMPLE2_PE/data/SAMPLE2_PE.IS.tmp.1325.faa
[22:21:24] Deleting unwanted file: ./NO_GROUP/SAMPLE2_PE/data/SAMPLE2_PE.IS.tmp.1325.blast
[22:21:24] There are still 11 unannotated CDS left (started with 11)
[22:21:24] Will use blast to search against /home/svarona/work/conda/nf-core-viralrecon-1.2.0dev-3fb10bb8a332a0381f3a6f1a0bab1f62/db/kingdom/Bacteria/AMR with 1 CPUs
[22:21:24] Running: cat \.\/NO_GROUP\/SAMPLE2_PE\/data\/SAMPLE2_PE\.AMR\.tmp\.1325\.faa | parallel --gnu --plain -j 1 --block 2357 --recstart '>' --pipe blastp -query - -db /home/svarona/work/conda/nf-core-viralrecon-1.2.0dev-3fb10bb8a332a0381f3a6f1a0bab1f62/db/kingdom/Bacteria/AMR -evalue 9.99999999999999e-301 -qcov_hsp_perc 90 -num_threads 1 -num_descriptions 1 -num_alignments 1 -seg no > \.\/NO_GROUP\/SAMPLE2_PE\/data\/SAMPLE2_PE\.AMR\.tmp\.1325\.blast 2> /dev/null
[22:21:25] Deleting unwanted file: ./NO_GROUP/SAMPLE2_PE/data/SAMPLE2_PE.AMR.tmp.1325.faa
[22:21:25] Deleting unwanted file: ./NO_GROUP/SAMPLE2_PE/data/SAMPLE2_PE.AMR.tmp.1325.blast
[22:21:25] There are still 11 unannotated CDS left (started with 11)
[22:21:25] Will use blast to search against /home/svarona/work/conda/nf-core-viralrecon-1.2.0dev-3fb10bb8a332a0381f3a6f1a0bab1f62/db/kingdom/Bacteria/sprot with 1 CPUs
[22:21:25] Running: cat \.\/NO_GROUP\/SAMPLE2_PE\/data\/SAMPLE2_PE\.sprot\.tmp\.1325\.faa | parallel --gnu --plain -j 1 --block 2357 --recstart '>' --pipe blastp -query - -db /home/svarona/work/conda/nf-core-viralrecon-1.2.0dev-3fb10bb8a332a0381f3a6f1a0bab1f62/db/kingdom/Bacteria/sprot -evalue 1e-09 -qcov_hsp_perc 80 -num_threads 1 -num_descriptions 1 -num_alignments 1 -seg no > \.\/NO_GROUP\/SAMPLE2_PE\/data\/SAMPLE2_PE\.sprot\.tmp\.1325\.blast 2> /dev/null
[22:21:26] Deleting unwanted file: ./NO_GROUP/SAMPLE2_PE/data/SAMPLE2_PE.sprot.tmp.1325.faa
[22:21:26] Deleting unwanted file: ./NO_GROUP/SAMPLE2_PE/data/SAMPLE2_PE.sprot.tmp.1325.blast
[22:21:26] There are still 11 unannotated CDS left (started with 11)
[22:21:26] Will use hmmer3 to search against /home/svarona/work/conda/nf-core-viralrecon-1.2.0dev-3fb10bb8a332a0381f3a6f1a0bab1f62/db/hmm/HAMAP.hmm with 1 CPUs
[22:21:26] Running: cat \.\/NO_GROUP\/SAMPLE2_PE\/data\/SAMPLE2_PE\.HAMAP\.hmm\.tmp\.1325\.faa | parallel --gnu --plain -j 1 --block 2357 --recstart '>' --pipe hmmscan --noali --notextw --acc -E 1e-09 --cpu 1 /home/svarona/work/conda/nf-core-viralrecon-1.2.0dev-3fb10bb8a332a0381f3a6f1a0bab1f62/db/hmm/HAMAP.hmm /dev/stdin > \.\/NO_GROUP\/SAMPLE2_PE\/data\/SAMPLE2_PE\.HAMAP\.hmm\.tmp\.1325\.hmmer3 2> /dev/null
[22:21:30] Deleting unwanted file: ./NO_GROUP/SAMPLE2_PE/data/SAMPLE2_PE.HAMAP.hmm.tmp.1325.faa
[22:21:30] Deleting unwanted file: ./NO_GROUP/SAMPLE2_PE/data/SAMPLE2_PE.HAMAP.hmm.tmp.1325.hmmer3
[22:21:30] Labelling remaining 11 proteins as 'hypothetical protein'
[22:21:30] Found 0 unique /gene codes.
[22:21:30] Fixed 0 colliding /gene names.
[22:21:30] Adding /locus_tag identifiers
[22:21:30] Assigned 11 locus_tags to CDS and RNA features.
[22:21:30] Writing outputs to ./NO_GROUP/SAMPLE2_PE/data/
[22:21:30] Generating annotation statistics file
[22:21:30] Generating Genbank and Sequin files
[22:21:30] Running: tbl2asn -V b -a r10k -l paired-ends -M n -N 1 -y 'Annotated using prokka 1.14.6 from https://github.com/tseemann/prokka' -Z \.\/NO_GROUP\/SAMPLE2_PE\/data\/SAMPLE2_PE\.err -i \.\/NO_GROUP\/SAMPLE2_PE\/data\/SAMPLE2_PE\.fsa 2> /dev/null
[22:21:30] Deleting unwanted file: ./NO_GROUP/SAMPLE2_PE/data/errorsummary.val
[22:21:30] Deleting unwanted file: ./NO_GROUP/SAMPLE2_PE/data/SAMPLE2_PE.dr
[22:21:30] Deleting unwanted file: ./NO_GROUP/SAMPLE2_PE/data/SAMPLE2_PE.fixedproducts
[22:21:30] Deleting unwanted file: ./NO_GROUP/SAMPLE2_PE/data/SAMPLE2_PE.ecn
[22:21:30] Deleting unwanted file: ./NO_GROUP/SAMPLE2_PE/data/SAMPLE2_PE.val
[22:21:30] Repairing broken .GBK output that tbl2asn produces...
[22:21:30] Running: sed 's/COORDINATES: profile/COORDINATES:profile/' < \.\/NO_GROUP\/SAMPLE2_PE\/data\/SAMPLE2_PE\.gbf > \.\/NO_GROUP\/SAMPLE2_PE\/data\/SAMPLE2_PE\.gbk
[22:21:30] Deleting unwanted file: ./NO_GROUP/SAMPLE2_PE/data/SAMPLE2_PE.gbf
[22:21:30] Output files:
[22:21:30] ./NO_GROUP/SAMPLE2_PE/data/SAMPLE2_PE.bedgraph_term
[22:21:30] ./NO_GROUP/SAMPLE2_PE/data/SAMPLE2_PE.coverage_adapted_clustered_ac
[22:21:30] ./NO_GROUP/SAMPLE2_PE/data/SAMPLE2_PE.err
[22:21:30] ./NO_GROUP/SAMPLE2_PE/data/SAMPLE2_PE.faa
[22:21:30] ./NO_GROUP/SAMPLE2_PE/data/SAMPLE2_PE.ffn
[22:21:30] ./NO_GROUP/SAMPLE2_PE/data/SAMPLE2_PE.fna
[22:21:30] ./NO_GROUP/SAMPLE2_PE/data/SAMPLE2_PE.fsa
[22:21:30] ./NO_GROUP/SAMPLE2_PE/data/SAMPLE2_PE.gbk
[22:21:30] ./NO_GROUP/SAMPLE2_PE/data/SAMPLE2_PE.gff
[22:21:30] ./NO_GROUP/SAMPLE2_PE/data/SAMPLE2_PE.karyotype_individual.txt
[22:21:30] ./NO_GROUP/SAMPLE2_PE/data/SAMPLE2_PE.karyotype_summary.txt
[22:21:30] ./NO_GROUP/SAMPLE2_PE/data/SAMPLE2_PE.log
[22:21:30] ./NO_GROUP/SAMPLE2_PE/data/SAMPLE2_PE.sqn
[22:21:30] ./NO_GROUP/SAMPLE2_PE/data/SAMPLE2_PE.tbl
[22:21:30] ./NO_GROUP/SAMPLE2_PE/data/SAMPLE2_PE.tsv
[22:21:30] ./NO_GROUP/SAMPLE2_PE/data/SAMPLE2_PE.txt
[22:21:30] Annotation finished successfully.
[22:21:30] Walltime used: 0.13 minutes
[22:21:30] If you use this result please cite the Prokka paper:
[22:21:30] Seemann T (2014) Prokka: rapid prokaryotic genome annotation. Bioinformatics. 30(14):2068-9.
[22:21:30] Type 'prokka --citation' for more details.
[22:21:30] Thank you, come again.
