Discrepancy Report Results

Summary
DISC_PROTEIN_NAMES:All proteins have same name "hypothetical protein"
FATAL: BAD_LOCUS_TAG_FORMAT:11 locus tags are incorrectly formatted.
DISC_SOURCE_QUALS_ASNDISC:strain (all present, all same)
DISC_SOURCE_QUALS_ASNDISC:taxname (all present, all same)
DISC_FEATURE_COUNT:gene: 11 present
DISC_FEATURE_COUNT:CDS: 11 present
DISC_COUNT_NUCLEOTIDES:5 nucleotide Bioseqs are present
OVERLAPPING_GENES:2 genes overlap another gene on the same strand.
NO_ANNOTATION:1 bioseqs have no features
DISC_QUALITY_SCORES:Quality scores are missing on all sequences.
ONCALLER_COMMENT_PRESENT:5 comment descriptors were found (all same)
MISSING_GENOMEASSEMBLY_COMMENTS:5 bioseqs are missing GenomeAssembly structured comments
MOLTYPE_NOT_MRNA:5 molecule types are not set as mRNA.
TECHNIQUE_NOT_TSA:5 technique are not set as TSA
MISSING_STRUCTURED_COMMENT:5 sequences do not include structured comments.
MISSING_PROJECT:16 sequences do not include project.
DISC_INCONSISTENT_MOLINFO_TECH:Molinfo Technique Report (some missing, all same)


Detailed Report

DiscRep_ALL:DISC_PROTEIN_NAMES::All proteins have same name "hypothetical protein"

FATAL: DiscRep_ALL:BAD_LOCUS_TAG_FORMAT::11 locus tags are incorrectly formatted.
./NO_GROUP/SAMPLE2_PE/data/SAMPLE2_PE:Gene	SAMPLE2_PE_00001	SAMPLE2_PE_1:58-4533	SAMPLE2_PE_00001
./NO_GROUP/SAMPLE2_PE/data/SAMPLE2_PE:Gene	SAMPLE2_PE_00002	SAMPLE2_PE_1:c9235-9029	SAMPLE2_PE_00002
./NO_GROUP/SAMPLE2_PE/data/SAMPLE2_PE:Gene	SAMPLE2_PE_00003	SAMPLE2_PE_2:38-2176	SAMPLE2_PE_00003
./NO_GROUP/SAMPLE2_PE/data/SAMPLE2_PE:Gene	SAMPLE2_PE_00004	SAMPLE2_PE_2:2157-6005	SAMPLE2_PE_00004
./NO_GROUP/SAMPLE2_PE/data/SAMPLE2_PE:Gene	SAMPLE2_PE_00005	SAMPLE2_PE_3:c743-585	SAMPLE2_PE_00005
./NO_GROUP/SAMPLE2_PE/data/SAMPLE2_PE:Gene	SAMPLE2_PE_00006	SAMPLE2_PE_3:1040-1501	SAMPLE2_PE_00006
./NO_GROUP/SAMPLE2_PE/data/SAMPLE2_PE:Gene	SAMPLE2_PE_00007	SAMPLE2_PE_3:2161-2400	SAMPLE2_PE_00007
./NO_GROUP/SAMPLE2_PE/data/SAMPLE2_PE:Gene	SAMPLE2_PE_00008	SAMPLE2_PE_4:559-1227	SAMPLE2_PE_00008
./NO_GROUP/SAMPLE2_PE/data/SAMPLE2_PE:Gene	SAMPLE2_PE_00009	SAMPLE2_PE_4:1430-1642	SAMPLE2_PE_00009
./NO_GROUP/SAMPLE2_PE/data/SAMPLE2_PE:Gene	SAMPLE2_PE_00010	SAMPLE2_PE_4:1929-2294	SAMPLE2_PE_00010
./NO_GROUP/SAMPLE2_PE/data/SAMPLE2_PE:Gene	SAMPLE2_PE_00011	SAMPLE2_PE_4:2309-3568	SAMPLE2_PE_00011

DiscRep_ALL:DISC_SOURCE_QUALS_ASNDISC::strain (all present, all same)
DiscRep_SUB:DISC_SOURCE_QUALS_ASNDISC::5 sources have 'strain' for strain
DiscRep_ALL:DISC_SOURCE_QUALS_ASNDISC::taxname (all present, all same)
DiscRep_SUB:DISC_SOURCE_QUALS_ASNDISC::5 sources have '--species species' for taxname
DiscRep_ALL:DISC_FEATURE_COUNT::gene: 11 present
DiscRep_ALL:DISC_FEATURE_COUNT::CDS: 11 present
DiscRep_ALL:DISC_COUNT_NUCLEOTIDES::5 nucleotide Bioseqs are present
./NO_GROUP/SAMPLE2_PE/data/SAMPLE2_PE:BU-ISCIII:SAMPLE2_PE_1 (length 10284)
./NO_GROUP/SAMPLE2_PE/data/SAMPLE2_PE:BU-ISCIII:SAMPLE2_PE_2 (length 6231)
./NO_GROUP/SAMPLE2_PE/data/SAMPLE2_PE:BU-ISCIII:SAMPLE2_PE_3 (length 3761)
./NO_GROUP/SAMPLE2_PE/data/SAMPLE2_PE:BU-ISCIII:SAMPLE2_PE_4 (length 3753)
./NO_GROUP/SAMPLE2_PE/data/SAMPLE2_PE:BU-ISCIII:SAMPLE2_PE_5 (length 1562)

DiscRep_ALL:OVERLAPPING_GENES::2 genes overlap another gene on the same strand.
./NO_GROUP/SAMPLE2_PE/data/SAMPLE2_PE:Gene	SAMPLE2_PE_00003	SAMPLE2_PE_2:38-2176	SAMPLE2_PE_00003
./NO_GROUP/SAMPLE2_PE/data/SAMPLE2_PE:Gene	SAMPLE2_PE_00004	SAMPLE2_PE_2:2157-6005	SAMPLE2_PE_00004

DiscRep_ALL:NO_ANNOTATION::1 bioseqs have no features
./NO_GROUP/SAMPLE2_PE/data/SAMPLE2_PE:BU-ISCIII:SAMPLE2_PE_5 (length 1562)

DiscRep_ALL:DISC_QUALITY_SCORES::Quality scores are missing on all sequences.

DiscRep_ALL:ONCALLER_COMMENT_PRESENT::5 comment descriptors were found (all same)
./NO_GROUP/SAMPLE2_PE/data/SAMPLE2_PE:BU-ISCIII:SAMPLE2_PE_1:Annotated using prokka 1.14.6 from https://github.com/tseemann/prokka
./NO_GROUP/SAMPLE2_PE/data/SAMPLE2_PE:BU-ISCIII:SAMPLE2_PE_2:Annotated using prokka 1.14.6 from https://github.com/tseemann/prokka
./NO_GROUP/SAMPLE2_PE/data/SAMPLE2_PE:BU-ISCIII:SAMPLE2_PE_3:Annotated using prokka 1.14.6 from https://github.com/tseemann/prokka
./NO_GROUP/SAMPLE2_PE/data/SAMPLE2_PE:BU-ISCIII:SAMPLE2_PE_4:Annotated using prokka 1.14.6 from https://github.com/tseemann/prokka
./NO_GROUP/SAMPLE2_PE/data/SAMPLE2_PE:BU-ISCIII:SAMPLE2_PE_5:Annotated using prokka 1.14.6 from https://github.com/tseemann/prokka

DiscRep_ALL:MISSING_GENOMEASSEMBLY_COMMENTS::5 bioseqs are missing GenomeAssembly structured comments
./NO_GROUP/SAMPLE2_PE/data/SAMPLE2_PE:BU-ISCIII:SAMPLE2_PE_1 (length 10284)
./NO_GROUP/SAMPLE2_PE/data/SAMPLE2_PE:BU-ISCIII:SAMPLE2_PE_2 (length 6231)
./NO_GROUP/SAMPLE2_PE/data/SAMPLE2_PE:BU-ISCIII:SAMPLE2_PE_3 (length 3761)
./NO_GROUP/SAMPLE2_PE/data/SAMPLE2_PE:BU-ISCIII:SAMPLE2_PE_4 (length 3753)
./NO_GROUP/SAMPLE2_PE/data/SAMPLE2_PE:BU-ISCIII:SAMPLE2_PE_5 (length 1562)

DiscRep_ALL:MOLTYPE_NOT_MRNA::5 molecule types are not set as mRNA.
./NO_GROUP/SAMPLE2_PE/data/SAMPLE2_PE:BU-ISCIII:SAMPLE2_PE_1 (length 10284)
./NO_GROUP/SAMPLE2_PE/data/SAMPLE2_PE:BU-ISCIII:SAMPLE2_PE_2 (length 6231)
./NO_GROUP/SAMPLE2_PE/data/SAMPLE2_PE:BU-ISCIII:SAMPLE2_PE_3 (length 3761)
./NO_GROUP/SAMPLE2_PE/data/SAMPLE2_PE:BU-ISCIII:SAMPLE2_PE_4 (length 3753)
./NO_GROUP/SAMPLE2_PE/data/SAMPLE2_PE:BU-ISCIII:SAMPLE2_PE_5 (length 1562)

DiscRep_ALL:TECHNIQUE_NOT_TSA::5 technique are not set as TSA
./NO_GROUP/SAMPLE2_PE/data/SAMPLE2_PE:BU-ISCIII:SAMPLE2_PE_1 (length 10284)
./NO_GROUP/SAMPLE2_PE/data/SAMPLE2_PE:BU-ISCIII:SAMPLE2_PE_2 (length 6231)
./NO_GROUP/SAMPLE2_PE/data/SAMPLE2_PE:BU-ISCIII:SAMPLE2_PE_3 (length 3761)
./NO_GROUP/SAMPLE2_PE/data/SAMPLE2_PE:BU-ISCIII:SAMPLE2_PE_4 (length 3753)
./NO_GROUP/SAMPLE2_PE/data/SAMPLE2_PE:BU-ISCIII:SAMPLE2_PE_5 (length 1562)

DiscRep_ALL:MISSING_STRUCTURED_COMMENT::5 sequences do not include structured comments.
./NO_GROUP/SAMPLE2_PE/data/SAMPLE2_PE:BU-ISCIII:SAMPLE2_PE_1 (length 10284)
./NO_GROUP/SAMPLE2_PE/data/SAMPLE2_PE:BU-ISCIII:SAMPLE2_PE_2 (length 6231)
./NO_GROUP/SAMPLE2_PE/data/SAMPLE2_PE:BU-ISCIII:SAMPLE2_PE_3 (length 3761)
./NO_GROUP/SAMPLE2_PE/data/SAMPLE2_PE:BU-ISCIII:SAMPLE2_PE_4 (length 3753)
./NO_GROUP/SAMPLE2_PE/data/SAMPLE2_PE:BU-ISCIII:SAMPLE2_PE_5 (length 1562)

DiscRep_ALL:MISSING_PROJECT::16 sequences do not include project.
./NO_GROUP/SAMPLE2_PE/data/SAMPLE2_PE:BU-ISCIII:SAMPLE2_PE_1 (length 10284)
./NO_GROUP/SAMPLE2_PE/data/SAMPLE2_PE:BU-ISCIII:SAMPLE2_PE_00001 (length 1491)
./NO_GROUP/SAMPLE2_PE/data/SAMPLE2_PE:BU-ISCIII:SAMPLE2_PE_00002 (length 68)
./NO_GROUP/SAMPLE2_PE/data/SAMPLE2_PE:BU-ISCIII:SAMPLE2_PE_2 (length 6231)
./NO_GROUP/SAMPLE2_PE/data/SAMPLE2_PE:BU-ISCIII:SAMPLE2_PE_00003 (length 712)
./NO_GROUP/SAMPLE2_PE/data/SAMPLE2_PE:BU-ISCIII:SAMPLE2_PE_00004 (length 1282)
./NO_GROUP/SAMPLE2_PE/data/SAMPLE2_PE:BU-ISCIII:SAMPLE2_PE_3 (length 3761)
./NO_GROUP/SAMPLE2_PE/data/SAMPLE2_PE:BU-ISCIII:SAMPLE2_PE_00005 (length 52)
./NO_GROUP/SAMPLE2_PE/data/SAMPLE2_PE:BU-ISCIII:SAMPLE2_PE_00006 (length 153)
./NO_GROUP/SAMPLE2_PE/data/SAMPLE2_PE:BU-ISCIII:SAMPLE2_PE_00007 (length 79)
./NO_GROUP/SAMPLE2_PE/data/SAMPLE2_PE:BU-ISCIII:SAMPLE2_PE_4 (length 3753)
./NO_GROUP/SAMPLE2_PE/data/SAMPLE2_PE:BU-ISCIII:SAMPLE2_PE_00008 (length 222)
./NO_GROUP/SAMPLE2_PE/data/SAMPLE2_PE:BU-ISCIII:SAMPLE2_PE_00009 (length 70)
./NO_GROUP/SAMPLE2_PE/data/SAMPLE2_PE:BU-ISCIII:SAMPLE2_PE_00010 (length 121)
./NO_GROUP/SAMPLE2_PE/data/SAMPLE2_PE:BU-ISCIII:SAMPLE2_PE_00011 (length 419)
./NO_GROUP/SAMPLE2_PE/data/SAMPLE2_PE:BU-ISCIII:SAMPLE2_PE_5 (length 1562)

DiscRep_ALL:DISC_INCONSISTENT_MOLINFO_TECH::Molinfo Technique Report (some missing, all same)
DiscRep_SUB:DISC_INCONSISTENT_MOLINFO_TECH::technique (all missing)
DiscRep_SUB:DISC_INCONSISTENT_MOLINFO_TECH::5 Molinfos are missing field technique
./NO_GROUP/SAMPLE2_PE/data/SAMPLE2_PE:BU-ISCIII:SAMPLE2_PE_1 (length 10284)
./NO_GROUP/SAMPLE2_PE/data/SAMPLE2_PE:BU-ISCIII:SAMPLE2_PE_2 (length 6231)
./NO_GROUP/SAMPLE2_PE/data/SAMPLE2_PE:BU-ISCIII:SAMPLE2_PE_3 (length 3761)
./NO_GROUP/SAMPLE2_PE/data/SAMPLE2_PE:BU-ISCIII:SAMPLE2_PE_4 (length 3753)
./NO_GROUP/SAMPLE2_PE/data/SAMPLE2_PE:BU-ISCIII:SAMPLE2_PE_5 (length 1562)

