
#Executing /home/smonzon/test_training_viralrecon/work/conda/nf-core-viralrecon-1.2.0dev-3fb10bb8a332a0381f3a6f1a0bab1f62/bin/draw_circos_images.sh 

Creating individual config file for SAMPLE SAMPLE1_PE using FILE /home/smonzon/test_training_viralrecon/work/conda/nf-core-viralrecon-1.2.0dev-3fb10bb8a332a0381f3a6f1a0bab1f62/bin/config_files/OR.conf
DONE Creating config file for circos in SAMPLE SAMPLE1_PE
Executing circos in SAMPLE SAMPLE1_PE
Creating image for plasmid NC_045512.2 in sample SAMPLE1_PE
debuggroup summary 0.23s welcome to circos v0.69-8 15 Jun 2019 on Perl 5.026002
Use of uninitialized value $track_type in hash element at /home/smonzon/test_training_viralrecon/work/conda/nf-core-viralrecon-1.2.0dev-3fb10bb8a332a0381f3a6f1a0bab1f62/bin/../lib/Circos.pm line 2402.
debuggroup summary 0.23s current working directory /home/smonzon/test_training_viralrecon/work/2f/64333806cf9d6a2c62cad578bc20ac
debuggroup summary 0.23s command /home/smonzon/test_training_viralrecon/work/conda/nf-core-viralrecon-1.2.0dev-3fb10bb8a332a0381f3a6f1a0bab1f62/bin/circos -conf ./NO_GROUP/SAMPLE1_PE/images/SAMPLE1_PE_NC_045512.2_individual.circos.conf
debuggroup summary 0.23s loading configuration from file ./NO_GROUP/SAMPLE1_PE/images/SAMPLE1_PE_NC_045512.2_individual.circos.conf
debuggroup summary 0.23s found conf file ./NO_GROUP/SAMPLE1_PE/images/SAMPLE1_PE_NC_045512.2_individual.circos.conf
debuggroup summary 0.44s debug will appear for these features: output,summary
debuggroup summary 0.44s bitmap output image ./NO_GROUP/SAMPLE1_PE/images/SAMPLE1_PE_NC_045512.2.png
debuggroup summary 0.44s parsing karyotype and organizing ideograms
debuggroup summary 0.44s karyotype has 1 chromosomes of total size 29,904
debuggroup summary 0.44s applying global and local scaling
debuggroup summary 0.44s allocating image, colors and brushes
debuggroup summary 3.33s drawing 1 ideograms of total size 29,904
debuggroup summary 3.33s drawing highlights and ideograms
WARNING *** Track id [track_3] has no type definition. This is alright if you're using the track for side-effects like axes and backgrounds.
WARNING *** Track id [track_3] of type [_undef_] has no file definition. This is alright if you're using the track for side-effects like axes and backgrounds.
WARNING *** Track id [track_7] has no type definition. This is alright if you're using the track for side-effects like axes and backgrounds.
WARNING *** Track id [track_7] of type [_undef_] has no file definition. This is alright if you're using the track for side-effects like axes and backgrounds.
debuggroup summary 3.48s found conf file /home/smonzon/test_training_viralrecon/work/conda/nf-core-viralrecon-1.2.0dev-3fb10bb8a332a0381f3a6f1a0bab1f62/bin/../etc/tracks/text.conf
debuggroup summary 3.48s found conf file /home/smonzon/test_training_viralrecon/work/conda/nf-core-viralrecon-1.2.0dev-3fb10bb8a332a0381f3a6f1a0bab1f62/bin/../etc/tracks/text.conf
debuggroup summary 3.48s found conf file /home/smonzon/test_training_viralrecon/work/conda/nf-core-viralrecon-1.2.0dev-3fb10bb8a332a0381f3a6f1a0bab1f62/bin/../etc/tracks/tile.conf
debuggroup summary 3.48s found conf file /home/smonzon/test_training_viralrecon/work/conda/nf-core-viralrecon-1.2.0dev-3fb10bb8a332a0381f3a6f1a0bab1f62/bin/../etc/tracks/tile.conf
debuggroup summary 3.48s found conf file /home/smonzon/test_training_viralrecon/work/conda/nf-core-viralrecon-1.2.0dev-3fb10bb8a332a0381f3a6f1a0bab1f62/bin/../etc/tracks/text.conf
debuggroup summary 3.48s found conf file /home/smonzon/test_training_viralrecon/work/conda/nf-core-viralrecon-1.2.0dev-3fb10bb8a332a0381f3a6f1a0bab1f62/bin/../etc/tracks/tile.conf
debuggroup summary 3.48s found conf file /home/smonzon/test_training_viralrecon/work/conda/nf-core-viralrecon-1.2.0dev-3fb10bb8a332a0381f3a6f1a0bab1f62/bin/../etc/tracks/tile.conf
debuggroup summary 3.49s found conf file /home/smonzon/test_training_viralrecon/work/conda/nf-core-viralrecon-1.2.0dev-3fb10bb8a332a0381f3a6f1a0bab1f62/bin/../etc/tracks/text.conf
debuggroup summary 3.49s found conf file /home/smonzon/test_training_viralrecon/work/conda/nf-core-viralrecon-1.2.0dev-3fb10bb8a332a0381f3a6f1a0bab1f62/bin/../etc/tracks/tile.conf
debuggroup summary 3.49s found conf file /home/smonzon/test_training_viralrecon/work/conda/nf-core-viralrecon-1.2.0dev-3fb10bb8a332a0381f3a6f1a0bab1f62/bin/../etc/tracks/text.conf
debuggroup summary 3.49s found conf file /home/smonzon/test_training_viralrecon/work/conda/nf-core-viralrecon-1.2.0dev-3fb10bb8a332a0381f3a6f1a0bab1f62/bin/../etc/tracks/tile.conf
debuggroup summary 3.49s processing track_0 text /home/smonzon/test_training_viralrecon/work/2f/64333806cf9d6a2c62cad578bc20ac/NO_GROUP/SAMPLE1_PE/data/pID_text_annotation.coordinates
debuggroup summary 3.49s processing track_1 text /home/smonzon/test_training_viralrecon/work/2f/64333806cf9d6a2c62cad578bc20ac/NO_GROUP/SAMPLE1_PE/data/SAMPLE1_PE.gff.coordinates
debuggroup summary 3.50s processing track_2 tile /home/smonzon/test_training_viralrecon/work/2f/64333806cf9d6a2c62cad578bc20ac/NO_GROUP/SAMPLE1_PE/data/SAMPLE1_PE.gff.forward.coordinates
debuggroup summary 3.50s processing track_4 tile /home/smonzon/test_training_viralrecon/work/2f/64333806cf9d6a2c62cad578bc20ac/NO_GROUP/SAMPLE1_PE/data/SAMPLE1_PE.gff.reverse.coordinates
debuggroup summary 3.50s processing track_5 text /home/smonzon/test_training_viralrecon/work/2f/64333806cf9d6a2c62cad578bc20ac/NO_GROUP/SAMPLE1_PE/database/SAMPLE1_PE.gff.bed
debuggroup summary 3.50s processing track_6 tile /home/smonzon/test_training_viralrecon/work/2f/64333806cf9d6a2c62cad578bc20ac/NO_GROUP/SAMPLE1_PE/database/SAMPLE1_PE.gff.forward.bed
debuggroup summary 3.50s processing track_8 tile /home/smonzon/test_training_viralrecon/work/2f/64333806cf9d6a2c62cad578bc20ac/NO_GROUP/SAMPLE1_PE/database/SAMPLE1_PE.gff.reverse.bed
debuggroup summary 3.50s processing track_9 text /home/smonzon/test_training_viralrecon/work/2f/64333806cf9d6a2c62cad578bc20ac/NO_GROUP/SAMPLE1_PE/data/SAMPLE1_PE.plasmids.bed
debuggroup summary 3.51s processing track_10 tile /home/smonzon/test_training_viralrecon/work/2f/64333806cf9d6a2c62cad578bc20ac/NO_GROUP/SAMPLE1_PE/data/SAMPLE1_PE.plasmids.bed
debuggroup summary 3.51s processing track_11 text /home/smonzon/test_training_viralrecon/work/2f/64333806cf9d6a2c62cad578bc20ac/NO_GROUP/SAMPLE1_PE/data/SAMPLE1_PE.plasmids.complete
debuggroup summary 3.51s processing track_12 tile /home/smonzon/test_training_viralrecon/work/2f/64333806cf9d6a2c62cad578bc20ac/NO_GROUP/SAMPLE1_PE/data/SAMPLE1_PE.plasmids.complete
debuggroup summary 3.51s drawing track_0 text z 0 pID_text_annotation.coordinates orient center
debuggroup summary 3.52s placing text track ./NO_GROUP/SAMPLE1_PE/data/pID_text_annotation.coordinates
debuggroup summary 3.52s ... see progress with -debug_group text
debuggroup summary 3.52s ... see placement summary with -debug_group textplace
debuggroup summary 3.61s found conf file /home/smonzon/test_training_viralrecon/work/conda/nf-core-viralrecon-1.2.0dev-3fb10bb8a332a0381f3a6f1a0bab1f62/bin/../etc/tracks/axis.conf
debuggroup summary 3.61s drawing track_1 text z 0 SAMPLE1_PE.gff.coordinates 
debuggroup summary 3.61s placing text track ./NO_GROUP/SAMPLE1_PE/data/SAMPLE1_PE.gff.coordinates
debuggroup summary 3.61s ... see progress with -debug_group text
debuggroup summary 3.61s ... see placement summary with -debug_group textplace
debuggroup summary 3.75s found conf file /home/smonzon/test_training_viralrecon/work/conda/nf-core-viralrecon-1.2.0dev-3fb10bb8a332a0381f3a6f1a0bab1f62/bin/../etc/tracks/axis.conf
debuggroup summary 3.77s drawing track_2 tile z 0 SAMPLE1_PE.gff.forward.coordinates orient out
debuggroup summary 3.78s found conf file /home/smonzon/test_training_viralrecon/work/conda/nf-core-viralrecon-1.2.0dev-3fb10bb8a332a0381f3a6f1a0bab1f62/bin/../etc/tracks/axis.conf
debuggroup summary 3.79s drawing track_3 _undef_ z 0 no_file 
debuggroup summary 3.79s found conf file /home/smonzon/test_training_viralrecon/work/conda/nf-core-viralrecon-1.2.0dev-3fb10bb8a332a0381f3a6f1a0bab1f62/bin/../etc/tracks/axis.conf
debuggroup summary 3.79s drawing track_4 tile z 0 SAMPLE1_PE.gff.reverse.coordinates orient in
debuggroup summary 3.79s found conf file /home/smonzon/test_training_viralrecon/work/conda/nf-core-viralrecon-1.2.0dev-3fb10bb8a332a0381f3a6f1a0bab1f62/bin/../etc/tracks/axis.conf
debuggroup summary 3.82s drawing track_5 text z 0 SAMPLE1_PE.gff.bed orient center
debuggroup summary 3.82s placing text track ./NO_GROUP/SAMPLE1_PE/database/SAMPLE1_PE.gff.bed
debuggroup summary 3.82s ... see progress with -debug_group text
debuggroup summary 3.82s ... see placement summary with -debug_group textplace
debuggroup summary 3.91s found conf file /home/smonzon/test_training_viralrecon/work/conda/nf-core-viralrecon-1.2.0dev-3fb10bb8a332a0381f3a6f1a0bab1f62/bin/../etc/tracks/axis.conf
debuggroup summary 3.93s drawing track_6 tile z 0 SAMPLE1_PE.gff.forward.bed orient out
debuggroup summary 3.93s found coArgument "ymdB" isn't numeric in numeric lt (<) at /home/smonzon/test_training_viralrecon/work/conda/nf-core-viralrecon-1.2.0dev-3fb10bb8a332a0381f3a6f1a0bab1f62/bin/../lib/Circos.pm line 2598.
Use of uninitialized value $track_type in hash element at /home/smonzon/test_training_viralrecon/work/conda/nf-core-viralrecon-1.2.0dev-3fb10bb8a332a0381f3a6f1a0bab1f62/bin/../lib/Circos.pm line 2402.
nf file /home/smonzon/test_training_viralrecon/work/conda/nf-core-viralrecon-1.2.0dev-3fb10bb8a332a0381f3a6f1a0bab1f62/bin/../etc/tracks/axis.conf
debuggroup summary 3.97s drawing track_7 _undef_ z 0 no_file 
debuggroup summary 3.97s found conf file /home/smonzon/test_training_viralrecon/work/conda/nf-core-viralrecon-1.2.0dev-3fb10bb8a332a0381f3a6f1a0bab1f62/bin/../etc/tracks/axis.conf
debuggroup summary 3.98s drawing track_8 tile z 0 SAMPLE1_PE.gff.reverse.bed orient in
debuggroup summary 3.98s found conf file /home/smonzon/test_training_viralrecon/work/conda/nf-core-viralrecon-1.2.0dev-3fb10bb8a332a0381f3a6f1a0bab1f62/bin/../etc/tracks/axis.conf
debuggroup summary 3.98s drawing track_9 text z 0 SAMPLE1_PE.plasmids.bed orient out
debuggroup summary 3.98s placing text track ./NO_GROUP/SAMPLE1_PE/data/SAMPLE1_PE.plasmids.bed
debuggroup summary 3.98s ... see progress with -debug_group text
debuggroup summary 3.98s ... see placement summary with -debug_group textplace
debuggroup summary 4.05s found conf file /home/smonzon/test_training_viralrecon/work/conda/nf-core-viralrecon-1.2.0dev-3fb10bb8a332a0381f3a6f1a0bab1f62/bin/../etc/tracks/axis.conf
debuggroup summary 4.06s drawing track_10 tile z 0 SAMPLE1_PE.plasmids.bed orient in
debuggroup summary 4.06s found conf file /home/smonzon/test_training_viralrecon/work/conda/nf-core-viralrecon-1.2.0dev-3fb10bb8a332a0381f3a6f1a0bab1f62/bin/../etc/tracks/axis.conf
debuggroup summary 4.09s drawing track_11 text z 0 SAMPLE1_PE.plasmids.complete orient out
debuggroup summary 4.09s placing text track ./NO_GROUP/SAMPLE1_PE/data/SAMPLE1_PE.plasmids.complete
debuggroup summary 4.09s ... see progress with -debug_group text
debuggroup summary 4.09s ... see placement summary with -debug_group textplace
debuggroup summary 4.15s found conf file /home/smonzon/test_training_viralrecon/work/conda/nf-core-viralrecon-1.2.0dev-3fb10bb8a332a0381f3a6f1a0bab1f62/bin/../etc/tracks/axis.conf
debuggroup summary 4.15s drawing track_12 tile z 0 SAMPLE1_PE.plasmids.complete orient in
debuggroup summary 4.15s found conf file /home/smonzon/test_training_viralrecon/work/conda/nf-core-viralrecon-1.2.0dev-3fb10bb8a332a0381f3a6f1a0bab1f62/bin/../etc/tracks/axis.conf
debuggroup output 4.17s generating output
debuggroup output 5.10s created PNG image ./NO_GROUP/SAMPLE1_PE/images/SAMPLE1_PE_NC_045512.2.png (529 kb)
Creating summary image for in sample SAMPLE1_PE from FILE /home/smonzon/test_training_viralrecon/work/conda/nf-core-viralrecon-1.2.0dev-3fb10bb8a332a0381f3a6f1a0bab1f62/bin/config_files/circos_summary_1_3_3.conf
debuggroup summary 0.23s welcome to circos v0.69-8 15 Jun 2019 on Perl 5.026002
Use of uninitialized value $track_type in hash element at /home/smonzon/test_training_viralrecon/work/conda/nf-core-viralrecon-1.2.0dev-3fb10bb8a332a0381f3a6f1a0bab1f62/bin/../lib/Circos.pm line 2402.
debuggroup summary 0.24s current working directory /home/smonzon/test_training_viralrecon/work/2f/64333806cf9d6a2c62cad578bc20ac
debuggroup summary 0.24s command /home/smonzon/test_training_viralrecon/work/conda/nf-core-viralrecon-1.2.0dev-3fb10bb8a332a0381f3a6f1a0bab1f62/bin/circos -conf ./NO_GROUP/SAMPLE1_PE/images/SAMPLE1_PE_summary.circos.conf
debuggroup summary 0.24s loading configuration from file ./NO_GROUP/SAMPLE1_PE/images/SAMPLE1_PE_summary.circos.conf
debuggroup summary 0.24s found conf file ./NO_GROUP/SAMPLE1_PE/images/SAMPLE1_PE_summary.circos.conf
debuggroup summary 0.44s debug will appear for these features: output,summary
debuggroup summary 0.44s bitmap output image ./NO_GROUP/SAMPLE1_PE/images/SAMPLE1_PE_summary.png
debuggroup summary 0.44s parsing karyotype and organizing ideograms
debuggroup summary 0.44s karyotype has 1 chromosomes of total size 29,904
debuggroup summary 0.44s applying global and local scaling
debuggroup summary 0.45s allocating image, colors and brushes
debuggroup summary 2.94s drawing 1 ideograms of total size 29,904
debuggroup summary 2.94s drawing highlights and ideograms
debuggroup summary 3.06s found conf file /home/smonzon/test_training_viralrecon/work/conda/nf-core-viralrecon-1.2.0dev-3fb10bb8a332a0381f3a6f1a0bab1f62/bin/../etc/tracks/link.conf
debuggroup summary 3.06s process track_0 link /home/smonzon/test_training_viralrecon/work/2f/64333806cf9d6a2c62cad578bc20ac/NO_GROUP/SAMPLE1_PE/data/SAMPLE1_PE.plasmids.links
debuggroup summary 3.06s drawing link track_0 z 0
WARNING *** Track id [track_4] has no type definition. This is alright if you're using the track for side-effects like axes and backgrounds.
WARNING *** Track id [track_4] of type [_undef_] has no file definition. This is alright if you're using the track for side-effects like axes and backgrounds.
debuggroup summary 3.06s found conf file /home/smonzon/test_training_viralrecon/work/conda/nf-core-viralrecon-1.2.0dev-3fb10bb8a332a0381f3a6f1a0bab1f62/bin/../etc/tracks/histogram.conf
debuggroup summary 3.06s found conf file /home/smonzon/test_training_viralrecon/work/conda/nf-core-viralrecon-1.2.0dev-3fb10bb8a332a0381f3a6f1a0bab1f62/bin/../etc/tracks/text.conf
debuggroup summary 3.06s found conf file /home/smonzon/test_training_viralrecon/work/conda/nf-core-viralrecon-1.2.0dev-3fb10bb8a332a0381f3a6f1a0bab1f62/bin/../etc/tracks/text.conf
debuggroup summary 3.07s found conf file /home/smonzon/test_training_viralrecon/work/conda/nf-core-viralrecon-1.2.0dev-3fb10bb8a332a0381f3a6f1a0bab1f62/bin/../etc/tracks/tile.conf
debuggroup summary 3.07s found conf file /home/smonzon/test_training_viralrecon/work/conda/nf-core-viralrecon-1.2.0dev-3fb10bb8a332a0381f3a6f1a0bab1f62/bin/../etc/tracks/tile.conf
debuggroup summary 3.07s found conf file /home/smonzon/test_training_viralrecon/work/conda/nf-core-viralrecon-1.2.0dev-3fb10bb8a332a0381f3a6f1a0bab1f62/bin/../etc/tracks/text.conf
debuggroup summary 3.07s found conf file /home/smonzon/test_training_viralrecon/work/conda/nf-core-viralrecon-1.2.0dev-3fb10bb8a332a0381f3a6f1a0bab1f62/bin/../etc/tracks/tile.conf
debuggroup summary 3.07s processing track_0 histogram /home/smonzon/test_training_viralrecon/work/2f/64333806cf9d6a2c62cad578bc20ac/NO_GROUP/SAMPLE1_PE/data/SAMPLE1_PE.bedgraph_term
debuggroup summary 3.07s processing track_1 text /home/smonzon/test_training_viralrecon/work/2f/64333806cf9d6a2c62cad578bc20ac/NO_GROUP/SAMPLE1_PE/data/pID_text_annotation.coordinates
debuggroup summary 3.07s processing track_2 text /home/smonzon/test_training_viralrecon/work/2f/64333806cf9d6a2c62cad578bc20ac/NO_GROUP/SAMPLE1_PE/data/SAMPLE1_PE.gff.coordinates
debuggroup summary 3.07s processing track_3 tile /home/smonzon/test_training_viralrecon/work/2f/64333806cf9d6a2c62cad578bc20ac/NO_GROUP/SAMPLE1_PE/data/SAMPLE1_PE.gff.forward.coordinates
debuggroup summary 3.07s processing track_5 tile /home/smonzon/test_training_viralrecon/work/2f/64333806cf9d6a2c62cad578bc20ac/NO_GROUP/SAMPLE1_PE/data/SAMPLE1_PE.gff.reverse.coordinates
debuggroup summary 3.07s processing track_6 text /home/smonzon/test_training_viralrecon/work/2f/64333806cf9d6a2c62cad578bc20ac/NO_GROUP/SAMPLE1_PE/data/SAMPLE1_PE.plasmids.bed
debuggroup summary 3.08s processing track_7 tile /home/smonzon/test_training_viralrecon/work/2f/64333806cf9d6a2c62cad578bc20ac/NO_GROUP/SAMPLE1_PE/data/SAMPLE1_PE.plasmids.bed
debuggroup summary 3.08s drawing track_0 histogram z 0 SAMPLE1_PE.bedgraph_term orient out
debuggroup summary 3.08s found conf file /home/smonzon/test_training_viralrecon/work/conda/nf-core-viralrecon-1.2.0dev-3fb10bb8a332a0381f3a6f1a0bab1f62/bin/../etc/tracks/axis.conf
debuggroup summary 3.14s drawing track_1 text z 0 pID_text_annotation.coordinates orient center
debuggroup summary 3.14s placing text track ./NO_GROUP/SAMPLE1_PE/data/pID_text_annotation.coordinates
debuggroup summary 3.14s ... see progress with -debug_group text
debuggroup summary 3.14s ... see placement summary with -debug_group textplace
debuggroup summary 3.21s found conf file /home/smonzon/test_training_viralrecon/work/conda/nf-core-viralrecon-1.2.0dev-3fb10bb8a332a0381f3a6f1a0bab1f62/bin/../etc/tracks/axis.conf
debuggroup summary 3.21s drawing track_2 text z 0 SAMPLE1_PE.gff.coordinates orient center
debuggroup summary 3.21s placing text track ./NO_GROUP/SAMPLE1_PE/data/SAMPLE1_PE.gff.coordinates
debuggroup summary 3.21s ... see progress with -debug_group text
debuggroup summary 3.21s ... see placement summary with -debug_group textplace
debuggroup summary 3.29s found conf file /home/smonzon/test_training_viralrecon/work/conda/nf-core-viralrecon-1.2.0dev-3fb10bb8a332a0381f3a6f1a0bab1f62/bin/../etc/tracks/axis.conf
debuggroup summary 3.31s drawing track_3 tile z 0 SAMPLE1_PE.gff.forward.coordinates orient out
debuggroup summary 3.31s found conf file /home/smonzon/test_training_viralrecon/work/conda/nf-core-viralrecon-1.2.0dev-3fb10bb8a332a0381f3a6f1a0bab1f62/bin/../etc/tracks/axis.conf
debuggroup summary 3.31s drawing track_4 _undef_ z 0 no_file 
debuggroup summary 3.31s found conf file /home/smonzon/test_training_viralrecon/work/conda/nf-core-viralrecon-1.2.0dev-3fb10bb8a332a0381f3a6f1a0bab1f62/bin/../etc/tracks/axis.conf
debuggroup summary 3.32s drawing track_5 tile z 0 SAMPLE1_PE.gff.reverse.coordinates orient in
debuggroup summary 3.32s found conf file /home/smonzon/test_training_viralrecon/work/conda/nf-core-viralrecon-1.2.0dev-3fb10bb8a332a0381f3a6f1a0bab1f62/bin/../etc/tracks/axis.conf
debuggroup summary 3.34s drawing track_6 text z 0 SAMPLE1_PE.plasmids.bed orient out
debuggroup summary 3.34s placing text track ./NO_GROUP/SAMPLE1_PE/data/SAMPLE1_PE.plasmids.bed
debuggroup summary 3.34s ... see progress with -debug_group text
debuggroup summary 3.34s ... see placement summary with -debug_group textplace
debuggroup summary 3.40s found conf file /home/smonzon/test_training_viralrecon/work/conda/nf-core-viralrecon-1.2.0dev-3fb10bb8a332a0381f3a6f1a0bab1f62/bin/../etc/tracks/axis.conf
debuggroup summary 3.41s drawing track_7 tile z 0 SAMPLE1_PE.plasmids.bed orient out
debuggroup summary 3.41s found conf file /home/smonzon/test_training_viralrecon/work/conda/nf-core-viralrecon-1.2.0dev-3fb10bb8a332a0381f3a6f1a0bab1f62/bin/../etc/tracks/axis.conf
debuggroup output 3.42s generating output
debuggroup output 4.25s created PNG image ./NO_GROUP/SAMPLE1_PE/images/SAMPLE1_PE_summary.png (640 kb)
