
#Executing /home/svarona/work/conda/nf-core-viralrecon-1.2.0dev-3fb10bb8a332a0381f3a6f1a0bab1f62/bin/draw_circos_images.sh 

Creating individual config file for SAMPLE SAMPLE1_PE using FILE /home/svarona/work/conda/nf-core-viralrecon-1.2.0dev-3fb10bb8a332a0381f3a6f1a0bab1f62/bin/config_files/OR.conf
DONE Creating config file for circos in SAMPLE SAMPLE1_PE
Executing circos in SAMPLE SAMPLE1_PE
Creating image for plasmid NC_045512.2 in sample SAMPLE1_PE
debuggroup summary 0.15s welcome to circos v0.69-8 15 Jun 2019 on Perl 5.026002
Use of uninitialized value $track_type in hash element at /home/svarona/work/conda/nf-core-viralrecon-1.2.0dev-3fb10bb8a332a0381f3a6f1a0bab1f62/bin/../lib/Circos.pm line 2402.
Argument "ymdB" isn't numeric in numeric lt (<) at /home/svarona/work/conda/nf-core-viralrecon-1.2.0dev-3fb10bb8a332a0381f3a6f1a0bab1f62/bin/../lib/Circos.pm line 2598.
Use of uninitialized value $track_type in hash element at /home/svarona/work/conda/nf-core-viralrecon-1.2.0dev-3fb10bb8a332a0381f3a6f1a0bab1f62/bin/../lib/Circos.pm line 2402.
debuggroup summary 0.16s current working directory /home/svarona/work/8f/1227095f61356438d2d52673fb84b4
debuggroup summary 0.16s command /home/svarona/work/conda/nf-core-viralrecon-1.2.0dev-3fb10bb8a332a0381f3a6f1a0bab1f62/bin/circos -conf ./NO_GROUP/SAMPLE1_PE/images/SAMPLE1_PE_NC_045512.2_individual.circos.conf
debuggroup summary 0.16s loading configuration from file ./NO_GROUP/SAMPLE1_PE/images/SAMPLE1_PE_NC_045512.2_individual.circos.conf
debuggroup summary 0.16s found conf file ./NO_GROUP/SAMPLE1_PE/images/SAMPLE1_PE_NC_045512.2_individual.circos.conf
debuggroup summary 0.25s debug will appear for these features: output,summary
debuggroup summary 0.25s bitmap output image ./NO_GROUP/SAMPLE1_PE/images/SAMPLE1_PE_NC_045512.2.png
debuggroup summary 0.25s parsing karyotype and organizing ideograms
debuggroup summary 0.25s karyotype has 1 chromosomes of total size 29,904
debuggroup summary 0.26s applying global and local scaling
debuggroup summary 0.26s allocating image, colors and brushes
debuggroup summary 1.34s drawing 1 ideograms of total size 29,904
debuggroup summary 1.34s drawing highlights and ideograms
WARNING *** Track id [track_3] has no type definition. This is alright if you're using the track for side-effects like axes and backgrounds.
WARNING *** Track id [track_3] of type [_undef_] has no file definition. This is alright if you're using the track for side-effects like axes and backgrounds.
WARNING *** Track id [track_7] has no type definition. This is alright if you're using the track for side-effects like axes and backgrounds.
WARNING *** Track id [track_7] of type [_undef_] has no file definition. This is alright if you're using the track for side-effects like axes and backgrounds.
debuggroup summary 1.40s found conf file /home/svarona/work/conda/nf-core-viralrecon-1.2.0dev-3fb10bb8a332a0381f3a6f1a0bab1f62/bin/../etc/tracks/text.conf
debuggroup summary 1.40s found conf file /home/svarona/work/conda/nf-core-viralrecon-1.2.0dev-3fb10bb8a332a0381f3a6f1a0bab1f62/bin/../etc/tracks/text.conf
debuggroup summary 1.40s found conf file /home/svarona/work/conda/nf-core-viralrecon-1.2.0dev-3fb10bb8a332a0381f3a6f1a0bab1f62/bin/../etc/tracks/tile.conf
debuggroup summary 1.40s found conf file /home/svarona/work/conda/nf-core-viralrecon-1.2.0dev-3fb10bb8a332a0381f3a6f1a0bab1f62/bin/../etc/tracks/tile.conf
debuggroup summary 1.40s found conf file /home/svarona/work/conda/nf-core-viralrecon-1.2.0dev-3fb10bb8a332a0381f3a6f1a0bab1f62/bin/../etc/tracks/text.conf
debuggroup summary 1.40s found conf file /home/svarona/work/conda/nf-core-viralrecon-1.2.0dev-3fb10bb8a332a0381f3a6f1a0bab1f62/bin/../etc/tracks/tile.conf
debuggroup summary 1.40s found conf file /home/svarona/work/conda/nf-core-viralrecon-1.2.0dev-3fb10bb8a332a0381f3a6f1a0bab1f62/bin/../etc/tracks/tile.conf
debuggroup summary 1.40s found conf file /home/svarona/work/conda/nf-core-viralrecon-1.2.0dev-3fb10bb8a332a0381f3a6f1a0bab1f62/bin/../etc/tracks/text.conf
debuggroup summary 1.40s found conf file /home/svarona/work/conda/nf-core-viralrecon-1.2.0dev-3fb10bb8a332a0381f3a6f1a0bab1f62/bin/../etc/tracks/tile.conf
debuggroup summary 1.40s found conf file /home/svarona/work/conda/nf-core-viralrecon-1.2.0dev-3fb10bb8a332a0381f3a6f1a0bab1f62/bin/../etc/tracks/text.conf
debuggroup summary 1.40s found conf file /home/svarona/work/conda/nf-core-viralrecon-1.2.0dev-3fb10bb8a332a0381f3a6f1a0bab1f62/bin/../etc/tracks/tile.conf
debuggroup summary 1.40s processing track_0 text /home/svarona/work/8f/1227095f61356438d2d52673fb84b4/NO_GROUP/SAMPLE1_PE/data/pID_text_annotation.coordinates
debuggroup summary 1.40s processing track_1 text /home/svarona/work/8f/1227095f61356438d2d52673fb84b4/NO_GROUP/SAMPLE1_PE/data/SAMPLE1_PE.gff.coordinates
debuggroup summary 1.41s processing track_2 tile /home/svarona/work/8f/1227095f61356438d2d52673fb84b4/NO_GROUP/SAMPLE1_PE/data/SAMPLE1_PE.gff.forward.coordinates
debuggroup summary 1.41s processing track_4 tile /home/svarona/work/8f/1227095f61356438d2d52673fb84b4/NO_GROUP/SAMPLE1_PE/data/SAMPLE1_PE.gff.reverse.coordinates
debuggroup summary 1.42s processing track_5 text /home/svarona/work/8f/1227095f61356438d2d52673fb84b4/NO_GROUP/SAMPLE1_PE/database/SAMPLE1_PE.gff.bed
debuggroup summary 1.42s processing track_6 tile /home/svarona/work/8f/1227095f61356438d2d52673fb84b4/NO_GROUP/SAMPLE1_PE/database/SAMPLE1_PE.gff.forward.bed
debuggroup summary 1.42s processing track_8 tile /home/svarona/work/8f/1227095f61356438d2d52673fb84b4/NO_GROUP/SAMPLE1_PE/database/SAMPLE1_PE.gff.reverse.bed
debuggroup summary 1.42s processing track_9 text /home/svarona/work/8f/1227095f61356438d2d52673fb84b4/NO_GROUP/SAMPLE1_PE/data/SAMPLE1_PE.plasmids.bed
debuggroup summary 1.43s processing track_10 tile /home/svarona/work/8f/1227095f61356438d2d52673fb84b4/NO_GROUP/SAMPLE1_PE/data/SAMPLE1_PE.plasmids.bed
debuggroup summary 1.43s processing track_11 text /home/svarona/work/8f/1227095f61356438d2d52673fb84b4/NO_GROUP/SAMPLE1_PE/data/SAMPLE1_PE.plasmids.complete
debuggroup summary 1.43s processing track_12 tile /home/svarona/work/8f/1227095f61356438d2d52673fb84b4/NO_GROUP/SAMPLE1_PE/data/SAMPLE1_PE.plasmids.complete
debuggroup summary 1.44s drawing track_0 text z 0 pID_text_annotation.coordinates orient center
debuggroup summary 1.44s placing text track ./NO_GROUP/SAMPLE1_PE/data/pID_text_annotation.coordinates
debuggroup summary 1.44s ... see progress with -debug_group text
debuggroup summary 1.44s ... see placement summary with -debug_group textplace
debuggroup summary 1.47s found conf file /home/svarona/work/conda/nf-core-viralrecon-1.2.0dev-3fb10bb8a332a0381f3a6f1a0bab1f62/bin/../etc/tracks/axis.conf
debuggroup summary 1.47s drawing track_1 text z 0 SAMPLE1_PE.gff.coordinates 
debuggroup summary 1.47s placing text track ./NO_GROUP/SAMPLE1_PE/data/SAMPLE1_PE.gff.coordinates
debuggroup summary 1.47s ... see progress with -debug_group text
debuggroup summary 1.47s ... see placement summary with -debug_group textplace
debuggroup summary 1.52s found conf file /home/svarona/work/conda/nf-core-viralrecon-1.2.0dev-3fb10bb8a332a0381f3a6f1a0bab1f62/bin/../etc/tracks/axis.conf
debuggroup summary 1.53s drawing track_2 tile z 0 SAMPLE1_PE.gff.forward.coordinates orient out
debuggroup summary 1.53s found conf file /home/svarona/work/conda/nf-core-viralrecon-1.2.0dev-3fb10bb8a332a0381f3a6f1a0bab1f62/bin/../etc/tracks/axis.conf
debuggroup summary 1.53s drawing track_3 _undef_ z 0 no_file 
debuggroup summary 1.53s found conf file /home/svarona/work/conda/nf-core-viralrecon-1.2.0dev-3fb10bb8a332a0381f3a6f1a0bab1f62/bin/../etc/tracks/axis.conf
debuggroup summary 1.54s drawing track_4 tile z 0 SAMPLE1_PE.gff.reverse.coordinates orient in
debuggroup summary 1.54s found conf file /home/svarona/work/conda/nf-core-viralrecon-1.2.0dev-3fb10bb8a332a0381f3a6f1a0bab1f62/bin/../etc/tracks/axis.conf
debuggroup summary 1.55s drawing track_5 text z 0 SAMPLE1_PE.gff.bed orient center
debuggroup summary 1.55s placing text track ./NO_GROUP/SAMPLE1_PE/database/SAMPLE1_PE.gff.bed
debuggroup summary 1.55s ... see progress with -debug_group text
debuggroup summary 1.55s ... see placement summary with -debug_group textplace
debuggroup summary 1.58s found conf file /home/svarona/work/conda/nf-core-viralrecon-1.2.0dev-3fb10bb8a332a0381f3a6f1a0bab1f62/bin/../etc/tracks/axis.conf
debuggroup summary 1.59s drawing track_6 tile z 0 SAMPLE1_PE.gff.forward.bed orient out
debuggroup summary 1.59s found conf file /home/svarona/work/conda/nf-core-viralrecon-1.2.0dev-3fb10bb8a332a0381f3a6f1a0bab1f62/bin/../etc/tracks/axis.conf
debuggroup summary 1.61s drawing track_7 _undef_ z 0 no_file 
debuggroup summary 1.61s found conf file /home/svarona/work/conda/nf-core-viralrecon-1.2.0dev-3fb10bb8a332a0381f3a6f1a0bab1f62/bin/../etc/tracks/axis.conf
debuggroup summary 1.61s drawing track_8 tile z 0 SAMPLE1_PE.gff.reverse.bed orient in
debuggroup summary 1.61s found conf file /home/svarona/work/conda/nf-core-viralrecon-1.2.0dev-3fb10bb8a332a0381f3a6f1a0bab1f62/bin/../etc/tracks/axis.conf
debuggroup summary 1.61s drawing track_9 text z 0 SAMPLE1_PE.plasmids.bed orient out
debuggroup summary 1.61s placing text track ./NO_GROUP/SAMPLE1_PE/data/SAMPLE1_PE.plasmids.bed
debuggroup summary 1.61s ... see progress with -debug_group text
debuggroup summary 1.61s ... see placement summary with -debug_group textplace
debuggroup summary 1.64s found conf file /home/svarona/work/conda/nf-core-viralrecon-1.2.0dev-3fb10bb8a332a0381f3a6f1a0bab1f62/bin/../etc/tracks/axis.conf
debuggroup summary 1.64s drawing track_10 tile z 0 SAMPLE1_PE.plasmids.bed orient in
debuggroup summary 1.64s found conf file /home/svarona/work/conda/nf-core-viralrecon-1.2.0dev-3fb10bb8a332a0381f3a6f1a0bab1f62/bin/../etc/tracks/axis.conf
debuggroup summary 1.65s drawing track_11 text z 0 SAMPLE1_PE.plasmids.complete orient out
debuggroup summary 1.65s placing text track ./NO_GROUP/SAMPLE1_PE/data/SAMPLE1_PE.plasmids.complete
debuggroup summary 1.65s ... see progress with -debug_group text
debuggroup summary 1.65s ... see placement summary with -debug_group textplace
debuggroup summary 1.68s found conf file /home/svarona/work/conda/nf-core-viralrecon-1.2.0dev-3fb10bb8a332a0381f3a6f1a0bab1f62/bin/../etc/tracks/axis.conf
debuggroup summary 1.68s drawing track_12 tile z 0 SAMPLE1_PE.plasmids.complete orient in
debuggroup summary 1.68s found conf file /home/svarona/work/conda/nf-core-viralrecon-1.2.0dev-3fb10bb8a332a0381f3a6f1a0bab1f62/bin/../etc/tracks/axis.conf
debuggroup output 1.69s generating output
debuggroup output 2.75s created PNG image ./NO_GROUP/SAMPLE1_PE/images/SAMPLE1_PE_NC_045512.2.png (529 kb)
Creating summary image for in sample SAMPLE1_PE from FILE /home/svarona/work/conda/nf-core-viralrecon-1.2.0dev-3fb10bb8a332a0381f3a6f1a0bab1f62/bin/config_files/circos_summary_1_3_3.conf
debuggroup summary 0.15s welcome to circos v0.69-8 15 Jun 2019 on Perl 5.026002
Use of uninitialized value $track_type in hash element at /home/svarona/work/conda/nf-core-viralrecon-1.2.0dev-3fb10bb8a332a0381f3a6f1a0bab1f62/bin/../lib/Circos.pm line 2402.
debuggroup summary 0.16s current working directory /home/svarona/work/8f/1227095f61356438d2d52673fb84b4
debuggroup summary 0.16s command /home/svarona/work/conda/nf-core-viralrecon-1.2.0dev-3fb10bb8a332a0381f3a6f1a0bab1f62/bin/circos -conf ./NO_GROUP/SAMPLE1_PE/images/SAMPLE1_PE_summary.circos.conf
debuggroup summary 0.16s loading configuration from file ./NO_GROUP/SAMPLE1_PE/images/SAMPLE1_PE_summary.circos.conf
debuggroup summary 0.16s found conf file ./NO_GROUP/SAMPLE1_PE/images/SAMPLE1_PE_summary.circos.conf
debuggroup summary 0.26s debug will appear for these features: output,summary
debuggroup summary 0.26s bitmap output image ./NO_GROUP/SAMPLE1_PE/images/SAMPLE1_PE_summary.png
debuggroup summary 0.26s parsing karyotype and organizing ideograms
debuggroup summary 0.27s karyotype has 1 chromosomes of total size 29,904
debuggroup summary 0.27s applying global and local scaling
debuggroup summary 0.27s allocating image, colors and brushes
debuggroup summary 1.32s drawing 1 ideograms of total size 29,904
debuggroup summary 1.32s drawing highlights and ideograms
debuggroup summary 1.37s found conf file /home/svarona/work/conda/nf-core-viralrecon-1.2.0dev-3fb10bb8a332a0381f3a6f1a0bab1f62/bin/../etc/tracks/link.conf
debuggroup summary 1.37s process track_0 link /home/svarona/work/8f/1227095f61356438d2d52673fb84b4/NO_GROUP/SAMPLE1_PE/data/SAMPLE1_PE.plasmids.links
debuggroup summary 1.37s drawing link track_0 z 0
WARNING *** Track id [track_4] has no type definition. This is alright if you're using the track for side-effects like axes and backgrounds.
WARNING *** Track id [track_4] of type [_undef_] has no file definition. This is alright if you're using the track for side-effects like axes and backgrounds.
debuggroup summary 1.37s found conf file /home/svarona/work/conda/nf-core-viralrecon-1.2.0dev-3fb10bb8a332a0381f3a6f1a0bab1f62/bin/../etc/tracks/histogram.conf
debuggroup summary 1.37s found conf file /home/svarona/work/conda/nf-core-viralrecon-1.2.0dev-3fb10bb8a332a0381f3a6f1a0bab1f62/bin/../etc/tracks/text.conf
debuggroup summary 1.37s found conf file /home/svarona/work/conda/nf-core-viralrecon-1.2.0dev-3fb10bb8a332a0381f3a6f1a0bab1f62/bin/../etc/tracks/text.conf
debuggroup summary 1.37s found conf file /home/svarona/work/conda/nf-core-viralrecon-1.2.0dev-3fb10bb8a332a0381f3a6f1a0bab1f62/bin/../etc/tracks/tile.conf
debuggroup summary 1.37s found conf file /home/svarona/work/conda/nf-core-viralrecon-1.2.0dev-3fb10bb8a332a0381f3a6f1a0bab1f62/bin/../etc/tracks/tile.conf
debuggroup summary 1.37s found conf file /home/svarona/work/conda/nf-core-viralrecon-1.2.0dev-3fb10bb8a332a0381f3a6f1a0bab1f62/bin/../etc/tracks/text.conf
debuggroup summary 1.37s found conf file /home/svarona/work/conda/nf-core-viralrecon-1.2.0dev-3fb10bb8a332a0381f3a6f1a0bab1f62/bin/../etc/tracks/tile.conf
debuggroup summary 1.37s processing track_0 histogram /home/svarona/work/8f/1227095f61356438d2d52673fb84b4/NO_GROUP/SAMPLE1_PE/data/SAMPLE1_PE.bedgraph_term
debuggroup summary 1.38s processing track_1 text /home/svarona/work/8f/1227095f61356438d2d52673fb84b4/NO_GROUP/SAMPLE1_PE/data/pID_text_annotation.coordinates
debuggroup summary 1.38s processing track_2 text /home/svarona/work/8f/1227095f61356438d2d52673fb84b4/NO_GROUP/SAMPLE1_PE/data/SAMPLE1_PE.gff.coordinates
debuggroup summary 1.38s processing track_3 tile /home/svarona/work/8f/1227095f61356438d2d52673fb84b4/NO_GROUP/SAMPLE1_PE/data/SAMPLE1_PE.gff.forward.coordinates
debuggroup summary 1.38s processing track_5 tile /home/svarona/work/8f/1227095f61356438d2d52673fb84b4/NO_GROUP/SAMPLE1_PE/data/SAMPLE1_PE.gff.reverse.coordinates
debuggroup summary 1.38s processing track_6 text /home/svarona/work/8f/1227095f61356438d2d52673fb84b4/NO_GROUP/SAMPLE1_PE/data/SAMPLE1_PE.plasmids.bed
debuggroup summary 1.38s processing track_7 tile /home/svarona/work/8f/1227095f61356438d2d52673fb84b4/NO_GROUP/SAMPLE1_PE/data/SAMPLE1_PE.plasmids.bed
debuggroup summary 1.38s drawing track_0 histogram z 0 SAMPLE1_PE.bedgraph_term orient out
debuggroup summary 1.38s found conf file /home/svarona/work/conda/nf-core-viralrecon-1.2.0dev-3fb10bb8a332a0381f3a6f1a0bab1f62/bin/../etc/tracks/axis.conf
debuggroup summary 1.41s drawing track_1 text z 0 pID_text_annotation.coordinates orient center
debuggroup summary 1.41s placing text track ./NO_GROUP/SAMPLE1_PE/data/pID_text_annotation.coordinates
debuggroup summary 1.41s ... see progress with -debug_group text
debuggroup summary 1.41s ... see placement summary with -debug_group textplace
debuggroup summary 1.44s found conf file /home/svarona/work/conda/nf-core-viralrecon-1.2.0dev-3fb10bb8a332a0381f3a6f1a0bab1f62/bin/../etc/tracks/axis.conf
debuggroup summary 1.44s drawing track_2 text z 0 SAMPLE1_PE.gff.coordinates orient center
debuggroup summary 1.45s placing text track ./NO_GROUP/SAMPLE1_PE/data/SAMPLE1_PE.gff.coordinates
debuggroup summary 1.45s ... see progress with -debug_group text
debuggroup summary 1.45s ... see placement summary with -debug_group textplace
debuggroup summary 1.48s found conf file /home/svarona/work/conda/nf-core-viralrecon-1.2.0dev-3fb10bb8a332a0381f3a6f1a0bab1f62/bin/../etc/tracks/axis.conf
debuggroup summary 1.49s drawing track_3 tile z 0 SAMPLE1_PE.gff.forward.coordinates orient out
debuggroup summary 1.49s found conf file /home/svarona/work/conda/nf-core-viralrecon-1.2.0dev-3fb10bb8a332a0381f3a6f1a0bab1f62/bin/../etc/tracks/axis.conf
debuggroup summary 1.49s drawing track_4 _undef_ z 0 no_file 
debuggroup summary 1.49s found conf file /home/svarona/work/conda/nf-core-viralrecon-1.2.0dev-3fb10bb8a332a0381f3a6f1a0bab1f62/bin/../etc/tracks/axis.conf
debuggroup summary 1.50s drawing track_5 tile z 0 SAMPLE1_PE.gff.reverse.coordinates orient in
debuggroup summary 1.50s found conf file /home/svarona/work/conda/nf-core-viralrecon-1.2.0dev-3fb10bb8a332a0381f3a6f1a0bab1f62/bin/../etc/tracks/axis.conf
debuggroup summary 1.51s drawing track_6 text z 0 SAMPLE1_PE.plasmids.bed orient out
debuggroup summary 1.51s placing text track ./NO_GROUP/SAMPLE1_PE/data/SAMPLE1_PE.plasmids.bed
debuggroup summary 1.51s ... see progress with -debug_group text
debuggroup summary 1.51s ... see placement summary with -debug_group textplace
debuggroup summary 1.53s found conf file /home/svarona/work/conda/nf-core-viralrecon-1.2.0dev-3fb10bb8a332a0381f3a6f1a0bab1f62/bin/../etc/tracks/axis.conf
debuggroup summary 1.53s drawing track_7 tile z 0 SAMPLE1_PE.plasmids.bed orient out
debuggroup summary 1.53s found conf file /home/svarona/work/conda/nf-core-viralrecon-1.2.0dev-3fb10bb8a332a0381f3a6f1a0bab1f62/bin/../etc/tracks/axis.conf
debuggroup output 1.54s generating output
debuggroup output 1.99s created PNG image ./NO_GROUP/SAMPLE1_PE/images/SAMPLE1_PE_summary.png (640 kb)
