Discrepancy Report Results

Summary
DISC_PROTEIN_NAMES:All proteins have same name "hypothetical protein"
FATAL: BAD_LOCUS_TAG_FORMAT:11 locus tags are incorrectly formatted.
DISC_SOURCE_QUALS_ASNDISC:strain (all present, all same)
DISC_SOURCE_QUALS_ASNDISC:taxname (all present, all same)
DISC_FEATURE_COUNT:gene: 11 present
DISC_FEATURE_COUNT:CDS: 11 present
DISC_COUNT_NUCLEOTIDES:20 nucleotide Bioseqs are present
NO_ANNOTATION:12 bioseqs have no features
DISC_QUALITY_SCORES:Quality scores are missing on all sequences.
ONCALLER_COMMENT_PRESENT:20 comment descriptors were found (all same)
MISSING_GENOMEASSEMBLY_COMMENTS:20 bioseqs are missing GenomeAssembly structured comments
MOLTYPE_NOT_MRNA:20 molecule types are not set as mRNA.
TECHNIQUE_NOT_TSA:20 technique are not set as TSA
MISSING_STRUCTURED_COMMENT:20 sequences do not include structured comments.
MISSING_PROJECT:31 sequences do not include project.
DISC_INCONSISTENT_MOLINFO_TECH:Molinfo Technique Report (some missing, all same)


Detailed Report

DiscRep_ALL:DISC_PROTEIN_NAMES::All proteins have same name "hypothetical protein"

FATAL: DiscRep_ALL:BAD_LOCUS_TAG_FORMAT::11 locus tags are incorrectly formatted.
./NO_GROUP/SAMPLE2_PE/data/SAMPLE2_PE:Gene	SAMPLE2_PE_00001	SAMPLE2_PE_1:c1585-1346	SAMPLE2_PE_00001
./NO_GROUP/SAMPLE2_PE/data/SAMPLE2_PE:Gene	SAMPLE2_PE_00002	SAMPLE2_PE_1:c2706-2245	SAMPLE2_PE_00002
./NO_GROUP/SAMPLE2_PE/data/SAMPLE2_PE:Gene	SAMPLE2_PE_00003	SAMPLE2_PE_4:c1507-290	SAMPLE2_PE_00003
./NO_GROUP/SAMPLE2_PE/data/SAMPLE2_PE:Gene	SAMPLE2_PE_00004	SAMPLE2_PE_5:c1095-802	SAMPLE2_PE_00004
./NO_GROUP/SAMPLE2_PE/data/SAMPLE2_PE:Gene	SAMPLE2_PE_00005	SAMPLE2_PE_5:c1485-1120	SAMPLE2_PE_00005
./NO_GROUP/SAMPLE2_PE/data/SAMPLE2_PE:Gene	SAMPLE2_PE_00006	SAMPLE2_PE_7:c1256-1050	SAMPLE2_PE_00006
./NO_GROUP/SAMPLE2_PE/data/SAMPLE2_PE:Gene	SAMPLE2_PE_00007	SAMPLE2_PE_11:1113-1319	SAMPLE2_PE_00007
./NO_GROUP/SAMPLE2_PE/data/SAMPLE2_PE:Gene	SAMPLE2_PE_00008	SAMPLE2_PE_13:89-298	SAMPLE2_PE_00008
./NO_GROUP/SAMPLE2_PE/data/SAMPLE2_PE:Gene	SAMPLE2_PE_00009	SAMPLE2_PE_14:1020-1289	SAMPLE2_PE_00009
./NO_GROUP/SAMPLE2_PE/data/SAMPLE2_PE:Gene	SAMPLE2_PE_00010	SAMPLE2_PE_15:343-570	SAMPLE2_PE_00010
./NO_GROUP/SAMPLE2_PE/data/SAMPLE2_PE:Gene	SAMPLE2_PE_00011	SAMPLE2_PE_15:621-1289	SAMPLE2_PE_00011

DiscRep_ALL:DISC_SOURCE_QUALS_ASNDISC::strain (all present, all same)
DiscRep_SUB:DISC_SOURCE_QUALS_ASNDISC::20 sources have 'strain' for strain
DiscRep_ALL:DISC_SOURCE_QUALS_ASNDISC::taxname (all present, all same)
DiscRep_SUB:DISC_SOURCE_QUALS_ASNDISC::20 sources have '--species species' for taxname
DiscRep_ALL:DISC_FEATURE_COUNT::gene: 11 present
DiscRep_ALL:DISC_FEATURE_COUNT::CDS: 11 present
DiscRep_ALL:DISC_COUNT_NUCLEOTIDES::20 nucleotide Bioseqs are present
./NO_GROUP/SAMPLE2_PE/data/SAMPLE2_PE:BU-ISCIII:SAMPLE2_PE_1 (length 2859)
./NO_GROUP/SAMPLE2_PE/data/SAMPLE2_PE:BU-ISCIII:SAMPLE2_PE_2 (length 1228)
./NO_GROUP/SAMPLE2_PE/data/SAMPLE2_PE:BU-ISCIII:SAMPLE2_PE_3 (length 691)
./NO_GROUP/SAMPLE2_PE/data/SAMPLE2_PE:BU-ISCIII:SAMPLE2_PE_4 (length 1528)
./NO_GROUP/SAMPLE2_PE/data/SAMPLE2_PE:BU-ISCIII:SAMPLE2_PE_5 (length 1594)
./NO_GROUP/SAMPLE2_PE/data/SAMPLE2_PE:BU-ISCIII:SAMPLE2_PE_6 (length 1866)
./NO_GROUP/SAMPLE2_PE/data/SAMPLE2_PE:BU-ISCIII:SAMPLE2_PE_7 (length 3319)
./NO_GROUP/SAMPLE2_PE/data/SAMPLE2_PE:BU-ISCIII:SAMPLE2_PE_8 (length 381)
./NO_GROUP/SAMPLE2_PE/data/SAMPLE2_PE:BU-ISCIII:SAMPLE2_PE_9 (length 387)
./NO_GROUP/SAMPLE2_PE/data/SAMPLE2_PE:BU-ISCIII:SAMPLE2_PE_10 (length 1610)
./NO_GROUP/SAMPLE2_PE/data/SAMPLE2_PE:BU-ISCIII:SAMPLE2_PE_11 (length 2549)
./NO_GROUP/SAMPLE2_PE/data/SAMPLE2_PE:BU-ISCIII:SAMPLE2_PE_12 (length 688)
./NO_GROUP/SAMPLE2_PE/data/SAMPLE2_PE:BU-ISCIII:SAMPLE2_PE_13 (length 627)
./NO_GROUP/SAMPLE2_PE/data/SAMPLE2_PE:BU-ISCIII:SAMPLE2_PE_14 (length 1325)
./NO_GROUP/SAMPLE2_PE/data/SAMPLE2_PE:BU-ISCIII:SAMPLE2_PE_15 (length 1631)
./NO_GROUP/SAMPLE2_PE/data/SAMPLE2_PE:BU-ISCIII:SAMPLE2_PE_16 (length 697)
./NO_GROUP/SAMPLE2_PE/data/SAMPLE2_PE:BU-ISCIII:SAMPLE2_PE_17 (length 396)
./NO_GROUP/SAMPLE2_PE/data/SAMPLE2_PE:BU-ISCIII:SAMPLE2_PE_18 (length 631)
./NO_GROUP/SAMPLE2_PE/data/SAMPLE2_PE:BU-ISCIII:SAMPLE2_PE_19 (length 284)
./NO_GROUP/SAMPLE2_PE/data/SAMPLE2_PE:BU-ISCIII:SAMPLE2_PE_20 (length 832)

DiscRep_ALL:NO_ANNOTATION::12 bioseqs have no features
./NO_GROUP/SAMPLE2_PE/data/SAMPLE2_PE:BU-ISCIII:SAMPLE2_PE_2 (length 1228)
./NO_GROUP/SAMPLE2_PE/data/SAMPLE2_PE:BU-ISCIII:SAMPLE2_PE_3 (length 691)
./NO_GROUP/SAMPLE2_PE/data/SAMPLE2_PE:BU-ISCIII:SAMPLE2_PE_6 (length 1866)
./NO_GROUP/SAMPLE2_PE/data/SAMPLE2_PE:BU-ISCIII:SAMPLE2_PE_8 (length 381)
./NO_GROUP/SAMPLE2_PE/data/SAMPLE2_PE:BU-ISCIII:SAMPLE2_PE_9 (length 387)
./NO_GROUP/SAMPLE2_PE/data/SAMPLE2_PE:BU-ISCIII:SAMPLE2_PE_10 (length 1610)
./NO_GROUP/SAMPLE2_PE/data/SAMPLE2_PE:BU-ISCIII:SAMPLE2_PE_12 (length 688)
./NO_GROUP/SAMPLE2_PE/data/SAMPLE2_PE:BU-ISCIII:SAMPLE2_PE_16 (length 697)
./NO_GROUP/SAMPLE2_PE/data/SAMPLE2_PE:BU-ISCIII:SAMPLE2_PE_17 (length 396)
./NO_GROUP/SAMPLE2_PE/data/SAMPLE2_PE:BU-ISCIII:SAMPLE2_PE_18 (length 631)
./NO_GROUP/SAMPLE2_PE/data/SAMPLE2_PE:BU-ISCIII:SAMPLE2_PE_19 (length 284)
./NO_GROUP/SAMPLE2_PE/data/SAMPLE2_PE:BU-ISCIII:SAMPLE2_PE_20 (length 832)

DiscRep_ALL:DISC_QUALITY_SCORES::Quality scores are missing on all sequences.

DiscRep_ALL:ONCALLER_COMMENT_PRESENT::20 comment descriptors were found (all same)
./NO_GROUP/SAMPLE2_PE/data/SAMPLE2_PE:BU-ISCIII:SAMPLE2_PE_1:Annotated using prokka 1.14.6 from https://github.com/tseemann/prokka
./NO_GROUP/SAMPLE2_PE/data/SAMPLE2_PE:BU-ISCIII:SAMPLE2_PE_2:Annotated using prokka 1.14.6 from https://github.com/tseemann/prokka
./NO_GROUP/SAMPLE2_PE/data/SAMPLE2_PE:BU-ISCIII:SAMPLE2_PE_3:Annotated using prokka 1.14.6 from https://github.com/tseemann/prokka
./NO_GROUP/SAMPLE2_PE/data/SAMPLE2_PE:BU-ISCIII:SAMPLE2_PE_4:Annotated using prokka 1.14.6 from https://github.com/tseemann/prokka
./NO_GROUP/SAMPLE2_PE/data/SAMPLE2_PE:BU-ISCIII:SAMPLE2_PE_5:Annotated using prokka 1.14.6 from https://github.com/tseemann/prokka
./NO_GROUP/SAMPLE2_PE/data/SAMPLE2_PE:BU-ISCIII:SAMPLE2_PE_6:Annotated using prokka 1.14.6 from https://github.com/tseemann/prokka
./NO_GROUP/SAMPLE2_PE/data/SAMPLE2_PE:BU-ISCIII:SAMPLE2_PE_7:Annotated using prokka 1.14.6 from https://github.com/tseemann/prokka
./NO_GROUP/SAMPLE2_PE/data/SAMPLE2_PE:BU-ISCIII:SAMPLE2_PE_8:Annotated using prokka 1.14.6 from https://github.com/tseemann/prokka
./NO_GROUP/SAMPLE2_PE/data/SAMPLE2_PE:BU-ISCIII:SAMPLE2_PE_9:Annotated using prokka 1.14.6 from https://github.com/tseemann/prokka
./NO_GROUP/SAMPLE2_PE/data/SAMPLE2_PE:BU-ISCIII:SAMPLE2_PE_10:Annotated using prokka 1.14.6 from https://github.com/tseemann/prokka
./NO_GROUP/SAMPLE2_PE/data/SAMPLE2_PE:BU-ISCIII:SAMPLE2_PE_11:Annotated using prokka 1.14.6 from https://github.com/tseemann/prokka
./NO_GROUP/SAMPLE2_PE/data/SAMPLE2_PE:BU-ISCIII:SAMPLE2_PE_12:Annotated using prokka 1.14.6 from https://github.com/tseemann/prokka
./NO_GROUP/SAMPLE2_PE/data/SAMPLE2_PE:BU-ISCIII:SAMPLE2_PE_13:Annotated using prokka 1.14.6 from https://github.com/tseemann/prokka
./NO_GROUP/SAMPLE2_PE/data/SAMPLE2_PE:BU-ISCIII:SAMPLE2_PE_14:Annotated using prokka 1.14.6 from https://github.com/tseemann/prokka
./NO_GROUP/SAMPLE2_PE/data/SAMPLE2_PE:BU-ISCIII:SAMPLE2_PE_15:Annotated using prokka 1.14.6 from https://github.com/tseemann/prokka
./NO_GROUP/SAMPLE2_PE/data/SAMPLE2_PE:BU-ISCIII:SAMPLE2_PE_16:Annotated using prokka 1.14.6 from https://github.com/tseemann/prokka
./NO_GROUP/SAMPLE2_PE/data/SAMPLE2_PE:BU-ISCIII:SAMPLE2_PE_17:Annotated using prokka 1.14.6 from https://github.com/tseemann/prokka
./NO_GROUP/SAMPLE2_PE/data/SAMPLE2_PE:BU-ISCIII:SAMPLE2_PE_18:Annotated using prokka 1.14.6 from https://github.com/tseemann/prokka
./NO_GROUP/SAMPLE2_PE/data/SAMPLE2_PE:BU-ISCIII:SAMPLE2_PE_19:Annotated using prokka 1.14.6 from https://github.com/tseemann/prokka
./NO_GROUP/SAMPLE2_PE/data/SAMPLE2_PE:BU-ISCIII:SAMPLE2_PE_20:Annotated using prokka 1.14.6 from https://github.com/tseemann/prokka

DiscRep_ALL:MISSING_GENOMEASSEMBLY_COMMENTS::20 bioseqs are missing GenomeAssembly structured comments
./NO_GROUP/SAMPLE2_PE/data/SAMPLE2_PE:BU-ISCIII:SAMPLE2_PE_1 (length 2859)
./NO_GROUP/SAMPLE2_PE/data/SAMPLE2_PE:BU-ISCIII:SAMPLE2_PE_2 (length 1228)
./NO_GROUP/SAMPLE2_PE/data/SAMPLE2_PE:BU-ISCIII:SAMPLE2_PE_3 (length 691)
./NO_GROUP/SAMPLE2_PE/data/SAMPLE2_PE:BU-ISCIII:SAMPLE2_PE_4 (length 1528)
./NO_GROUP/SAMPLE2_PE/data/SAMPLE2_PE:BU-ISCIII:SAMPLE2_PE_5 (length 1594)
./NO_GROUP/SAMPLE2_PE/data/SAMPLE2_PE:BU-ISCIII:SAMPLE2_PE_6 (length 1866)
./NO_GROUP/SAMPLE2_PE/data/SAMPLE2_PE:BU-ISCIII:SAMPLE2_PE_7 (length 3319)
./NO_GROUP/SAMPLE2_PE/data/SAMPLE2_PE:BU-ISCIII:SAMPLE2_PE_8 (length 381)
./NO_GROUP/SAMPLE2_PE/data/SAMPLE2_PE:BU-ISCIII:SAMPLE2_PE_9 (length 387)
./NO_GROUP/SAMPLE2_PE/data/SAMPLE2_PE:BU-ISCIII:SAMPLE2_PE_10 (length 1610)
./NO_GROUP/SAMPLE2_PE/data/SAMPLE2_PE:BU-ISCIII:SAMPLE2_PE_11 (length 2549)
./NO_GROUP/SAMPLE2_PE/data/SAMPLE2_PE:BU-ISCIII:SAMPLE2_PE_12 (length 688)
./NO_GROUP/SAMPLE2_PE/data/SAMPLE2_PE:BU-ISCIII:SAMPLE2_PE_13 (length 627)
./NO_GROUP/SAMPLE2_PE/data/SAMPLE2_PE:BU-ISCIII:SAMPLE2_PE_14 (length 1325)
./NO_GROUP/SAMPLE2_PE/data/SAMPLE2_PE:BU-ISCIII:SAMPLE2_PE_15 (length 1631)
./NO_GROUP/SAMPLE2_PE/data/SAMPLE2_PE:BU-ISCIII:SAMPLE2_PE_16 (length 697)
./NO_GROUP/SAMPLE2_PE/data/SAMPLE2_PE:BU-ISCIII:SAMPLE2_PE_17 (length 396)
./NO_GROUP/SAMPLE2_PE/data/SAMPLE2_PE:BU-ISCIII:SAMPLE2_PE_18 (length 631)
./NO_GROUP/SAMPLE2_PE/data/SAMPLE2_PE:BU-ISCIII:SAMPLE2_PE_19 (length 284)
./NO_GROUP/SAMPLE2_PE/data/SAMPLE2_PE:BU-ISCIII:SAMPLE2_PE_20 (length 832)

DiscRep_ALL:MOLTYPE_NOT_MRNA::20 molecule types are not set as mRNA.
./NO_GROUP/SAMPLE2_PE/data/SAMPLE2_PE:BU-ISCIII:SAMPLE2_PE_1 (length 2859)
./NO_GROUP/SAMPLE2_PE/data/SAMPLE2_PE:BU-ISCIII:SAMPLE2_PE_2 (length 1228)
./NO_GROUP/SAMPLE2_PE/data/SAMPLE2_PE:BU-ISCIII:SAMPLE2_PE_3 (length 691)
./NO_GROUP/SAMPLE2_PE/data/SAMPLE2_PE:BU-ISCIII:SAMPLE2_PE_4 (length 1528)
./NO_GROUP/SAMPLE2_PE/data/SAMPLE2_PE:BU-ISCIII:SAMPLE2_PE_5 (length 1594)
./NO_GROUP/SAMPLE2_PE/data/SAMPLE2_PE:BU-ISCIII:SAMPLE2_PE_6 (length 1866)
./NO_GROUP/SAMPLE2_PE/data/SAMPLE2_PE:BU-ISCIII:SAMPLE2_PE_7 (length 3319)
./NO_GROUP/SAMPLE2_PE/data/SAMPLE2_PE:BU-ISCIII:SAMPLE2_PE_8 (length 381)
./NO_GROUP/SAMPLE2_PE/data/SAMPLE2_PE:BU-ISCIII:SAMPLE2_PE_9 (length 387)
./NO_GROUP/SAMPLE2_PE/data/SAMPLE2_PE:BU-ISCIII:SAMPLE2_PE_10 (length 1610)
./NO_GROUP/SAMPLE2_PE/data/SAMPLE2_PE:BU-ISCIII:SAMPLE2_PE_11 (length 2549)
./NO_GROUP/SAMPLE2_PE/data/SAMPLE2_PE:BU-ISCIII:SAMPLE2_PE_12 (length 688)
./NO_GROUP/SAMPLE2_PE/data/SAMPLE2_PE:BU-ISCIII:SAMPLE2_PE_13 (length 627)
./NO_GROUP/SAMPLE2_PE/data/SAMPLE2_PE:BU-ISCIII:SAMPLE2_PE_14 (length 1325)
./NO_GROUP/SAMPLE2_PE/data/SAMPLE2_PE:BU-ISCIII:SAMPLE2_PE_15 (length 1631)
./NO_GROUP/SAMPLE2_PE/data/SAMPLE2_PE:BU-ISCIII:SAMPLE2_PE_16 (length 697)
./NO_GROUP/SAMPLE2_PE/data/SAMPLE2_PE:BU-ISCIII:SAMPLE2_PE_17 (length 396)
./NO_GROUP/SAMPLE2_PE/data/SAMPLE2_PE:BU-ISCIII:SAMPLE2_PE_18 (length 631)
./NO_GROUP/SAMPLE2_PE/data/SAMPLE2_PE:BU-ISCIII:SAMPLE2_PE_19 (length 284)
./NO_GROUP/SAMPLE2_PE/data/SAMPLE2_PE:BU-ISCIII:SAMPLE2_PE_20 (length 832)

DiscRep_ALL:TECHNIQUE_NOT_TSA::20 technique are not set as TSA
./NO_GROUP/SAMPLE2_PE/data/SAMPLE2_PE:BU-ISCIII:SAMPLE2_PE_1 (length 2859)
./NO_GROUP/SAMPLE2_PE/data/SAMPLE2_PE:BU-ISCIII:SAMPLE2_PE_2 (length 1228)
./NO_GROUP/SAMPLE2_PE/data/SAMPLE2_PE:BU-ISCIII:SAMPLE2_PE_3 (length 691)
./NO_GROUP/SAMPLE2_PE/data/SAMPLE2_PE:BU-ISCIII:SAMPLE2_PE_4 (length 1528)
./NO_GROUP/SAMPLE2_PE/data/SAMPLE2_PE:BU-ISCIII:SAMPLE2_PE_5 (length 1594)
./NO_GROUP/SAMPLE2_PE/data/SAMPLE2_PE:BU-ISCIII:SAMPLE2_PE_6 (length 1866)
./NO_GROUP/SAMPLE2_PE/data/SAMPLE2_PE:BU-ISCIII:SAMPLE2_PE_7 (length 3319)
./NO_GROUP/SAMPLE2_PE/data/SAMPLE2_PE:BU-ISCIII:SAMPLE2_PE_8 (length 381)
./NO_GROUP/SAMPLE2_PE/data/SAMPLE2_PE:BU-ISCIII:SAMPLE2_PE_9 (length 387)
./NO_GROUP/SAMPLE2_PE/data/SAMPLE2_PE:BU-ISCIII:SAMPLE2_PE_10 (length 1610)
./NO_GROUP/SAMPLE2_PE/data/SAMPLE2_PE:BU-ISCIII:SAMPLE2_PE_11 (length 2549)
./NO_GROUP/SAMPLE2_PE/data/SAMPLE2_PE:BU-ISCIII:SAMPLE2_PE_12 (length 688)
./NO_GROUP/SAMPLE2_PE/data/SAMPLE2_PE:BU-ISCIII:SAMPLE2_PE_13 (length 627)
./NO_GROUP/SAMPLE2_PE/data/SAMPLE2_PE:BU-ISCIII:SAMPLE2_PE_14 (length 1325)
./NO_GROUP/SAMPLE2_PE/data/SAMPLE2_PE:BU-ISCIII:SAMPLE2_PE_15 (length 1631)
./NO_GROUP/SAMPLE2_PE/data/SAMPLE2_PE:BU-ISCIII:SAMPLE2_PE_16 (length 697)
./NO_GROUP/SAMPLE2_PE/data/SAMPLE2_PE:BU-ISCIII:SAMPLE2_PE_17 (length 396)
./NO_GROUP/SAMPLE2_PE/data/SAMPLE2_PE:BU-ISCIII:SAMPLE2_PE_18 (length 631)
./NO_GROUP/SAMPLE2_PE/data/SAMPLE2_PE:BU-ISCIII:SAMPLE2_PE_19 (length 284)
./NO_GROUP/SAMPLE2_PE/data/SAMPLE2_PE:BU-ISCIII:SAMPLE2_PE_20 (length 832)

DiscRep_ALL:MISSING_STRUCTURED_COMMENT::20 sequences do not include structured comments.
./NO_GROUP/SAMPLE2_PE/data/SAMPLE2_PE:BU-ISCIII:SAMPLE2_PE_1 (length 2859)
./NO_GROUP/SAMPLE2_PE/data/SAMPLE2_PE:BU-ISCIII:SAMPLE2_PE_2 (length 1228)
./NO_GROUP/SAMPLE2_PE/data/SAMPLE2_PE:BU-ISCIII:SAMPLE2_PE_3 (length 691)
./NO_GROUP/SAMPLE2_PE/data/SAMPLE2_PE:BU-ISCIII:SAMPLE2_PE_4 (length 1528)
./NO_GROUP/SAMPLE2_PE/data/SAMPLE2_PE:BU-ISCIII:SAMPLE2_PE_5 (length 1594)
./NO_GROUP/SAMPLE2_PE/data/SAMPLE2_PE:BU-ISCIII:SAMPLE2_PE_6 (length 1866)
./NO_GROUP/SAMPLE2_PE/data/SAMPLE2_PE:BU-ISCIII:SAMPLE2_PE_7 (length 3319)
./NO_GROUP/SAMPLE2_PE/data/SAMPLE2_PE:BU-ISCIII:SAMPLE2_PE_8 (length 381)
./NO_GROUP/SAMPLE2_PE/data/SAMPLE2_PE:BU-ISCIII:SAMPLE2_PE_9 (length 387)
./NO_GROUP/SAMPLE2_PE/data/SAMPLE2_PE:BU-ISCIII:SAMPLE2_PE_10 (length 1610)
./NO_GROUP/SAMPLE2_PE/data/SAMPLE2_PE:BU-ISCIII:SAMPLE2_PE_11 (length 2549)
./NO_GROUP/SAMPLE2_PE/data/SAMPLE2_PE:BU-ISCIII:SAMPLE2_PE_12 (length 688)
./NO_GROUP/SAMPLE2_PE/data/SAMPLE2_PE:BU-ISCIII:SAMPLE2_PE_13 (length 627)
./NO_GROUP/SAMPLE2_PE/data/SAMPLE2_PE:BU-ISCIII:SAMPLE2_PE_14 (length 1325)
./NO_GROUP/SAMPLE2_PE/data/SAMPLE2_PE:BU-ISCIII:SAMPLE2_PE_15 (length 1631)
./NO_GROUP/SAMPLE2_PE/data/SAMPLE2_PE:BU-ISCIII:SAMPLE2_PE_16 (length 697)
./NO_GROUP/SAMPLE2_PE/data/SAMPLE2_PE:BU-ISCIII:SAMPLE2_PE_17 (length 396)
./NO_GROUP/SAMPLE2_PE/data/SAMPLE2_PE:BU-ISCIII:SAMPLE2_PE_18 (length 631)
./NO_GROUP/SAMPLE2_PE/data/SAMPLE2_PE:BU-ISCIII:SAMPLE2_PE_19 (length 284)
./NO_GROUP/SAMPLE2_PE/data/SAMPLE2_PE:BU-ISCIII:SAMPLE2_PE_20 (length 832)

DiscRep_ALL:MISSING_PROJECT::31 sequences do not include project.
./NO_GROUP/SAMPLE2_PE/data/SAMPLE2_PE:BU-ISCIII:SAMPLE2_PE_1 (length 2859)
./NO_GROUP/SAMPLE2_PE/data/SAMPLE2_PE:BU-ISCIII:SAMPLE2_PE_00001 (length 79)
./NO_GROUP/SAMPLE2_PE/data/SAMPLE2_PE:BU-ISCIII:SAMPLE2_PE_00002 (length 153)
./NO_GROUP/SAMPLE2_PE/data/SAMPLE2_PE:BU-ISCIII:SAMPLE2_PE_2 (length 1228)
./NO_GROUP/SAMPLE2_PE/data/SAMPLE2_PE:BU-ISCIII:SAMPLE2_PE_3 (length 691)
./NO_GROUP/SAMPLE2_PE/data/SAMPLE2_PE:BU-ISCIII:SAMPLE2_PE_4 (length 1528)
./NO_GROUP/SAMPLE2_PE/data/SAMPLE2_PE:BU-ISCIII:SAMPLE2_PE_00003 (length 405)
./NO_GROUP/SAMPLE2_PE/data/SAMPLE2_PE:BU-ISCIII:SAMPLE2_PE_5 (length 1594)
./NO_GROUP/SAMPLE2_PE/data/SAMPLE2_PE:BU-ISCIII:SAMPLE2_PE_00004 (length 97)
./NO_GROUP/SAMPLE2_PE/data/SAMPLE2_PE:BU-ISCIII:SAMPLE2_PE_00005 (length 121)
./NO_GROUP/SAMPLE2_PE/data/SAMPLE2_PE:BU-ISCIII:SAMPLE2_PE_6 (length 1866)
./NO_GROUP/SAMPLE2_PE/data/SAMPLE2_PE:BU-ISCIII:SAMPLE2_PE_7 (length 3319)
./NO_GROUP/SAMPLE2_PE/data/SAMPLE2_PE:BU-ISCIII:SAMPLE2_PE_00006 (length 68)
./NO_GROUP/SAMPLE2_PE/data/SAMPLE2_PE:BU-ISCIII:SAMPLE2_PE_8 (length 381)
./NO_GROUP/SAMPLE2_PE/data/SAMPLE2_PE:BU-ISCIII:SAMPLE2_PE_9 (length 387)
./NO_GROUP/SAMPLE2_PE/data/SAMPLE2_PE:BU-ISCIII:SAMPLE2_PE_10 (length 1610)
./NO_GROUP/SAMPLE2_PE/data/SAMPLE2_PE:BU-ISCIII:SAMPLE2_PE_11 (length 2549)
./NO_GROUP/SAMPLE2_PE/data/SAMPLE2_PE:BU-ISCIII:SAMPLE2_PE_00007 (length 68)
./NO_GROUP/SAMPLE2_PE/data/SAMPLE2_PE:BU-ISCIII:SAMPLE2_PE_12 (length 688)
./NO_GROUP/SAMPLE2_PE/data/SAMPLE2_PE:BU-ISCIII:SAMPLE2_PE_13 (length 627)
./NO_GROUP/SAMPLE2_PE/data/SAMPLE2_PE:BU-ISCIII:SAMPLE2_PE_00008 (length 69)
./NO_GROUP/SAMPLE2_PE/data/SAMPLE2_PE:BU-ISCIII:SAMPLE2_PE_14 (length 1325)
./NO_GROUP/SAMPLE2_PE/data/SAMPLE2_PE:BU-ISCIII:SAMPLE2_PE_00009 (length 89)
./NO_GROUP/SAMPLE2_PE/data/SAMPLE2_PE:BU-ISCIII:SAMPLE2_PE_15 (length 1631)
./NO_GROUP/SAMPLE2_PE/data/SAMPLE2_PE:BU-ISCIII:SAMPLE2_PE_00010 (length 75)
./NO_GROUP/SAMPLE2_PE/data/SAMPLE2_PE:BU-ISCIII:SAMPLE2_PE_00011 (length 222)
./NO_GROUP/SAMPLE2_PE/data/SAMPLE2_PE:BU-ISCIII:SAMPLE2_PE_16 (length 697)
./NO_GROUP/SAMPLE2_PE/data/SAMPLE2_PE:BU-ISCIII:SAMPLE2_PE_17 (length 396)
./NO_GROUP/SAMPLE2_PE/data/SAMPLE2_PE:BU-ISCIII:SAMPLE2_PE_18 (length 631)
./NO_GROUP/SAMPLE2_PE/data/SAMPLE2_PE:BU-ISCIII:SAMPLE2_PE_19 (length 284)
./NO_GROUP/SAMPLE2_PE/data/SAMPLE2_PE:BU-ISCIII:SAMPLE2_PE_20 (length 832)

DiscRep_ALL:DISC_INCONSISTENT_MOLINFO_TECH::Molinfo Technique Report (some missing, all same)
DiscRep_SUB:DISC_INCONSISTENT_MOLINFO_TECH::technique (all missing)
DiscRep_SUB:DISC_INCONSISTENT_MOLINFO_TECH::20 Molinfos are missing field technique
./NO_GROUP/SAMPLE2_PE/data/SAMPLE2_PE:BU-ISCIII:SAMPLE2_PE_1 (length 2859)
./NO_GROUP/SAMPLE2_PE/data/SAMPLE2_PE:BU-ISCIII:SAMPLE2_PE_2 (length 1228)
./NO_GROUP/SAMPLE2_PE/data/SAMPLE2_PE:BU-ISCIII:SAMPLE2_PE_3 (length 691)
./NO_GROUP/SAMPLE2_PE/data/SAMPLE2_PE:BU-ISCIII:SAMPLE2_PE_4 (length 1528)
./NO_GROUP/SAMPLE2_PE/data/SAMPLE2_PE:BU-ISCIII:SAMPLE2_PE_5 (length 1594)
./NO_GROUP/SAMPLE2_PE/data/SAMPLE2_PE:BU-ISCIII:SAMPLE2_PE_6 (length 1866)
./NO_GROUP/SAMPLE2_PE/data/SAMPLE2_PE:BU-ISCIII:SAMPLE2_PE_7 (length 3319)
./NO_GROUP/SAMPLE2_PE/data/SAMPLE2_PE:BU-ISCIII:SAMPLE2_PE_8 (length 381)
./NO_GROUP/SAMPLE2_PE/data/SAMPLE2_PE:BU-ISCIII:SAMPLE2_PE_9 (length 387)
./NO_GROUP/SAMPLE2_PE/data/SAMPLE2_PE:BU-ISCIII:SAMPLE2_PE_10 (length 1610)
./NO_GROUP/SAMPLE2_PE/data/SAMPLE2_PE:BU-ISCIII:SAMPLE2_PE_11 (length 2549)
./NO_GROUP/SAMPLE2_PE/data/SAMPLE2_PE:BU-ISCIII:SAMPLE2_PE_12 (length 688)
./NO_GROUP/SAMPLE2_PE/data/SAMPLE2_PE:BU-ISCIII:SAMPLE2_PE_13 (length 627)
./NO_GROUP/SAMPLE2_PE/data/SAMPLE2_PE:BU-ISCIII:SAMPLE2_PE_14 (length 1325)
./NO_GROUP/SAMPLE2_PE/data/SAMPLE2_PE:BU-ISCIII:SAMPLE2_PE_15 (length 1631)
./NO_GROUP/SAMPLE2_PE/data/SAMPLE2_PE:BU-ISCIII:SAMPLE2_PE_16 (length 697)
./NO_GROUP/SAMPLE2_PE/data/SAMPLE2_PE:BU-ISCIII:SAMPLE2_PE_17 (length 396)
./NO_GROUP/SAMPLE2_PE/data/SAMPLE2_PE:BU-ISCIII:SAMPLE2_PE_18 (length 631)
./NO_GROUP/SAMPLE2_PE/data/SAMPLE2_PE:BU-ISCIII:SAMPLE2_PE_19 (length 284)
./NO_GROUP/SAMPLE2_PE/data/SAMPLE2_PE:BU-ISCIII:SAMPLE2_PE_20 (length 832)

