Aligning contigs to reference...
	Aligning contigs to the reference
Filtering alignments...
Parsing coords...
Loading reference...
	Loaded [NC_045512.2]
	Total Regions: 1
	Total Region Length: 29903
Analyzing contigs...
CONTIG: NODE_1_length_10482_cov_227.257943 (10482bp)
Best alignment score: 10411.9 (LEN: 10414, IDY: 99.98), Total number of alignments: 1
		One align captures most of this contig: 8889 19302 | 2 10415 | 10414 10414 | 99.98 | NC_045512.2 NODE_1_length_10482_cov_227.257943

CONTIG: NODE_2_length_6357_cov_149.285714 (6357bp)
Best alignment score: 6353.8 (LEN: 6357, IDY: 99.95), Total number of alignments: 1
		One align captures most of this contig: 19317 25673 | 1 6357 | 6357 6357 | 99.95 | NC_045512.2 NODE_2_length_6357_cov_149.285714

CONTIG: NODE_3_length_4107_cov_249.464322 (4107bp)
Best alignment score: 3984.0 (LEN: 3990, IDY: 99.85), Total number of alignments: 2
			Looking for the best set of alignments (out of 2 total alignments)
			Skipping redundant alignments after choosing the best set of alignments
		Skipping redundant alignment 14182 14299 | 3990 4107 | 118 118 | 100.0 | NC_045512.2 NODE_3_length_4107_cov_249.464322
			The best set is below. Score: 3984.0, number of alignments: 1, unaligned bases: 117
		Alignment: 25674 29664 | 1 3990 | 3991 3990 | 99.85 | NC_045512.2 NODE_3_length_4107_cov_249.464322

CONTIG: NODE_4_length_4070_cov_3.608166 (4070bp)
		This contig is unaligned. (4070 bp)
		Unaligned bases: 4070 (number of Ns: 0)

CONTIG: NODE_5_length_3823_cov_218.151786 (3823bp)
Best alignment score: 3823.0 (LEN: 3823, IDY: 100.00), Total number of alignments: 1
		One align captures most of this contig: 31 3853 | 3823 1 | 3823 3823 | 100.0 | NC_045512.2 NODE_5_length_3823_cov_218.151786

CONTIG: NODE_6_length_3177_cov_259.184590 (3177bp)
Best alignment score: 3177.0 (LEN: 3177, IDY: 100.00), Total number of alignments: 1
		One align captures most of this contig: 5485 8661 | 1 3177 | 3177 3177 | 100.0 | NC_045512.2 NODE_6_length_3177_cov_259.184590

CONTIG: NODE_7_length_1562_cov_146.044405 (1562bp)
Best alignment score: 1562.0 (LEN: 1562, IDY: 100.00), Total number of alignments: 1
		One align captures most of this contig: 3923 5484 | 1562 1 | 1562 1562 | 100.0 | NC_045512.2 NODE_7_length_1562_cov_146.044405

CONTIG: NODE_8_length_845_cov_2.520891 (845bp)
		This contig is unaligned. (845 bp)
		Unaligned bases: 845 (number of Ns: 0)

CONTIG: NODE_9_length_517_cov_0.835897 (517bp)
		This contig is unaligned. (517 bp)
		Unaligned bases: 517 (number of Ns: 0)

Analyzing coverage...
Writing SNPs into /home/svarona/work/68/500d1350c53ec5fdf5e416eb38eca8/quast/contigs_reports/minimap_output/SAMPLE2_PE-scaffolds.used_snps.gz

Analysis is finished!
Founded SNPs were written into /home/svarona/work/68/500d1350c53ec5fdf5e416eb38eca8/quast/contigs_reports/minimap_output/SAMPLE2_PE-scaffolds.used_snps.gz

Results:
	Local Misassemblies: 0
	Misassemblies: 0
		Relocations: 0
		Translocations: 0
		Inversions: 0
	Scaffold gap extensive misassemblies: 0
	Scaffold gap local misassemblies: 0
	Misassembled Contigs: 0
	Misassembled Contig Bases: 0
	Misassemblies Inter-Contig Overlap: 0
Unaligned Contigs: 3 + 0 part
Half Unaligned Contigs with Misassemblies: 0
Unaligned Contig Bases: 5432

Ambiguously Mapped Contigs: 0
Total Bases in Ambiguously Mapped Contigs: 0
Extra Bases in Ambiguously Mapped Contigs: 0
Note that --allow-ambiguity option was set to "one" and only first alignment per each of these contigs was used.

	Covered Bases: 29324

	SNPs: 10
	Insertions: 0
	Deletions: 1

