Aligning contigs to reference...
	Aligning contigs to the reference
Filtering alignments...
Parsing coords...
Loading reference...
	Loaded [NC_045512.2]
	Total Regions: 1
	Total Region Length: 29903
Analyzing contigs...
CONTIG: NODE_1_length_21005_cov_265.270955 (21005bp)
Best alignment score: 20944.8 (LEN: 20949, IDY: 99.98), Total number of alignments: 1
		One align captures most of this contig: 8889 29837 | 21005 57 | 20949 20949 | 99.98 | NC_045512.2 NODE_1_length_21005_cov_265.270955

CONTIG: NODE_2_length_8770_cov_247.700798 (8770bp)
Best alignment score: 8648.3 (LEN: 8650, IDY: 99.98), Total number of alignments: 2
			Looking for the best set of alignments (out of 2 total alignments)
			Skipping redundant alignments after choosing the best set of alignments
		Skipping redundant alignment 12936 13062 | 127 1 | 127 127 | 100.0 | NC_045512.2 NODE_2_length_8770_cov_247.700798
			The best set is below. Score: 8648.3, number of alignments: 1, unaligned bases: 120
		Alignment: 31 8680 | 8770 121 | 8650 8650 | 99.98 | NC_045512.2 NODE_2_length_8770_cov_247.700798

CONTIG: NODE_3_length_5474_cov_3.576211 (5474bp)
		This contig is unaligned. (5474 bp)
		Unaligned bases: 5474 (number of Ns: 0)

Analyzing coverage...
Writing SNPs into /home/svarona/work/68/500d1350c53ec5fdf5e416eb38eca8/quast/contigs_reports/minimap_output/SAMPLE1_PE-scaffolds.used_snps.gz

Analysis is finished!
Founded SNPs were written into /home/svarona/work/68/500d1350c53ec5fdf5e416eb38eca8/quast/contigs_reports/minimap_output/SAMPLE1_PE-scaffolds.used_snps.gz

Results:
	Local Misassemblies: 0
	Misassemblies: 0
		Relocations: 0
		Translocations: 0
		Inversions: 0
	Scaffold gap extensive misassemblies: 0
	Scaffold gap local misassemblies: 0
	Misassembled Contigs: 0
	Misassembled Contig Bases: 0
	Misassemblies Inter-Contig Overlap: 0
Unaligned Contigs: 1 + 0 part
Half Unaligned Contigs with Misassemblies: 0
Unaligned Contig Bases: 5474

Ambiguously Mapped Contigs: 0
Total Bases in Ambiguously Mapped Contigs: 0
Extra Bases in Ambiguously Mapped Contigs: 0
Note that --allow-ambiguity option was set to "one" and only first alignment per each of these contigs was used.

	Covered Bases: 29599

	SNPs: 6
	Insertions: 0
	Deletions: 0

