Detecting adapter sequence for read1...
No adapter detected for read1

Detecting adapter sequence for read2...
No adapter detected for read2

Read1 before filtering:
total reads: 21481
total bases: 6416734
Q20 bases: 6363468(99.1699%)
Q30 bases: 6275522(97.7993%)

Read2 before filtering:
total reads: 21481
total bases: 6416265
Q20 bases: 6272936(97.7662%)
Q30 bases: 6080958(94.7741%)

Read1 after filtering:
total reads: 19202
total bases: 5732538
Q20 bases: 5722213(99.8199%)
Q30 bases: 5697736(99.3929%)

Read2 aftering filtering:
total reads: 19202
total bases: 5698816
Q20 bases: 5679122(99.6544%)
Q30 bases: 5611445(98.4669%)

Filtering result:
reads passed filter: 38404
reads failed due to low quality: 4520
reads failed due to too many N: 0
reads failed due to too short: 38
reads with adapter trimmed: 6
bases trimmed due to adapters: 725
reads with polyX in 3' end: 25
bases trimmed in polyX tail: 431

Duplication rate: 35.4668%

Insert size peak (evaluated by paired-end reads): 383

JSON report: SAMPLE2_PE.fastp.json
HTML report: SAMPLE2_PE.fastp.html

fastp --in1 SAMPLE2_PE_1.fastq.gz --in2 SAMPLE2_PE_2.fastq.gz --out1 SAMPLE2_PE_1.trim.fastq.gz --out2 SAMPLE2_PE_2.trim.fastq.gz --unpaired1 SAMPLE2_PE_1.fail.fastq.gz --unpaired2 SAMPLE2_PE_2.fail.fastq.gz --detect_adapter_for_pe --cut_front --cut_tail --cut_mean_quality 30 --qualified_quality_phred 30 --unqualified_percent_limit 10 --length_required 50 --trim_poly_x --thread 2 --json SAMPLE2_PE.fastp.json --html SAMPLE2_PE.fastp.html 
fastp v0.20.1, time used: 5 seconds
