Detecting adapter sequence for read1...
No adapter detected for read1

Detecting adapter sequence for read2...
No adapter detected for read2

Read1 before filtering:
total reads: 27721
total bases: 8285732
Q20 bases: 8214123(99.1358%)
Q30 bases: 8089763(97.6349%)

Read2 before filtering:
total reads: 27721
total bases: 8285900
Q20 bases: 8053101(97.1904%)
Q30 bases: 7763258(93.6924%)

Read1 after filtering:
total reads: 24135
total bases: 7204461
Q20 bases: 7190881(99.8115%)
Q30 bases: 7157937(99.3542%)

Read2 aftering filtering:
total reads: 24135
total bases: 7159004
Q20 bases: 7132482(99.6295%)
Q30 bases: 7041904(98.3643%)

Filtering result:
reads passed filter: 48270
reads failed due to low quality: 7126
reads failed due to too many N: 0
reads failed due to too short: 46
reads with adapter trimmed: 18
bases trimmed due to adapters: 748
reads with polyX in 3' end: 25
bases trimmed in polyX tail: 804

Duplication rate: 19.2063%

Insert size peak (evaluated by paired-end reads): 380

JSON report: SAMPLE1_PE.fastp.json
HTML report: SAMPLE1_PE.fastp.html

fastp --in1 SAMPLE1_PE_1.fastq.gz --in2 SAMPLE1_PE_2.fastq.gz --out1 SAMPLE1_PE_1.trim.fastq.gz --out2 SAMPLE1_PE_2.trim.fastq.gz --unpaired1 SAMPLE1_PE_1.fail.fastq.gz --unpaired2 SAMPLE1_PE_2.fail.fastq.gz --detect_adapter_for_pe --cut_front --cut_tail --cut_mean_quality 30 --qualified_quality_phred 30 --unqualified_percent_limit 10 --length_required 50 --trim_poly_x --thread 2 --json SAMPLE1_PE.fastp.json --html SAMPLE1_PE.fastp.html 
fastp v0.20.1, time used: 6 seconds
