LOG FILE PLASMIDID
mar mar 2 18:10:26 CET 2021

#Executing /home/s.varona/virology_training_test/work/conda/nf-core-viralrecon-1.2.0dev-3fb10bb8a332a0381f3a6f1a0bab1f62/bin/mash_screener.sh 


DEPENDENCY	              STATUS
----------	              ------
bash                         [0;32mINSTALLED[0m 
mash                         [0;32mINSTALLED[0m 
Output directory is ./NO_GROUP/SAMPLE1_PE/kmer
creating sketch of  GCF_009858895.2_ASM985889v3_genomic.200409.fna
Sketching GCF_009858895.2_ASM985889v3_genomic.200409.fna...
Writing to ./NO_GROUP/SAMPLE1_PE/kmer/database.msh...
mar mar  2 18:10:26 CET 2021
screening SAMPLE1_PE.scaffolds.fa
Loading ./NO_GROUP/SAMPLE1_PE/kmer/database.msh...
   1000 distinct hashes.
Streaming from SAMPLE1_PE.scaffolds.fa...
   Estimated distinct k-mers in mixture: 30489
Summing shared...
Reallocating to winners...
Computing coverage medians...
Writing output...
mar mar  2 18:10:26 CET 2021
DONE Screening SAMPLE1_PE of NO_GROUP Group 

Retrieving sequences matching more than 0.95 identity

#Executing /home/s.varona/virology_training_test/work/conda/nf-core-viralrecon-1.2.0dev-3fb10bb8a332a0381f3a6f1a0bab1f62/bin/filter_fasta.sh 

Output directory is ./NO_GROUP/SAMPLE1_PE/kmer
mar mar  2 18:10:26 CET 2021
Filtering terms on file GCF_009858895.2_ASM985889v3_genomic.200409.fna
mar mar  2 18:10:26 CET 2021
DONE Filtering terms on file GCF_009858895.2_ASM985889v3_genomic.200409.fna
File with filtered sequences can be found in ./NO_GROUP/SAMPLE1_PE/kmer/database.filtered_0.95_term.fasta
Previous number of sequences= 1
Post number of sequences= 1


Namespace(distance=0.5, input_file='./NO_GROUP/SAMPLE1_PE/kmer/database.filtered_0.95_term.fasta', output=False, output_grouped=False)
Obtaining mash distance
Obtaining cluster from distance
Calculating length
Filtering representative fasta
[35m1 sequences clustered into 1[0m
DONE

#Executing /home/s.varona/virology_training_test/work/conda/nf-core-viralrecon-1.2.0dev-3fb10bb8a332a0381f3a6f1a0bab1f62/bin/calculate_seqlen.sh 

mar mar  2 18:10:27 CET 2021
Done seqlen calculation
Files can be found at ./NO_GROUP/SAMPLE1_PE/data

#Executing /home/s.varona/virology_training_test/work/conda/nf-core-viralrecon-1.2.0dev-3fb10bb8a332a0381f3a6f1a0bab1f62/bin/build_karyotype.sh 

(standard_in) 1: syntax error
(standard_in) 1: syntax error
FILE NAME SAMPLE1_PE
mar mar  2 18:10:27 CET 2021
Obtain list of cromosomes (idiogram) for CIRCOS karyotype file
Generating summary karyotype file with plasmids that mapped more than %
mar mar  2 18:10:27 CET 2021
Done Obtain list of cromosomes (idiogram) for CIRCOS karyotype file
Files can be found at ./NO_GROUP/SAMPLE1_PE/data
1 sequences will be displayed on summary image
1 images will be created individually 


#Executing /home/s.varona/virology_training_test/work/conda/nf-core-viralrecon-1.2.0dev-3fb10bb8a332a0381f3a6f1a0bab1f62/bin/prokka_annotation.sh 


DEPENDENCY	              STATUS
----------	              ------
prokka                       [0;32mINSTALLED[0m 
PREFIX SAMPLE1_PE
Output directory is ./NO_GROUP/SAMPLE1_PE/data
mar mar  2 18:10:27 CET 2021
Annotating SAMPLE1_PE.scaffolds.fa with prokka
[18:10:27] This is prokka 1.14.6
[18:10:27] Written by Torsten Seemann <torsten.seemann@gmail.com>
[18:10:27] Homepage is https://github.com/tseemann/prokka
[18:10:27] Local time is Tue Mar  2 18:10:27 2021
[18:10:27] You are s.varona
[18:10:27] Operating system is linux
[18:10:27] You have BioPerl 1.007002
[18:10:27] System has 4 cores.
[18:10:27] Will use maximum of 1 cores.
[18:10:27] Annotating as >>> Bacteria <<<
[18:10:27] Enabling options to ensure Genbank/ENA/DDJB submission compliance.
[18:10:27] Re-using existing --outdir ./NO_GROUP/SAMPLE1_PE/data
[18:10:27] Using filename prefix: SAMPLE1_PE.XXX
[18:10:27] Setting HMMER_NCPU=1
[18:10:27] Writing log to: ./NO_GROUP/SAMPLE1_PE/data/SAMPLE1_PE.log
[18:10:27] Command: /home/s.varona/virology_training_test/work/conda/nf-core-viralrecon-1.2.0dev-3fb10bb8a332a0381f3a6f1a0bab1f62/bin/prokka --force --outdir ./NO_GROUP/SAMPLE1_PE/data --prefix SAMPLE1_PE --addgenes --kingdom Bacteria --genus --species --usegenus --centre BU-ISCIII --locustag SAMPLE1_PE --compliant --cpus 1 SAMPLE1_PE.scaffolds.fa
[18:10:27] Appending to PATH: /home/s.varona/virology_training_test/work/conda/nf-core-viralrecon-1.2.0dev-3fb10bb8a332a0381f3a6f1a0bab1f62/bin
[18:10:27] Looking for 'aragorn' - found /home/s.varona/virology_training_test/work/conda/nf-core-viralrecon-1.2.0dev-3fb10bb8a332a0381f3a6f1a0bab1f62/bin/aragorn
[18:10:27] Determined aragorn version is 001002 from 'ARAGORN v1.2.38 Dean Laslett'
[18:10:27] Looking for 'barrnap' - found /home/s.varona/virology_training_test/work/conda/nf-core-viralrecon-1.2.0dev-3fb10bb8a332a0381f3a6f1a0bab1f62/bin/barrnap
[18:10:27] Determined barrnap version is 000009 from 'barrnap 0.9'
[18:10:27] Looking for 'blastp' - found /home/s.varona/virology_training_test/work/conda/nf-core-viralrecon-1.2.0dev-3fb10bb8a332a0381f3a6f1a0bab1f62/bin/blastp
[18:10:27] Determined blastp version is 002010 from 'blastp: 2.10.1+'
[18:10:27] Looking for 'cmpress' - found /home/s.varona/virology_training_test/work/conda/nf-core-viralrecon-1.2.0dev-3fb10bb8a332a0381f3a6f1a0bab1f62/bin/cmpress
[18:10:27] Determined cmpress version is 001001 from '# INFERNAL 1.1.3 (Nov 2019)'
[18:10:27] Looking for 'cmscan' - found /home/s.varona/virology_training_test/work/conda/nf-core-viralrecon-1.2.0dev-3fb10bb8a332a0381f3a6f1a0bab1f62/bin/cmscan
[18:10:27] Determined cmscan version is 001001 from '# INFERNAL 1.1.3 (Nov 2019)'
[18:10:27] Looking for 'egrep' - found /bin/egrep
[18:10:27] Looking for 'find' - found /usr/bin/find
[18:10:27] Looking for 'grep' - found /bin/grep
[18:10:27] Looking for 'hmmpress' - found /home/s.varona/virology_training_test/work/conda/nf-core-viralrecon-1.2.0dev-3fb10bb8a332a0381f3a6f1a0bab1f62/bin/hmmpress
[18:10:27] Determined hmmpress version is 003003 from '# HMMER 3.3.2 (Nov 2020); http://hmmer.org/'
[18:10:27] Looking for 'hmmscan' - found /home/s.varona/virology_training_test/work/conda/nf-core-viralrecon-1.2.0dev-3fb10bb8a332a0381f3a6f1a0bab1f62/bin/hmmscan
[18:10:27] Determined hmmscan version is 003003 from '# HMMER 3.3.2 (Nov 2020); http://hmmer.org/'
[18:10:27] Looking for 'java' - found /home/s.varona/virology_training_test/work/conda/nf-core-viralrecon-1.2.0dev-3fb10bb8a332a0381f3a6f1a0bab1f62/bin/java
[18:10:27] Looking for 'makeblastdb' - found /home/s.varona/virology_training_test/work/conda/nf-core-viralrecon-1.2.0dev-3fb10bb8a332a0381f3a6f1a0bab1f62/bin/makeblastdb
[18:10:27] Determined makeblastdb version is 002010 from 'makeblastdb: 2.10.1+'
[18:10:27] Looking for 'minced' - found /home/s.varona/virology_training_test/work/conda/nf-core-viralrecon-1.2.0dev-3fb10bb8a332a0381f3a6f1a0bab1f62/bin/minced
[18:10:27] Determined minced version is 004002 from 'minced 0.4.2'
[18:10:27] Looking for 'parallel' - found /home/s.varona/virology_training_test/work/conda/nf-core-viralrecon-1.2.0dev-3fb10bb8a332a0381f3a6f1a0bab1f62/bin/parallel
[18:10:27] Determined parallel version is 20210222 from 'GNU parallel 20210222'
[18:10:27] Looking for 'prodigal' - found /home/s.varona/virology_training_test/work/conda/nf-core-viralrecon-1.2.0dev-3fb10bb8a332a0381f3a6f1a0bab1f62/bin/prodigal
[18:10:27] Determined prodigal version is 002006 from 'Prodigal V2.6.3: February, 2016'
[18:10:27] Looking for 'prokka-genbank_to_fasta_db' - found /home/s.varona/virology_training_test/work/conda/nf-core-viralrecon-1.2.0dev-3fb10bb8a332a0381f3a6f1a0bab1f62/bin/prokka-genbank_to_fasta_db
[18:10:27] Looking for 'sed' - found /home/s.varona/virology_training_test/work/conda/nf-core-viralrecon-1.2.0dev-3fb10bb8a332a0381f3a6f1a0bab1f62/bin/sed
[18:10:27] Looking for 'tbl2asn' - found /home/s.varona/virology_training_test/work/conda/nf-core-viralrecon-1.2.0dev-3fb10bb8a332a0381f3a6f1a0bab1f62/bin/tbl2asn
[18:10:27] Determined tbl2asn version is 025007 from 'tbl2asn 25.7   arguments:'
[18:10:27] Using genetic code table 11.
[18:10:27] Loading and checking input file: SAMPLE1_PE.scaffolds.fa
[18:10:27] Wrote 2 contigs totalling 29427 bp.
[18:10:27] Predicting tRNAs and tmRNAs
[18:10:27] Running: aragorn -l -gc11  -w \.\/NO_GROUP\/SAMPLE1_PE\/data\/SAMPLE1_PE\.fna
[18:10:27] Found 0 tRNAs
[18:10:27] Predicting Ribosomal RNAs
[18:10:27] Running Barrnap with 1 threads
[18:10:28] Found 0 rRNAs
[18:10:28] Skipping ncRNA search, enable with --rfam if desired.
[18:10:28] Total of 0 tRNA + rRNA features
[18:10:28] Searching for CRISPR repeats
[18:10:28] Found 0 CRISPRs
[18:10:28] Predicting coding sequences
[18:10:28] Contigs total 29427 bp, so using meta mode
[18:10:28] Running: prodigal -i \.\/NO_GROUP\/SAMPLE1_PE\/data\/SAMPLE1_PE\.fna -c -m -g 11 -p meta -f sco -q
[18:10:28] Found 11 CDS
[18:10:28] Connecting features back to sequences
[18:10:28] Skipping genus-specific proteins as can't see /home/s.varona/virology_training_test/work/conda/nf-core-viralrecon-1.2.0dev-3fb10bb8a332a0381f3a6f1a0bab1f62/db/--species
[18:10:28] Annotating CDS, please be patient.
[18:10:28] Will use 1 CPUs for similarity searching.
[18:10:28] There are still 11 unannotated CDS left (started with 11)
[18:10:28] Will use blast to search against /home/s.varona/virology_training_test/work/conda/nf-core-viralrecon-1.2.0dev-3fb10bb8a332a0381f3a6f1a0bab1f62/db/kingdom/Bacteria/IS with 1 CPUs
[18:10:28] Running: cat \.\/NO_GROUP\/SAMPLE1_PE\/data\/SAMPLE1_PE\.IS\.tmp\.755\.faa | parallel --gnu --plain -j 1 --block 3442 --recstart '>' --pipe blastp -query - -db /home/s.varona/virology_training_test/work/conda/nf-core-viralrecon-1.2.0dev-3fb10bb8a332a0381f3a6f1a0bab1f62/db/kingdom/Bacteria/IS -evalue 1e-30 -qcov_hsp_perc 90 -num_threads 1 -num_descriptions 1 -num_alignments 1 -seg no > \.\/NO_GROUP\/SAMPLE1_PE\/data\/SAMPLE1_PE\.IS\.tmp\.755\.blast 2> /dev/null
[18:10:29] Deleting unwanted file: ./NO_GROUP/SAMPLE1_PE/data/SAMPLE1_PE.IS.tmp.755.faa
[18:10:29] Deleting unwanted file: ./NO_GROUP/SAMPLE1_PE/data/SAMPLE1_PE.IS.tmp.755.blast
[18:10:29] There are still 11 unannotated CDS left (started with 11)
[18:10:29] Will use blast to search against /home/s.varona/virology_training_test/work/conda/nf-core-viralrecon-1.2.0dev-3fb10bb8a332a0381f3a6f1a0bab1f62/db/kingdom/Bacteria/AMR with 1 CPUs
[18:10:29] Running: cat \.\/NO_GROUP\/SAMPLE1_PE\/data\/SAMPLE1_PE\.AMR\.tmp\.755\.faa | parallel --gnu --plain -j 1 --block 3442 --recstart '>' --pipe blastp -query - -db /home/s.varona/virology_training_test/work/conda/nf-core-viralrecon-1.2.0dev-3fb10bb8a332a0381f3a6f1a0bab1f62/db/kingdom/Bacteria/AMR -evalue 9.99999999999999e-301 -qcov_hsp_perc 90 -num_threads 1 -num_descriptions 1 -num_alignments 1 -seg no > \.\/NO_GROUP\/SAMPLE1_PE\/data\/SAMPLE1_PE\.AMR\.tmp\.755\.blast 2> /dev/null
[18:10:30] Deleting unwanted file: ./NO_GROUP/SAMPLE1_PE/data/SAMPLE1_PE.AMR.tmp.755.faa
[18:10:30] Deleting unwanted file: ./NO_GROUP/SAMPLE1_PE/data/SAMPLE1_PE.AMR.tmp.755.blast
[18:10:30] There are still 11 unannotated CDS left (started with 11)
[18:10:30] Will use blast to search against /home/s.varona/virology_training_test/work/conda/nf-core-viralrecon-1.2.0dev-3fb10bb8a332a0381f3a6f1a0bab1f62/db/kingdom/Bacteria/sprot with 1 CPUs
[18:10:30] Running: cat \.\/NO_GROUP\/SAMPLE1_PE\/data\/SAMPLE1_PE\.sprot\.tmp\.755\.faa | parallel --gnu --plain -j 1 --block 3442 --recstart '>' --pipe blastp -query - -db /home/s.varona/virology_training_test/work/conda/nf-core-viralrecon-1.2.0dev-3fb10bb8a332a0381f3a6f1a0bab1f62/db/kingdom/Bacteria/sprot -evalue 1e-09 -qcov_hsp_perc 80 -num_threads 1 -num_descriptions 1 -num_alignments 1 -seg no > \.\/NO_GROUP\/SAMPLE1_PE\/data\/SAMPLE1_PE\.sprot\.tmp\.755\.blast 2> /dev/null
[18:10:32] Deleting unwanted file: ./NO_GROUP/SAMPLE1_PE/data/SAMPLE1_PE.sprot.tmp.755.faa
[18:10:32] Deleting unwanted file: ./NO_GROUP/SAMPLE1_PE/data/SAMPLE1_PE.sprot.tmp.755.blast
[18:10:32] There are still 11 unannotated CDS left (started with 11)
[18:10:32] Will use hmmer3 to search against /home/s.varona/virology_training_test/work/conda/nf-core-viralrecon-1.2.0dev-3fb10bb8a332a0381f3a6f1a0bab1f62/db/hmm/HAMAP.hmm with 1 CPUs
[18:10:32] Running: cat \.\/NO_GROUP\/SAMPLE1_PE\/data\/SAMPLE1_PE\.HAMAP\.hmm\.tmp\.755\.faa | parallel --gnu --plain -j 1 --block 3442 --recstart '>' --pipe hmmscan --noali --notextw --acc -E 1e-09 --cpu 1 /home/s.varona/virology_training_test/work/conda/nf-core-viralrecon-1.2.0dev-3fb10bb8a332a0381f3a6f1a0bab1f62/db/hmm/HAMAP.hmm /dev/stdin > \.\/NO_GROUP\/SAMPLE1_PE\/data\/SAMPLE1_PE\.HAMAP\.hmm\.tmp\.755\.hmmer3 2> /dev/null
[18:10:34] Deleting unwanted file: ./NO_GROUP/SAMPLE1_PE/data/SAMPLE1_PE.HAMAP.hmm.tmp.755.faa
[18:10:34] Deleting unwanted file: ./NO_GROUP/SAMPLE1_PE/data/SAMPLE1_PE.HAMAP.hmm.tmp.755.hmmer3
[18:10:34] Labelling remaining 11 proteins as 'hypothetical protein'
[18:10:34] Found 0 unique /gene codes.
[18:10:34] Fixed 0 colliding /gene names.
[18:10:34] Adding /locus_tag identifiers
[18:10:34] Assigned 11 locus_tags to CDS and RNA features.
[18:10:34] Writing outputs to ./NO_GROUP/SAMPLE1_PE/data/
[18:10:34] Generating annotation statistics file
[18:10:34] Generating Genbank and Sequin files
[18:10:34] Running: tbl2asn -V b -a r10k -l paired-ends -M n -N 1 -y 'Annotated using prokka 1.14.6 from https://github.com/tseemann/prokka' -Z \.\/NO_GROUP\/SAMPLE1_PE\/data\/SAMPLE1_PE\.err -i \.\/NO_GROUP\/SAMPLE1_PE\/data\/SAMPLE1_PE\.fsa 2> /dev/null
[tbl2asn-forever] Found Prokka input, correcting dates in .gbf|.sqn files.
[tbl2asn-forever] Correcting dates in ./NO_GROUP/SAMPLE1_PE/data/SAMPLE1_PE.gbf
[tbl2asn-forever] Correcting dates in ./NO_GROUP/SAMPLE1_PE/data/SAMPLE1_PE.sqn
[tbl2asn-forever] Dates changed from 01-JAN-2019 to 02-MAR-2021
[18:10:34] Deleting unwanted file: ./NO_GROUP/SAMPLE1_PE/data/errorsummary.val
[18:10:34] Deleting unwanted file: ./NO_GROUP/SAMPLE1_PE/data/SAMPLE1_PE.dr
[18:10:34] Deleting unwanted file: ./NO_GROUP/SAMPLE1_PE/data/SAMPLE1_PE.fixedproducts
[18:10:34] Deleting unwanted file: ./NO_GROUP/SAMPLE1_PE/data/SAMPLE1_PE.ecn
[18:10:34] Deleting unwanted file: ./NO_GROUP/SAMPLE1_PE/data/SAMPLE1_PE.val
[18:10:34] Repairing broken .GBK output that tbl2asn produces...
[18:10:34] Running: sed 's/COORDINATES: profile/COORDINATES:profile/' < \.\/NO_GROUP\/SAMPLE1_PE\/data\/SAMPLE1_PE\.gbf > \.\/NO_GROUP\/SAMPLE1_PE\/data\/SAMPLE1_PE\.gbk
[18:10:34] Deleting unwanted file: ./NO_GROUP/SAMPLE1_PE/data/SAMPLE1_PE.gbf
[18:10:34] Output files:
[18:10:34] ./NO_GROUP/SAMPLE1_PE/data/SAMPLE1_PE.karyotype_individual.txt
[18:10:34] ./NO_GROUP/SAMPLE1_PE/data/SAMPLE1_PE.bedgraph_term
[18:10:34] ./NO_GROUP/SAMPLE1_PE/data/SAMPLE1_PE.ffn
[18:10:34] ./NO_GROUP/SAMPLE1_PE/data/SAMPLE1_PE.gbk
[18:10:34] ./NO_GROUP/SAMPLE1_PE/data/SAMPLE1_PE.coverage_adapted_clustered_ac
[18:10:34] ./NO_GROUP/SAMPLE1_PE/data/SAMPLE1_PE.gff
[18:10:34] ./NO_GROUP/SAMPLE1_PE/data/SAMPLE1_PE.faa
[18:10:34] ./NO_GROUP/SAMPLE1_PE/data/SAMPLE1_PE.fna
[18:10:34] ./NO_GROUP/SAMPLE1_PE/data/SAMPLE1_PE.err
[18:10:34] ./NO_GROUP/SAMPLE1_PE/data/SAMPLE1_PE.tsv
[18:10:34] ./NO_GROUP/SAMPLE1_PE/data/SAMPLE1_PE.karyotype_summary.txt
[18:10:34] ./NO_GROUP/SAMPLE1_PE/data/SAMPLE1_PE.sqn
[18:10:34] ./NO_GROUP/SAMPLE1_PE/data/SAMPLE1_PE.tbl
[18:10:34] ./NO_GROUP/SAMPLE1_PE/data/SAMPLE1_PE.txt
[18:10:34] ./NO_GROUP/SAMPLE1_PE/data/SAMPLE1_PE.log
[18:10:34] ./NO_GROUP/SAMPLE1_PE/data/SAMPLE1_PE.fsa
[18:10:34] Annotation finished successfully.
[18:10:34] Walltime used: 0.12 minutes
[18:10:34] If you use this result please cite the Prokka paper:
[18:10:34] Seemann T (2014) Prokka: rapid prokaryotic genome annotation. Bioinformatics. 30(14):2068-9.
[18:10:34] Type 'prokka --citation' for more details.
[18:10:34] Share and enjoy!
mar mar  2 18:10:34 CET 2021
done annotating SAMPLE1_PE.scaffolds.fa with prokka
Removing unwanted files



#Executing /home/s.varona/virology_training_test/work/conda/nf-core-viralrecon-1.2.0dev-3fb10bb8a332a0381f3a6f1a0bab1f62/bin/blast_align.sh 

query type selected as nucl
Output directory is ./NO_GROUP/SAMPLE1_PE/data
filename is SAMPLE1_PE
mar mar  2 18:10:34 CET 2021
Blasting SAMPLE1_PE agaist database.filtered_0.95_term.0.5.representative.fasta


Building a new DB, current time: 03/02/2021 18:10:34
New DB name:   /home/s.varona/virology_training_test/work/bc/eb84a30ca80dd949ea1ab8b057ffdd/NO_GROUP/SAMPLE1_PE/kmer/database.filtered_0.95_term.0.5.representative.fasta.blast.tmp
New DB title:  ./NO_GROUP/SAMPLE1_PE/kmer/database.filtered_0.95_term.0.5.representative.fasta
Sequence type: Nucleotide
Keep MBits: T
Maximum file size: 1000000000B
Adding sequences from FASTA; added 1 sequences in 0.000505924 seconds.


BLAST command is blastn
mar mar  2 18:10:34 CET 2021
Done blasting SAMPLE1_PE agaist database.filtered_0.95_term.0.5.representative.fasta
blasted file can be found in ./NO_GROUP/SAMPLE1_PE/data/SAMPLE1_PE.plasmids.blast 


#Executing /home/s.varona/virology_training_test/work/conda/nf-core-viralrecon-1.2.0dev-3fb10bb8a332a0381f3a6f1a0bab1f62/bin/blast_to_bed.sh 

mar mar  2 18:10:34 CET 2021
Adapting blast to bed using SAMPLE1_PE.plasmids.blast with:
Blast identity= 60
Min length aligned= 500
Min len percentage= 0
mar mar  2 18:10:34 CET 2021
DONE adapting blast to bed
File can be found at ./NO_GROUP/SAMPLE1_PE/data/SAMPLE1_PE.plasmids.bed 


#Executing /home/s.varona/virology_training_test/work/conda/nf-core-viralrecon-1.2.0dev-3fb10bb8a332a0381f3a6f1a0bab1f62/bin/blast_to_complete.sh 

mar mar  2 18:10:34 CET 2021
Adapting blast to complete using SAMPLE1_PE.plasmids.blast with:
Blast identity= 60
Min len percentage= 20
mar mar  2 18:10:34 CET 2021
DONE adapting blast to complete
File can be found at ./NO_GROUP/SAMPLE1_PE/data/SAMPLE1_PE.plasmids.complete /n

#Executing /home/s.varona/virology_training_test/work/conda/nf-core-viralrecon-1.2.0dev-3fb10bb8a332a0381f3a6f1a0bab1f62/bin/blast_to_link.sh 

mar mar  2 18:10:34 CET 2021
Adapting blast to links using SAMPLE1_PE.plasmids.blast with:
Blast identity= 60
Min len percentage= 20
mar mar  2 18:10:34 CET 2021
DONE adapting blast to link
File can be found at ./NO_GROUP/SAMPLE1_PE/data/SAMPLE1_PE.plasmids.links 


#Executing /home/s.varona/virology_training_test/work/conda/nf-core-viralrecon-1.2.0dev-3fb10bb8a332a0381f3a6f1a0bab1f62/bin/gff_to_bed.sh 

mar mar  2 18:10:34 CET 2021
Getting bed file from GFF in SAMPLE1_PE.gff
mar mar  2 18:10:34 CET 2021
DONE getting bed file from GFF
File can be found at ./NO_GROUP/SAMPLE1_PE/data/SAMPLE1_PE.gff.bed



#Executing /home/s.varona/virology_training_test/work/conda/nf-core-viralrecon-1.2.0dev-3fb10bb8a332a0381f3a6f1a0bab1f62/bin/coordinate_adapter.sh 

mar mar  2 18:10:34 CET 2021
adapting coordinates from ./NO_GROUP/SAMPLE1_PE/data/SAMPLE1_PE.gff.bed and ./NO_GROUP/SAMPLE1_PE/data/SAMPLE1_PE.plasmids.blast.links
file name is: SAMPLE1_PE.gff
mar mar  2 18:10:34 CET 2021
Coordinates adapted to file ./NO_GROUP/SAMPLE1_PE/data/SAMPLE1_PE.gff.coordinates 


#Executing /home/s.varona/virology_training_test/work/conda/nf-core-viralrecon-1.2.0dev-3fb10bb8a332a0381f3a6f1a0bab1f62/bin/coordinate_adapter.sh 

mar mar  2 18:10:34 CET 2021
adapting coordinates from ./NO_GROUP/SAMPLE1_PE/data/SAMPLE1_PE.gff.forward.bed and ./NO_GROUP/SAMPLE1_PE/data/SAMPLE1_PE.plasmids.blast.links
file name is: SAMPLE1_PE.gff.forward
mar mar  2 18:10:34 CET 2021
Coordinates adapted to file ./NO_GROUP/SAMPLE1_PE/data/SAMPLE1_PE.gff.forward.coordinates 


#Executing /home/s.varona/virology_training_test/work/conda/nf-core-viralrecon-1.2.0dev-3fb10bb8a332a0381f3a6f1a0bab1f62/bin/coordinate_adapter.sh 

mar mar  2 18:10:34 CET 2021
adapting coordinates from ./NO_GROUP/SAMPLE1_PE/data/SAMPLE1_PE.gff.reverse.bed and ./NO_GROUP/SAMPLE1_PE/data/SAMPLE1_PE.plasmids.blast.links
file name is: SAMPLE1_PE.gff.reverse
mar mar  2 18:10:34 CET 2021
Coordinates adapted to file ./NO_GROUP/SAMPLE1_PE/data/SAMPLE1_PE.gff.reverse.coordinates 


#Executing /home/s.varona/virology_training_test/work/conda/nf-core-viralrecon-1.2.0dev-3fb10bb8a332a0381f3a6f1a0bab1f62/bin/prokka_annotation.sh 


DEPENDENCY	              STATUS
----------	              ------
prokka                       [0;32mINSTALLED[0m 
PREFIX SAMPLE1_PE
Output directory is ./NO_GROUP/SAMPLE1_PE/database
mar mar  2 18:10:34 CET 2021
Annotating ./NO_GROUP/SAMPLE1_PE/kmer/database.filtered_0.95_term.0.5.representative.fasta with prokka
[18:10:34] This is prokka 1.14.6
[18:10:34] Written by Torsten Seemann <torsten.seemann@gmail.com>
[18:10:34] Homepage is https://github.com/tseemann/prokka
[18:10:34] Local time is Tue Mar  2 18:10:34 2021
[18:10:34] You are s.varona
[18:10:34] Operating system is linux
[18:10:34] You have BioPerl 1.007002
[18:10:34] System has 4 cores.
[18:10:34] Will use maximum of 1 cores.
[18:10:34] Annotating as >>> Bacteria <<<
[18:10:34] Enabling options to ensure Genbank/ENA/DDJB submission compliance.
[18:10:34] Re-using existing --outdir ./NO_GROUP/SAMPLE1_PE/database
[18:10:34] Using filename prefix: SAMPLE1_PE.XXX
[18:10:34] Setting HMMER_NCPU=1
[18:10:34] Writing log to: ./NO_GROUP/SAMPLE1_PE/database/SAMPLE1_PE.log
[18:10:34] Command: /home/s.varona/virology_training_test/work/conda/nf-core-viralrecon-1.2.0dev-3fb10bb8a332a0381f3a6f1a0bab1f62/bin/prokka --force --outdir ./NO_GROUP/SAMPLE1_PE/database --prefix SAMPLE1_PE --addgenes --kingdom Bacteria --genus --species --usegenus --centre BU-ISCIII --locustag SAMPLE1_PE --compliant --cpus 1 ./NO_GROUP/SAMPLE1_PE/kmer/database.filtered_0.95_term.0.5.representative.fasta
[18:10:34] Appending to PATH: /home/s.varona/virology_training_test/work/conda/nf-core-viralrecon-1.2.0dev-3fb10bb8a332a0381f3a6f1a0bab1f62/bin
[18:10:34] Looking for 'aragorn' - found /home/s.varona/virology_training_test/work/conda/nf-core-viralrecon-1.2.0dev-3fb10bb8a332a0381f3a6f1a0bab1f62/bin/aragorn
[18:10:34] Determined aragorn version is 001002 from 'ARAGORN v1.2.38 Dean Laslett'
[18:10:34] Looking for 'barrnap' - found /home/s.varona/virology_training_test/work/conda/nf-core-viralrecon-1.2.0dev-3fb10bb8a332a0381f3a6f1a0bab1f62/bin/barrnap
[18:10:34] Determined barrnap version is 000009 from 'barrnap 0.9'
[18:10:34] Looking for 'blastp' - found /home/s.varona/virology_training_test/work/conda/nf-core-viralrecon-1.2.0dev-3fb10bb8a332a0381f3a6f1a0bab1f62/bin/blastp
[18:10:34] Determined blastp version is 002010 from 'blastp: 2.10.1+'
[18:10:34] Looking for 'cmpress' - found /home/s.varona/virology_training_test/work/conda/nf-core-viralrecon-1.2.0dev-3fb10bb8a332a0381f3a6f1a0bab1f62/bin/cmpress
[18:10:34] Determined cmpress version is 001001 from '# INFERNAL 1.1.3 (Nov 2019)'
[18:10:34] Looking for 'cmscan' - found /home/s.varona/virology_training_test/work/conda/nf-core-viralrecon-1.2.0dev-3fb10bb8a332a0381f3a6f1a0bab1f62/bin/cmscan
[18:10:34] Determined cmscan version is 001001 from '# INFERNAL 1.1.3 (Nov 2019)'
[18:10:34] Looking for 'egrep' - found /bin/egrep
[18:10:34] Looking for 'find' - found /usr/bin/find
[18:10:34] Looking for 'grep' - found /bin/grep
[18:10:34] Looking for 'hmmpress' - found /home/s.varona/virology_training_test/work/conda/nf-core-viralrecon-1.2.0dev-3fb10bb8a332a0381f3a6f1a0bab1f62/bin/hmmpress
[18:10:34] Determined hmmpress version is 003003 from '# HMMER 3.3.2 (Nov 2020); http://hmmer.org/'
[18:10:34] Looking for 'hmmscan' - found /home/s.varona/virology_training_test/work/conda/nf-core-viralrecon-1.2.0dev-3fb10bb8a332a0381f3a6f1a0bab1f62/bin/hmmscan
[18:10:34] Determined hmmscan version is 003003 from '# HMMER 3.3.2 (Nov 2020); http://hmmer.org/'
[18:10:34] Looking for 'java' - found /home/s.varona/virology_training_test/work/conda/nf-core-viralrecon-1.2.0dev-3fb10bb8a332a0381f3a6f1a0bab1f62/bin/java
[18:10:34] Looking for 'makeblastdb' - found /home/s.varona/virology_training_test/work/conda/nf-core-viralrecon-1.2.0dev-3fb10bb8a332a0381f3a6f1a0bab1f62/bin/makeblastdb
[18:10:35] Determined makeblastdb version is 002010 from 'makeblastdb: 2.10.1+'
[18:10:35] Looking for 'minced' - found /home/s.varona/virology_training_test/work/conda/nf-core-viralrecon-1.2.0dev-3fb10bb8a332a0381f3a6f1a0bab1f62/bin/minced
[18:10:35] Determined minced version is 004002 from 'minced 0.4.2'
[18:10:35] Looking for 'parallel' - found /home/s.varona/virology_training_test/work/conda/nf-core-viralrecon-1.2.0dev-3fb10bb8a332a0381f3a6f1a0bab1f62/bin/parallel
[18:10:35] Determined parallel version is 20210222 from 'GNU parallel 20210222'
[18:10:35] Looking for 'prodigal' - found /home/s.varona/virology_training_test/work/conda/nf-core-viralrecon-1.2.0dev-3fb10bb8a332a0381f3a6f1a0bab1f62/bin/prodigal
[18:10:35] Determined prodigal version is 002006 from 'Prodigal V2.6.3: February, 2016'
[18:10:35] Looking for 'prokka-genbank_to_fasta_db' - found /home/s.varona/virology_training_test/work/conda/nf-core-viralrecon-1.2.0dev-3fb10bb8a332a0381f3a6f1a0bab1f62/bin/prokka-genbank_to_fasta_db
[18:10:35] Looking for 'sed' - found /home/s.varona/virology_training_test/work/conda/nf-core-viralrecon-1.2.0dev-3fb10bb8a332a0381f3a6f1a0bab1f62/bin/sed
[18:10:35] Looking for 'tbl2asn' - found /home/s.varona/virology_training_test/work/conda/nf-core-viralrecon-1.2.0dev-3fb10bb8a332a0381f3a6f1a0bab1f62/bin/tbl2asn
[18:10:35] Determined tbl2asn version is 025007 from 'tbl2asn 25.7   arguments:'
[18:10:35] Using genetic code table 11.
[18:10:35] Loading and checking input file: ./NO_GROUP/SAMPLE1_PE/kmer/database.filtered_0.95_term.0.5.representative.fasta
[18:10:35] Wrote 1 contigs totalling 29903 bp.
[18:10:35] Predicting tRNAs and tmRNAs
[18:10:35] Running: aragorn -l -gc11  -w \.\/NO_GROUP\/SAMPLE1_PE\/database\/SAMPLE1_PE\.fna
[18:10:35] Found 0 tRNAs
[18:10:35] Predicting Ribosomal RNAs
[18:10:35] Running Barrnap with 1 threads
[18:10:35] Found 0 rRNAs
[18:10:35] Skipping ncRNA search, enable with --rfam if desired.
[18:10:35] Total of 0 tRNA + rRNA features
[18:10:35] Searching for CRISPR repeats
[18:10:35] Found 0 CRISPRs
[18:10:35] Predicting coding sequences
[18:10:35] Contigs total 29903 bp, so using meta mode
[18:10:35] Running: prodigal -i \.\/NO_GROUP\/SAMPLE1_PE\/database\/SAMPLE1_PE\.fna -c -m -g 11 -p meta -f sco -q
[18:10:35] Found 9 CDS
[18:10:35] Connecting features back to sequences
[18:10:35] Skipping genus-specific proteins as can't see /home/s.varona/virology_training_test/work/conda/nf-core-viralrecon-1.2.0dev-3fb10bb8a332a0381f3a6f1a0bab1f62/db/--species
[18:10:35] Annotating CDS, please be patient.
[18:10:35] Will use 1 CPUs for similarity searching.
[18:10:35] There are still 9 unannotated CDS left (started with 9)
[18:10:35] Will use blast to search against /home/s.varona/virology_training_test/work/conda/nf-core-viralrecon-1.2.0dev-3fb10bb8a332a0381f3a6f1a0bab1f62/db/kingdom/Bacteria/IS with 1 CPUs
[18:10:35] Running: cat \.\/NO_GROUP\/SAMPLE1_PE\/database\/SAMPLE1_PE\.IS\.tmp\.4908\.faa | parallel --gnu --plain -j 1 --block 4764 --recstart '>' --pipe blastp -query - -db /home/s.varona/virology_training_test/work/conda/nf-core-viralrecon-1.2.0dev-3fb10bb8a332a0381f3a6f1a0bab1f62/db/kingdom/Bacteria/IS -evalue 1e-30 -qcov_hsp_perc 90 -num_threads 1 -num_descriptions 1 -num_alignments 1 -seg no > \.\/NO_GROUP\/SAMPLE1_PE\/database\/SAMPLE1_PE\.IS\.tmp\.4908\.blast 2> /dev/null
[18:10:37] Deleting unwanted file: ./NO_GROUP/SAMPLE1_PE/database/SAMPLE1_PE.IS.tmp.4908.faa
[18:10:37] Deleting unwanted file: ./NO_GROUP/SAMPLE1_PE/database/SAMPLE1_PE.IS.tmp.4908.blast
[18:10:37] There are still 9 unannotated CDS left (started with 9)
[18:10:37] Will use blast to search against /home/s.varona/virology_training_test/work/conda/nf-core-viralrecon-1.2.0dev-3fb10bb8a332a0381f3a6f1a0bab1f62/db/kingdom/Bacteria/AMR with 1 CPUs
[18:10:37] Running: cat \.\/NO_GROUP\/SAMPLE1_PE\/database\/SAMPLE1_PE\.AMR\.tmp\.4908\.faa | parallel --gnu --plain -j 1 --block 4764 --recstart '>' --pipe blastp -query - -db /home/s.varona/virology_training_test/work/conda/nf-core-viralrecon-1.2.0dev-3fb10bb8a332a0381f3a6f1a0bab1f62/db/kingdom/Bacteria/AMR -evalue 9.99999999999999e-301 -qcov_hsp_perc 90 -num_threads 1 -num_descriptions 1 -num_alignments 1 -seg no > \.\/NO_GROUP\/SAMPLE1_PE\/database\/SAMPLE1_PE\.AMR\.tmp\.4908\.blast 2> /dev/null
[18:10:37] Deleting unwanted file: ./NO_GROUP/SAMPLE1_PE/database/SAMPLE1_PE.AMR.tmp.4908.faa
[18:10:37] Deleting unwanted file: ./NO_GROUP/SAMPLE1_PE/database/SAMPLE1_PE.AMR.tmp.4908.blast
[18:10:37] There are still 9 unannotated CDS left (started with 9)
[18:10:37] Will use blast to search against /home/s.varona/virology_training_test/work/conda/nf-core-viralrecon-1.2.0dev-3fb10bb8a332a0381f3a6f1a0bab1f62/db/kingdom/Bacteria/sprot with 1 CPUs
[18:10:37] Running: cat \.\/NO_GROUP\/SAMPLE1_PE\/database\/SAMPLE1_PE\.sprot\.tmp\.4908\.faa | parallel --gnu --plain -j 1 --block 4764 --recstart '>' --pipe blastp -query - -db /home/s.varona/virology_training_test/work/conda/nf-core-viralrecon-1.2.0dev-3fb10bb8a332a0381f3a6f1a0bab1f62/db/kingdom/Bacteria/sprot -evalue 1e-09 -qcov_hsp_perc 80 -num_threads 1 -num_descriptions 1 -num_alignments 1 -seg no > \.\/NO_GROUP\/SAMPLE1_PE\/database\/SAMPLE1_PE\.sprot\.tmp\.4908\.blast 2> /dev/null
[18:10:41] Deleting unwanted file: ./NO_GROUP/SAMPLE1_PE/database/SAMPLE1_PE.sprot.tmp.4908.faa
[18:10:41] Deleting unwanted file: ./NO_GROUP/SAMPLE1_PE/database/SAMPLE1_PE.sprot.tmp.4908.blast
[18:10:41] There are still 9 unannotated CDS left (started with 9)
[18:10:41] Will use hmmer3 to search against /home/s.varona/virology_training_test/work/conda/nf-core-viralrecon-1.2.0dev-3fb10bb8a332a0381f3a6f1a0bab1f62/db/hmm/HAMAP.hmm with 1 CPUs
[18:10:41] Running: cat \.\/NO_GROUP\/SAMPLE1_PE\/database\/SAMPLE1_PE\.HAMAP\.hmm\.tmp\.4908\.faa | parallel --gnu --plain -j 1 --block 4764 --recstart '>' --pipe hmmscan --noali --notextw --acc -E 1e-09 --cpu 1 /home/s.varona/virology_training_test/work/conda/nf-core-viralrecon-1.2.0dev-3fb10bb8a332a0381f3a6f1a0bab1f62/db/hmm/HAMAP.hmm /dev/stdin > \.\/NO_GROUP\/SAMPLE1_PE\/database\/SAMPLE1_PE\.HAMAP\.hmm\.tmp\.4908\.hmmer3 2> /dev/null
[18:10:42] Deleting unwanted file: ./NO_GROUP/SAMPLE1_PE/database/SAMPLE1_PE.HAMAP.hmm.tmp.4908.faa
[18:10:42] Deleting unwanted file: ./NO_GROUP/SAMPLE1_PE/database/SAMPLE1_PE.HAMAP.hmm.tmp.4908.hmmer3
[18:10:42] Labelling remaining 8 proteins as 'hypothetical protein'
[18:10:42] Found 1 unique /gene codes.
[18:10:42] Fixed 0 colliding /gene names.
[18:10:42] Adding /locus_tag identifiers
[18:10:42] Assigned 9 locus_tags to CDS and RNA features.
[18:10:42] Writing outputs to ./NO_GROUP/SAMPLE1_PE/database/
[18:10:42] Generating annotation statistics file
[18:10:42] Generating Genbank and Sequin files
[18:10:42] Running: tbl2asn -V b -a r10k -l paired-ends -M n -N 1 -y 'Annotated using prokka 1.14.6 from https://github.com/tseemann/prokka' -Z \.\/NO_GROUP\/SAMPLE1_PE\/database\/SAMPLE1_PE\.err -i \.\/NO_GROUP\/SAMPLE1_PE\/database\/SAMPLE1_PE\.fsa 2> /dev/null
[tbl2asn-forever] Found Prokka input, correcting dates in .gbf|.sqn files.
[tbl2asn-forever] Correcting dates in ./NO_GROUP/SAMPLE1_PE/database/SAMPLE1_PE.gbf
[tbl2asn-forever] Correcting dates in ./NO_GROUP/SAMPLE1_PE/database/SAMPLE1_PE.sqn
[tbl2asn-forever] Dates changed from 01-JAN-2019 to 02-MAR-2021
[18:10:42] Deleting unwanted file: ./NO_GROUP/SAMPLE1_PE/database/errorsummary.val
[18:10:42] Deleting unwanted file: ./NO_GROUP/SAMPLE1_PE/database/SAMPLE1_PE.dr
[18:10:42] Deleting unwanted file: ./NO_GROUP/SAMPLE1_PE/database/SAMPLE1_PE.fixedproducts
[18:10:42] Deleting unwanted file: ./NO_GROUP/SAMPLE1_PE/database/SAMPLE1_PE.ecn
[18:10:42] Deleting unwanted file: ./NO_GROUP/SAMPLE1_PE/database/SAMPLE1_PE.val
[18:10:42] Repairing broken .GBK output that tbl2asn produces...
[18:10:42] Running: sed 's/COORDINATES: profile/COORDINATES:profile/' < \.\/NO_GROUP\/SAMPLE1_PE\/database\/SAMPLE1_PE\.gbf > \.\/NO_GROUP\/SAMPLE1_PE\/database\/SAMPLE1_PE\.gbk
[18:10:42] Deleting unwanted file: ./NO_GROUP/SAMPLE1_PE/database/SAMPLE1_PE.gbf
[18:10:42] Output files:
[18:10:42] ./NO_GROUP/SAMPLE1_PE/database/SAMPLE1_PE.ffn
[18:10:42] ./NO_GROUP/SAMPLE1_PE/database/SAMPLE1_PE.gbk
[18:10:42] ./NO_GROUP/SAMPLE1_PE/database/SAMPLE1_PE.gff
[18:10:42] ./NO_GROUP/SAMPLE1_PE/database/SAMPLE1_PE.faa
[18:10:42] ./NO_GROUP/SAMPLE1_PE/database/SAMPLE1_PE.fna
[18:10:42] ./NO_GROUP/SAMPLE1_PE/database/SAMPLE1_PE.err
[18:10:42] ./NO_GROUP/SAMPLE1_PE/database/SAMPLE1_PE.tsv
[18:10:42] ./NO_GROUP/SAMPLE1_PE/database/SAMPLE1_PE.sqn
[18:10:42] ./NO_GROUP/SAMPLE1_PE/database/SAMPLE1_PE.tbl
[18:10:42] ./NO_GROUP/SAMPLE1_PE/database/SAMPLE1_PE.txt
[18:10:42] ./NO_GROUP/SAMPLE1_PE/database/SAMPLE1_PE.log
[18:10:42] ./NO_GROUP/SAMPLE1_PE/database/SAMPLE1_PE.fsa
[18:10:42] Annotation finished successfully.
[18:10:42] Walltime used: 0.13 minutes
[18:10:42] If you use this result please cite the Prokka paper:
[18:10:42] Seemann T (2014) Prokka: rapid prokaryotic genome annotation. Bioinformatics. 30(14):2068-9.
[18:10:42] Type 'prokka --citation' for more details.
[18:10:42] Thank you, come again.
mar mar  2 18:10:42 CET 2021
done annotating ./NO_GROUP/SAMPLE1_PE/kmer/database.filtered_0.95_term.0.5.representative.fasta with prokka
Removing unwanted files



#Executing /home/s.varona/virology_training_test/work/conda/nf-core-viralrecon-1.2.0dev-3fb10bb8a332a0381f3a6f1a0bab1f62/bin/rename_from_fasta.sh 

Default output directory is ./NO_GROUP/SAMPLE1_PE/database
mar mar  2 18:10:42 CET 2021
Renaming SAMPLE1_PE.gff
mar mar  2 18:10:42 CET 2021
DONE renaming SAMPLE1_PE.gff
Renamed file can be found at ./NO_GROUP/SAMPLE1_PE/database/SAMPLE1_PE.gff.renamed

#Executing /home/s.varona/virology_training_test/work/conda/nf-core-viralrecon-1.2.0dev-3fb10bb8a332a0381f3a6f1a0bab1f62/bin/gff_to_bed.sh 

mar mar  2 18:10:42 CET 2021
Getting bed file from GFF in SAMPLE1_PE.gff
mar mar  2 18:10:42 CET 2021
DONE getting bed file from GFF
File can be found at ./NO_GROUP/SAMPLE1_PE/database/SAMPLE1_PE.gff.bed



#Executing /home/s.varona/virology_training_test/work/conda/nf-core-viralrecon-1.2.0dev-3fb10bb8a332a0381f3a6f1a0bab1f62/bin/filter_fasta.sh 

Output directory is= ./NO_GROUP/SAMPLE1_PE/fasta_files
File name is= NC_045512.2
mar mar  2 18:10:42 CET 2021
Filtering terms on file SAMPLE1_PE.fna
mar mar  2 18:10:42 CET 2021
DONE Filtering terms on file SAMPLE1_PE.fna
File with filtered sequences can be found in ./NO_GROUP/SAMPLE1_PE/fasta_files/NC_045512.2_term.fasta
Previous number of sequences= 2
Post number of sequences= 2


