LOG FILE PLASMIDID
Thu Mar 4 22:17:33 CET 2021

#Executing /home/svarona/work/conda/nf-core-viralrecon-1.2.0dev-3fb10bb8a332a0381f3a6f1a0bab1f62/bin/mash_screener.sh 


DEPENDENCY	              STATUS
----------	              ------
bash                         [0;32mINSTALLED[0m 
mash                         [0;32mINSTALLED[0m 
Output directory is ./NO_GROUP/SAMPLE3_SE/kmer
creating sketch of  GCF_009858895.2_ASM985889v3_genomic.200409.fna
Sketching GCF_009858895.2_ASM985889v3_genomic.200409.fna...
Writing to ./NO_GROUP/SAMPLE3_SE/kmer/database.msh...
Thu Mar  4 22:17:33 CET 2021
screening SAMPLE3_SE.scaffolds.fa
Loading ./NO_GROUP/SAMPLE3_SE/kmer/database.msh...
   1000 distinct hashes.
Streaming from SAMPLE3_SE.scaffolds.fa...
   Estimated distinct k-mers in mixture: 36780
Summing shared...
Reallocating to winners...
Computing coverage medians...
Writing output...
Thu Mar  4 22:17:33 CET 2021
DONE Screening SAMPLE3_SE of NO_GROUP Group 

Retrieving sequences matching more than 0.95 identity

#Executing /home/svarona/work/conda/nf-core-viralrecon-1.2.0dev-3fb10bb8a332a0381f3a6f1a0bab1f62/bin/filter_fasta.sh 

Output directory is ./NO_GROUP/SAMPLE3_SE/kmer
Thu Mar  4 22:17:33 CET 2021
Filtering terms on file GCF_009858895.2_ASM985889v3_genomic.200409.fna
Thu Mar  4 22:17:33 CET 2021
DONE Filtering terms on file GCF_009858895.2_ASM985889v3_genomic.200409.fna
File with filtered sequences can be found in ./NO_GROUP/SAMPLE3_SE/kmer/database.filtered_0.95_term.fasta
Previous number of sequences= 1
Post number of sequences= 1


Namespace(distance=0.5, input_file='./NO_GROUP/SAMPLE3_SE/kmer/database.filtered_0.95_term.fasta', output=False, output_grouped=False)
Obtaining mash distance
Obtaining cluster from distance
Calculating length
Filtering representative fasta
[35m1 sequences clustered into 1[0m
DONE

#Executing /home/svarona/work/conda/nf-core-viralrecon-1.2.0dev-3fb10bb8a332a0381f3a6f1a0bab1f62/bin/calculate_seqlen.sh 

Thu Mar  4 22:17:36 CET 2021
Done seqlen calculation
Files can be found at ./NO_GROUP/SAMPLE3_SE/data

#Executing /home/svarona/work/conda/nf-core-viralrecon-1.2.0dev-3fb10bb8a332a0381f3a6f1a0bab1f62/bin/build_karyotype.sh 

(standard_in) 1: syntax error
(standard_in) 1: syntax error
FILE NAME SAMPLE3_SE
Thu Mar  4 22:17:36 CET 2021
Obtain list of cromosomes (idiogram) for CIRCOS karyotype file
Generating summary karyotype file with plasmids that mapped more than %
Thu Mar  4 22:17:36 CET 2021
Done Obtain list of cromosomes (idiogram) for CIRCOS karyotype file
Files can be found at ./NO_GROUP/SAMPLE3_SE/data
1 sequences will be displayed on summary image
1 images will be created individually 


#Executing /home/svarona/work/conda/nf-core-viralrecon-1.2.0dev-3fb10bb8a332a0381f3a6f1a0bab1f62/bin/prokka_annotation.sh 


DEPENDENCY	              STATUS
----------	              ------
prokka                       [0;32mINSTALLED[0m 
PREFIX SAMPLE3_SE
Output directory is ./NO_GROUP/SAMPLE3_SE/data
Thu Mar  4 22:17:36 CET 2021
Annotating SAMPLE3_SE.scaffolds.fa with prokka
[22:17:37] This is prokka 1.14.6
[22:17:37] Written by Torsten Seemann <torsten.seemann@gmail.com>
[22:17:37] Homepage is https://github.com/tseemann/prokka
[22:17:37] Local time is Thu Mar  4 22:17:37 2021
[22:17:37] You are svarona
[22:17:37] Operating system is linux
[22:17:37] You have BioPerl 1.007002
[22:17:37] System has 12 cores.
[22:17:37] Will use maximum of 1 cores.
[22:17:37] Annotating as >>> Bacteria <<<
[22:17:37] Enabling options to ensure Genbank/ENA/DDJB submission compliance.
[22:17:37] Re-using existing --outdir ./NO_GROUP/SAMPLE3_SE/data
[22:17:37] Using filename prefix: SAMPLE3_SE.XXX
[22:17:37] Setting HMMER_NCPU=1
[22:17:37] Writing log to: ./NO_GROUP/SAMPLE3_SE/data/SAMPLE3_SE.log
[22:17:37] Command: /home/svarona/work/conda/nf-core-viralrecon-1.2.0dev-3fb10bb8a332a0381f3a6f1a0bab1f62/bin/prokka --force --outdir ./NO_GROUP/SAMPLE3_SE/data --prefix SAMPLE3_SE --addgenes --kingdom Bacteria --genus --species --usegenus --centre BU-ISCIII --locustag SAMPLE3_SE --compliant --cpus 1 SAMPLE3_SE.scaffolds.fa
[22:17:37] Appending to PATH: /home/svarona/work/conda/nf-core-viralrecon-1.2.0dev-3fb10bb8a332a0381f3a6f1a0bab1f62/bin
[22:17:37] Looking for 'aragorn' - found /home/svarona/work/conda/nf-core-viralrecon-1.2.0dev-3fb10bb8a332a0381f3a6f1a0bab1f62/bin/aragorn
[22:17:37] Determined aragorn version is 001002 from 'ARAGORN v1.2.38 Dean Laslett'
[22:17:37] Looking for 'barrnap' - found /home/svarona/work/conda/nf-core-viralrecon-1.2.0dev-3fb10bb8a332a0381f3a6f1a0bab1f62/bin/barrnap
[22:17:37] Determined barrnap version is 000009 from 'barrnap 0.9'
[22:17:37] Looking for 'blastp' - found /home/svarona/work/conda/nf-core-viralrecon-1.2.0dev-3fb10bb8a332a0381f3a6f1a0bab1f62/bin/blastp
[22:17:37] Determined blastp version is 002010 from 'blastp: 2.10.1+'
[22:17:37] Looking for 'cmpress' - found /home/svarona/work/conda/nf-core-viralrecon-1.2.0dev-3fb10bb8a332a0381f3a6f1a0bab1f62/bin/cmpress
[22:17:37] Determined cmpress version is 001001 from '# INFERNAL 1.1.3 (Nov 2019)'
[22:17:37] Looking for 'cmscan' - found /home/svarona/work/conda/nf-core-viralrecon-1.2.0dev-3fb10bb8a332a0381f3a6f1a0bab1f62/bin/cmscan
[22:17:37] Determined cmscan version is 001001 from '# INFERNAL 1.1.3 (Nov 2019)'
[22:17:37] Looking for 'egrep' - found /usr/bin/egrep
[22:17:37] Looking for 'find' - found /usr/bin/find
[22:17:37] Looking for 'grep' - found /usr/bin/grep
[22:17:37] Looking for 'hmmpress' - found /home/svarona/work/conda/nf-core-viralrecon-1.2.0dev-3fb10bb8a332a0381f3a6f1a0bab1f62/bin/hmmpress
[22:17:37] Determined hmmpress version is 003003 from '# HMMER 3.3.2 (Nov 2020); http://hmmer.org/'
[22:17:37] Looking for 'hmmscan' - found /home/svarona/work/conda/nf-core-viralrecon-1.2.0dev-3fb10bb8a332a0381f3a6f1a0bab1f62/bin/hmmscan
[22:17:37] Determined hmmscan version is 003003 from '# HMMER 3.3.2 (Nov 2020); http://hmmer.org/'
[22:17:37] Looking for 'java' - found /home/svarona/work/conda/nf-core-viralrecon-1.2.0dev-3fb10bb8a332a0381f3a6f1a0bab1f62/bin/java
[22:17:37] Looking for 'makeblastdb' - found /home/svarona/work/conda/nf-core-viralrecon-1.2.0dev-3fb10bb8a332a0381f3a6f1a0bab1f62/bin/makeblastdb
[22:17:37] Determined makeblastdb version is 002010 from 'makeblastdb: 2.10.1+'
[22:17:37] Looking for 'minced' - found /home/svarona/work/conda/nf-core-viralrecon-1.2.0dev-3fb10bb8a332a0381f3a6f1a0bab1f62/bin/minced
[22:17:40] Determined minced version is 004002 from 'minced 0.4.2'
[22:17:40] Looking for 'parallel' - found /home/svarona/work/conda/nf-core-viralrecon-1.2.0dev-3fb10bb8a332a0381f3a6f1a0bab1f62/bin/parallel
[22:17:40] Determined parallel version is 20210222 from 'GNU parallel 20210222'
[22:17:40] Looking for 'prodigal' - found /home/svarona/work/conda/nf-core-viralrecon-1.2.0dev-3fb10bb8a332a0381f3a6f1a0bab1f62/bin/prodigal
[22:17:40] Determined prodigal version is 002006 from 'Prodigal V2.6.3: February, 2016'
[22:17:40] Looking for 'prokka-genbank_to_fasta_db' - found /home/svarona/work/conda/nf-core-viralrecon-1.2.0dev-3fb10bb8a332a0381f3a6f1a0bab1f62/bin/prokka-genbank_to_fasta_db
[22:17:40] Looking for 'sed' - found /home/svarona/work/conda/nf-core-viralrecon-1.2.0dev-3fb10bb8a332a0381f3a6f1a0bab1f62/bin/sed
[22:17:40] Looking for 'tbl2asn' - found /home/svarona/work/conda/nf-core-viralrecon-1.2.0dev-3fb10bb8a332a0381f3a6f1a0bab1f62/bin/tbl2asn
[22:17:40] Determined tbl2asn version is 025007 from 'tbl2asn 25.7   arguments:'
[22:17:40] Using genetic code table 11.
[22:17:40] Loading and checking input file: SAMPLE3_SE.scaffolds.fa
[22:17:40] Wrote 4 contigs totalling 35693 bp.
[22:17:40] Predicting tRNAs and tmRNAs
[22:17:40] Running: aragorn -l -gc11  -w \.\/NO_GROUP\/SAMPLE3_SE\/data\/SAMPLE3_SE\.fna
[22:17:40] Found 0 tRNAs
[22:17:40] Predicting Ribosomal RNAs
[22:17:40] Running Barrnap with 1 threads
[22:17:40] Found 0 rRNAs
[22:17:40] Skipping ncRNA search, enable with --rfam if desired.
[22:17:40] Total of 0 tRNA + rRNA features
[22:17:40] Searching for CRISPR repeats
[22:17:41] Found 0 CRISPRs
[22:17:41] Predicting coding sequences
[22:17:41] Contigs total 35693 bp, so using meta mode
[22:17:41] Running: prodigal -i \.\/NO_GROUP\/SAMPLE3_SE\/data\/SAMPLE3_SE\.fna -c -m -g 11 -p meta -f sco -q
[22:17:41] Found 19 CDS
[22:17:41] Connecting features back to sequences
[22:17:41] Skipping genus-specific proteins as can't see /home/svarona/work/conda/nf-core-viralrecon-1.2.0dev-3fb10bb8a332a0381f3a6f1a0bab1f62/db/--species
[22:17:41] Annotating CDS, please be patient.
[22:17:41] Will use 1 CPUs for similarity searching.

--------------------- WARNING ---------------------
MSG: Seq [gnl|BU-ISCIII|SAMPLE3_SE_3]: Terminator codon inside CDS!
---------------------------------------------------
[22:17:41] There are still 19 unannotated CDS left (started with 19)
[22:17:41] Will use blast to search against /home/svarona/work/conda/nf-core-viralrecon-1.2.0dev-3fb10bb8a332a0381f3a6f1a0bab1f62/db/kingdom/Bacteria/IS with 1 CPUs
[22:17:41] Running: cat \.\/NO_GROUP\/SAMPLE3_SE\/data\/SAMPLE3_SE\.IS\.tmp\.7030\.faa | parallel --gnu --plain -j 1 --block 4995 --recstart '>' --pipe blastp -query - -db /home/svarona/work/conda/nf-core-viralrecon-1.2.0dev-3fb10bb8a332a0381f3a6f1a0bab1f62/db/kingdom/Bacteria/IS -evalue 1e-30 -qcov_hsp_perc 90 -num_threads 1 -num_descriptions 1 -num_alignments 1 -seg no > \.\/NO_GROUP\/SAMPLE3_SE\/data\/SAMPLE3_SE\.IS\.tmp\.7030\.blast 2> /dev/null
[22:17:43] Deleting unwanted file: ./NO_GROUP/SAMPLE3_SE/data/SAMPLE3_SE.IS.tmp.7030.faa
[22:17:43] Deleting unwanted file: ./NO_GROUP/SAMPLE3_SE/data/SAMPLE3_SE.IS.tmp.7030.blast

--------------------- WARNING ---------------------
MSG: Seq [gnl|BU-ISCIII|SAMPLE3_SE_3]: Terminator codon inside CDS!
---------------------------------------------------
[22:17:43] There are still 19 unannotated CDS left (started with 19)
[22:17:43] Will use blast to search against /home/svarona/work/conda/nf-core-viralrecon-1.2.0dev-3fb10bb8a332a0381f3a6f1a0bab1f62/db/kingdom/Bacteria/AMR with 1 CPUs
[22:17:43] Running: cat \.\/NO_GROUP\/SAMPLE3_SE\/data\/SAMPLE3_SE\.AMR\.tmp\.7030\.faa | parallel --gnu --plain -j 1 --block 4995 --recstart '>' --pipe blastp -query - -db /home/svarona/work/conda/nf-core-viralrecon-1.2.0dev-3fb10bb8a332a0381f3a6f1a0bab1f62/db/kingdom/Bacteria/AMR -evalue 9.99999999999999e-301 -qcov_hsp_perc 90 -num_threads 1 -num_descriptions 1 -num_alignments 1 -seg no > \.\/NO_GROUP\/SAMPLE3_SE\/data\/SAMPLE3_SE\.AMR\.tmp\.7030\.blast 2> /dev/null
[22:17:44] Deleting unwanted file: ./NO_GROUP/SAMPLE3_SE/data/SAMPLE3_SE.AMR.tmp.7030.faa
[22:17:44] Deleting unwanted file: ./NO_GROUP/SAMPLE3_SE/data/SAMPLE3_SE.AMR.tmp.7030.blast

--------------------- WARNING ---------------------
MSG: Seq [gnl|BU-ISCIII|SAMPLE3_SE_3]: Terminator codon inside CDS!
---------------------------------------------------
[22:17:44] There are still 19 unannotated CDS left (started with 19)
[22:17:44] Will use blast to search against /home/svarona/work/conda/nf-core-viralrecon-1.2.0dev-3fb10bb8a332a0381f3a6f1a0bab1f62/db/kingdom/Bacteria/sprot with 1 CPUs
[22:17:44] Running: cat \.\/NO_GROUP\/SAMPLE3_SE\/data\/SAMPLE3_SE\.sprot\.tmp\.7030\.faa | parallel --gnu --plain -j 1 --block 4995 --recstart '>' --pipe blastp -query - -db /home/svarona/work/conda/nf-core-viralrecon-1.2.0dev-3fb10bb8a332a0381f3a6f1a0bab1f62/db/kingdom/Bacteria/sprot -evalue 1e-09 -qcov_hsp_perc 80 -num_threads 1 -num_descriptions 1 -num_alignments 1 -seg no > \.\/NO_GROUP\/SAMPLE3_SE\/data\/SAMPLE3_SE\.sprot\.tmp\.7030\.blast 2> /dev/null
[22:17:46] Deleting unwanted file: ./NO_GROUP/SAMPLE3_SE/data/SAMPLE3_SE.sprot.tmp.7030.faa
[22:17:46] Deleting unwanted file: ./NO_GROUP/SAMPLE3_SE/data/SAMPLE3_SE.sprot.tmp.7030.blast

--------------------- WARNING ---------------------
MSG: Seq [gnl|BU-ISCIII|SAMPLE3_SE_3]: Terminator codon inside CDS!
---------------------------------------------------
[22:17:46] There are still 19 unannotated CDS left (started with 19)
[22:17:46] Will use hmmer3 to search against /home/svarona/work/conda/nf-core-viralrecon-1.2.0dev-3fb10bb8a332a0381f3a6f1a0bab1f62/db/hmm/HAMAP.hmm with 1 CPUs
[22:17:46] Running: cat \.\/NO_GROUP\/SAMPLE3_SE\/data\/SAMPLE3_SE\.HAMAP\.hmm\.tmp\.7030\.faa | parallel --gnu --plain -j 1 --block 4995 --recstart '>' --pipe hmmscan --noali --notextw --acc -E 1e-09 --cpu 1 /home/svarona/work/conda/nf-core-viralrecon-1.2.0dev-3fb10bb8a332a0381f3a6f1a0bab1f62/db/hmm/HAMAP.hmm /dev/stdin > \.\/NO_GROUP\/SAMPLE3_SE\/data\/SAMPLE3_SE\.HAMAP\.hmm\.tmp\.7030\.hmmer3 2> /dev/null
[22:17:53] Deleting unwanted file: ./NO_GROUP/SAMPLE3_SE/data/SAMPLE3_SE.HAMAP.hmm.tmp.7030.faa
[22:17:53] Deleting unwanted file: ./NO_GROUP/SAMPLE3_SE/data/SAMPLE3_SE.HAMAP.hmm.tmp.7030.hmmer3
[22:17:53] Labelling remaining 18 proteins as 'hypothetical protein'
[22:17:53] Found 1 unique /gene codes.
[22:17:53] Fixed 0 colliding /gene names.
[22:17:53] Adding /locus_tag identifiers
[22:17:53] Assigned 19 locus_tags to CDS and RNA features.
[22:17:53] Writing outputs to ./NO_GROUP/SAMPLE3_SE/data/

--------------------- WARNING ---------------------
MSG: Seq [SAMPLE3_SE_00018]: Terminator codon inside CDS!
---------------------------------------------------
[22:17:53] Generating annotation statistics file
[22:17:53] Generating Genbank and Sequin files
[22:17:53] Running: tbl2asn -V b -a r10k -l paired-ends -M n -N 1 -y 'Annotated using prokka 1.14.6 from https://github.com/tseemann/prokka' -Z \.\/NO_GROUP\/SAMPLE3_SE\/data\/SAMPLE3_SE\.err -i \.\/NO_GROUP\/SAMPLE3_SE\/data\/SAMPLE3_SE\.fsa 2> /dev/null
[tbl2asn-forever] Found Prokka input, correcting dates in .gbf|.sqn files.
[tbl2asn-forever] Correcting dates in ./NO_GROUP/SAMPLE3_SE/data/SAMPLE3_SE.gbf
[tbl2asn-forever] Correcting dates in ./NO_GROUP/SAMPLE3_SE/data/SAMPLE3_SE.sqn
[tbl2asn-forever] Dates changed from 01-JAN-2019 to 04-MAR-2021
[22:17:53] Deleting unwanted file: ./NO_GROUP/SAMPLE3_SE/data/errorsummary.val
[22:17:53] Deleting unwanted file: ./NO_GROUP/SAMPLE3_SE/data/SAMPLE3_SE.dr
[22:17:53] Deleting unwanted file: ./NO_GROUP/SAMPLE3_SE/data/SAMPLE3_SE.fixedproducts
[22:17:53] Deleting unwanted file: ./NO_GROUP/SAMPLE3_SE/data/SAMPLE3_SE.ecn
[22:17:53] Deleting unwanted file: ./NO_GROUP/SAMPLE3_SE/data/SAMPLE3_SE.val
[22:17:53] Repairing broken .GBK output that tbl2asn produces...
[22:17:53] Running: sed 's/COORDINATES: profile/COORDINATES:profile/' < \.\/NO_GROUP\/SAMPLE3_SE\/data\/SAMPLE3_SE\.gbf > \.\/NO_GROUP\/SAMPLE3_SE\/data\/SAMPLE3_SE\.gbk
[22:17:53] Deleting unwanted file: ./NO_GROUP/SAMPLE3_SE/data/SAMPLE3_SE.gbf
[22:17:53] Output files:
[22:17:53] ./NO_GROUP/SAMPLE3_SE/data/SAMPLE3_SE.bedgraph_term
[22:17:53] ./NO_GROUP/SAMPLE3_SE/data/SAMPLE3_SE.coverage_adapted_clustered_ac
[22:17:53] ./NO_GROUP/SAMPLE3_SE/data/SAMPLE3_SE.err
[22:17:53] ./NO_GROUP/SAMPLE3_SE/data/SAMPLE3_SE.faa
[22:17:53] ./NO_GROUP/SAMPLE3_SE/data/SAMPLE3_SE.ffn
[22:17:53] ./NO_GROUP/SAMPLE3_SE/data/SAMPLE3_SE.fna
[22:17:53] ./NO_GROUP/SAMPLE3_SE/data/SAMPLE3_SE.fsa
[22:17:53] ./NO_GROUP/SAMPLE3_SE/data/SAMPLE3_SE.gbk
[22:17:53] ./NO_GROUP/SAMPLE3_SE/data/SAMPLE3_SE.gff
[22:17:53] ./NO_GROUP/SAMPLE3_SE/data/SAMPLE3_SE.karyotype_individual.txt
[22:17:53] ./NO_GROUP/SAMPLE3_SE/data/SAMPLE3_SE.karyotype_summary.txt
[22:17:53] ./NO_GROUP/SAMPLE3_SE/data/SAMPLE3_SE.log
[22:17:53] ./NO_GROUP/SAMPLE3_SE/data/SAMPLE3_SE.sqn
[22:17:53] ./NO_GROUP/SAMPLE3_SE/data/SAMPLE3_SE.tbl
[22:17:53] ./NO_GROUP/SAMPLE3_SE/data/SAMPLE3_SE.tsv
[22:17:53] ./NO_GROUP/SAMPLE3_SE/data/SAMPLE3_SE.txt
[22:17:53] Annotation finished successfully.
[22:17:53] Walltime used: 0.27 minutes
[22:17:53] If you use this result please cite the Prokka paper:
[22:17:53] Seemann T (2014) Prokka: rapid prokaryotic genome annotation. Bioinformatics. 30(14):2068-9.
[22:17:53] Type 'prokka --citation' for more details.
[22:17:53] Thank you, come again.
Thu Mar  4 22:17:53 CET 2021
done annotating SAMPLE3_SE.scaffolds.fa with prokka
Removing unwanted files



#Executing /home/svarona/work/conda/nf-core-viralrecon-1.2.0dev-3fb10bb8a332a0381f3a6f1a0bab1f62/bin/blast_align.sh 

query type selected as nucl
Output directory is ./NO_GROUP/SAMPLE3_SE/data
filename is SAMPLE3_SE
Thu Mar  4 22:17:53 CET 2021
Blasting SAMPLE3_SE agaist database.filtered_0.95_term.0.5.representative.fasta


Building a new DB, current time: 03/04/2021 22:17:53
New DB name:   /home/svarona/work/bd/155347d9b788e2c19caaa313f78eeb/NO_GROUP/SAMPLE3_SE/kmer/database.filtered_0.95_term.0.5.representative.fasta.blast.tmp
New DB title:  ./NO_GROUP/SAMPLE3_SE/kmer/database.filtered_0.95_term.0.5.representative.fasta
Sequence type: Nucleotide
Keep MBits: T
Maximum file size: 1000000000B
Adding sequences from FASTA; added 1 sequences in 0.000599146 seconds.


BLAST command is blastn
Thu Mar  4 22:17:54 CET 2021
Done blasting SAMPLE3_SE agaist database.filtered_0.95_term.0.5.representative.fasta
blasted file can be found in ./NO_GROUP/SAMPLE3_SE/data/SAMPLE3_SE.plasmids.blast 


#Executing /home/svarona/work/conda/nf-core-viralrecon-1.2.0dev-3fb10bb8a332a0381f3a6f1a0bab1f62/bin/blast_to_bed.sh 

Thu Mar  4 22:17:54 CET 2021
Adapting blast to bed using SAMPLE3_SE.plasmids.blast with:
Blast identity= 60
Min length aligned= 500
Min len percentage= 0
Thu Mar  4 22:17:54 CET 2021
DONE adapting blast to bed
File can be found at ./NO_GROUP/SAMPLE3_SE/data/SAMPLE3_SE.plasmids.bed 


#Executing /home/svarona/work/conda/nf-core-viralrecon-1.2.0dev-3fb10bb8a332a0381f3a6f1a0bab1f62/bin/blast_to_complete.sh 

Thu Mar  4 22:17:54 CET 2021
Adapting blast to complete using SAMPLE3_SE.plasmids.blast with:
Blast identity= 60
Min len percentage= 20
Thu Mar  4 22:17:54 CET 2021
DONE adapting blast to complete
File can be found at ./NO_GROUP/SAMPLE3_SE/data/SAMPLE3_SE.plasmids.complete /n

#Executing /home/svarona/work/conda/nf-core-viralrecon-1.2.0dev-3fb10bb8a332a0381f3a6f1a0bab1f62/bin/blast_to_link.sh 

Thu Mar  4 22:17:54 CET 2021
Adapting blast to links using SAMPLE3_SE.plasmids.blast with:
Blast identity= 60
Min len percentage= 20
Thu Mar  4 22:17:54 CET 2021
DONE adapting blast to link
File can be found at ./NO_GROUP/SAMPLE3_SE/data/SAMPLE3_SE.plasmids.links 


#Executing /home/svarona/work/conda/nf-core-viralrecon-1.2.0dev-3fb10bb8a332a0381f3a6f1a0bab1f62/bin/gff_to_bed.sh 

Thu Mar  4 22:17:54 CET 2021
Getting bed file from GFF in SAMPLE3_SE.gff
Thu Mar  4 22:17:54 CET 2021
DONE getting bed file from GFF
File can be found at ./NO_GROUP/SAMPLE3_SE/data/SAMPLE3_SE.gff.bed



#Executing /home/svarona/work/conda/nf-core-viralrecon-1.2.0dev-3fb10bb8a332a0381f3a6f1a0bab1f62/bin/coordinate_adapter.sh 

Thu Mar  4 22:17:54 CET 2021
adapting coordinates from ./NO_GROUP/SAMPLE3_SE/data/SAMPLE3_SE.gff.bed and ./NO_GROUP/SAMPLE3_SE/data/SAMPLE3_SE.plasmids.blast.links
file name is: SAMPLE3_SE.gff
Thu Mar  4 22:17:54 CET 2021
Coordinates adapted to file ./NO_GROUP/SAMPLE3_SE/data/SAMPLE3_SE.gff.coordinates 


#Executing /home/svarona/work/conda/nf-core-viralrecon-1.2.0dev-3fb10bb8a332a0381f3a6f1a0bab1f62/bin/coordinate_adapter.sh 

Thu Mar  4 22:17:54 CET 2021
adapting coordinates from ./NO_GROUP/SAMPLE3_SE/data/SAMPLE3_SE.gff.forward.bed and ./NO_GROUP/SAMPLE3_SE/data/SAMPLE3_SE.plasmids.blast.links
file name is: SAMPLE3_SE.gff.forward
Thu Mar  4 22:17:54 CET 2021
Coordinates adapted to file ./NO_GROUP/SAMPLE3_SE/data/SAMPLE3_SE.gff.forward.coordinates 


#Executing /home/svarona/work/conda/nf-core-viralrecon-1.2.0dev-3fb10bb8a332a0381f3a6f1a0bab1f62/bin/coordinate_adapter.sh 

Thu Mar  4 22:17:54 CET 2021
adapting coordinates from ./NO_GROUP/SAMPLE3_SE/data/SAMPLE3_SE.gff.reverse.bed and ./NO_GROUP/SAMPLE3_SE/data/SAMPLE3_SE.plasmids.blast.links
file name is: SAMPLE3_SE.gff.reverse
Thu Mar  4 22:17:54 CET 2021
Coordinates adapted to file ./NO_GROUP/SAMPLE3_SE/data/SAMPLE3_SE.gff.reverse.coordinates 


#Executing /home/svarona/work/conda/nf-core-viralrecon-1.2.0dev-3fb10bb8a332a0381f3a6f1a0bab1f62/bin/prokka_annotation.sh 


DEPENDENCY	              STATUS
----------	              ------
prokka                       [0;32mINSTALLED[0m 
PREFIX SAMPLE3_SE
Output directory is ./NO_GROUP/SAMPLE3_SE/database
Thu Mar  4 22:17:54 CET 2021
Annotating ./NO_GROUP/SAMPLE3_SE/kmer/database.filtered_0.95_term.0.5.representative.fasta with prokka
[22:17:54] This is prokka 1.14.6
[22:17:54] Written by Torsten Seemann <torsten.seemann@gmail.com>
[22:17:54] Homepage is https://github.com/tseemann/prokka
[22:17:54] Local time is Thu Mar  4 22:17:54 2021
[22:17:54] You are svarona
[22:17:54] Operating system is linux
[22:17:54] You have BioPerl 1.007002
[22:17:54] System has 12 cores.
[22:17:54] Will use maximum of 1 cores.
[22:17:54] Annotating as >>> Bacteria <<<
[22:17:54] Enabling options to ensure Genbank/ENA/DDJB submission compliance.
[22:17:54] Re-using existing --outdir ./NO_GROUP/SAMPLE3_SE/database
[22:17:54] Using filename prefix: SAMPLE3_SE.XXX
[22:17:54] Setting HMMER_NCPU=1
[22:17:54] Writing log to: ./NO_GROUP/SAMPLE3_SE/database/SAMPLE3_SE.log
[22:17:54] Command: /home/svarona/work/conda/nf-core-viralrecon-1.2.0dev-3fb10bb8a332a0381f3a6f1a0bab1f62/bin/prokka --force --outdir ./NO_GROUP/SAMPLE3_SE/database --prefix SAMPLE3_SE --addgenes --kingdom Bacteria --genus --species --usegenus --centre BU-ISCIII --locustag SAMPLE3_SE --compliant --cpus 1 ./NO_GROUP/SAMPLE3_SE/kmer/database.filtered_0.95_term.0.5.representative.fasta
[22:17:54] Appending to PATH: /home/svarona/work/conda/nf-core-viralrecon-1.2.0dev-3fb10bb8a332a0381f3a6f1a0bab1f62/bin
[22:17:54] Looking for 'aragorn' - found /home/svarona/work/conda/nf-core-viralrecon-1.2.0dev-3fb10bb8a332a0381f3a6f1a0bab1f62/bin/aragorn
[22:17:54] Determined aragorn version is 001002 from 'ARAGORN v1.2.38 Dean Laslett'
[22:17:54] Looking for 'barrnap' - found /home/svarona/work/conda/nf-core-viralrecon-1.2.0dev-3fb10bb8a332a0381f3a6f1a0bab1f62/bin/barrnap
[22:17:55] Determined barrnap version is 000009 from 'barrnap 0.9'
[22:17:55] Looking for 'blastp' - found /home/svarona/work/conda/nf-core-viralrecon-1.2.0dev-3fb10bb8a332a0381f3a6f1a0bab1f62/bin/blastp
[22:17:55] Determined blastp version is 002010 from 'blastp: 2.10.1+'
[22:17:55] Looking for 'cmpress' - found /home/svarona/work/conda/nf-core-viralrecon-1.2.0dev-3fb10bb8a332a0381f3a6f1a0bab1f62/bin/cmpress
[22:17:55] Determined cmpress version is 001001 from '# INFERNAL 1.1.3 (Nov 2019)'
[22:17:55] Looking for 'cmscan' - found /home/svarona/work/conda/nf-core-viralrecon-1.2.0dev-3fb10bb8a332a0381f3a6f1a0bab1f62/bin/cmscan
[22:17:55] Determined cmscan version is 001001 from '# INFERNAL 1.1.3 (Nov 2019)'
[22:17:55] Looking for 'egrep' - found /usr/bin/egrep
[22:17:55] Looking for 'find' - found /usr/bin/find
[22:17:55] Looking for 'grep' - found /usr/bin/grep
[22:17:55] Looking for 'hmmpress' - found /home/svarona/work/conda/nf-core-viralrecon-1.2.0dev-3fb10bb8a332a0381f3a6f1a0bab1f62/bin/hmmpress
[22:17:55] Determined hmmpress version is 003003 from '# HMMER 3.3.2 (Nov 2020); http://hmmer.org/'
[22:17:55] Looking for 'hmmscan' - found /home/svarona/work/conda/nf-core-viralrecon-1.2.0dev-3fb10bb8a332a0381f3a6f1a0bab1f62/bin/hmmscan
[22:17:55] Determined hmmscan version is 003003 from '# HMMER 3.3.2 (Nov 2020); http://hmmer.org/'
[22:17:55] Looking for 'java' - found /home/svarona/work/conda/nf-core-viralrecon-1.2.0dev-3fb10bb8a332a0381f3a6f1a0bab1f62/bin/java
[22:17:55] Looking for 'makeblastdb' - found /home/svarona/work/conda/nf-core-viralrecon-1.2.0dev-3fb10bb8a332a0381f3a6f1a0bab1f62/bin/makeblastdb
[22:17:55] Determined makeblastdb version is 002010 from 'makeblastdb: 2.10.1+'
[22:17:55] Looking for 'minced' - found /home/svarona/work/conda/nf-core-viralrecon-1.2.0dev-3fb10bb8a332a0381f3a6f1a0bab1f62/bin/minced
[22:17:55] Determined minced version is 004002 from 'minced 0.4.2'
[22:17:55] Looking for 'parallel' - found /home/svarona/work/conda/nf-core-viralrecon-1.2.0dev-3fb10bb8a332a0381f3a6f1a0bab1f62/bin/parallel
[22:17:55] Determined parallel version is 20210222 from 'GNU parallel 20210222'
[22:17:55] Looking for 'prodigal' - found /home/svarona/work/conda/nf-core-viralrecon-1.2.0dev-3fb10bb8a332a0381f3a6f1a0bab1f62/bin/prodigal
[22:17:55] Determined prodigal version is 002006 from 'Prodigal V2.6.3: February, 2016'
[22:17:55] Looking for 'prokka-genbank_to_fasta_db' - found /home/svarona/work/conda/nf-core-viralrecon-1.2.0dev-3fb10bb8a332a0381f3a6f1a0bab1f62/bin/prokka-genbank_to_fasta_db
[22:17:55] Looking for 'sed' - found /home/svarona/work/conda/nf-core-viralrecon-1.2.0dev-3fb10bb8a332a0381f3a6f1a0bab1f62/bin/sed
[22:17:55] Looking for 'tbl2asn' - found /home/svarona/work/conda/nf-core-viralrecon-1.2.0dev-3fb10bb8a332a0381f3a6f1a0bab1f62/bin/tbl2asn
[22:17:55] Determined tbl2asn version is 025007 from 'tbl2asn 25.7   arguments:'
[22:17:55] Using genetic code table 11.
[22:17:55] Loading and checking input file: ./NO_GROUP/SAMPLE3_SE/kmer/database.filtered_0.95_term.0.5.representative.fasta
[22:17:55] Wrote 1 contigs totalling 29903 bp.
[22:17:55] Predicting tRNAs and tmRNAs
[22:17:55] Running: aragorn -l -gc11  -w \.\/NO_GROUP\/SAMPLE3_SE\/database\/SAMPLE3_SE\.fna
[22:17:55] Found 0 tRNAs
[22:17:55] Predicting Ribosomal RNAs
[22:17:55] Running Barrnap with 1 threads
[22:17:55] Found 0 rRNAs
[22:17:55] Skipping ncRNA search, enable with --rfam if desired.
[22:17:55] Total of 0 tRNA + rRNA features
[22:17:55] Searching for CRISPR repeats
[22:17:55] Found 0 CRISPRs
[22:17:55] Predicting coding sequences
[22:17:55] Contigs total 29903 bp, so using meta mode
[22:17:55] Running: prodigal -i \.\/NO_GROUP\/SAMPLE3_SE\/database\/SAMPLE3_SE\.fna -c -m -g 11 -p meta -f sco -q
[22:17:56] Found 9 CDS
[22:17:56] Connecting features back to sequences
[22:17:56] Skipping genus-specific proteins as can't see /home/svarona/work/conda/nf-core-viralrecon-1.2.0dev-3fb10bb8a332a0381f3a6f1a0bab1f62/db/--species
[22:17:56] Annotating CDS, please be patient.
[22:17:56] Will use 1 CPUs for similarity searching.
[22:17:56] There are still 9 unannotated CDS left (started with 9)
[22:17:56] Will use blast to search against /home/svarona/work/conda/nf-core-viralrecon-1.2.0dev-3fb10bb8a332a0381f3a6f1a0bab1f62/db/kingdom/Bacteria/IS with 1 CPUs
[22:17:56] Running: cat \.\/NO_GROUP\/SAMPLE3_SE\/database\/SAMPLE3_SE\.IS\.tmp\.12297\.faa | parallel --gnu --plain -j 1 --block 4764 --recstart '>' --pipe blastp -query - -db /home/svarona/work/conda/nf-core-viralrecon-1.2.0dev-3fb10bb8a332a0381f3a6f1a0bab1f62/db/kingdom/Bacteria/IS -evalue 1e-30 -qcov_hsp_perc 90 -num_threads 1 -num_descriptions 1 -num_alignments 1 -seg no > \.\/NO_GROUP\/SAMPLE3_SE\/database\/SAMPLE3_SE\.IS\.tmp\.12297\.blast 2> /dev/null
[22:17:56] Deleting unwanted file: ./NO_GROUP/SAMPLE3_SE/database/SAMPLE3_SE.IS.tmp.12297.faa
[22:17:56] Deleting unwanted file: ./NO_GROUP/SAMPLE3_SE/database/SAMPLE3_SE.IS.tmp.12297.blast
[22:17:56] There are still 9 unannotated CDS left (started with 9)
[22:17:56] Will use blast to search against /home/svarona/work/conda/nf-core-viralrecon-1.2.0dev-3fb10bb8a332a0381f3a6f1a0bab1f62/db/kingdom/Bacteria/AMR with 1 CPUs
[22:17:56] Running: cat \.\/NO_GROUP\/SAMPLE3_SE\/database\/SAMPLE3_SE\.AMR\.tmp\.12297\.faa | parallel --gnu --plain -j 1 --block 4764 --recstart '>' --pipe blastp -query - -db /home/svarona/work/conda/nf-core-viralrecon-1.2.0dev-3fb10bb8a332a0381f3a6f1a0bab1f62/db/kingdom/Bacteria/AMR -evalue 9.99999999999999e-301 -qcov_hsp_perc 90 -num_threads 1 -num_descriptions 1 -num_alignments 1 -seg no > \.\/NO_GROUP\/SAMPLE3_SE\/database\/SAMPLE3_SE\.AMR\.tmp\.12297\.blast 2> /dev/null
[22:17:57] Deleting unwanted file: ./NO_GROUP/SAMPLE3_SE/database/SAMPLE3_SE.AMR.tmp.12297.faa
[22:17:57] Deleting unwanted file: ./NO_GROUP/SAMPLE3_SE/database/SAMPLE3_SE.AMR.tmp.12297.blast
[22:17:57] There are still 9 unannotated CDS left (started with 9)
[22:17:57] Will use blast to search against /home/svarona/work/conda/nf-core-viralrecon-1.2.0dev-3fb10bb8a332a0381f3a6f1a0bab1f62/db/kingdom/Bacteria/sprot with 1 CPUs
[22:17:57] Running: cat \.\/NO_GROUP\/SAMPLE3_SE\/database\/SAMPLE3_SE\.sprot\.tmp\.12297\.faa | parallel --gnu --plain -j 1 --block 4764 --recstart '>' --pipe blastp -query - -db /home/svarona/work/conda/nf-core-viralrecon-1.2.0dev-3fb10bb8a332a0381f3a6f1a0bab1f62/db/kingdom/Bacteria/sprot -evalue 1e-09 -qcov_hsp_perc 80 -num_threads 1 -num_descriptions 1 -num_alignments 1 -seg no > \.\/NO_GROUP\/SAMPLE3_SE\/database\/SAMPLE3_SE\.sprot\.tmp\.12297\.blast 2> /dev/null
[22:17:59] Deleting unwanted file: ./NO_GROUP/SAMPLE3_SE/database/SAMPLE3_SE.sprot.tmp.12297.faa
[22:17:59] Deleting unwanted file: ./NO_GROUP/SAMPLE3_SE/database/SAMPLE3_SE.sprot.tmp.12297.blast
[22:17:59] There are still 9 unannotated CDS left (started with 9)
[22:17:59] Will use hmmer3 to search against /home/svarona/work/conda/nf-core-viralrecon-1.2.0dev-3fb10bb8a332a0381f3a6f1a0bab1f62/db/hmm/HAMAP.hmm with 1 CPUs
[22:17:59] Running: cat \.\/NO_GROUP\/SAMPLE3_SE\/database\/SAMPLE3_SE\.HAMAP\.hmm\.tmp\.12297\.faa | parallel --gnu --plain -j 1 --block 4764 --recstart '>' --pipe hmmscan --noali --notextw --acc -E 1e-09 --cpu 1 /home/svarona/work/conda/nf-core-viralrecon-1.2.0dev-3fb10bb8a332a0381f3a6f1a0bab1f62/db/hmm/HAMAP.hmm /dev/stdin > \.\/NO_GROUP\/SAMPLE3_SE\/database\/SAMPLE3_SE\.HAMAP\.hmm\.tmp\.12297\.hmmer3 2> /dev/null
[22:18:03] Deleting unwanted file: ./NO_GROUP/SAMPLE3_SE/database/SAMPLE3_SE.HAMAP.hmm.tmp.12297.faa
[22:18:03] Deleting unwanted file: ./NO_GROUP/SAMPLE3_SE/database/SAMPLE3_SE.HAMAP.hmm.tmp.12297.hmmer3
[22:18:03] Labelling remaining 8 proteins as 'hypothetical protein'
[22:18:03] Found 1 unique /gene codes.
[22:18:03] Fixed 0 colliding /gene names.
[22:18:03] Adding /locus_tag identifiers
[22:18:03] Assigned 9 locus_tags to CDS and RNA features.
[22:18:03] Writing outputs to ./NO_GROUP/SAMPLE3_SE/database/
[22:18:03] Generating annotation statistics file
[22:18:03] Generating Genbank and Sequin files
[22:18:03] Running: tbl2asn -V b -a r10k -l paired-ends -M n -N 1 -y 'Annotated using prokka 1.14.6 from https://github.com/tseemann/prokka' -Z \.\/NO_GROUP\/SAMPLE3_SE\/database\/SAMPLE3_SE\.err -i \.\/NO_GROUP\/SAMPLE3_SE\/database\/SAMPLE3_SE\.fsa 2> /dev/null
[tbl2asn-forever] Found Prokka input, correcting dates in .gbf|.sqn files.
[tbl2asn-forever] Correcting dates in ./NO_GROUP/SAMPLE3_SE/database/SAMPLE3_SE.gbf
[tbl2asn-forever] Correcting dates in ./NO_GROUP/SAMPLE3_SE/database/SAMPLE3_SE.sqn
[tbl2asn-forever] Dates changed from 01-JAN-2019 to 04-MAR-2021
[22:18:03] Deleting unwanted file: ./NO_GROUP/SAMPLE3_SE/database/errorsummary.val
[22:18:03] Deleting unwanted file: ./NO_GROUP/SAMPLE3_SE/database/SAMPLE3_SE.dr
[22:18:03] Deleting unwanted file: ./NO_GROUP/SAMPLE3_SE/database/SAMPLE3_SE.fixedproducts
[22:18:03] Deleting unwanted file: ./NO_GROUP/SAMPLE3_SE/database/SAMPLE3_SE.ecn
[22:18:03] Deleting unwanted file: ./NO_GROUP/SAMPLE3_SE/database/SAMPLE3_SE.val
[22:18:03] Repairing broken .GBK output that tbl2asn produces...
[22:18:03] Running: sed 's/COORDINATES: profile/COORDINATES:profile/' < \.\/NO_GROUP\/SAMPLE3_SE\/database\/SAMPLE3_SE\.gbf > \.\/NO_GROUP\/SAMPLE3_SE\/database\/SAMPLE3_SE\.gbk
[22:18:03] Deleting unwanted file: ./NO_GROUP/SAMPLE3_SE/database/SAMPLE3_SE.gbf
[22:18:03] Output files:
[22:18:03] ./NO_GROUP/SAMPLE3_SE/database/SAMPLE3_SE.err
[22:18:03] ./NO_GROUP/SAMPLE3_SE/database/SAMPLE3_SE.faa
[22:18:03] ./NO_GROUP/SAMPLE3_SE/database/SAMPLE3_SE.ffn
[22:18:03] ./NO_GROUP/SAMPLE3_SE/database/SAMPLE3_SE.fna
[22:18:03] ./NO_GROUP/SAMPLE3_SE/database/SAMPLE3_SE.fsa
[22:18:03] ./NO_GROUP/SAMPLE3_SE/database/SAMPLE3_SE.gbk
[22:18:03] ./NO_GROUP/SAMPLE3_SE/database/SAMPLE3_SE.gff
[22:18:03] ./NO_GROUP/SAMPLE3_SE/database/SAMPLE3_SE.log
[22:18:03] ./NO_GROUP/SAMPLE3_SE/database/SAMPLE3_SE.sqn
[22:18:03] ./NO_GROUP/SAMPLE3_SE/database/SAMPLE3_SE.tbl
[22:18:03] ./NO_GROUP/SAMPLE3_SE/database/SAMPLE3_SE.tsv
[22:18:03] ./NO_GROUP/SAMPLE3_SE/database/SAMPLE3_SE.txt
[22:18:03] Annotation finished successfully.
[22:18:03] Walltime used: 0.15 minutes
[22:18:03] If you use this result please cite the Prokka paper:
[22:18:03] Seemann T (2014) Prokka: rapid prokaryotic genome annotation. Bioinformatics. 30(14):2068-9.
[22:18:03] Type 'prokka --citation' for more details.
[22:18:03] Share and enjoy!
Thu Mar  4 22:18:03 CET 2021
done annotating ./NO_GROUP/SAMPLE3_SE/kmer/database.filtered_0.95_term.0.5.representative.fasta with prokka
Removing unwanted files



#Executing /home/svarona/work/conda/nf-core-viralrecon-1.2.0dev-3fb10bb8a332a0381f3a6f1a0bab1f62/bin/rename_from_fasta.sh 

Default output directory is ./NO_GROUP/SAMPLE3_SE/database
Thu Mar  4 22:18:03 CET 2021
Renaming SAMPLE3_SE.gff
Thu Mar  4 22:18:03 CET 2021
DONE renaming SAMPLE3_SE.gff
Renamed file can be found at ./NO_GROUP/SAMPLE3_SE/database/SAMPLE3_SE.gff.renamed

#Executing /home/svarona/work/conda/nf-core-viralrecon-1.2.0dev-3fb10bb8a332a0381f3a6f1a0bab1f62/bin/gff_to_bed.sh 

Thu Mar  4 22:18:03 CET 2021
Getting bed file from GFF in SAMPLE3_SE.gff
Thu Mar  4 22:18:04 CET 2021
DONE getting bed file from GFF
File can be found at ./NO_GROUP/SAMPLE3_SE/database/SAMPLE3_SE.gff.bed



#Executing /home/svarona/work/conda/nf-core-viralrecon-1.2.0dev-3fb10bb8a332a0381f3a6f1a0bab1f62/bin/filter_fasta.sh 

Output directory is= ./NO_GROUP/SAMPLE3_SE/fasta_files
File name is= NC_045512.2
Thu Mar  4 22:18:04 CET 2021
Filtering terms on file SAMPLE3_SE.fna
Thu Mar  4 22:18:04 CET 2021
DONE Filtering terms on file SAMPLE3_SE.fna
File with filtered sequences can be found in ./NO_GROUP/SAMPLE3_SE/fasta_files/NC_045512.2_term.fasta
Previous number of sequences= 4
Post number of sequences= 2


