LOG FILE PLASMIDID
Thu Mar 4 22:21:44 CET 2021

#Executing /home/svarona/work/conda/nf-core-viralrecon-1.2.0dev-3fb10bb8a332a0381f3a6f1a0bab1f62/bin/mash_screener.sh 


DEPENDENCY	              STATUS
----------	              ------
bash                         [0;32mINSTALLED[0m 
mash                         [0;32mINSTALLED[0m 
Output directory is ./NO_GROUP/SAMPLE2_PE/kmer
creating sketch of  GCF_009858895.2_ASM985889v3_genomic.200409.fna
Sketching GCF_009858895.2_ASM985889v3_genomic.200409.fna...
Writing to ./NO_GROUP/SAMPLE2_PE/kmer/database.msh...
Thu Mar  4 22:21:44 CET 2021
screening SAMPLE2_PE.scaffolds.fa
Loading ./NO_GROUP/SAMPLE2_PE/kmer/database.msh...
   1000 distinct hashes.
Streaming from SAMPLE2_PE.scaffolds.fa...
   Estimated distinct k-mers in mixture: 36918
Summing shared...
Reallocating to winners...
Computing coverage medians...
Writing output...
Thu Mar  4 22:21:44 CET 2021
DONE Screening SAMPLE2_PE of NO_GROUP Group 

Retrieving sequences matching more than 0.95 identity

#Executing /home/svarona/work/conda/nf-core-viralrecon-1.2.0dev-3fb10bb8a332a0381f3a6f1a0bab1f62/bin/filter_fasta.sh 

Output directory is ./NO_GROUP/SAMPLE2_PE/kmer
Thu Mar  4 22:21:44 CET 2021
Filtering terms on file GCF_009858895.2_ASM985889v3_genomic.200409.fna
Thu Mar  4 22:21:44 CET 2021
DONE Filtering terms on file GCF_009858895.2_ASM985889v3_genomic.200409.fna
File with filtered sequences can be found in ./NO_GROUP/SAMPLE2_PE/kmer/database.filtered_0.95_term.fasta
Previous number of sequences= 1
Post number of sequences= 1


Namespace(distance=0.5, input_file='./NO_GROUP/SAMPLE2_PE/kmer/database.filtered_0.95_term.fasta', output=False, output_grouped=False)
Obtaining mash distance
Obtaining cluster from distance
Calculating length
Filtering representative fasta
[35m1 sequences clustered into 1[0m
DONE

#Executing /home/svarona/work/conda/nf-core-viralrecon-1.2.0dev-3fb10bb8a332a0381f3a6f1a0bab1f62/bin/calculate_seqlen.sh 

Thu Mar  4 22:21:45 CET 2021
Done seqlen calculation
Files can be found at ./NO_GROUP/SAMPLE2_PE/data

#Executing /home/svarona/work/conda/nf-core-viralrecon-1.2.0dev-3fb10bb8a332a0381f3a6f1a0bab1f62/bin/build_karyotype.sh 

(standard_in) 1: syntax error
(standard_in) 1: syntax error
FILE NAME SAMPLE2_PE
Thu Mar  4 22:21:45 CET 2021
Obtain list of cromosomes (idiogram) for CIRCOS karyotype file
Generating summary karyotype file with plasmids that mapped more than %
Thu Mar  4 22:21:45 CET 2021
Done Obtain list of cromosomes (idiogram) for CIRCOS karyotype file
Files can be found at ./NO_GROUP/SAMPLE2_PE/data
1 sequences will be displayed on summary image
1 images will be created individually 


#Executing /home/svarona/work/conda/nf-core-viralrecon-1.2.0dev-3fb10bb8a332a0381f3a6f1a0bab1f62/bin/prokka_annotation.sh 


DEPENDENCY	              STATUS
----------	              ------
prokka                       [0;32mINSTALLED[0m 
PREFIX SAMPLE2_PE
Output directory is ./NO_GROUP/SAMPLE2_PE/data
Thu Mar  4 22:21:45 CET 2021
Annotating SAMPLE2_PE.scaffolds.fa with prokka
[22:21:45] This is prokka 1.14.6
[22:21:45] Written by Torsten Seemann <torsten.seemann@gmail.com>
[22:21:45] Homepage is https://github.com/tseemann/prokka
[22:21:45] Local time is Thu Mar  4 22:21:45 2021
[22:21:45] You are svarona
[22:21:45] Operating system is linux
[22:21:45] You have BioPerl 1.007002
[22:21:45] System has 12 cores.
[22:21:45] Will use maximum of 1 cores.
[22:21:45] Annotating as >>> Bacteria <<<
[22:21:45] Enabling options to ensure Genbank/ENA/DDJB submission compliance.
[22:21:45] Re-using existing --outdir ./NO_GROUP/SAMPLE2_PE/data
[22:21:45] Using filename prefix: SAMPLE2_PE.XXX
[22:21:45] Setting HMMER_NCPU=1
[22:21:45] Writing log to: ./NO_GROUP/SAMPLE2_PE/data/SAMPLE2_PE.log
[22:21:45] Command: /home/svarona/work/conda/nf-core-viralrecon-1.2.0dev-3fb10bb8a332a0381f3a6f1a0bab1f62/bin/prokka --force --outdir ./NO_GROUP/SAMPLE2_PE/data --prefix SAMPLE2_PE --addgenes --kingdom Bacteria --genus --species --usegenus --centre BU-ISCIII --locustag SAMPLE2_PE --compliant --cpus 1 SAMPLE2_PE.scaffolds.fa
[22:21:45] Appending to PATH: /home/svarona/work/conda/nf-core-viralrecon-1.2.0dev-3fb10bb8a332a0381f3a6f1a0bab1f62/bin
[22:21:45] Looking for 'aragorn' - found /home/svarona/work/conda/nf-core-viralrecon-1.2.0dev-3fb10bb8a332a0381f3a6f1a0bab1f62/bin/aragorn
[22:21:45] Determined aragorn version is 001002 from 'ARAGORN v1.2.38 Dean Laslett'
[22:21:45] Looking for 'barrnap' - found /home/svarona/work/conda/nf-core-viralrecon-1.2.0dev-3fb10bb8a332a0381f3a6f1a0bab1f62/bin/barrnap
[22:21:46] Determined barrnap version is 000009 from 'barrnap 0.9'
[22:21:46] Looking for 'blastp' - found /home/svarona/work/conda/nf-core-viralrecon-1.2.0dev-3fb10bb8a332a0381f3a6f1a0bab1f62/bin/blastp
[22:21:46] Determined blastp version is 002010 from 'blastp: 2.10.1+'
[22:21:46] Looking for 'cmpress' - found /home/svarona/work/conda/nf-core-viralrecon-1.2.0dev-3fb10bb8a332a0381f3a6f1a0bab1f62/bin/cmpress
[22:21:46] Determined cmpress version is 001001 from '# INFERNAL 1.1.3 (Nov 2019)'
[22:21:46] Looking for 'cmscan' - found /home/svarona/work/conda/nf-core-viralrecon-1.2.0dev-3fb10bb8a332a0381f3a6f1a0bab1f62/bin/cmscan
[22:21:46] Determined cmscan version is 001001 from '# INFERNAL 1.1.3 (Nov 2019)'
[22:21:46] Looking for 'egrep' - found /usr/bin/egrep
[22:21:46] Looking for 'find' - found /usr/bin/find
[22:21:46] Looking for 'grep' - found /usr/bin/grep
[22:21:46] Looking for 'hmmpress' - found /home/svarona/work/conda/nf-core-viralrecon-1.2.0dev-3fb10bb8a332a0381f3a6f1a0bab1f62/bin/hmmpress
[22:21:46] Determined hmmpress version is 003003 from '# HMMER 3.3.2 (Nov 2020); http://hmmer.org/'
[22:21:46] Looking for 'hmmscan' - found /home/svarona/work/conda/nf-core-viralrecon-1.2.0dev-3fb10bb8a332a0381f3a6f1a0bab1f62/bin/hmmscan
[22:21:46] Determined hmmscan version is 003003 from '# HMMER 3.3.2 (Nov 2020); http://hmmer.org/'
[22:21:46] Looking for 'java' - found /home/svarona/work/conda/nf-core-viralrecon-1.2.0dev-3fb10bb8a332a0381f3a6f1a0bab1f62/bin/java
[22:21:46] Looking for 'makeblastdb' - found /home/svarona/work/conda/nf-core-viralrecon-1.2.0dev-3fb10bb8a332a0381f3a6f1a0bab1f62/bin/makeblastdb
[22:21:46] Determined makeblastdb version is 002010 from 'makeblastdb: 2.10.1+'
[22:21:46] Looking for 'minced' - found /home/svarona/work/conda/nf-core-viralrecon-1.2.0dev-3fb10bb8a332a0381f3a6f1a0bab1f62/bin/minced
[22:21:46] Determined minced version is 004002 from 'minced 0.4.2'
[22:21:46] Looking for 'parallel' - found /home/svarona/work/conda/nf-core-viralrecon-1.2.0dev-3fb10bb8a332a0381f3a6f1a0bab1f62/bin/parallel
[22:21:46] Determined parallel version is 20210222 from 'GNU parallel 20210222'
[22:21:46] Looking for 'prodigal' - found /home/svarona/work/conda/nf-core-viralrecon-1.2.0dev-3fb10bb8a332a0381f3a6f1a0bab1f62/bin/prodigal
[22:21:46] Determined prodigal version is 002006 from 'Prodigal V2.6.3: February, 2016'
[22:21:46] Looking for 'prokka-genbank_to_fasta_db' - found /home/svarona/work/conda/nf-core-viralrecon-1.2.0dev-3fb10bb8a332a0381f3a6f1a0bab1f62/bin/prokka-genbank_to_fasta_db
[22:21:46] Looking for 'sed' - found /home/svarona/work/conda/nf-core-viralrecon-1.2.0dev-3fb10bb8a332a0381f3a6f1a0bab1f62/bin/sed
[22:21:46] Looking for 'tbl2asn' - found /home/svarona/work/conda/nf-core-viralrecon-1.2.0dev-3fb10bb8a332a0381f3a6f1a0bab1f62/bin/tbl2asn
[22:21:46] Determined tbl2asn version is 025007 from 'tbl2asn 25.7   arguments:'
[22:21:46] Using genetic code table 11.
[22:21:46] Loading and checking input file: SAMPLE2_PE.scaffolds.fa
[22:21:46] Wrote 13 contigs totalling 36769 bp.
[22:21:46] Predicting tRNAs and tmRNAs
[22:21:46] Running: aragorn -l -gc11  -w \.\/NO_GROUP\/SAMPLE2_PE\/data\/SAMPLE2_PE\.fna
[22:21:46] Found 0 tRNAs
[22:21:46] Predicting Ribosomal RNAs
[22:21:46] Running Barrnap with 1 threads
[22:21:46] Found 0 rRNAs
[22:21:46] Skipping ncRNA search, enable with --rfam if desired.
[22:21:46] Total of 0 tRNA + rRNA features
[22:21:46] Searching for CRISPR repeats
[22:21:46] Found 0 CRISPRs
[22:21:46] Predicting coding sequences
[22:21:46] Contigs total 36769 bp, so using meta mode
[22:21:46] Running: prodigal -i \.\/NO_GROUP\/SAMPLE2_PE\/data\/SAMPLE2_PE\.fna -c -m -g 11 -p meta -f sco -q
[22:21:47] Found 24 CDS
[22:21:47] Connecting features back to sequences
[22:21:47] Skipping genus-specific proteins as can't see /home/svarona/work/conda/nf-core-viralrecon-1.2.0dev-3fb10bb8a332a0381f3a6f1a0bab1f62/db/--species
[22:21:47] Annotating CDS, please be patient.
[22:21:47] Will use 1 CPUs for similarity searching.

--------------------- WARNING ---------------------
MSG: Seq [gnl|BU-ISCIII|SAMPLE2_PE_6]: Terminator codon inside CDS!
---------------------------------------------------

--------------------- WARNING ---------------------
MSG: Seq [gnl|BU-ISCIII|SAMPLE2_PE_6]: Terminator codon inside CDS!
---------------------------------------------------
[22:21:47] There are still 24 unannotated CDS left (started with 24)
[22:21:47] Will use blast to search against /home/svarona/work/conda/nf-core-viralrecon-1.2.0dev-3fb10bb8a332a0381f3a6f1a0bab1f62/db/kingdom/Bacteria/IS with 1 CPUs
[22:21:47] Running: cat \.\/NO_GROUP\/SAMPLE2_PE\/data\/SAMPLE2_PE\.IS\.tmp\.7745\.faa | parallel --gnu --plain -j 1 --block 4171 --recstart '>' --pipe blastp -query - -db /home/svarona/work/conda/nf-core-viralrecon-1.2.0dev-3fb10bb8a332a0381f3a6f1a0bab1f62/db/kingdom/Bacteria/IS -evalue 1e-30 -qcov_hsp_perc 90 -num_threads 1 -num_descriptions 1 -num_alignments 1 -seg no > \.\/NO_GROUP\/SAMPLE2_PE\/data\/SAMPLE2_PE\.IS\.tmp\.7745\.blast 2> /dev/null
[22:21:47] Deleting unwanted file: ./NO_GROUP/SAMPLE2_PE/data/SAMPLE2_PE.IS.tmp.7745.faa
[22:21:47] Deleting unwanted file: ./NO_GROUP/SAMPLE2_PE/data/SAMPLE2_PE.IS.tmp.7745.blast

--------------------- WARNING ---------------------
MSG: Seq [gnl|BU-ISCIII|SAMPLE2_PE_6]: Terminator codon inside CDS!
---------------------------------------------------

--------------------- WARNING ---------------------
MSG: Seq [gnl|BU-ISCIII|SAMPLE2_PE_6]: Terminator codon inside CDS!
---------------------------------------------------
[22:21:47] There are still 24 unannotated CDS left (started with 24)
[22:21:47] Will use blast to search against /home/svarona/work/conda/nf-core-viralrecon-1.2.0dev-3fb10bb8a332a0381f3a6f1a0bab1f62/db/kingdom/Bacteria/AMR with 1 CPUs
[22:21:47] Running: cat \.\/NO_GROUP\/SAMPLE2_PE\/data\/SAMPLE2_PE\.AMR\.tmp\.7745\.faa | parallel --gnu --plain -j 1 --block 4171 --recstart '>' --pipe blastp -query - -db /home/svarona/work/conda/nf-core-viralrecon-1.2.0dev-3fb10bb8a332a0381f3a6f1a0bab1f62/db/kingdom/Bacteria/AMR -evalue 9.99999999999999e-301 -qcov_hsp_perc 90 -num_threads 1 -num_descriptions 1 -num_alignments 1 -seg no > \.\/NO_GROUP\/SAMPLE2_PE\/data\/SAMPLE2_PE\.AMR\.tmp\.7745\.blast 2> /dev/null
[22:21:48] Deleting unwanted file: ./NO_GROUP/SAMPLE2_PE/data/SAMPLE2_PE.AMR.tmp.7745.faa
[22:21:48] Deleting unwanted file: ./NO_GROUP/SAMPLE2_PE/data/SAMPLE2_PE.AMR.tmp.7745.blast

--------------------- WARNING ---------------------
MSG: Seq [gnl|BU-ISCIII|SAMPLE2_PE_6]: Terminator codon inside CDS!
---------------------------------------------------

--------------------- WARNING ---------------------
MSG: Seq [gnl|BU-ISCIII|SAMPLE2_PE_6]: Terminator codon inside CDS!
---------------------------------------------------
[22:21:48] There are still 24 unannotated CDS left (started with 24)
[22:21:48] Will use blast to search against /home/svarona/work/conda/nf-core-viralrecon-1.2.0dev-3fb10bb8a332a0381f3a6f1a0bab1f62/db/kingdom/Bacteria/sprot with 1 CPUs
[22:21:48] Running: cat \.\/NO_GROUP\/SAMPLE2_PE\/data\/SAMPLE2_PE\.sprot\.tmp\.7745\.faa | parallel --gnu --plain -j 1 --block 4171 --recstart '>' --pipe blastp -query - -db /home/svarona/work/conda/nf-core-viralrecon-1.2.0dev-3fb10bb8a332a0381f3a6f1a0bab1f62/db/kingdom/Bacteria/sprot -evalue 1e-09 -qcov_hsp_perc 80 -num_threads 1 -num_descriptions 1 -num_alignments 1 -seg no > \.\/NO_GROUP\/SAMPLE2_PE\/data\/SAMPLE2_PE\.sprot\.tmp\.7745\.blast 2> /dev/null
[22:21:50] Deleting unwanted file: ./NO_GROUP/SAMPLE2_PE/data/SAMPLE2_PE.sprot.tmp.7745.faa
[22:21:55] Deleting unwanted file: ./NO_GROUP/SAMPLE2_PE/data/SAMPLE2_PE.sprot.tmp.7745.blast

--------------------- WARNING ---------------------
MSG: Seq [gnl|BU-ISCIII|SAMPLE2_PE_6]: Terminator codon inside CDS!
---------------------------------------------------

--------------------- WARNING ---------------------
MSG: Seq [gnl|BU-ISCIII|SAMPLE2_PE_6]: Terminator codon inside CDS!
---------------------------------------------------
[22:21:55] There are still 24 unannotated CDS left (started with 24)
[22:21:55] Will use hmmer3 to search against /home/svarona/work/conda/nf-core-viralrecon-1.2.0dev-3fb10bb8a332a0381f3a6f1a0bab1f62/db/hmm/HAMAP.hmm with 1 CPUs
[22:21:55] Running: cat \.\/NO_GROUP\/SAMPLE2_PE\/data\/SAMPLE2_PE\.HAMAP\.hmm\.tmp\.7745\.faa | parallel --gnu --plain -j 1 --block 4171 --recstart '>' --pipe hmmscan --noali --notextw --acc -E 1e-09 --cpu 1 /home/svarona/work/conda/nf-core-viralrecon-1.2.0dev-3fb10bb8a332a0381f3a6f1a0bab1f62/db/hmm/HAMAP.hmm /dev/stdin > \.\/NO_GROUP\/SAMPLE2_PE\/data\/SAMPLE2_PE\.HAMAP\.hmm\.tmp\.7745\.hmmer3 2> /dev/null
[22:22:03] Deleting unwanted file: ./NO_GROUP/SAMPLE2_PE/data/SAMPLE2_PE.HAMAP.hmm.tmp.7745.faa
[22:22:03] Deleting unwanted file: ./NO_GROUP/SAMPLE2_PE/data/SAMPLE2_PE.HAMAP.hmm.tmp.7745.hmmer3
[22:22:03] Labelling remaining 24 proteins as 'hypothetical protein'
[22:22:03] Found 0 unique /gene codes.
[22:22:03] Fixed 0 colliding /gene names.
[22:22:03] Adding /locus_tag identifiers
[22:22:03] Assigned 24 locus_tags to CDS and RNA features.
[22:22:03] Writing outputs to ./NO_GROUP/SAMPLE2_PE/data/

--------------------- WARNING ---------------------
MSG: Seq [SAMPLE2_PE_00018]: Terminator codon inside CDS!
---------------------------------------------------

--------------------- WARNING ---------------------
MSG: Seq [SAMPLE2_PE_00021]: Terminator codon inside CDS!
---------------------------------------------------
[22:22:03] Generating annotation statistics file
[22:22:03] Generating Genbank and Sequin files
[22:22:03] Running: tbl2asn -V b -a r10k -l paired-ends -M n -N 1 -y 'Annotated using prokka 1.14.6 from https://github.com/tseemann/prokka' -Z \.\/NO_GROUP\/SAMPLE2_PE\/data\/SAMPLE2_PE\.err -i \.\/NO_GROUP\/SAMPLE2_PE\/data\/SAMPLE2_PE\.fsa 2> /dev/null
[tbl2asn-forever] Found Prokka input, correcting dates in .gbf|.sqn files.
[tbl2asn-forever] Correcting dates in ./NO_GROUP/SAMPLE2_PE/data/SAMPLE2_PE.gbf
[tbl2asn-forever] Correcting dates in ./NO_GROUP/SAMPLE2_PE/data/SAMPLE2_PE.sqn
[tbl2asn-forever] Dates changed from 01-JAN-2019 to 04-MAR-2021
[22:22:04] Deleting unwanted file: ./NO_GROUP/SAMPLE2_PE/data/errorsummary.val
[22:22:04] Deleting unwanted file: ./NO_GROUP/SAMPLE2_PE/data/SAMPLE2_PE.dr
[22:22:04] Deleting unwanted file: ./NO_GROUP/SAMPLE2_PE/data/SAMPLE2_PE.fixedproducts
[22:22:04] Deleting unwanted file: ./NO_GROUP/SAMPLE2_PE/data/SAMPLE2_PE.ecn
[22:22:04] Deleting unwanted file: ./NO_GROUP/SAMPLE2_PE/data/SAMPLE2_PE.val
[22:22:04] Repairing broken .GBK output that tbl2asn produces...
[22:22:04] Running: sed 's/COORDINATES: profile/COORDINATES:profile/' < \.\/NO_GROUP\/SAMPLE2_PE\/data\/SAMPLE2_PE\.gbf > \.\/NO_GROUP\/SAMPLE2_PE\/data\/SAMPLE2_PE\.gbk
[22:22:04] Deleting unwanted file: ./NO_GROUP/SAMPLE2_PE/data/SAMPLE2_PE.gbf
[22:22:04] Output files:
[22:22:04] ./NO_GROUP/SAMPLE2_PE/data/SAMPLE2_PE.bedgraph_term
[22:22:04] ./NO_GROUP/SAMPLE2_PE/data/SAMPLE2_PE.coverage_adapted_clustered_ac
[22:22:04] ./NO_GROUP/SAMPLE2_PE/data/SAMPLE2_PE.err
[22:22:04] ./NO_GROUP/SAMPLE2_PE/data/SAMPLE2_PE.faa
[22:22:04] ./NO_GROUP/SAMPLE2_PE/data/SAMPLE2_PE.ffn
[22:22:04] ./NO_GROUP/SAMPLE2_PE/data/SAMPLE2_PE.fna
[22:22:04] ./NO_GROUP/SAMPLE2_PE/data/SAMPLE2_PE.fsa
[22:22:04] ./NO_GROUP/SAMPLE2_PE/data/SAMPLE2_PE.gbk
[22:22:04] ./NO_GROUP/SAMPLE2_PE/data/SAMPLE2_PE.gff
[22:22:04] ./NO_GROUP/SAMPLE2_PE/data/SAMPLE2_PE.karyotype_individual.txt
[22:22:04] ./NO_GROUP/SAMPLE2_PE/data/SAMPLE2_PE.karyotype_summary.txt
[22:22:04] ./NO_GROUP/SAMPLE2_PE/data/SAMPLE2_PE.log
[22:22:04] ./NO_GROUP/SAMPLE2_PE/data/SAMPLE2_PE.sqn
[22:22:04] ./NO_GROUP/SAMPLE2_PE/data/SAMPLE2_PE.tbl
[22:22:04] ./NO_GROUP/SAMPLE2_PE/data/SAMPLE2_PE.tsv
[22:22:04] ./NO_GROUP/SAMPLE2_PE/data/SAMPLE2_PE.txt
[22:22:04] Annotation finished successfully.
[22:22:04] Walltime used: 0.32 minutes
[22:22:04] If you use this result please cite the Prokka paper:
[22:22:04] Seemann T (2014) Prokka: rapid prokaryotic genome annotation. Bioinformatics. 30(14):2068-9.
[22:22:04] Type 'prokka --citation' for more details.
[22:22:04] Share and enjoy!
Thu Mar  4 22:22:04 CET 2021
done annotating SAMPLE2_PE.scaffolds.fa with prokka
Removing unwanted files



#Executing /home/svarona/work/conda/nf-core-viralrecon-1.2.0dev-3fb10bb8a332a0381f3a6f1a0bab1f62/bin/blast_align.sh 

query type selected as nucl
Output directory is ./NO_GROUP/SAMPLE2_PE/data
filename is SAMPLE2_PE
Thu Mar  4 22:22:04 CET 2021
Blasting SAMPLE2_PE agaist database.filtered_0.95_term.0.5.representative.fasta


Building a new DB, current time: 03/04/2021 22:22:04
New DB name:   /home/svarona/work/53/d71277dd24f8f8d96b39c61f0663cf/NO_GROUP/SAMPLE2_PE/kmer/database.filtered_0.95_term.0.5.representative.fasta.blast.tmp
New DB title:  ./NO_GROUP/SAMPLE2_PE/kmer/database.filtered_0.95_term.0.5.representative.fasta
Sequence type: Nucleotide
Keep MBits: T
Maximum file size: 1000000000B
Adding sequences from FASTA; added 1 sequences in 0.000669003 seconds.


BLAST command is blastn
Thu Mar  4 22:22:04 CET 2021
Done blasting SAMPLE2_PE agaist database.filtered_0.95_term.0.5.representative.fasta
blasted file can be found in ./NO_GROUP/SAMPLE2_PE/data/SAMPLE2_PE.plasmids.blast 


#Executing /home/svarona/work/conda/nf-core-viralrecon-1.2.0dev-3fb10bb8a332a0381f3a6f1a0bab1f62/bin/blast_to_bed.sh 

Thu Mar  4 22:22:04 CET 2021
Adapting blast to bed using SAMPLE2_PE.plasmids.blast with:
Blast identity= 60
Min length aligned= 500
Min len percentage= 0
Thu Mar  4 22:22:04 CET 2021
DONE adapting blast to bed
File can be found at ./NO_GROUP/SAMPLE2_PE/data/SAMPLE2_PE.plasmids.bed 


#Executing /home/svarona/work/conda/nf-core-viralrecon-1.2.0dev-3fb10bb8a332a0381f3a6f1a0bab1f62/bin/blast_to_complete.sh 

Thu Mar  4 22:22:04 CET 2021
Adapting blast to complete using SAMPLE2_PE.plasmids.blast with:
Blast identity= 60
Min len percentage= 20
Thu Mar  4 22:22:04 CET 2021
DONE adapting blast to complete
File can be found at ./NO_GROUP/SAMPLE2_PE/data/SAMPLE2_PE.plasmids.complete /n

#Executing /home/svarona/work/conda/nf-core-viralrecon-1.2.0dev-3fb10bb8a332a0381f3a6f1a0bab1f62/bin/blast_to_link.sh 

Thu Mar  4 22:22:04 CET 2021
Adapting blast to links using SAMPLE2_PE.plasmids.blast with:
Blast identity= 60
Min len percentage= 20
Thu Mar  4 22:22:04 CET 2021
DONE adapting blast to link
File can be found at ./NO_GROUP/SAMPLE2_PE/data/SAMPLE2_PE.plasmids.links 


#Executing /home/svarona/work/conda/nf-core-viralrecon-1.2.0dev-3fb10bb8a332a0381f3a6f1a0bab1f62/bin/gff_to_bed.sh 

Thu Mar  4 22:22:04 CET 2021
Getting bed file from GFF in SAMPLE2_PE.gff
Thu Mar  4 22:22:04 CET 2021
DONE getting bed file from GFF
File can be found at ./NO_GROUP/SAMPLE2_PE/data/SAMPLE2_PE.gff.bed



#Executing /home/svarona/work/conda/nf-core-viralrecon-1.2.0dev-3fb10bb8a332a0381f3a6f1a0bab1f62/bin/coordinate_adapter.sh 

Thu Mar  4 22:22:04 CET 2021
adapting coordinates from ./NO_GROUP/SAMPLE2_PE/data/SAMPLE2_PE.gff.bed and ./NO_GROUP/SAMPLE2_PE/data/SAMPLE2_PE.plasmids.blast.links
file name is: SAMPLE2_PE.gff
Thu Mar  4 22:22:05 CET 2021
Coordinates adapted to file ./NO_GROUP/SAMPLE2_PE/data/SAMPLE2_PE.gff.coordinates 


#Executing /home/svarona/work/conda/nf-core-viralrecon-1.2.0dev-3fb10bb8a332a0381f3a6f1a0bab1f62/bin/coordinate_adapter.sh 

Thu Mar  4 22:22:05 CET 2021
adapting coordinates from ./NO_GROUP/SAMPLE2_PE/data/SAMPLE2_PE.gff.forward.bed and ./NO_GROUP/SAMPLE2_PE/data/SAMPLE2_PE.plasmids.blast.links
file name is: SAMPLE2_PE.gff.forward
Thu Mar  4 22:22:05 CET 2021
Coordinates adapted to file ./NO_GROUP/SAMPLE2_PE/data/SAMPLE2_PE.gff.forward.coordinates 


#Executing /home/svarona/work/conda/nf-core-viralrecon-1.2.0dev-3fb10bb8a332a0381f3a6f1a0bab1f62/bin/coordinate_adapter.sh 

Thu Mar  4 22:22:05 CET 2021
adapting coordinates from ./NO_GROUP/SAMPLE2_PE/data/SAMPLE2_PE.gff.reverse.bed and ./NO_GROUP/SAMPLE2_PE/data/SAMPLE2_PE.plasmids.blast.links
file name is: SAMPLE2_PE.gff.reverse
Thu Mar  4 22:22:05 CET 2021
Coordinates adapted to file ./NO_GROUP/SAMPLE2_PE/data/SAMPLE2_PE.gff.reverse.coordinates 


#Executing /home/svarona/work/conda/nf-core-viralrecon-1.2.0dev-3fb10bb8a332a0381f3a6f1a0bab1f62/bin/prokka_annotation.sh 


DEPENDENCY	              STATUS
----------	              ------
prokka                       [0;32mINSTALLED[0m 
PREFIX SAMPLE2_PE
Output directory is ./NO_GROUP/SAMPLE2_PE/database
Thu Mar  4 22:22:05 CET 2021
Annotating ./NO_GROUP/SAMPLE2_PE/kmer/database.filtered_0.95_term.0.5.representative.fasta with prokka
[22:22:05] This is prokka 1.14.6
[22:22:05] Written by Torsten Seemann <torsten.seemann@gmail.com>
[22:22:05] Homepage is https://github.com/tseemann/prokka
[22:22:05] Local time is Thu Mar  4 22:22:05 2021
[22:22:05] You are svarona
[22:22:05] Operating system is linux
[22:22:05] You have BioPerl 1.007002
[22:22:05] System has 12 cores.
[22:22:05] Will use maximum of 1 cores.
[22:22:05] Annotating as >>> Bacteria <<<
[22:22:05] Enabling options to ensure Genbank/ENA/DDJB submission compliance.
[22:22:05] Re-using existing --outdir ./NO_GROUP/SAMPLE2_PE/database
[22:22:05] Using filename prefix: SAMPLE2_PE.XXX
[22:22:05] Setting HMMER_NCPU=1
[22:22:05] Writing log to: ./NO_GROUP/SAMPLE2_PE/database/SAMPLE2_PE.log
[22:22:05] Command: /home/svarona/work/conda/nf-core-viralrecon-1.2.0dev-3fb10bb8a332a0381f3a6f1a0bab1f62/bin/prokka --force --outdir ./NO_GROUP/SAMPLE2_PE/database --prefix SAMPLE2_PE --addgenes --kingdom Bacteria --genus --species --usegenus --centre BU-ISCIII --locustag SAMPLE2_PE --compliant --cpus 1 ./NO_GROUP/SAMPLE2_PE/kmer/database.filtered_0.95_term.0.5.representative.fasta
[22:22:05] Appending to PATH: /home/svarona/work/conda/nf-core-viralrecon-1.2.0dev-3fb10bb8a332a0381f3a6f1a0bab1f62/bin
[22:22:05] Looking for 'aragorn' - found /home/svarona/work/conda/nf-core-viralrecon-1.2.0dev-3fb10bb8a332a0381f3a6f1a0bab1f62/bin/aragorn
[22:22:05] Determined aragorn version is 001002 from 'ARAGORN v1.2.38 Dean Laslett'
[22:22:05] Looking for 'barrnap' - found /home/svarona/work/conda/nf-core-viralrecon-1.2.0dev-3fb10bb8a332a0381f3a6f1a0bab1f62/bin/barrnap
[22:22:05] Determined barrnap version is 000009 from 'barrnap 0.9'
[22:22:05] Looking for 'blastp' - found /home/svarona/work/conda/nf-core-viralrecon-1.2.0dev-3fb10bb8a332a0381f3a6f1a0bab1f62/bin/blastp
[22:22:05] Determined blastp version is 002010 from 'blastp: 2.10.1+'
[22:22:05] Looking for 'cmpress' - found /home/svarona/work/conda/nf-core-viralrecon-1.2.0dev-3fb10bb8a332a0381f3a6f1a0bab1f62/bin/cmpress
[22:22:05] Determined cmpress version is 001001 from '# INFERNAL 1.1.3 (Nov 2019)'
[22:22:05] Looking for 'cmscan' - found /home/svarona/work/conda/nf-core-viralrecon-1.2.0dev-3fb10bb8a332a0381f3a6f1a0bab1f62/bin/cmscan
[22:22:05] Determined cmscan version is 001001 from '# INFERNAL 1.1.3 (Nov 2019)'
[22:22:05] Looking for 'egrep' - found /usr/bin/egrep
[22:22:05] Looking for 'find' - found /usr/bin/find
[22:22:05] Looking for 'grep' - found /usr/bin/grep
[22:22:05] Looking for 'hmmpress' - found /home/svarona/work/conda/nf-core-viralrecon-1.2.0dev-3fb10bb8a332a0381f3a6f1a0bab1f62/bin/hmmpress
[22:22:05] Determined hmmpress version is 003003 from '# HMMER 3.3.2 (Nov 2020); http://hmmer.org/'
[22:22:05] Looking for 'hmmscan' - found /home/svarona/work/conda/nf-core-viralrecon-1.2.0dev-3fb10bb8a332a0381f3a6f1a0bab1f62/bin/hmmscan
[22:22:05] Determined hmmscan version is 003003 from '# HMMER 3.3.2 (Nov 2020); http://hmmer.org/'
[22:22:05] Looking for 'java' - found /home/svarona/work/conda/nf-core-viralrecon-1.2.0dev-3fb10bb8a332a0381f3a6f1a0bab1f62/bin/java
[22:22:05] Looking for 'makeblastdb' - found /home/svarona/work/conda/nf-core-viralrecon-1.2.0dev-3fb10bb8a332a0381f3a6f1a0bab1f62/bin/makeblastdb
[22:22:05] Determined makeblastdb version is 002010 from 'makeblastdb: 2.10.1+'
[22:22:05] Looking for 'minced' - found /home/svarona/work/conda/nf-core-viralrecon-1.2.0dev-3fb10bb8a332a0381f3a6f1a0bab1f62/bin/minced
[22:22:05] Determined minced version is 004002 from 'minced 0.4.2'
[22:22:05] Looking for 'parallel' - found /home/svarona/work/conda/nf-core-viralrecon-1.2.0dev-3fb10bb8a332a0381f3a6f1a0bab1f62/bin/parallel
[22:22:05] Determined parallel version is 20210222 from 'GNU parallel 20210222'
[22:22:05] Looking for 'prodigal' - found /home/svarona/work/conda/nf-core-viralrecon-1.2.0dev-3fb10bb8a332a0381f3a6f1a0bab1f62/bin/prodigal
[22:22:05] Determined prodigal version is 002006 from 'Prodigal V2.6.3: February, 2016'
[22:22:05] Looking for 'prokka-genbank_to_fasta_db' - found /home/svarona/work/conda/nf-core-viralrecon-1.2.0dev-3fb10bb8a332a0381f3a6f1a0bab1f62/bin/prokka-genbank_to_fasta_db
[22:22:05] Looking for 'sed' - found /home/svarona/work/conda/nf-core-viralrecon-1.2.0dev-3fb10bb8a332a0381f3a6f1a0bab1f62/bin/sed
[22:22:05] Looking for 'tbl2asn' - found /home/svarona/work/conda/nf-core-viralrecon-1.2.0dev-3fb10bb8a332a0381f3a6f1a0bab1f62/bin/tbl2asn
[22:22:06] Determined tbl2asn version is 025007 from 'tbl2asn 25.7   arguments:'
[22:22:06] Using genetic code table 11.
[22:22:06] Loading and checking input file: ./NO_GROUP/SAMPLE2_PE/kmer/database.filtered_0.95_term.0.5.representative.fasta
[22:22:06] Wrote 1 contigs totalling 29903 bp.
[22:22:06] Predicting tRNAs and tmRNAs
[22:22:06] Running: aragorn -l -gc11  -w \.\/NO_GROUP\/SAMPLE2_PE\/database\/SAMPLE2_PE\.fna
[22:22:06] Found 0 tRNAs
[22:22:06] Predicting Ribosomal RNAs
[22:22:06] Running Barrnap with 1 threads
[22:22:06] Found 0 rRNAs
[22:22:06] Skipping ncRNA search, enable with --rfam if desired.
[22:22:06] Total of 0 tRNA + rRNA features
[22:22:06] Searching for CRISPR repeats
[22:22:06] Found 0 CRISPRs
[22:22:06] Predicting coding sequences
[22:22:06] Contigs total 29903 bp, so using meta mode
[22:22:06] Running: prodigal -i \.\/NO_GROUP\/SAMPLE2_PE\/database\/SAMPLE2_PE\.fna -c -m -g 11 -p meta -f sco -q
[22:22:06] Found 9 CDS
[22:22:06] Connecting features back to sequences
[22:22:06] Skipping genus-specific proteins as can't see /home/svarona/work/conda/nf-core-viralrecon-1.2.0dev-3fb10bb8a332a0381f3a6f1a0bab1f62/db/--species
[22:22:06] Annotating CDS, please be patient.
[22:22:06] Will use 1 CPUs for similarity searching.
[22:22:06] There are still 9 unannotated CDS left (started with 9)
[22:22:06] Will use blast to search against /home/svarona/work/conda/nf-core-viralrecon-1.2.0dev-3fb10bb8a332a0381f3a6f1a0bab1f62/db/kingdom/Bacteria/IS with 1 CPUs
[22:22:06] Running: cat \.\/NO_GROUP\/SAMPLE2_PE\/database\/SAMPLE2_PE\.IS\.tmp\.13400\.faa | parallel --gnu --plain -j 1 --block 4764 --recstart '>' --pipe blastp -query - -db /home/svarona/work/conda/nf-core-viralrecon-1.2.0dev-3fb10bb8a332a0381f3a6f1a0bab1f62/db/kingdom/Bacteria/IS -evalue 1e-30 -qcov_hsp_perc 90 -num_threads 1 -num_descriptions 1 -num_alignments 1 -seg no > \.\/NO_GROUP\/SAMPLE2_PE\/database\/SAMPLE2_PE\.IS\.tmp\.13400\.blast 2> /dev/null
[22:22:07] Deleting unwanted file: ./NO_GROUP/SAMPLE2_PE/database/SAMPLE2_PE.IS.tmp.13400.faa
[22:22:07] Deleting unwanted file: ./NO_GROUP/SAMPLE2_PE/database/SAMPLE2_PE.IS.tmp.13400.blast
[22:22:07] There are still 9 unannotated CDS left (started with 9)
[22:22:07] Will use blast to search against /home/svarona/work/conda/nf-core-viralrecon-1.2.0dev-3fb10bb8a332a0381f3a6f1a0bab1f62/db/kingdom/Bacteria/AMR with 1 CPUs
[22:22:07] Running: cat \.\/NO_GROUP\/SAMPLE2_PE\/database\/SAMPLE2_PE\.AMR\.tmp\.13400\.faa | parallel --gnu --plain -j 1 --block 4764 --recstart '>' --pipe blastp -query - -db /home/svarona/work/conda/nf-core-viralrecon-1.2.0dev-3fb10bb8a332a0381f3a6f1a0bab1f62/db/kingdom/Bacteria/AMR -evalue 9.99999999999999e-301 -qcov_hsp_perc 90 -num_threads 1 -num_descriptions 1 -num_alignments 1 -seg no > \.\/NO_GROUP\/SAMPLE2_PE\/database\/SAMPLE2_PE\.AMR\.tmp\.13400\.blast 2> /dev/null
[22:22:07] Deleting unwanted file: ./NO_GROUP/SAMPLE2_PE/database/SAMPLE2_PE.AMR.tmp.13400.faa
[22:22:07] Deleting unwanted file: ./NO_GROUP/SAMPLE2_PE/database/SAMPLE2_PE.AMR.tmp.13400.blast
[22:22:07] There are still 9 unannotated CDS left (started with 9)
[22:22:07] Will use blast to search against /home/svarona/work/conda/nf-core-viralrecon-1.2.0dev-3fb10bb8a332a0381f3a6f1a0bab1f62/db/kingdom/Bacteria/sprot with 1 CPUs
[22:22:07] Running: cat \.\/NO_GROUP\/SAMPLE2_PE\/database\/SAMPLE2_PE\.sprot\.tmp\.13400\.faa | parallel --gnu --plain -j 1 --block 4764 --recstart '>' --pipe blastp -query - -db /home/svarona/work/conda/nf-core-viralrecon-1.2.0dev-3fb10bb8a332a0381f3a6f1a0bab1f62/db/kingdom/Bacteria/sprot -evalue 1e-09 -qcov_hsp_perc 80 -num_threads 1 -num_descriptions 1 -num_alignments 1 -seg no > \.\/NO_GROUP\/SAMPLE2_PE\/database\/SAMPLE2_PE\.sprot\.tmp\.13400\.blast 2> /dev/null
[01:10:30] Deleting unwanted file: ./NO_GROUP/SAMPLE2_PE/database/SAMPLE2_PE.sprot.tmp.13400.faa
[01:10:30] Deleting unwanted file: ./NO_GROUP/SAMPLE2_PE/database/SAMPLE2_PE.sprot.tmp.13400.blast
[01:10:30] There are still 9 unannotated CDS left (started with 9)
[01:10:30] Will use hmmer3 to search against /home/svarona/work/conda/nf-core-viralrecon-1.2.0dev-3fb10bb8a332a0381f3a6f1a0bab1f62/db/hmm/HAMAP.hmm with 1 CPUs
[01:10:30] Running: cat \.\/NO_GROUP\/SAMPLE2_PE\/database\/SAMPLE2_PE\.HAMAP\.hmm\.tmp\.13400\.faa | parallel --gnu --plain -j 1 --block 4764 --recstart '>' --pipe hmmscan --noali --notextw --acc -E 1e-09 --cpu 1 /home/svarona/work/conda/nf-core-viralrecon-1.2.0dev-3fb10bb8a332a0381f3a6f1a0bab1f62/db/hmm/HAMAP.hmm /dev/stdin > \.\/NO_GROUP\/SAMPLE2_PE\/database\/SAMPLE2_PE\.HAMAP\.hmm\.tmp\.13400\.hmmer3 2> /dev/null
[01:10:33] Deleting unwanted file: ./NO_GROUP/SAMPLE2_PE/database/SAMPLE2_PE.HAMAP.hmm.tmp.13400.faa
[01:10:33] Deleting unwanted file: ./NO_GROUP/SAMPLE2_PE/database/SAMPLE2_PE.HAMAP.hmm.tmp.13400.hmmer3
[01:10:33] Labelling remaining 8 proteins as 'hypothetical protein'
[01:10:33] Found 1 unique /gene codes.
[01:10:33] Fixed 0 colliding /gene names.
[01:10:33] Adding /locus_tag identifiers
[01:10:33] Assigned 9 locus_tags to CDS and RNA features.
[01:10:33] Writing outputs to ./NO_GROUP/SAMPLE2_PE/database/
[01:10:33] Generating annotation statistics file
[01:10:33] Generating Genbank and Sequin files
[01:10:33] Running: tbl2asn -V b -a r10k -l paired-ends -M n -N 1 -y 'Annotated using prokka 1.14.6 from https://github.com/tseemann/prokka' -Z \.\/NO_GROUP\/SAMPLE2_PE\/database\/SAMPLE2_PE\.err -i \.\/NO_GROUP\/SAMPLE2_PE\/database\/SAMPLE2_PE\.fsa 2> /dev/null
[tbl2asn-forever] Found Prokka input, correcting dates in .gbf|.sqn files.
[tbl2asn-forever] Correcting dates in ./NO_GROUP/SAMPLE2_PE/database/SAMPLE2_PE.gbf
[tbl2asn-forever] Correcting dates in ./NO_GROUP/SAMPLE2_PE/database/SAMPLE2_PE.sqn
[tbl2asn-forever] Dates changed from 01-JAN-2019 to 05-MAR-2021
[01:10:34] Deleting unwanted file: ./NO_GROUP/SAMPLE2_PE/database/errorsummary.val
[01:10:34] Deleting unwanted file: ./NO_GROUP/SAMPLE2_PE/database/SAMPLE2_PE.dr
[01:10:34] Deleting unwanted file: ./NO_GROUP/SAMPLE2_PE/database/SAMPLE2_PE.fixedproducts
[01:10:34] Deleting unwanted file: ./NO_GROUP/SAMPLE2_PE/database/SAMPLE2_PE.ecn
[01:10:34] Deleting unwanted file: ./NO_GROUP/SAMPLE2_PE/database/SAMPLE2_PE.val
[01:10:34] Repairing broken .GBK output that tbl2asn produces...
[01:10:34] Running: sed 's/COORDINATES: profile/COORDINATES:profile/' < \.\/NO_GROUP\/SAMPLE2_PE\/database\/SAMPLE2_PE\.gbf > \.\/NO_GROUP\/SAMPLE2_PE\/database\/SAMPLE2_PE\.gbk
[01:10:34] Deleting unwanted file: ./NO_GROUP/SAMPLE2_PE/database/SAMPLE2_PE.gbf
[01:10:34] Output files:
[01:10:34] ./NO_GROUP/SAMPLE2_PE/database/SAMPLE2_PE.err
[01:10:34] ./NO_GROUP/SAMPLE2_PE/database/SAMPLE2_PE.faa
[01:10:34] ./NO_GROUP/SAMPLE2_PE/database/SAMPLE2_PE.ffn
[01:10:34] ./NO_GROUP/SAMPLE2_PE/database/SAMPLE2_PE.fna
[01:10:34] ./NO_GROUP/SAMPLE2_PE/database/SAMPLE2_PE.fsa
[01:10:34] ./NO_GROUP/SAMPLE2_PE/database/SAMPLE2_PE.gbk
[01:10:34] ./NO_GROUP/SAMPLE2_PE/database/SAMPLE2_PE.gff
[01:10:34] ./NO_GROUP/SAMPLE2_PE/database/SAMPLE2_PE.log
[01:10:34] ./NO_GROUP/SAMPLE2_PE/database/SAMPLE2_PE.sqn
[01:10:34] ./NO_GROUP/SAMPLE2_PE/database/SAMPLE2_PE.tbl
[01:10:34] ./NO_GROUP/SAMPLE2_PE/database/SAMPLE2_PE.tsv
[01:10:34] ./NO_GROUP/SAMPLE2_PE/database/SAMPLE2_PE.txt
[01:10:34] Annotation finished successfully.
[01:10:34] Walltime used: 168.48 minutes
[01:10:34] If you use this result please cite the Prokka paper:
[01:10:34] Seemann T (2014) Prokka: rapid prokaryotic genome annotation. Bioinformatics. 30(14):2068-9.
[01:10:34] Type 'prokka --citation' for more details.
[01:10:34] Share and enjoy!
Fri Mar  5 01:10:34 CET 2021
done annotating ./NO_GROUP/SAMPLE2_PE/kmer/database.filtered_0.95_term.0.5.representative.fasta with prokka
Removing unwanted files



#Executing /home/svarona/work/conda/nf-core-viralrecon-1.2.0dev-3fb10bb8a332a0381f3a6f1a0bab1f62/bin/rename_from_fasta.sh 

Default output directory is ./NO_GROUP/SAMPLE2_PE/database
Fri Mar  5 01:10:34 CET 2021
Renaming SAMPLE2_PE.gff
Fri Mar  5 01:10:34 CET 2021
DONE renaming SAMPLE2_PE.gff
Renamed file can be found at ./NO_GROUP/SAMPLE2_PE/database/SAMPLE2_PE.gff.renamed

#Executing /home/svarona/work/conda/nf-core-viralrecon-1.2.0dev-3fb10bb8a332a0381f3a6f1a0bab1f62/bin/gff_to_bed.sh 

Fri Mar  5 01:10:34 CET 2021
Getting bed file from GFF in SAMPLE2_PE.gff
Fri Mar  5 01:10:34 CET 2021
DONE getting bed file from GFF
File can be found at ./NO_GROUP/SAMPLE2_PE/database/SAMPLE2_PE.gff.bed



#Executing /home/svarona/work/conda/nf-core-viralrecon-1.2.0dev-3fb10bb8a332a0381f3a6f1a0bab1f62/bin/filter_fasta.sh 

Output directory is= ./NO_GROUP/SAMPLE2_PE/fasta_files
File name is= NC_045512.2
Fri Mar  5 01:10:34 CET 2021
Filtering terms on file SAMPLE2_PE.fna
Fri Mar  5 01:10:34 CET 2021
DONE Filtering terms on file SAMPLE2_PE.fna
File with filtered sequences can be found in ./NO_GROUP/SAMPLE2_PE/fasta_files/NC_045512.2_term.fasta
Previous number of sequences= 13
Post number of sequences= 10


