Discrepancy Report Results

Summary
DISC_PROTEIN_NAMES:All proteins have same name "hypothetical protein"
FATAL: BAD_LOCUS_TAG_FORMAT:24 locus tags are incorrectly formatted.
DISC_SOURCE_QUALS_ASNDISC:strain (all present, all same)
DISC_SOURCE_QUALS_ASNDISC:taxname (all present, all same)
DISC_FEATURE_COUNT:gene: 24 present
DISC_FEATURE_COUNT:CDS: 24 present
DISC_COUNT_NUCLEOTIDES:13 nucleotide Bioseqs are present
OVERLAPPING_GENES:4 genes overlap another gene on the same strand.
NO_ANNOTATION:4 bioseqs have no features
DISC_QUALITY_SCORES:Quality scores are missing on all sequences.
ONCALLER_COMMENT_PRESENT:13 comment descriptors were found (all same)
SHORT_PROT_SEQUENCES:2 protein sequences are shorter than 50 aa.
MISSING_GENOMEASSEMBLY_COMMENTS:13 bioseqs are missing GenomeAssembly structured comments
MOLTYPE_NOT_MRNA:13 molecule types are not set as mRNA.
TECHNIQUE_NOT_TSA:13 technique are not set as TSA
MISSING_STRUCTURED_COMMENT:13 sequences do not include structured comments.
MISSING_PROJECT:37 sequences do not include project.
DISC_INCONSISTENT_MOLINFO_TECH:Molinfo Technique Report (some missing, all same)


Detailed Report

DiscRep_ALL:DISC_PROTEIN_NAMES::All proteins have same name "hypothetical protein"

FATAL: DiscRep_ALL:BAD_LOCUS_TAG_FORMAT::24 locus tags are incorrectly formatted.
./NO_GROUP/SAMPLE2_PE/data/SAMPLE2_PE:Gene	SAMPLE2_PE_00001	SAMPLE2_PE_1:22-4596	SAMPLE2_PE_00001
./NO_GROUP/SAMPLE2_PE/data/SAMPLE2_PE:Gene	SAMPLE2_PE_00002	SAMPLE2_PE_1:4881-10454	SAMPLE2_PE_00002
./NO_GROUP/SAMPLE2_PE/data/SAMPLE2_PE:Gene	SAMPLE2_PE_00003	SAMPLE2_PE_2:101-2239	SAMPLE2_PE_00003
./NO_GROUP/SAMPLE2_PE/data/SAMPLE2_PE:Gene	SAMPLE2_PE_00004	SAMPLE2_PE_2:2220-6068	SAMPLE2_PE_00004
./NO_GROUP/SAMPLE2_PE/data/SAMPLE2_PE:Gene	SAMPLE2_PE_00005	SAMPLE2_PE_3:92-547	SAMPLE2_PE_00005
./NO_GROUP/SAMPLE2_PE/data/SAMPLE2_PE:Gene	SAMPLE2_PE_00006	SAMPLE2_PE_3:850-1518	SAMPLE2_PE_00006
./NO_GROUP/SAMPLE2_PE/data/SAMPLE2_PE:Gene	SAMPLE2_PE_00007	SAMPLE2_PE_3:1529-1714	SAMPLE2_PE_00007
./NO_GROUP/SAMPLE2_PE/data/SAMPLE2_PE:Gene	SAMPLE2_PE_00008	SAMPLE2_PE_3:2220-2585	SAMPLE2_PE_00008
./NO_GROUP/SAMPLE2_PE/data/SAMPLE2_PE:Gene	SAMPLE2_PE_00009	SAMPLE2_PE_3:2600-3859	SAMPLE2_PE_00009
./NO_GROUP/SAMPLE2_PE/data/SAMPLE2_PE:Gene	SAMPLE2_PE_00010	SAMPLE2_PE_4:85-543	SAMPLE2_PE_00010
./NO_GROUP/SAMPLE2_PE/data/SAMPLE2_PE:Gene	SAMPLE2_PE_00011	SAMPLE2_PE_4:543-659	SAMPLE2_PE_00011
./NO_GROUP/SAMPLE2_PE/data/SAMPLE2_PE:Gene	SAMPLE2_PE_00012	SAMPLE2_PE_4:696-1979	SAMPLE2_PE_00012
./NO_GROUP/SAMPLE2_PE/data/SAMPLE2_PE:Gene	SAMPLE2_PE_00013	SAMPLE2_PE_4:2090-2617	SAMPLE2_PE_00013
./NO_GROUP/SAMPLE2_PE/data/SAMPLE2_PE:Gene	SAMPLE2_PE_00014	SAMPLE2_PE_4:2626-3612	SAMPLE2_PE_00014
./NO_GROUP/SAMPLE2_PE/data/SAMPLE2_PE:Gene	SAMPLE2_PE_00015	SAMPLE2_PE_5:c806-648	SAMPLE2_PE_00015
./NO_GROUP/SAMPLE2_PE/data/SAMPLE2_PE:Gene	SAMPLE2_PE_00016	SAMPLE2_PE_5:1103-1564	SAMPLE2_PE_00016
./NO_GROUP/SAMPLE2_PE/data/SAMPLE2_PE:Gene	SAMPLE2_PE_00017	SAMPLE2_PE_5:2224-2463	SAMPLE2_PE_00017
./NO_GROUP/SAMPLE2_PE/data/SAMPLE2_PE:Gene	SAMPLE2_PE_00018	SAMPLE2_PE_6:c264-106	SAMPLE2_PE_00018
./NO_GROUP/SAMPLE2_PE/data/SAMPLE2_PE:Gene	SAMPLE2_PE_00019	SAMPLE2_PE_6:c1005-703	SAMPLE2_PE_00019
./NO_GROUP/SAMPLE2_PE/data/SAMPLE2_PE:Gene	SAMPLE2_PE_00020	SAMPLE2_PE_6:c1852-1748	SAMPLE2_PE_00020
./NO_GROUP/SAMPLE2_PE/data/SAMPLE2_PE:Gene	SAMPLE2_PE_00021	SAMPLE2_PE_6:c2769-2560	SAMPLE2_PE_00021
./NO_GROUP/SAMPLE2_PE/data/SAMPLE2_PE:Gene	SAMPLE2_PE_00022	SAMPLE2_PE_8:208-444	SAMPLE2_PE_00022
./NO_GROUP/SAMPLE2_PE/data/SAMPLE2_PE:Gene	SAMPLE2_PE_00023	SAMPLE2_PE_10:176-424	SAMPLE2_PE_00023
./NO_GROUP/SAMPLE2_PE/data/SAMPLE2_PE:Gene	SAMPLE2_PE_00024	SAMPLE2_PE_13:c235-41	SAMPLE2_PE_00024

DiscRep_ALL:DISC_SOURCE_QUALS_ASNDISC::strain (all present, all same)
DiscRep_SUB:DISC_SOURCE_QUALS_ASNDISC::13 sources have 'strain' for strain
DiscRep_ALL:DISC_SOURCE_QUALS_ASNDISC::taxname (all present, all same)
DiscRep_SUB:DISC_SOURCE_QUALS_ASNDISC::13 sources have '--species species' for taxname
DiscRep_ALL:DISC_FEATURE_COUNT::gene: 24 present
DiscRep_ALL:DISC_FEATURE_COUNT::CDS: 24 present
DiscRep_ALL:DISC_COUNT_NUCLEOTIDES::13 nucleotide Bioseqs are present
./NO_GROUP/SAMPLE2_PE/data/SAMPLE2_PE:BU-ISCIII:SAMPLE2_PE_1 (length 10482)
./NO_GROUP/SAMPLE2_PE/data/SAMPLE2_PE:BU-ISCIII:SAMPLE2_PE_2 (length 6357)
./NO_GROUP/SAMPLE2_PE/data/SAMPLE2_PE:BU-ISCIII:SAMPLE2_PE_3 (length 4107)
./NO_GROUP/SAMPLE2_PE/data/SAMPLE2_PE:BU-ISCIII:SAMPLE2_PE_4 (length 4070)
./NO_GROUP/SAMPLE2_PE/data/SAMPLE2_PE:BU-ISCIII:SAMPLE2_PE_5 (length 3823)
./NO_GROUP/SAMPLE2_PE/data/SAMPLE2_PE:BU-ISCIII:SAMPLE2_PE_6 (length 3177)
./NO_GROUP/SAMPLE2_PE/data/SAMPLE2_PE:BU-ISCIII:SAMPLE2_PE_7 (length 1562)
./NO_GROUP/SAMPLE2_PE/data/SAMPLE2_PE:BU-ISCIII:SAMPLE2_PE_8 (length 845)
./NO_GROUP/SAMPLE2_PE/data/SAMPLE2_PE:BU-ISCIII:SAMPLE2_PE_9 (length 517)
./NO_GROUP/SAMPLE2_PE/data/SAMPLE2_PE:BU-ISCIII:SAMPLE2_PE_10 (length 462)
./NO_GROUP/SAMPLE2_PE/data/SAMPLE2_PE:BU-ISCIII:SAMPLE2_PE_11 (length 460)
./NO_GROUP/SAMPLE2_PE/data/SAMPLE2_PE:BU-ISCIII:SAMPLE2_PE_12 (length 459)
./NO_GROUP/SAMPLE2_PE/data/SAMPLE2_PE:BU-ISCIII:SAMPLE2_PE_13 (length 448)

DiscRep_ALL:OVERLAPPING_GENES::4 genes overlap another gene on the same strand.
./NO_GROUP/SAMPLE2_PE/data/SAMPLE2_PE:Gene	SAMPLE2_PE_00003	SAMPLE2_PE_2:101-2239	SAMPLE2_PE_00003
./NO_GROUP/SAMPLE2_PE/data/SAMPLE2_PE:Gene	SAMPLE2_PE_00004	SAMPLE2_PE_2:2220-6068	SAMPLE2_PE_00004
./NO_GROUP/SAMPLE2_PE/data/SAMPLE2_PE:Gene	SAMPLE2_PE_00010	SAMPLE2_PE_4:85-543	SAMPLE2_PE_00010
./NO_GROUP/SAMPLE2_PE/data/SAMPLE2_PE:Gene	SAMPLE2_PE_00011	SAMPLE2_PE_4:543-659	SAMPLE2_PE_00011

DiscRep_ALL:NO_ANNOTATION::4 bioseqs have no features
./NO_GROUP/SAMPLE2_PE/data/SAMPLE2_PE:BU-ISCIII:SAMPLE2_PE_7 (length 1562)
./NO_GROUP/SAMPLE2_PE/data/SAMPLE2_PE:BU-ISCIII:SAMPLE2_PE_9 (length 517)
./NO_GROUP/SAMPLE2_PE/data/SAMPLE2_PE:BU-ISCIII:SAMPLE2_PE_11 (length 460)
./NO_GROUP/SAMPLE2_PE/data/SAMPLE2_PE:BU-ISCIII:SAMPLE2_PE_12 (length 459)

DiscRep_ALL:DISC_QUALITY_SCORES::Quality scores are missing on all sequences.

DiscRep_ALL:ONCALLER_COMMENT_PRESENT::13 comment descriptors were found (all same)
./NO_GROUP/SAMPLE2_PE/data/SAMPLE2_PE:BU-ISCIII:SAMPLE2_PE_1:Annotated using prokka 1.14.6 from https://github.com/tseemann/prokka
./NO_GROUP/SAMPLE2_PE/data/SAMPLE2_PE:BU-ISCIII:SAMPLE2_PE_2:Annotated using prokka 1.14.6 from https://github.com/tseemann/prokka
./NO_GROUP/SAMPLE2_PE/data/SAMPLE2_PE:BU-ISCIII:SAMPLE2_PE_3:Annotated using prokka 1.14.6 from https://github.com/tseemann/prokka
./NO_GROUP/SAMPLE2_PE/data/SAMPLE2_PE:BU-ISCIII:SAMPLE2_PE_4:Annotated using prokka 1.14.6 from https://github.com/tseemann/prokka
./NO_GROUP/SAMPLE2_PE/data/SAMPLE2_PE:BU-ISCIII:SAMPLE2_PE_5:Annotated using prokka 1.14.6 from https://github.com/tseemann/prokka
./NO_GROUP/SAMPLE2_PE/data/SAMPLE2_PE:BU-ISCIII:SAMPLE2_PE_6:Annotated using prokka 1.14.6 from https://github.com/tseemann/prokka
./NO_GROUP/SAMPLE2_PE/data/SAMPLE2_PE:BU-ISCIII:SAMPLE2_PE_7:Annotated using prokka 1.14.6 from https://github.com/tseemann/prokka
./NO_GROUP/SAMPLE2_PE/data/SAMPLE2_PE:BU-ISCIII:SAMPLE2_PE_8:Annotated using prokka 1.14.6 from https://github.com/tseemann/prokka
./NO_GROUP/SAMPLE2_PE/data/SAMPLE2_PE:BU-ISCIII:SAMPLE2_PE_9:Annotated using prokka 1.14.6 from https://github.com/tseemann/prokka
./NO_GROUP/SAMPLE2_PE/data/SAMPLE2_PE:BU-ISCIII:SAMPLE2_PE_10:Annotated using prokka 1.14.6 from https://github.com/tseemann/prokka
./NO_GROUP/SAMPLE2_PE/data/SAMPLE2_PE:BU-ISCIII:SAMPLE2_PE_11:Annotated using prokka 1.14.6 from https://github.com/tseemann/prokka
./NO_GROUP/SAMPLE2_PE/data/SAMPLE2_PE:BU-ISCIII:SAMPLE2_PE_12:Annotated using prokka 1.14.6 from https://github.com/tseemann/prokka
./NO_GROUP/SAMPLE2_PE/data/SAMPLE2_PE:BU-ISCIII:SAMPLE2_PE_13:Annotated using prokka 1.14.6 from https://github.com/tseemann/prokka

DiscRep_ALL:SHORT_PROT_SEQUENCES::2 protein sequences are shorter than 50 aa.
./NO_GROUP/SAMPLE2_PE/data/SAMPLE2_PE:BU-ISCIII:SAMPLE2_PE_00011 (length 38)
./NO_GROUP/SAMPLE2_PE/data/SAMPLE2_PE:BU-ISCIII:SAMPLE2_PE_00020 (length 34)

DiscRep_ALL:MISSING_GENOMEASSEMBLY_COMMENTS::13 bioseqs are missing GenomeAssembly structured comments
./NO_GROUP/SAMPLE2_PE/data/SAMPLE2_PE:BU-ISCIII:SAMPLE2_PE_1 (length 10482)
./NO_GROUP/SAMPLE2_PE/data/SAMPLE2_PE:BU-ISCIII:SAMPLE2_PE_2 (length 6357)
./NO_GROUP/SAMPLE2_PE/data/SAMPLE2_PE:BU-ISCIII:SAMPLE2_PE_3 (length 4107)
./NO_GROUP/SAMPLE2_PE/data/SAMPLE2_PE:BU-ISCIII:SAMPLE2_PE_4 (length 4070)
./NO_GROUP/SAMPLE2_PE/data/SAMPLE2_PE:BU-ISCIII:SAMPLE2_PE_5 (length 3823)
./NO_GROUP/SAMPLE2_PE/data/SAMPLE2_PE:BU-ISCIII:SAMPLE2_PE_6 (length 3177)
./NO_GROUP/SAMPLE2_PE/data/SAMPLE2_PE:BU-ISCIII:SAMPLE2_PE_7 (length 1562)
./NO_GROUP/SAMPLE2_PE/data/SAMPLE2_PE:BU-ISCIII:SAMPLE2_PE_8 (length 845)
./NO_GROUP/SAMPLE2_PE/data/SAMPLE2_PE:BU-ISCIII:SAMPLE2_PE_9 (length 517)
./NO_GROUP/SAMPLE2_PE/data/SAMPLE2_PE:BU-ISCIII:SAMPLE2_PE_10 (length 462)
./NO_GROUP/SAMPLE2_PE/data/SAMPLE2_PE:BU-ISCIII:SAMPLE2_PE_11 (length 460)
./NO_GROUP/SAMPLE2_PE/data/SAMPLE2_PE:BU-ISCIII:SAMPLE2_PE_12 (length 459)
./NO_GROUP/SAMPLE2_PE/data/SAMPLE2_PE:BU-ISCIII:SAMPLE2_PE_13 (length 448)

DiscRep_ALL:MOLTYPE_NOT_MRNA::13 molecule types are not set as mRNA.
./NO_GROUP/SAMPLE2_PE/data/SAMPLE2_PE:BU-ISCIII:SAMPLE2_PE_1 (length 10482)
./NO_GROUP/SAMPLE2_PE/data/SAMPLE2_PE:BU-ISCIII:SAMPLE2_PE_2 (length 6357)
./NO_GROUP/SAMPLE2_PE/data/SAMPLE2_PE:BU-ISCIII:SAMPLE2_PE_3 (length 4107)
./NO_GROUP/SAMPLE2_PE/data/SAMPLE2_PE:BU-ISCIII:SAMPLE2_PE_4 (length 4070)
./NO_GROUP/SAMPLE2_PE/data/SAMPLE2_PE:BU-ISCIII:SAMPLE2_PE_5 (length 3823)
./NO_GROUP/SAMPLE2_PE/data/SAMPLE2_PE:BU-ISCIII:SAMPLE2_PE_6 (length 3177)
./NO_GROUP/SAMPLE2_PE/data/SAMPLE2_PE:BU-ISCIII:SAMPLE2_PE_7 (length 1562)
./NO_GROUP/SAMPLE2_PE/data/SAMPLE2_PE:BU-ISCIII:SAMPLE2_PE_8 (length 845)
./NO_GROUP/SAMPLE2_PE/data/SAMPLE2_PE:BU-ISCIII:SAMPLE2_PE_9 (length 517)
./NO_GROUP/SAMPLE2_PE/data/SAMPLE2_PE:BU-ISCIII:SAMPLE2_PE_10 (length 462)
./NO_GROUP/SAMPLE2_PE/data/SAMPLE2_PE:BU-ISCIII:SAMPLE2_PE_11 (length 460)
./NO_GROUP/SAMPLE2_PE/data/SAMPLE2_PE:BU-ISCIII:SAMPLE2_PE_12 (length 459)
./NO_GROUP/SAMPLE2_PE/data/SAMPLE2_PE:BU-ISCIII:SAMPLE2_PE_13 (length 448)

DiscRep_ALL:TECHNIQUE_NOT_TSA::13 technique are not set as TSA
./NO_GROUP/SAMPLE2_PE/data/SAMPLE2_PE:BU-ISCIII:SAMPLE2_PE_1 (length 10482)
./NO_GROUP/SAMPLE2_PE/data/SAMPLE2_PE:BU-ISCIII:SAMPLE2_PE_2 (length 6357)
./NO_GROUP/SAMPLE2_PE/data/SAMPLE2_PE:BU-ISCIII:SAMPLE2_PE_3 (length 4107)
./NO_GROUP/SAMPLE2_PE/data/SAMPLE2_PE:BU-ISCIII:SAMPLE2_PE_4 (length 4070)
./NO_GROUP/SAMPLE2_PE/data/SAMPLE2_PE:BU-ISCIII:SAMPLE2_PE_5 (length 3823)
./NO_GROUP/SAMPLE2_PE/data/SAMPLE2_PE:BU-ISCIII:SAMPLE2_PE_6 (length 3177)
./NO_GROUP/SAMPLE2_PE/data/SAMPLE2_PE:BU-ISCIII:SAMPLE2_PE_7 (length 1562)
./NO_GROUP/SAMPLE2_PE/data/SAMPLE2_PE:BU-ISCIII:SAMPLE2_PE_8 (length 845)
./NO_GROUP/SAMPLE2_PE/data/SAMPLE2_PE:BU-ISCIII:SAMPLE2_PE_9 (length 517)
./NO_GROUP/SAMPLE2_PE/data/SAMPLE2_PE:BU-ISCIII:SAMPLE2_PE_10 (length 462)
./NO_GROUP/SAMPLE2_PE/data/SAMPLE2_PE:BU-ISCIII:SAMPLE2_PE_11 (length 460)
./NO_GROUP/SAMPLE2_PE/data/SAMPLE2_PE:BU-ISCIII:SAMPLE2_PE_12 (length 459)
./NO_GROUP/SAMPLE2_PE/data/SAMPLE2_PE:BU-ISCIII:SAMPLE2_PE_13 (length 448)

DiscRep_ALL:MISSING_STRUCTURED_COMMENT::13 sequences do not include structured comments.
./NO_GROUP/SAMPLE2_PE/data/SAMPLE2_PE:BU-ISCIII:SAMPLE2_PE_1 (length 10482)
./NO_GROUP/SAMPLE2_PE/data/SAMPLE2_PE:BU-ISCIII:SAMPLE2_PE_2 (length 6357)
./NO_GROUP/SAMPLE2_PE/data/SAMPLE2_PE:BU-ISCIII:SAMPLE2_PE_3 (length 4107)
./NO_GROUP/SAMPLE2_PE/data/SAMPLE2_PE:BU-ISCIII:SAMPLE2_PE_4 (length 4070)
./NO_GROUP/SAMPLE2_PE/data/SAMPLE2_PE:BU-ISCIII:SAMPLE2_PE_5 (length 3823)
./NO_GROUP/SAMPLE2_PE/data/SAMPLE2_PE:BU-ISCIII:SAMPLE2_PE_6 (length 3177)
./NO_GROUP/SAMPLE2_PE/data/SAMPLE2_PE:BU-ISCIII:SAMPLE2_PE_7 (length 1562)
./NO_GROUP/SAMPLE2_PE/data/SAMPLE2_PE:BU-ISCIII:SAMPLE2_PE_8 (length 845)
./NO_GROUP/SAMPLE2_PE/data/SAMPLE2_PE:BU-ISCIII:SAMPLE2_PE_9 (length 517)
./NO_GROUP/SAMPLE2_PE/data/SAMPLE2_PE:BU-ISCIII:SAMPLE2_PE_10 (length 462)
./NO_GROUP/SAMPLE2_PE/data/SAMPLE2_PE:BU-ISCIII:SAMPLE2_PE_11 (length 460)
./NO_GROUP/SAMPLE2_PE/data/SAMPLE2_PE:BU-ISCIII:SAMPLE2_PE_12 (length 459)
./NO_GROUP/SAMPLE2_PE/data/SAMPLE2_PE:BU-ISCIII:SAMPLE2_PE_13 (length 448)

DiscRep_ALL:MISSING_PROJECT::37 sequences do not include project.
./NO_GROUP/SAMPLE2_PE/data/SAMPLE2_PE:BU-ISCIII:SAMPLE2_PE_1 (length 10482)
./NO_GROUP/SAMPLE2_PE/data/SAMPLE2_PE:BU-ISCIII:SAMPLE2_PE_00001 (length 1524)
./NO_GROUP/SAMPLE2_PE/data/SAMPLE2_PE:BU-ISCIII:SAMPLE2_PE_00002 (length 1857)
./NO_GROUP/SAMPLE2_PE/data/SAMPLE2_PE:BU-ISCIII:SAMPLE2_PE_2 (length 6357)
./NO_GROUP/SAMPLE2_PE/data/SAMPLE2_PE:BU-ISCIII:SAMPLE2_PE_00003 (length 712)
./NO_GROUP/SAMPLE2_PE/data/SAMPLE2_PE:BU-ISCIII:SAMPLE2_PE_00004 (length 1282)
./NO_GROUP/SAMPLE2_PE/data/SAMPLE2_PE:BU-ISCIII:SAMPLE2_PE_3 (length 4107)
./NO_GROUP/SAMPLE2_PE/data/SAMPLE2_PE:BU-ISCIII:SAMPLE2_PE_00005 (length 151)
./NO_GROUP/SAMPLE2_PE/data/SAMPLE2_PE:BU-ISCIII:SAMPLE2_PE_00006 (length 222)
./NO_GROUP/SAMPLE2_PE/data/SAMPLE2_PE:BU-ISCIII:SAMPLE2_PE_00007 (length 61)
./NO_GROUP/SAMPLE2_PE/data/SAMPLE2_PE:BU-ISCIII:SAMPLE2_PE_00008 (length 121)
./NO_GROUP/SAMPLE2_PE/data/SAMPLE2_PE:BU-ISCIII:SAMPLE2_PE_00009 (length 419)
./NO_GROUP/SAMPLE2_PE/data/SAMPLE2_PE:BU-ISCIII:SAMPLE2_PE_4 (length 4070)
./NO_GROUP/SAMPLE2_PE/data/SAMPLE2_PE:BU-ISCIII:SAMPLE2_PE_00010 (length 152)
./NO_GROUP/SAMPLE2_PE/data/SAMPLE2_PE:BU-ISCIII:SAMPLE2_PE_00011 (length 38)
./NO_GROUP/SAMPLE2_PE/data/SAMPLE2_PE:BU-ISCIII:SAMPLE2_PE_00012 (length 427)
./NO_GROUP/SAMPLE2_PE/data/SAMPLE2_PE:BU-ISCIII:SAMPLE2_PE_00013 (length 175)
./NO_GROUP/SAMPLE2_PE/data/SAMPLE2_PE:BU-ISCIII:SAMPLE2_PE_00014 (length 328)
./NO_GROUP/SAMPLE2_PE/data/SAMPLE2_PE:BU-ISCIII:SAMPLE2_PE_5 (length 3823)
./NO_GROUP/SAMPLE2_PE/data/SAMPLE2_PE:BU-ISCIII:SAMPLE2_PE_00015 (length 52)
./NO_GROUP/SAMPLE2_PE/data/SAMPLE2_PE:BU-ISCIII:SAMPLE2_PE_00016 (length 153)
./NO_GROUP/SAMPLE2_PE/data/SAMPLE2_PE:BU-ISCIII:SAMPLE2_PE_00017 (length 79)
./NO_GROUP/SAMPLE2_PE/data/SAMPLE2_PE:BU-ISCIII:SAMPLE2_PE_6 (length 3177)
./NO_GROUP/SAMPLE2_PE/data/SAMPLE2_PE:BU-ISCIII:SAMPLE2_PE_00018 (length 52)
./NO_GROUP/SAMPLE2_PE/data/SAMPLE2_PE:BU-ISCIII:SAMPLE2_PE_00019 (length 100)
./NO_GROUP/SAMPLE2_PE/data/SAMPLE2_PE:BU-ISCIII:SAMPLE2_PE_00020 (length 34)
./NO_GROUP/SAMPLE2_PE/data/SAMPLE2_PE:BU-ISCIII:SAMPLE2_PE_00021 (length 69)
./NO_GROUP/SAMPLE2_PE/data/SAMPLE2_PE:BU-ISCIII:SAMPLE2_PE_7 (length 1562)
./NO_GROUP/SAMPLE2_PE/data/SAMPLE2_PE:BU-ISCIII:SAMPLE2_PE_8 (length 845)
./NO_GROUP/SAMPLE2_PE/data/SAMPLE2_PE:BU-ISCIII:SAMPLE2_PE_00022 (length 78)
./NO_GROUP/SAMPLE2_PE/data/SAMPLE2_PE:BU-ISCIII:SAMPLE2_PE_9 (length 517)
./NO_GROUP/SAMPLE2_PE/data/SAMPLE2_PE:BU-ISCIII:SAMPLE2_PE_10 (length 462)
./NO_GROUP/SAMPLE2_PE/data/SAMPLE2_PE:BU-ISCIII:SAMPLE2_PE_00023 (length 82)
./NO_GROUP/SAMPLE2_PE/data/SAMPLE2_PE:BU-ISCIII:SAMPLE2_PE_11 (length 460)
./NO_GROUP/SAMPLE2_PE/data/SAMPLE2_PE:BU-ISCIII:SAMPLE2_PE_12 (length 459)
./NO_GROUP/SAMPLE2_PE/data/SAMPLE2_PE:BU-ISCIII:SAMPLE2_PE_13 (length 448)
./NO_GROUP/SAMPLE2_PE/data/SAMPLE2_PE:BU-ISCIII:SAMPLE2_PE_00024 (length 64)

DiscRep_ALL:DISC_INCONSISTENT_MOLINFO_TECH::Molinfo Technique Report (some missing, all same)
DiscRep_SUB:DISC_INCONSISTENT_MOLINFO_TECH::technique (all missing)
DiscRep_SUB:DISC_INCONSISTENT_MOLINFO_TECH::13 Molinfos are missing field technique
./NO_GROUP/SAMPLE2_PE/data/SAMPLE2_PE:BU-ISCIII:SAMPLE2_PE_1 (length 10482)
./NO_GROUP/SAMPLE2_PE/data/SAMPLE2_PE:BU-ISCIII:SAMPLE2_PE_2 (length 6357)
./NO_GROUP/SAMPLE2_PE/data/SAMPLE2_PE:BU-ISCIII:SAMPLE2_PE_3 (length 4107)
./NO_GROUP/SAMPLE2_PE/data/SAMPLE2_PE:BU-ISCIII:SAMPLE2_PE_4 (length 4070)
./NO_GROUP/SAMPLE2_PE/data/SAMPLE2_PE:BU-ISCIII:SAMPLE2_PE_5 (length 3823)
./NO_GROUP/SAMPLE2_PE/data/SAMPLE2_PE:BU-ISCIII:SAMPLE2_PE_6 (length 3177)
./NO_GROUP/SAMPLE2_PE/data/SAMPLE2_PE:BU-ISCIII:SAMPLE2_PE_7 (length 1562)
./NO_GROUP/SAMPLE2_PE/data/SAMPLE2_PE:BU-ISCIII:SAMPLE2_PE_8 (length 845)
./NO_GROUP/SAMPLE2_PE/data/SAMPLE2_PE:BU-ISCIII:SAMPLE2_PE_9 (length 517)
./NO_GROUP/SAMPLE2_PE/data/SAMPLE2_PE:BU-ISCIII:SAMPLE2_PE_10 (length 462)
./NO_GROUP/SAMPLE2_PE/data/SAMPLE2_PE:BU-ISCIII:SAMPLE2_PE_11 (length 460)
./NO_GROUP/SAMPLE2_PE/data/SAMPLE2_PE:BU-ISCIII:SAMPLE2_PE_12 (length 459)
./NO_GROUP/SAMPLE2_PE/data/SAMPLE2_PE:BU-ISCIII:SAMPLE2_PE_13 (length 448)

