[18:10:36] This is prokka 1.14.6
[18:10:36] Written by Torsten Seemann <torsten.seemann@gmail.com>
[18:10:36] Homepage is https://github.com/tseemann/prokka
[18:10:36] Local time is Tue Mar  2 18:10:36 2021
[18:10:36] You are s.varona
[18:10:36] Operating system is linux
[18:10:36] You have BioPerl 1.007002
[18:10:36] System has 4 cores.
[18:10:36] Will use maximum of 1 cores.
[18:10:36] Annotating as >>> Bacteria <<<
[18:10:36] Enabling options to ensure Genbank/ENA/DDJB submission compliance.
[18:10:36] Re-using existing --outdir ./NO_GROUP/SAMPLE2_PE/data
[18:10:36] Using filename prefix: SAMPLE2_PE.XXX
[18:10:36] Setting HMMER_NCPU=1
[18:10:36] Writing log to: ./NO_GROUP/SAMPLE2_PE/data/SAMPLE2_PE.log
[18:10:36] Command: /home/s.varona/virology_training_test/work/conda/nf-core-viralrecon-1.2.0dev-3fb10bb8a332a0381f3a6f1a0bab1f62/bin/prokka --force --outdir ./NO_GROUP/SAMPLE2_PE/data --prefix SAMPLE2_PE --addgenes --kingdom Bacteria --genus --species --usegenus --centre BU-ISCIII --locustag SAMPLE2_PE --compliant --cpus 1 SAMPLE2_PE.scaffolds.fa
[18:10:36] Appending to PATH: /home/s.varona/virology_training_test/work/conda/nf-core-viralrecon-1.2.0dev-3fb10bb8a332a0381f3a6f1a0bab1f62/bin
[18:10:36] Looking for 'aragorn' - found /home/s.varona/virology_training_test/work/conda/nf-core-viralrecon-1.2.0dev-3fb10bb8a332a0381f3a6f1a0bab1f62/bin/aragorn
[18:10:36] Determined aragorn version is 001002 from 'ARAGORN v1.2.38 Dean Laslett'
[18:10:36] Looking for 'barrnap' - found /home/s.varona/virology_training_test/work/conda/nf-core-viralrecon-1.2.0dev-3fb10bb8a332a0381f3a6f1a0bab1f62/bin/barrnap
[18:10:36] Determined barrnap version is 000009 from 'barrnap 0.9'
[18:10:36] Looking for 'blastp' - found /home/s.varona/virology_training_test/work/conda/nf-core-viralrecon-1.2.0dev-3fb10bb8a332a0381f3a6f1a0bab1f62/bin/blastp
[18:10:36] Determined blastp version is 002010 from 'blastp: 2.10.1+'
[18:10:36] Looking for 'cmpress' - found /home/s.varona/virology_training_test/work/conda/nf-core-viralrecon-1.2.0dev-3fb10bb8a332a0381f3a6f1a0bab1f62/bin/cmpress
[18:10:36] Determined cmpress version is 001001 from '# INFERNAL 1.1.3 (Nov 2019)'
[18:10:36] Looking for 'cmscan' - found /home/s.varona/virology_training_test/work/conda/nf-core-viralrecon-1.2.0dev-3fb10bb8a332a0381f3a6f1a0bab1f62/bin/cmscan
[18:10:36] Determined cmscan version is 001001 from '# INFERNAL 1.1.3 (Nov 2019)'
[18:10:36] Looking for 'egrep' - found /bin/egrep
[18:10:36] Looking for 'find' - found /usr/bin/find
[18:10:36] Looking for 'grep' - found /bin/grep
[18:10:36] Looking for 'hmmpress' - found /home/s.varona/virology_training_test/work/conda/nf-core-viralrecon-1.2.0dev-3fb10bb8a332a0381f3a6f1a0bab1f62/bin/hmmpress
[18:10:36] Determined hmmpress version is 003003 from '# HMMER 3.3.2 (Nov 2020); http://hmmer.org/'
[18:10:36] Looking for 'hmmscan' - found /home/s.varona/virology_training_test/work/conda/nf-core-viralrecon-1.2.0dev-3fb10bb8a332a0381f3a6f1a0bab1f62/bin/hmmscan
[18:10:36] Determined hmmscan version is 003003 from '# HMMER 3.3.2 (Nov 2020); http://hmmer.org/'
[18:10:36] Looking for 'java' - found /home/s.varona/virology_training_test/work/conda/nf-core-viralrecon-1.2.0dev-3fb10bb8a332a0381f3a6f1a0bab1f62/bin/java
[18:10:36] Looking for 'makeblastdb' - found /home/s.varona/virology_training_test/work/conda/nf-core-viralrecon-1.2.0dev-3fb10bb8a332a0381f3a6f1a0bab1f62/bin/makeblastdb
[18:10:36] Determined makeblastdb version is 002010 from 'makeblastdb: 2.10.1+'
[18:10:36] Looking for 'minced' - found /home/s.varona/virology_training_test/work/conda/nf-core-viralrecon-1.2.0dev-3fb10bb8a332a0381f3a6f1a0bab1f62/bin/minced
[18:10:36] Determined minced version is 004002 from 'minced 0.4.2'
[18:10:36] Looking for 'parallel' - found /home/s.varona/virology_training_test/work/conda/nf-core-viralrecon-1.2.0dev-3fb10bb8a332a0381f3a6f1a0bab1f62/bin/parallel
[18:10:36] Determined parallel version is 20210222 from 'GNU parallel 20210222'
[18:10:36] Looking for 'prodigal' - found /home/s.varona/virology_training_test/work/conda/nf-core-viralrecon-1.2.0dev-3fb10bb8a332a0381f3a6f1a0bab1f62/bin/prodigal
[18:10:36] Determined prodigal version is 002006 from 'Prodigal V2.6.3: February, 2016'
[18:10:36] Looking for 'prokka-genbank_to_fasta_db' - found /home/s.varona/virology_training_test/work/conda/nf-core-viralrecon-1.2.0dev-3fb10bb8a332a0381f3a6f1a0bab1f62/bin/prokka-genbank_to_fasta_db
[18:10:36] Looking for 'sed' - found /home/s.varona/virology_training_test/work/conda/nf-core-viralrecon-1.2.0dev-3fb10bb8a332a0381f3a6f1a0bab1f62/bin/sed
[18:10:36] Looking for 'tbl2asn' - found /home/s.varona/virology_training_test/work/conda/nf-core-viralrecon-1.2.0dev-3fb10bb8a332a0381f3a6f1a0bab1f62/bin/tbl2asn
[18:10:36] Determined tbl2asn version is 025007 from 'tbl2asn 25.7   arguments:'
[18:10:36] Using genetic code table 11.
[18:10:36] Loading and checking input file: SAMPLE2_PE.scaffolds.fa
[18:10:36] Wrote 13 contigs totalling 36769 bp.
[18:10:36] Predicting tRNAs and tmRNAs
[18:10:36] Running: aragorn -l -gc11  -w \.\/NO_GROUP\/SAMPLE2_PE\/data\/SAMPLE2_PE\.fna
[18:10:36] Found 0 tRNAs
[18:10:36] Predicting Ribosomal RNAs
[18:10:36] Running Barrnap with 1 threads
[18:10:36] Found 0 rRNAs
[18:10:36] Skipping ncRNA search, enable with --rfam if desired.
[18:10:36] Total of 0 tRNA + rRNA features
[18:10:36] Searching for CRISPR repeats
[18:10:36] Found 0 CRISPRs
[18:10:36] Predicting coding sequences
[18:10:36] Contigs total 36769 bp, so using meta mode
[18:10:36] Running: prodigal -i \.\/NO_GROUP\/SAMPLE2_PE\/data\/SAMPLE2_PE\.fna -c -m -g 11 -p meta -f sco -q
[18:10:37] Found 24 CDS
[18:10:37] Connecting features back to sequences
[18:10:37] Skipping genus-specific proteins as can't see /home/s.varona/virology_training_test/work/conda/nf-core-viralrecon-1.2.0dev-3fb10bb8a332a0381f3a6f1a0bab1f62/db/--species
[18:10:37] Annotating CDS, please be patient.
[18:10:37] Will use 1 CPUs for similarity searching.
[18:10:37] There are still 24 unannotated CDS left (started with 24)
[18:10:37] Will use blast to search against /home/s.varona/virology_training_test/work/conda/nf-core-viralrecon-1.2.0dev-3fb10bb8a332a0381f3a6f1a0bab1f62/db/kingdom/Bacteria/IS with 1 CPUs
[18:10:37] Running: cat \.\/NO_GROUP\/SAMPLE2_PE\/data\/SAMPLE2_PE\.IS\.tmp\.5528\.faa | parallel --gnu --plain -j 1 --block 4171 --recstart '>' --pipe blastp -query - -db /home/s.varona/virology_training_test/work/conda/nf-core-viralrecon-1.2.0dev-3fb10bb8a332a0381f3a6f1a0bab1f62/db/kingdom/Bacteria/IS -evalue 1e-30 -qcov_hsp_perc 90 -num_threads 1 -num_descriptions 1 -num_alignments 1 -seg no > \.\/NO_GROUP\/SAMPLE2_PE\/data\/SAMPLE2_PE\.IS\.tmp\.5528\.blast 2> /dev/null
[18:10:38] Deleting unwanted file: ./NO_GROUP/SAMPLE2_PE/data/SAMPLE2_PE.IS.tmp.5528.faa
[18:10:38] Deleting unwanted file: ./NO_GROUP/SAMPLE2_PE/data/SAMPLE2_PE.IS.tmp.5528.blast
[18:10:38] There are still 24 unannotated CDS left (started with 24)
[18:10:38] Will use blast to search against /home/s.varona/virology_training_test/work/conda/nf-core-viralrecon-1.2.0dev-3fb10bb8a332a0381f3a6f1a0bab1f62/db/kingdom/Bacteria/AMR with 1 CPUs
[18:10:38] Running: cat \.\/NO_GROUP\/SAMPLE2_PE\/data\/SAMPLE2_PE\.AMR\.tmp\.5528\.faa | parallel --gnu --plain -j 1 --block 4171 --recstart '>' --pipe blastp -query - -db /home/s.varona/virology_training_test/work/conda/nf-core-viralrecon-1.2.0dev-3fb10bb8a332a0381f3a6f1a0bab1f62/db/kingdom/Bacteria/AMR -evalue 9.99999999999999e-301 -qcov_hsp_perc 90 -num_threads 1 -num_descriptions 1 -num_alignments 1 -seg no > \.\/NO_GROUP\/SAMPLE2_PE\/data\/SAMPLE2_PE\.AMR\.tmp\.5528\.blast 2> /dev/null
[18:10:38] Deleting unwanted file: ./NO_GROUP/SAMPLE2_PE/data/SAMPLE2_PE.AMR.tmp.5528.faa
[18:10:38] Deleting unwanted file: ./NO_GROUP/SAMPLE2_PE/data/SAMPLE2_PE.AMR.tmp.5528.blast
[18:10:38] There are still 24 unannotated CDS left (started with 24)
[18:10:38] Will use blast to search against /home/s.varona/virology_training_test/work/conda/nf-core-viralrecon-1.2.0dev-3fb10bb8a332a0381f3a6f1a0bab1f62/db/kingdom/Bacteria/sprot with 1 CPUs
[18:10:38] Running: cat \.\/NO_GROUP\/SAMPLE2_PE\/data\/SAMPLE2_PE\.sprot\.tmp\.5528\.faa | parallel --gnu --plain -j 1 --block 4171 --recstart '>' --pipe blastp -query - -db /home/s.varona/virology_training_test/work/conda/nf-core-viralrecon-1.2.0dev-3fb10bb8a332a0381f3a6f1a0bab1f62/db/kingdom/Bacteria/sprot -evalue 1e-09 -qcov_hsp_perc 80 -num_threads 1 -num_descriptions 1 -num_alignments 1 -seg no > \.\/NO_GROUP\/SAMPLE2_PE\/data\/SAMPLE2_PE\.sprot\.tmp\.5528\.blast 2> /dev/null
[18:10:41] Deleting unwanted file: ./NO_GROUP/SAMPLE2_PE/data/SAMPLE2_PE.sprot.tmp.5528.faa
[18:10:41] Deleting unwanted file: ./NO_GROUP/SAMPLE2_PE/data/SAMPLE2_PE.sprot.tmp.5528.blast
[18:10:41] There are still 24 unannotated CDS left (started with 24)
[18:10:41] Will use hmmer3 to search against /home/s.varona/virology_training_test/work/conda/nf-core-viralrecon-1.2.0dev-3fb10bb8a332a0381f3a6f1a0bab1f62/db/hmm/HAMAP.hmm with 1 CPUs
[18:10:41] Running: cat \.\/NO_GROUP\/SAMPLE2_PE\/data\/SAMPLE2_PE\.HAMAP\.hmm\.tmp\.5528\.faa | parallel --gnu --plain -j 1 --block 4171 --recstart '>' --pipe hmmscan --noali --notextw --acc -E 1e-09 --cpu 1 /home/s.varona/virology_training_test/work/conda/nf-core-viralrecon-1.2.0dev-3fb10bb8a332a0381f3a6f1a0bab1f62/db/hmm/HAMAP.hmm /dev/stdin > \.\/NO_GROUP\/SAMPLE2_PE\/data\/SAMPLE2_PE\.HAMAP\.hmm\.tmp\.5528\.hmmer3 2> /dev/null
[18:10:43] Deleting unwanted file: ./NO_GROUP/SAMPLE2_PE/data/SAMPLE2_PE.HAMAP.hmm.tmp.5528.faa
[18:10:43] Deleting unwanted file: ./NO_GROUP/SAMPLE2_PE/data/SAMPLE2_PE.HAMAP.hmm.tmp.5528.hmmer3
[18:10:43] Labelling remaining 24 proteins as 'hypothetical protein'
[18:10:43] Found 0 unique /gene codes.
[18:10:43] Fixed 0 colliding /gene names.
[18:10:43] Adding /locus_tag identifiers
[18:10:43] Assigned 24 locus_tags to CDS and RNA features.
[18:10:43] Writing outputs to ./NO_GROUP/SAMPLE2_PE/data/
[18:10:43] Generating annotation statistics file
[18:10:43] Generating Genbank and Sequin files
[18:10:43] Running: tbl2asn -V b -a r10k -l paired-ends -M n -N 1 -y 'Annotated using prokka 1.14.6 from https://github.com/tseemann/prokka' -Z \.\/NO_GROUP\/SAMPLE2_PE\/data\/SAMPLE2_PE\.err -i \.\/NO_GROUP\/SAMPLE2_PE\/data\/SAMPLE2_PE\.fsa 2> /dev/null
[18:10:43] Deleting unwanted file: ./NO_GROUP/SAMPLE2_PE/data/errorsummary.val
[18:10:43] Deleting unwanted file: ./NO_GROUP/SAMPLE2_PE/data/SAMPLE2_PE.dr
[18:10:43] Deleting unwanted file: ./NO_GROUP/SAMPLE2_PE/data/SAMPLE2_PE.fixedproducts
[18:10:43] Deleting unwanted file: ./NO_GROUP/SAMPLE2_PE/data/SAMPLE2_PE.ecn
[18:10:43] Deleting unwanted file: ./NO_GROUP/SAMPLE2_PE/data/SAMPLE2_PE.val
[18:10:43] Repairing broken .GBK output that tbl2asn produces...
[18:10:43] Running: sed 's/COORDINATES: profile/COORDINATES:profile/' < \.\/NO_GROUP\/SAMPLE2_PE\/data\/SAMPLE2_PE\.gbf > \.\/NO_GROUP\/SAMPLE2_PE\/data\/SAMPLE2_PE\.gbk
[18:10:43] Deleting unwanted file: ./NO_GROUP/SAMPLE2_PE/data/SAMPLE2_PE.gbf
[18:10:43] Output files:
[18:10:43] ./NO_GROUP/SAMPLE2_PE/data/SAMPLE2_PE.fna
[18:10:43] ./NO_GROUP/SAMPLE2_PE/data/SAMPLE2_PE.log
[18:10:43] ./NO_GROUP/SAMPLE2_PE/data/SAMPLE2_PE.tbl
[18:10:43] ./NO_GROUP/SAMPLE2_PE/data/SAMPLE2_PE.coverage_adapted_clustered_ac
[18:10:43] ./NO_GROUP/SAMPLE2_PE/data/SAMPLE2_PE.txt
[18:10:43] ./NO_GROUP/SAMPLE2_PE/data/SAMPLE2_PE.fsa
[18:10:43] ./NO_GROUP/SAMPLE2_PE/data/SAMPLE2_PE.bedgraph_term
[18:10:43] ./NO_GROUP/SAMPLE2_PE/data/SAMPLE2_PE.ffn
[18:10:43] ./NO_GROUP/SAMPLE2_PE/data/SAMPLE2_PE.sqn
[18:10:43] ./NO_GROUP/SAMPLE2_PE/data/SAMPLE2_PE.gbk
[18:10:43] ./NO_GROUP/SAMPLE2_PE/data/SAMPLE2_PE.faa
[18:10:43] ./NO_GROUP/SAMPLE2_PE/data/SAMPLE2_PE.err
[18:10:43] ./NO_GROUP/SAMPLE2_PE/data/SAMPLE2_PE.karyotype_individual.txt
[18:10:43] ./NO_GROUP/SAMPLE2_PE/data/SAMPLE2_PE.gff
[18:10:43] ./NO_GROUP/SAMPLE2_PE/data/SAMPLE2_PE.karyotype_summary.txt
[18:10:43] ./NO_GROUP/SAMPLE2_PE/data/SAMPLE2_PE.tsv
[18:10:43] Annotation finished successfully.
[18:10:43] Walltime used: 0.12 minutes
[18:10:43] If you use this result please cite the Prokka paper:
[18:10:43] Seemann T (2014) Prokka: rapid prokaryotic genome annotation. Bioinformatics. 30(14):2068-9.
[18:10:43] Type 'prokka --citation' for more details.
[18:10:43] Share and enjoy!
