Discrepancy Report Results

Summary
DISC_PROTEIN_NAMES:All proteins have same name "hypothetical protein"
FATAL: BAD_LOCUS_TAG_FORMAT:11 locus tags are incorrectly formatted.
DISC_SOURCE_QUALS_ASNDISC:strain (all present, all same)
DISC_SOURCE_QUALS_ASNDISC:taxname (all present, all same)
DISC_FEATURE_COUNT:gene: 11 present
DISC_FEATURE_COUNT:CDS: 11 present
DISC_COUNT_NUCLEOTIDES:2 nucleotide Bioseqs are present
OVERLAPPING_GENES:2 genes overlap another gene on the same strand.
DISC_QUALITY_SCORES:Quality scores are missing on all sequences.
ONCALLER_COMMENT_PRESENT:2 comment descriptors were found (all same)
SHORT_PROT_SEQUENCES:1 protein sequences are shorter than 50 aa.
MISSING_GENOMEASSEMBLY_COMMENTS:2 bioseqs are missing GenomeAssembly structured comments
MOLTYPE_NOT_MRNA:2 molecule types are not set as mRNA.
TECHNIQUE_NOT_TSA:2 technique are not set as TSA
MISSING_STRUCTURED_COMMENT:2 sequences do not include structured comments.
MISSING_PROJECT:13 sequences do not include project.
DISC_INCONSISTENT_MOLINFO_TECH:Molinfo Technique Report (some missing, all same)


Detailed Report

DiscRep_ALL:DISC_PROTEIN_NAMES::All proteins have same name "hypothetical protein"

FATAL: DiscRep_ALL:BAD_LOCUS_TAG_FORMAT::11 locus tags are incorrectly formatted.
./NO_GROUP/SAMPLE1_PE/data/SAMPLE1_PE:Gene	SAMPLE1_PE_00001	SAMPLE1_PE_1:57-4532	SAMPLE1_PE_00001
./NO_GROUP/SAMPLE1_PE/data/SAMPLE1_PE:Gene	SAMPLE1_PE_00002	SAMPLE1_PE_1:4817-12604	SAMPLE1_PE_00002
./NO_GROUP/SAMPLE1_PE/data/SAMPLE1_PE:Gene	SAMPLE1_PE_00003	SAMPLE1_PE_1:12585-16433	SAMPLE1_PE_00003
./NO_GROUP/SAMPLE1_PE/data/SAMPLE1_PE:Gene	SAMPLE1_PE_00004	SAMPLE1_PE_1:16454-17269	SAMPLE1_PE_00004
./NO_GROUP/SAMPLE1_PE/data/SAMPLE1_PE:Gene	SAMPLE1_PE_00005	SAMPLE1_PE_1:17572-18240	SAMPLE1_PE_00005
./NO_GROUP/SAMPLE1_PE/data/SAMPLE1_PE:Gene	SAMPLE1_PE_00006	SAMPLE1_PE_1:18443-18808	SAMPLE1_PE_00006
./NO_GROUP/SAMPLE1_PE/data/SAMPLE1_PE:Gene	SAMPLE1_PE_00007	SAMPLE1_PE_1:18943-19308	SAMPLE1_PE_00007
./NO_GROUP/SAMPLE1_PE/data/SAMPLE1_PE:Gene	SAMPLE1_PE_00008	SAMPLE1_PE_1:19323-20582	SAMPLE1_PE_00008
./NO_GROUP/SAMPLE1_PE/data/SAMPLE1_PE:Gene	SAMPLE1_PE_00009	SAMPLE1_PE_2:c1105-965	SAMPLE1_PE_00009
./NO_GROUP/SAMPLE1_PE/data/SAMPLE1_PE:Gene	SAMPLE1_PE_00010	SAMPLE1_PE_2:2131-2487	SAMPLE1_PE_00010
./NO_GROUP/SAMPLE1_PE/data/SAMPLE1_PE:Gene	SAMPLE1_PE_00011	SAMPLE1_PE_2:5923-6384	SAMPLE1_PE_00011

DiscRep_ALL:DISC_SOURCE_QUALS_ASNDISC::strain (all present, all same)
DiscRep_SUB:DISC_SOURCE_QUALS_ASNDISC::2 sources have 'strain' for strain
DiscRep_ALL:DISC_SOURCE_QUALS_ASNDISC::taxname (all present, all same)
DiscRep_SUB:DISC_SOURCE_QUALS_ASNDISC::2 sources have '--species species' for taxname
DiscRep_ALL:DISC_FEATURE_COUNT::gene: 11 present
DiscRep_ALL:DISC_FEATURE_COUNT::CDS: 11 present
DiscRep_ALL:DISC_COUNT_NUCLEOTIDES::2 nucleotide Bioseqs are present
./NO_GROUP/SAMPLE1_PE/data/SAMPLE1_PE:BU-ISCIII:SAMPLE1_PE_1 (length 20847)
./NO_GROUP/SAMPLE1_PE/data/SAMPLE1_PE:BU-ISCIII:SAMPLE1_PE_2 (length 8580)

DiscRep_ALL:OVERLAPPING_GENES::2 genes overlap another gene on the same strand.
./NO_GROUP/SAMPLE1_PE/data/SAMPLE1_PE:Gene	SAMPLE1_PE_00002	SAMPLE1_PE_1:4817-12604	SAMPLE1_PE_00002
./NO_GROUP/SAMPLE1_PE/data/SAMPLE1_PE:Gene	SAMPLE1_PE_00003	SAMPLE1_PE_1:12585-16433	SAMPLE1_PE_00003

DiscRep_ALL:DISC_QUALITY_SCORES::Quality scores are missing on all sequences.

DiscRep_ALL:ONCALLER_COMMENT_PRESENT::2 comment descriptors were found (all same)
./NO_GROUP/SAMPLE1_PE/data/SAMPLE1_PE:BU-ISCIII:SAMPLE1_PE_1:Annotated using prokka 1.14.6 from https://github.com/tseemann/prokka
./NO_GROUP/SAMPLE1_PE/data/SAMPLE1_PE:BU-ISCIII:SAMPLE1_PE_2:Annotated using prokka 1.14.6 from https://github.com/tseemann/prokka

DiscRep_ALL:SHORT_PROT_SEQUENCES::1 protein sequences are shorter than 50 aa.
./NO_GROUP/SAMPLE1_PE/data/SAMPLE1_PE:BU-ISCIII:SAMPLE1_PE_00009 (length 46)

DiscRep_ALL:MISSING_GENOMEASSEMBLY_COMMENTS::2 bioseqs are missing GenomeAssembly structured comments
./NO_GROUP/SAMPLE1_PE/data/SAMPLE1_PE:BU-ISCIII:SAMPLE1_PE_1 (length 20847)
./NO_GROUP/SAMPLE1_PE/data/SAMPLE1_PE:BU-ISCIII:SAMPLE1_PE_2 (length 8580)

DiscRep_ALL:MOLTYPE_NOT_MRNA::2 molecule types are not set as mRNA.
./NO_GROUP/SAMPLE1_PE/data/SAMPLE1_PE:BU-ISCIII:SAMPLE1_PE_1 (length 20847)
./NO_GROUP/SAMPLE1_PE/data/SAMPLE1_PE:BU-ISCIII:SAMPLE1_PE_2 (length 8580)

DiscRep_ALL:TECHNIQUE_NOT_TSA::2 technique are not set as TSA
./NO_GROUP/SAMPLE1_PE/data/SAMPLE1_PE:BU-ISCIII:SAMPLE1_PE_1 (length 20847)
./NO_GROUP/SAMPLE1_PE/data/SAMPLE1_PE:BU-ISCIII:SAMPLE1_PE_2 (length 8580)

DiscRep_ALL:MISSING_STRUCTURED_COMMENT::2 sequences do not include structured comments.
./NO_GROUP/SAMPLE1_PE/data/SAMPLE1_PE:BU-ISCIII:SAMPLE1_PE_1 (length 20847)
./NO_GROUP/SAMPLE1_PE/data/SAMPLE1_PE:BU-ISCIII:SAMPLE1_PE_2 (length 8580)

DiscRep_ALL:MISSING_PROJECT::13 sequences do not include project.
./NO_GROUP/SAMPLE1_PE/data/SAMPLE1_PE:BU-ISCIII:SAMPLE1_PE_1 (length 20847)
./NO_GROUP/SAMPLE1_PE/data/SAMPLE1_PE:BU-ISCIII:SAMPLE1_PE_00001 (length 1491)
./NO_GROUP/SAMPLE1_PE/data/SAMPLE1_PE:BU-ISCIII:SAMPLE1_PE_00002 (length 2595)
./NO_GROUP/SAMPLE1_PE/data/SAMPLE1_PE:BU-ISCIII:SAMPLE1_PE_00003 (length 1282)
./NO_GROUP/SAMPLE1_PE/data/SAMPLE1_PE:BU-ISCIII:SAMPLE1_PE_00004 (length 271)
./NO_GROUP/SAMPLE1_PE/data/SAMPLE1_PE:BU-ISCIII:SAMPLE1_PE_00005 (length 222)
./NO_GROUP/SAMPLE1_PE/data/SAMPLE1_PE:BU-ISCIII:SAMPLE1_PE_00006 (length 121)
./NO_GROUP/SAMPLE1_PE/data/SAMPLE1_PE:BU-ISCIII:SAMPLE1_PE_00007 (length 121)
./NO_GROUP/SAMPLE1_PE/data/SAMPLE1_PE:BU-ISCIII:SAMPLE1_PE_00008 (length 419)
./NO_GROUP/SAMPLE1_PE/data/SAMPLE1_PE:BU-ISCIII:SAMPLE1_PE_2 (length 8580)
./NO_GROUP/SAMPLE1_PE/data/SAMPLE1_PE:BU-ISCIII:SAMPLE1_PE_00009 (length 46)
./NO_GROUP/SAMPLE1_PE/data/SAMPLE1_PE:BU-ISCIII:SAMPLE1_PE_00010 (length 118)
./NO_GROUP/SAMPLE1_PE/data/SAMPLE1_PE:BU-ISCIII:SAMPLE1_PE_00011 (length 153)

DiscRep_ALL:DISC_INCONSISTENT_MOLINFO_TECH::Molinfo Technique Report (some missing, all same)
DiscRep_SUB:DISC_INCONSISTENT_MOLINFO_TECH::technique (all missing)
DiscRep_SUB:DISC_INCONSISTENT_MOLINFO_TECH::2 Molinfos are missing field technique
./NO_GROUP/SAMPLE1_PE/data/SAMPLE1_PE:BU-ISCIII:SAMPLE1_PE_1 (length 20847)
./NO_GROUP/SAMPLE1_PE/data/SAMPLE1_PE:BU-ISCIII:SAMPLE1_PE_2 (length 8580)

