Aligning contigs to reference...
	Aligning contigs to the reference
Filtering alignments...
Parsing coords...
Loading reference...
	Loaded [NC_045512.2]
	Total Regions: 1
	Total Region Length: 29903
Analyzing contigs...
CONTIG: NODE_1_length_20973_cov_392.636820 (20973bp)
Best alignment score: 20946.8 (LEN: 20951, IDY: 99.98), Total number of alignments: 1
		One align captures most of this contig: 8889 29839 | 20973 23 | 20951 20951 | 99.98 | NC_045512.2 NODE_1_length_20973_cov_392.636820

CONTIG: NODE_2_length_8704_cov_363.700428 (8704bp)
Best alignment score: 8611.4 (LEN: 8614, IDY: 99.97), Total number of alignments: 1
			Looking for the best set of alignments (out of 1 total alignments)
			The best set is below. Score: 8611.4, number of alignments: 1, unaligned bases: 90
		Alignment: 67 8680 | 44 8657 | 8614 8614 | 99.97 | NC_045512.2 NODE_2_length_8704_cov_363.700428

CONTIG: NODE_3_length_5474_cov_5.135818 (5474bp)
		This contig is unaligned. (5474 bp)
		Unaligned bases: 5474 (number of Ns: 0)

Analyzing coverage...
Writing SNPs into /home/svarona/work/5f/aad272074c0942f63059f068651f59/quast/contigs_reports/minimap_output/SAMPLE1_PE-scaffolds.used_snps.gz

Analysis is finished!
Founded SNPs were written into /home/svarona/work/5f/aad272074c0942f63059f068651f59/quast/contigs_reports/minimap_output/SAMPLE1_PE-scaffolds.used_snps.gz

Results:
	Local Misassemblies: 0
	Misassemblies: 0
		Relocations: 0
		Translocations: 0
		Inversions: 0
	Scaffold gap extensive misassemblies: 0
	Scaffold gap local misassemblies: 0
	Misassembled Contigs: 0
	Misassembled Contig Bases: 0
	Misassemblies Inter-Contig Overlap: 0
Unaligned Contigs: 1 + 0 part
Half Unaligned Contigs with Misassemblies: 0
Unaligned Contig Bases: 5474

Ambiguously Mapped Contigs: 0
Total Bases in Ambiguously Mapped Contigs: 0
Extra Bases in Ambiguously Mapped Contigs: 0
Note that --allow-ambiguity option was set to "one" and only first alignment per each of these contigs was used.

	Covered Bases: 29565

	SNPs: 7
	Insertions: 0
	Deletions: 0

