Aligning contigs to reference...
	Aligning contigs to the reference
Filtering alignments...
Parsing coords...
Loading reference...
	Loaded [NC_045512.2]
	Total Regions: 1
	Total Region Length: 29903
Analyzing contigs...
CONTIG: NODE_1_length_10441_cov_333.542654 (10441bp)
Best alignment score: 10411.9 (LEN: 10414, IDY: 99.98), Total number of alignments: 1
		One align captures most of this contig: 8889 19302 | 2 10415 | 10414 10414 | 99.98 | NC_045512.2 NODE_1_length_10441_cov_333.542654

CONTIG: NODE_2_length_6357_cov_220.316566 (6357bp)
Best alignment score: 6353.8 (LEN: 6357, IDY: 99.95), Total number of alignments: 1
		One align captures most of this contig: 19317 25673 | 1 6357 | 6357 6357 | 99.95 | NC_045512.2 NODE_2_length_6357_cov_220.316566

CONTIG: NODE_3_length_4738_cov_324.332266 (4738bp)
Best alignment score: 4738.0 (LEN: 4738, IDY: 100.00), Total number of alignments: 1
		One align captures most of this contig: 3924 8661 | 4738 1 | 4738 4738 | 100.0 | NC_045512.2 NODE_3_length_4738_cov_324.332266

CONTIG: NODE_4_length_4070_cov_5.193275 (4070bp)
		This contig is unaligned. (4070 bp)
		Unaligned bases: 4070 (number of Ns: 0)

CONTIG: NODE_5_length_4051_cov_368.676927 (4051bp)
Best alignment score: 4023.0 (LEN: 4029, IDY: 99.85), Total number of alignments: 1
		One align captures most of this contig: 25674 29703 | 1 4029 | 4030 4029 | 99.85 | NC_045512.2 NODE_5_length_4051_cov_368.676927

CONTIG: NODE_6_length_2949_cov_344.175881 (2949bp)
Best alignment score: 2895.0 (LEN: 2895, IDY: 100.00), Total number of alignments: 1
			Looking for the best set of alignments (out of 1 total alignments)
			The best set is below. Score: 2895.0, number of alignments: 1, unaligned bases: 54
		Alignment: 43 2937 | 55 2949 | 2895 2895 | 100.0 | NC_045512.2 NODE_6_length_2949_cov_344.175881

CONTIG: NODE_7_length_971_cov_196.997817 (971bp)
Best alignment score: 971.0 (LEN: 971, IDY: 100.00), Total number of alignments: 1
		One align captures most of this contig: 2883 3853 | 971 1 | 971 971 | 100.0 | NC_045512.2 NODE_7_length_971_cov_196.997817

CONTIG: NODE_8_length_845_cov_3.384810 (845bp)
		This contig is unaligned. (845 bp)
		Unaligned bases: 845 (number of Ns: 0)

CONTIG: NODE_9_length_517_cov_1.017316 (517bp)
		This contig is unaligned. (517 bp)
		Unaligned bases: 517 (number of Ns: 0)

Analyzing coverage...
Writing SNPs into /home/s.varona/virology_training_test/work/97/841bc091c9e34c58250ed4fc9280ac/quast/contigs_reports/minimap_output/SAMPLE2_PE-scaffolds.used_snps.gz

Analysis is finished!
Founded SNPs were written into /home/s.varona/virology_training_test/work/97/841bc091c9e34c58250ed4fc9280ac/quast/contigs_reports/minimap_output/SAMPLE2_PE-scaffolds.used_snps.gz

Results:
	Local Misassemblies: 0
	Misassemblies: 0
		Relocations: 0
		Translocations: 0
		Inversions: 0
	Scaffold gap extensive misassemblies: 0
	Scaffold gap local misassemblies: 0
	Misassembled Contigs: 0
	Misassembled Contig Bases: 0
	Misassemblies Inter-Contig Overlap: 0
Unaligned Contigs: 3 + 0 part
Half Unaligned Contigs with Misassemblies: 0
Unaligned Contig Bases: 5432

Ambiguously Mapped Contigs: 0
Total Bases in Ambiguously Mapped Contigs: 0
Extra Bases in Ambiguously Mapped Contigs: 0
Note that --allow-ambiguity option was set to "one" and only first alignment per each of these contigs was used.

	Covered Bases: 29350

	SNPs: 10
	Insertions: 0
	Deletions: 1

