/home/svarona/work/conda/nf-core-viralrecon-1.2.0dev-3fb10bb8a332a0381f3a6f1a0bab1f62/bin/quast.py --output-dir AF0.8 -r GCF_009858895.2_ASM985889v3_genomic.200409.fna --features GCF_009858895.2_ASM985889v3_genomic.200409.gff --threads 2 SAMPLE3_SE.AF0.8.consensus.fa SAMPLE1_PE.AF0.8.consensus.fa SAMPLE2_PE.AF0.8.consensus.fa

Version: 5.0.2

System information:
  OS: Linux-4.4.0-19041-Microsoft-x86_64-with-debian-bullseye-sid (linux_64)
  Python version: 3.6.11
  CPUs number: 12

Started: 2021-03-04 23:03:00

Logging to /home/svarona/work/1a/b271eb85ee29f40be86e8bc8417406/AF0.8/quast.log

CWD: /home/svarona/work/1a/b271eb85ee29f40be86e8bc8417406
Main parameters: 
  MODE: default, threads: 2, minimum contig length: 500, minimum alignment length: 65, \
  ambiguity: one, threshold for extensive misassembly size: 1000

Reference:
  /home/svarona/work/1a/b271eb85ee29f40be86e8bc8417406/GCF_009858895.2_ASM985889v3_genomic.200409.fna ==> GCF_009858895.2_ASM985889v3_genomic.200409

Contigs:
  Pre-processing...
  1  SAMPLE3_SE.AF0.8.consensus.fa ==> SAMPLE3_SE.AF0.8.consensus
  2  SAMPLE1_PE.AF0.8.consensus.fa ==> SAMPLE1_PE.AF0.8.consensus
  3  SAMPLE2_PE.AF0.8.consensus.fa ==> SAMPLE2_PE.AF0.8.consensus

2021-03-04 23:03:01
Running Basic statistics processor...
  Reference genome:
    GCF_009858895.2_ASM985889v3_genomic.200409.fna, length = 29903, num fragments = 1, GC % = 37.97
  Contig files: 
    1  SAMPLE3_SE.AF0.8.consensus
    2  SAMPLE1_PE.AF0.8.consensus
    3  SAMPLE2_PE.AF0.8.consensus
  Calculating N50 and L50...
    1  SAMPLE3_SE.AF0.8.consensus, N50 = 29782, L50 = 1, Total length = 29782, GC % = 37.72, # N's per 100 kbp =  12853.40
    2  SAMPLE1_PE.AF0.8.consensus, N50 = 29782, L50 = 1, Total length = 29782, GC % = 37.94, # N's per 100 kbp =  2481.36
    3  SAMPLE2_PE.AF0.8.consensus, N50 = 29649, L50 = 1, Total length = 29649, GC % = 38.20, # N's per 100 kbp =  14368.11
  Drawing Nx plot...
    saved to /home/svarona/work/1a/b271eb85ee29f40be86e8bc8417406/AF0.8/basic_stats/Nx_plot.pdf
  Drawing NGx plot...
    saved to /home/svarona/work/1a/b271eb85ee29f40be86e8bc8417406/AF0.8/basic_stats/NGx_plot.pdf
  Drawing cumulative plot...
    saved to /home/svarona/work/1a/b271eb85ee29f40be86e8bc8417406/AF0.8/basic_stats/cumulative_plot.pdf
  Drawing GC content plot...
    saved to /home/svarona/work/1a/b271eb85ee29f40be86e8bc8417406/AF0.8/basic_stats/GC_content_plot.pdf
  Drawing SAMPLE3_SE.AF0.8.consensus GC content plot...
    saved to /home/svarona/work/1a/b271eb85ee29f40be86e8bc8417406/AF0.8/basic_stats/SAMPLE3_SE.AF0.8.consensus_GC_content_plot.pdf
  Drawing SAMPLE1_PE.AF0.8.consensus GC content plot...
    saved to /home/svarona/work/1a/b271eb85ee29f40be86e8bc8417406/AF0.8/basic_stats/SAMPLE1_PE.AF0.8.consensus_GC_content_plot.pdf
  Drawing SAMPLE2_PE.AF0.8.consensus GC content plot...
    saved to /home/svarona/work/1a/b271eb85ee29f40be86e8bc8417406/AF0.8/basic_stats/SAMPLE2_PE.AF0.8.consensus_GC_content_plot.pdf
Done.

2021-03-04 23:03:03
Running Contig analyzer...
  1  SAMPLE3_SE.AF0.8.consensus
  2  SAMPLE1_PE.AF0.8.consensus
  1  Logging to files /home/svarona/work/1a/b271eb85ee29f40be86e8bc8417406/AF0.8/contigs_reports/contigs_report_SAMPLE3_SE-AF0-8-consensus.stdout and contigs_report_SAMPLE3_SE-AF0-8-consensus.stderr...
  2  Logging to files /home/svarona/work/1a/b271eb85ee29f40be86e8bc8417406/AF0.8/contigs_reports/contigs_report_SAMPLE1_PE-AF0-8-consensus.stdout and contigs_report_SAMPLE1_PE-AF0-8-consensus.stderr...
  2  Aligning contigs to the reference
  1  Aligning contigs to the reference
  1  /home/svarona/work/conda/nf-core-viralrecon-1.2.0dev-3fb10bb8a332a0381f3a6f1a0bab1f62/bin/minimap2 \
     -c -x asm5 -B5 -O4,16 --no-long-join -r 85 -N 50 -s 65 -z 200 --mask-level 0.9 \
     --min-occ 200 -g 2500 --score-N 2 --cs -t 1 AF0.8/quast_corrected_input/GCF_009858895.2_ASM985889v3_genomic.200409.fna \
     AF0.8/quast_corrected_input/SAMPLE3_SE_AF0_8_consensus.fa > AF0.8/contigs_reports/minimap_output/SAMPLE3_SE-AF0-8-consensus.coords_tmp \
     2>> AF0.8/contigs_reports/contigs_report_SAMPLE3_SE-AF0-8-consensus.stderr
  2  /home/svarona/work/conda/nf-core-viralrecon-1.2.0dev-3fb10bb8a332a0381f3a6f1a0bab1f62/bin/minimap2 \
     -c -x asm5 -B5 -O4,16 --no-long-join -r 85 -N 50 -s 65 -z 200 --mask-level 0.9 \
     --min-occ 200 -g 2500 --score-N 2 --cs -t 1 AF0.8/quast_corrected_input/GCF_009858895.2_ASM985889v3_genomic.200409.fna \
     AF0.8/quast_corrected_input/SAMPLE1_PE_AF0_8_consensus.fa > AF0.8/contigs_reports/minimap_output/SAMPLE1_PE-AF0-8-consensus.coords_tmp \
     2>> AF0.8/contigs_reports/contigs_report_SAMPLE1_PE-AF0-8-consensus.stderr
  2  Analysis is finished.

  3  SAMPLE2_PE.AF0.8.consensus
  3  Logging to files /home/svarona/work/1a/b271eb85ee29f40be86e8bc8417406/AF0.8/contigs_reports/contigs_report_SAMPLE2_PE-AF0-8-consensus.stdout and contigs_report_SAMPLE2_PE-AF0-8-consensus.stderr...
  1  Analysis is finished.

  3  Aligning contigs to the reference
  3  /home/svarona/work/conda/nf-core-viralrecon-1.2.0dev-3fb10bb8a332a0381f3a6f1a0bab1f62/bin/minimap2 \
     -c -x asm5 -B5 -O4,16 --no-long-join -r 85 -N 50 -s 65 -z 200 --mask-level 0.9 \
     --min-occ 200 -g 2500 --score-N 2 --cs -t 1 AF0.8/quast_corrected_input/GCF_009858895.2_ASM985889v3_genomic.200409.fna \
     AF0.8/quast_corrected_input/SAMPLE2_PE_AF0_8_consensus.fa > AF0.8/contigs_reports/minimap_output/SAMPLE2_PE-AF0-8-consensus.coords_tmp \
     2>> AF0.8/contigs_reports/contigs_report_SAMPLE2_PE-AF0-8-consensus.stderr
  3  Analysis is finished.

  Creating total report...
    saved to /home/svarona/work/1a/b271eb85ee29f40be86e8bc8417406/AF0.8/contigs_reports/misassemblies_report.txt, misassemblies_report.tsv, and misassemblies_report.tex
  Transposed version of total report...
    saved to /home/svarona/work/1a/b271eb85ee29f40be86e8bc8417406/AF0.8/contigs_reports/transposed_report_misassemblies.txt, transposed_report_misassemblies.tsv, and transposed_report_misassemblies.tex
  Creating total report...
    saved to /home/svarona/work/1a/b271eb85ee29f40be86e8bc8417406/AF0.8/contigs_reports/unaligned_report.txt, unaligned_report.tsv, and unaligned_report.tex
  Drawing misassemblies by types plot...
    saved to /home/svarona/work/1a/b271eb85ee29f40be86e8bc8417406/AF0.8/contigs_reports/misassemblies_plot.pdf
  Drawing misassemblies FRCurve plot...
    saved to /home/svarona/work/1a/b271eb85ee29f40be86e8bc8417406/AF0.8/contigs_reports/misassemblies_frcurve_plot.pdf
Done.

2021-03-04 23:03:04
Running NA-NGA calculation...
  1  SAMPLE3_SE.AF0.8.consensus, Largest alignment = 26374, NA50 = 26374, NGA50 = 26374, LA50 = 1, LGA50 = 1
  2  SAMPLE1_PE.AF0.8.consensus, Largest alignment = 29187, NA50 = 29187, NGA50 = 29187, LA50 = 1, LGA50 = 1
  3  SAMPLE2_PE.AF0.8.consensus, Largest alignment = 25627, NA50 = 25627, NGA50 = 25627, LA50 = 1, LGA50 = 1
  Drawing cumulative plot...
    saved to /home/svarona/work/1a/b271eb85ee29f40be86e8bc8417406/AF0.8/aligned_stats/cumulative_plot.pdf
  Drawing NAx plot...
    saved to /home/svarona/work/1a/b271eb85ee29f40be86e8bc8417406/AF0.8/aligned_stats/NAx_plot.pdf
  Drawing NGAx plot...
    saved to /home/svarona/work/1a/b271eb85ee29f40be86e8bc8417406/AF0.8/aligned_stats/NGAx_plot.pdf
Done.

2021-03-04 23:03:05
Running Genome analyzer...
  NOTICE: No file with operons were provided. Use the -O option if you want to specify it.
  Loaded 32 genomic features of type "ANY"
  1  SAMPLE3_SE.AF0.8.consensus
  2  SAMPLE1_PE.AF0.8.consensus
  1  Analysis is finished.
  2  Analysis is finished.
  3  SAMPLE2_PE.AF0.8.consensus
  3  Analysis is finished.
  Drawing genomic features cumulative plot...
    saved to /home/svarona/work/1a/b271eb85ee29f40be86e8bc8417406/AF0.8/genome_stats/features_cumulative_plot.pdf
  Drawing genomic features FRCurve plot...
    saved to /home/svarona/work/1a/b271eb85ee29f40be86e8bc8417406/AF0.8/genome_stats/features_frcurve_plot.pdf
  Drawing # complete genomic features histogram...
    saved to /home/svarona/work/1a/b271eb85ee29f40be86e8bc8417406/AF0.8/genome_stats/complete_features_histogram.pdf
  Drawing Genome fraction, % histogram...
    saved to /home/svarona/work/1a/b271eb85ee29f40be86e8bc8417406/AF0.8/genome_stats/genome_fraction_histogram.pdf
Done.

NOTICE: Genes are not predicted by default. Use --gene-finding or --glimmer option to enable it.

2021-03-04 23:03:06
Creating large visual summaries...
This may take a while: press Ctrl-C to skip this step..
  1 of 2: Creating Icarus viewers...
  2 of 2: Creating PDF with all tables and plots...
Done

2021-03-04 23:03:09
RESULTS:
  Text versions of total report are saved to /home/svarona/work/1a/b271eb85ee29f40be86e8bc8417406/AF0.8/report.txt, report.tsv, and report.tex
  Text versions of transposed total report are saved to /home/svarona/work/1a/b271eb85ee29f40be86e8bc8417406/AF0.8/transposed_report.txt, transposed_report.tsv, and transposed_report.tex
  HTML version (interactive tables and plots) is saved to /home/svarona/work/1a/b271eb85ee29f40be86e8bc8417406/AF0.8/report.html
  PDF version (tables and plots) is saved to /home/svarona/work/1a/b271eb85ee29f40be86e8bc8417406/AF0.8/report.pdf
  Icarus (contig browser) is saved to /home/svarona/work/1a/b271eb85ee29f40be86e8bc8417406/AF0.8/icarus.html
  Log is saved to /home/svarona/work/1a/b271eb85ee29f40be86e8bc8417406/AF0.8/quast.log

Finished: 2021-03-04 23:03:09
Elapsed time: 0:00:09.007543
NOTICEs: 2; WARNINGs: 0; non-fatal ERRORs: 0

Thank you for using QUAST!
