Discrepancy Report Results

Summary
DISC_PROTEIN_NAMES:All proteins have same name "hypothetical protein"
FATAL: BAD_LOCUS_TAG_FORMAT:14 locus tags are incorrectly formatted.
DISC_SOURCE_QUALS_ASNDISC:strain (all present, all same)
DISC_SOURCE_QUALS_ASNDISC:taxname (all present, all same)
DISC_FEATURE_COUNT:gene: 14 present
DISC_FEATURE_COUNT:CDS: 14 present
DISC_COUNT_NUCLEOTIDES:16 nucleotide Bioseqs are present
NO_ANNOTATION:9 bioseqs have no features
DISC_QUALITY_SCORES:Quality scores are missing on all sequences.
ONCALLER_COMMENT_PRESENT:16 comment descriptors were found (all same)
SHORT_PROT_SEQUENCES:1 protein sequences are shorter than 50 aa.
MISSING_GENOMEASSEMBLY_COMMENTS:16 bioseqs are missing GenomeAssembly structured comments
MOLTYPE_NOT_MRNA:16 molecule types are not set as mRNA.
TECHNIQUE_NOT_TSA:16 technique are not set as TSA
MISSING_STRUCTURED_COMMENT:16 sequences do not include structured comments.
MISSING_PROJECT:30 sequences do not include project.
DISC_INCONSISTENT_MOLINFO_TECH:Molinfo Technique Report (some missing, all same)


Detailed Report

DiscRep_ALL:DISC_PROTEIN_NAMES::All proteins have same name "hypothetical protein"

FATAL: DiscRep_ALL:BAD_LOCUS_TAG_FORMAT::14 locus tags are incorrectly formatted.
./NO_GROUP/SAMPLE3_SE/data/SAMPLE3_SE:Gene	SAMPLE3_SE_00001	SAMPLE3_SE_1:c8180-3606	SAMPLE3_SE_00001
./NO_GROUP/SAMPLE3_SE/data/SAMPLE3_SE:Gene	SAMPLE3_SE_00002	SAMPLE3_SE_2:c834-565	SAMPLE3_SE_00002
./NO_GROUP/SAMPLE3_SE/data/SAMPLE3_SE:Gene	SAMPLE3_SE_00003	SAMPLE3_SE_2:c1722-1528	SAMPLE3_SE_00003
./NO_GROUP/SAMPLE3_SE/data/SAMPLE3_SE:Gene	SAMPLE3_SE_00004	SAMPLE3_SE_3:c1420-161	SAMPLE3_SE_00004
./NO_GROUP/SAMPLE3_SE/data/SAMPLE3_SE:Gene	SAMPLE3_SE_00005	SAMPLE3_SE_3:c1800-1435	SAMPLE3_SE_00005
./NO_GROUP/SAMPLE3_SE/data/SAMPLE3_SE:Gene	SAMPLE3_SE_00006	SAMPLE3_SE_5:89-298	SAMPLE3_SE_00006
./NO_GROUP/SAMPLE3_SE/data/SAMPLE3_SE:Gene	SAMPLE3_SE_00007	SAMPLE3_SE_5:1006-1110	SAMPLE3_SE_00007
./NO_GROUP/SAMPLE3_SE/data/SAMPLE3_SE:Gene	SAMPLE3_SE_00008	SAMPLE3_SE_5:1853-2155	SAMPLE3_SE_00008
./NO_GROUP/SAMPLE3_SE/data/SAMPLE3_SE:Gene	SAMPLE3_SE_00009	SAMPLE3_SE_6:c806-648	SAMPLE3_SE_00009
./NO_GROUP/SAMPLE3_SE/data/SAMPLE3_SE:Gene	SAMPLE3_SE_00010	SAMPLE3_SE_6:1103-1564	SAMPLE3_SE_00010
./NO_GROUP/SAMPLE3_SE/data/SAMPLE3_SE:Gene	SAMPLE3_SE_00011	SAMPLE3_SE_6:2224-2463	SAMPLE3_SE_00011
./NO_GROUP/SAMPLE3_SE/data/SAMPLE3_SE:Gene	SAMPLE3_SE_00012	SAMPLE3_SE_8:399-626	SAMPLE3_SE_00012
./NO_GROUP/SAMPLE3_SE/data/SAMPLE3_SE:Gene	SAMPLE3_SE_00013	SAMPLE3_SE_8:677-1345	SAMPLE3_SE_00013
./NO_GROUP/SAMPLE3_SE/data/SAMPLE3_SE:Gene	SAMPLE3_SE_00014	SAMPLE3_SE_12:c1507-290	SAMPLE3_SE_00014

DiscRep_ALL:DISC_SOURCE_QUALS_ASNDISC::strain (all present, all same)
DiscRep_SUB:DISC_SOURCE_QUALS_ASNDISC::16 sources have 'strain' for strain
DiscRep_ALL:DISC_SOURCE_QUALS_ASNDISC::taxname (all present, all same)
DiscRep_SUB:DISC_SOURCE_QUALS_ASNDISC::16 sources have '--species species' for taxname
DiscRep_ALL:DISC_FEATURE_COUNT::gene: 14 present
DiscRep_ALL:DISC_FEATURE_COUNT::CDS: 14 present
DiscRep_ALL:DISC_COUNT_NUCLEOTIDES::16 nucleotide Bioseqs are present
./NO_GROUP/SAMPLE3_SE/data/SAMPLE3_SE:BU-ISCIII:SAMPLE3_SE_1 (length 8200)
./NO_GROUP/SAMPLE3_SE/data/SAMPLE3_SE:BU-ISCIII:SAMPLE3_SE_2 (length 1853)
./NO_GROUP/SAMPLE3_SE/data/SAMPLE3_SE:BU-ISCIII:SAMPLE3_SE_3 (length 1909)
./NO_GROUP/SAMPLE3_SE/data/SAMPLE3_SE:BU-ISCIII:SAMPLE3_SE_4 (length 2239)
./NO_GROUP/SAMPLE3_SE/data/SAMPLE3_SE:BU-ISCIII:SAMPLE3_SE_5 (length 2997)
./NO_GROUP/SAMPLE3_SE/data/SAMPLE3_SE:BU-ISCIII:SAMPLE3_SE_6 (length 3807)
./NO_GROUP/SAMPLE3_SE/data/SAMPLE3_SE:BU-ISCIII:SAMPLE3_SE_7 (length 630)
./NO_GROUP/SAMPLE3_SE/data/SAMPLE3_SE:BU-ISCIII:SAMPLE3_SE_8 (length 1687)
./NO_GROUP/SAMPLE3_SE/data/SAMPLE3_SE:BU-ISCIII:SAMPLE3_SE_9 (length 691)
./NO_GROUP/SAMPLE3_SE/data/SAMPLE3_SE:BU-ISCIII:SAMPLE3_SE_10 (length 396)
./NO_GROUP/SAMPLE3_SE/data/SAMPLE3_SE:BU-ISCIII:SAMPLE3_SE_11 (length 216)
./NO_GROUP/SAMPLE3_SE/data/SAMPLE3_SE:BU-ISCIII:SAMPLE3_SE_12 (length 1552)
./NO_GROUP/SAMPLE3_SE/data/SAMPLE3_SE:BU-ISCIII:SAMPLE3_SE_13 (length 211)
./NO_GROUP/SAMPLE3_SE/data/SAMPLE3_SE:BU-ISCIII:SAMPLE3_SE_14 (length 202)
./NO_GROUP/SAMPLE3_SE/data/SAMPLE3_SE:BU-ISCIII:SAMPLE3_SE_15 (length 381)
./NO_GROUP/SAMPLE3_SE/data/SAMPLE3_SE:BU-ISCIII:SAMPLE3_SE_16 (length 748)

DiscRep_ALL:NO_ANNOTATION::9 bioseqs have no features
./NO_GROUP/SAMPLE3_SE/data/SAMPLE3_SE:BU-ISCIII:SAMPLE3_SE_4 (length 2239)
./NO_GROUP/SAMPLE3_SE/data/SAMPLE3_SE:BU-ISCIII:SAMPLE3_SE_7 (length 630)
./NO_GROUP/SAMPLE3_SE/data/SAMPLE3_SE:BU-ISCIII:SAMPLE3_SE_9 (length 691)
./NO_GROUP/SAMPLE3_SE/data/SAMPLE3_SE:BU-ISCIII:SAMPLE3_SE_10 (length 396)
./NO_GROUP/SAMPLE3_SE/data/SAMPLE3_SE:BU-ISCIII:SAMPLE3_SE_11 (length 216)
./NO_GROUP/SAMPLE3_SE/data/SAMPLE3_SE:BU-ISCIII:SAMPLE3_SE_13 (length 211)
./NO_GROUP/SAMPLE3_SE/data/SAMPLE3_SE:BU-ISCIII:SAMPLE3_SE_14 (length 202)
./NO_GROUP/SAMPLE3_SE/data/SAMPLE3_SE:BU-ISCIII:SAMPLE3_SE_15 (length 381)
./NO_GROUP/SAMPLE3_SE/data/SAMPLE3_SE:BU-ISCIII:SAMPLE3_SE_16 (length 748)

DiscRep_ALL:DISC_QUALITY_SCORES::Quality scores are missing on all sequences.

DiscRep_ALL:ONCALLER_COMMENT_PRESENT::16 comment descriptors were found (all same)
./NO_GROUP/SAMPLE3_SE/data/SAMPLE3_SE:BU-ISCIII:SAMPLE3_SE_1:Annotated using prokka 1.14.6 from https://github.com/tseemann/prokka
./NO_GROUP/SAMPLE3_SE/data/SAMPLE3_SE:BU-ISCIII:SAMPLE3_SE_2:Annotated using prokka 1.14.6 from https://github.com/tseemann/prokka
./NO_GROUP/SAMPLE3_SE/data/SAMPLE3_SE:BU-ISCIII:SAMPLE3_SE_3:Annotated using prokka 1.14.6 from https://github.com/tseemann/prokka
./NO_GROUP/SAMPLE3_SE/data/SAMPLE3_SE:BU-ISCIII:SAMPLE3_SE_4:Annotated using prokka 1.14.6 from https://github.com/tseemann/prokka
./NO_GROUP/SAMPLE3_SE/data/SAMPLE3_SE:BU-ISCIII:SAMPLE3_SE_5:Annotated using prokka 1.14.6 from https://github.com/tseemann/prokka
./NO_GROUP/SAMPLE3_SE/data/SAMPLE3_SE:BU-ISCIII:SAMPLE3_SE_6:Annotated using prokka 1.14.6 from https://github.com/tseemann/prokka
./NO_GROUP/SAMPLE3_SE/data/SAMPLE3_SE:BU-ISCIII:SAMPLE3_SE_7:Annotated using prokka 1.14.6 from https://github.com/tseemann/prokka
./NO_GROUP/SAMPLE3_SE/data/SAMPLE3_SE:BU-ISCIII:SAMPLE3_SE_8:Annotated using prokka 1.14.6 from https://github.com/tseemann/prokka
./NO_GROUP/SAMPLE3_SE/data/SAMPLE3_SE:BU-ISCIII:SAMPLE3_SE_9:Annotated using prokka 1.14.6 from https://github.com/tseemann/prokka
./NO_GROUP/SAMPLE3_SE/data/SAMPLE3_SE:BU-ISCIII:SAMPLE3_SE_10:Annotated using prokka 1.14.6 from https://github.com/tseemann/prokka
./NO_GROUP/SAMPLE3_SE/data/SAMPLE3_SE:BU-ISCIII:SAMPLE3_SE_11:Annotated using prokka 1.14.6 from https://github.com/tseemann/prokka
./NO_GROUP/SAMPLE3_SE/data/SAMPLE3_SE:BU-ISCIII:SAMPLE3_SE_12:Annotated using prokka 1.14.6 from https://github.com/tseemann/prokka
./NO_GROUP/SAMPLE3_SE/data/SAMPLE3_SE:BU-ISCIII:SAMPLE3_SE_13:Annotated using prokka 1.14.6 from https://github.com/tseemann/prokka
./NO_GROUP/SAMPLE3_SE/data/SAMPLE3_SE:BU-ISCIII:SAMPLE3_SE_14:Annotated using prokka 1.14.6 from https://github.com/tseemann/prokka
./NO_GROUP/SAMPLE3_SE/data/SAMPLE3_SE:BU-ISCIII:SAMPLE3_SE_15:Annotated using prokka 1.14.6 from https://github.com/tseemann/prokka
./NO_GROUP/SAMPLE3_SE/data/SAMPLE3_SE:BU-ISCIII:SAMPLE3_SE_16:Annotated using prokka 1.14.6 from https://github.com/tseemann/prokka

DiscRep_ALL:SHORT_PROT_SEQUENCES::1 protein sequences are shorter than 50 aa.
./NO_GROUP/SAMPLE3_SE/data/SAMPLE3_SE:BU-ISCIII:SAMPLE3_SE_00007 (length 34)

DiscRep_ALL:MISSING_GENOMEASSEMBLY_COMMENTS::16 bioseqs are missing GenomeAssembly structured comments
./NO_GROUP/SAMPLE3_SE/data/SAMPLE3_SE:BU-ISCIII:SAMPLE3_SE_1 (length 8200)
./NO_GROUP/SAMPLE3_SE/data/SAMPLE3_SE:BU-ISCIII:SAMPLE3_SE_2 (length 1853)
./NO_GROUP/SAMPLE3_SE/data/SAMPLE3_SE:BU-ISCIII:SAMPLE3_SE_3 (length 1909)
./NO_GROUP/SAMPLE3_SE/data/SAMPLE3_SE:BU-ISCIII:SAMPLE3_SE_4 (length 2239)
./NO_GROUP/SAMPLE3_SE/data/SAMPLE3_SE:BU-ISCIII:SAMPLE3_SE_5 (length 2997)
./NO_GROUP/SAMPLE3_SE/data/SAMPLE3_SE:BU-ISCIII:SAMPLE3_SE_6 (length 3807)
./NO_GROUP/SAMPLE3_SE/data/SAMPLE3_SE:BU-ISCIII:SAMPLE3_SE_7 (length 630)
./NO_GROUP/SAMPLE3_SE/data/SAMPLE3_SE:BU-ISCIII:SAMPLE3_SE_8 (length 1687)
./NO_GROUP/SAMPLE3_SE/data/SAMPLE3_SE:BU-ISCIII:SAMPLE3_SE_9 (length 691)
./NO_GROUP/SAMPLE3_SE/data/SAMPLE3_SE:BU-ISCIII:SAMPLE3_SE_10 (length 396)
./NO_GROUP/SAMPLE3_SE/data/SAMPLE3_SE:BU-ISCIII:SAMPLE3_SE_11 (length 216)
./NO_GROUP/SAMPLE3_SE/data/SAMPLE3_SE:BU-ISCIII:SAMPLE3_SE_12 (length 1552)
./NO_GROUP/SAMPLE3_SE/data/SAMPLE3_SE:BU-ISCIII:SAMPLE3_SE_13 (length 211)
./NO_GROUP/SAMPLE3_SE/data/SAMPLE3_SE:BU-ISCIII:SAMPLE3_SE_14 (length 202)
./NO_GROUP/SAMPLE3_SE/data/SAMPLE3_SE:BU-ISCIII:SAMPLE3_SE_15 (length 381)
./NO_GROUP/SAMPLE3_SE/data/SAMPLE3_SE:BU-ISCIII:SAMPLE3_SE_16 (length 748)

DiscRep_ALL:MOLTYPE_NOT_MRNA::16 molecule types are not set as mRNA.
./NO_GROUP/SAMPLE3_SE/data/SAMPLE3_SE:BU-ISCIII:SAMPLE3_SE_1 (length 8200)
./NO_GROUP/SAMPLE3_SE/data/SAMPLE3_SE:BU-ISCIII:SAMPLE3_SE_2 (length 1853)
./NO_GROUP/SAMPLE3_SE/data/SAMPLE3_SE:BU-ISCIII:SAMPLE3_SE_3 (length 1909)
./NO_GROUP/SAMPLE3_SE/data/SAMPLE3_SE:BU-ISCIII:SAMPLE3_SE_4 (length 2239)
./NO_GROUP/SAMPLE3_SE/data/SAMPLE3_SE:BU-ISCIII:SAMPLE3_SE_5 (length 2997)
./NO_GROUP/SAMPLE3_SE/data/SAMPLE3_SE:BU-ISCIII:SAMPLE3_SE_6 (length 3807)
./NO_GROUP/SAMPLE3_SE/data/SAMPLE3_SE:BU-ISCIII:SAMPLE3_SE_7 (length 630)
./NO_GROUP/SAMPLE3_SE/data/SAMPLE3_SE:BU-ISCIII:SAMPLE3_SE_8 (length 1687)
./NO_GROUP/SAMPLE3_SE/data/SAMPLE3_SE:BU-ISCIII:SAMPLE3_SE_9 (length 691)
./NO_GROUP/SAMPLE3_SE/data/SAMPLE3_SE:BU-ISCIII:SAMPLE3_SE_10 (length 396)
./NO_GROUP/SAMPLE3_SE/data/SAMPLE3_SE:BU-ISCIII:SAMPLE3_SE_11 (length 216)
./NO_GROUP/SAMPLE3_SE/data/SAMPLE3_SE:BU-ISCIII:SAMPLE3_SE_12 (length 1552)
./NO_GROUP/SAMPLE3_SE/data/SAMPLE3_SE:BU-ISCIII:SAMPLE3_SE_13 (length 211)
./NO_GROUP/SAMPLE3_SE/data/SAMPLE3_SE:BU-ISCIII:SAMPLE3_SE_14 (length 202)
./NO_GROUP/SAMPLE3_SE/data/SAMPLE3_SE:BU-ISCIII:SAMPLE3_SE_15 (length 381)
./NO_GROUP/SAMPLE3_SE/data/SAMPLE3_SE:BU-ISCIII:SAMPLE3_SE_16 (length 748)

DiscRep_ALL:TECHNIQUE_NOT_TSA::16 technique are not set as TSA
./NO_GROUP/SAMPLE3_SE/data/SAMPLE3_SE:BU-ISCIII:SAMPLE3_SE_1 (length 8200)
./NO_GROUP/SAMPLE3_SE/data/SAMPLE3_SE:BU-ISCIII:SAMPLE3_SE_2 (length 1853)
./NO_GROUP/SAMPLE3_SE/data/SAMPLE3_SE:BU-ISCIII:SAMPLE3_SE_3 (length 1909)
./NO_GROUP/SAMPLE3_SE/data/SAMPLE3_SE:BU-ISCIII:SAMPLE3_SE_4 (length 2239)
./NO_GROUP/SAMPLE3_SE/data/SAMPLE3_SE:BU-ISCIII:SAMPLE3_SE_5 (length 2997)
./NO_GROUP/SAMPLE3_SE/data/SAMPLE3_SE:BU-ISCIII:SAMPLE3_SE_6 (length 3807)
./NO_GROUP/SAMPLE3_SE/data/SAMPLE3_SE:BU-ISCIII:SAMPLE3_SE_7 (length 630)
./NO_GROUP/SAMPLE3_SE/data/SAMPLE3_SE:BU-ISCIII:SAMPLE3_SE_8 (length 1687)
./NO_GROUP/SAMPLE3_SE/data/SAMPLE3_SE:BU-ISCIII:SAMPLE3_SE_9 (length 691)
./NO_GROUP/SAMPLE3_SE/data/SAMPLE3_SE:BU-ISCIII:SAMPLE3_SE_10 (length 396)
./NO_GROUP/SAMPLE3_SE/data/SAMPLE3_SE:BU-ISCIII:SAMPLE3_SE_11 (length 216)
./NO_GROUP/SAMPLE3_SE/data/SAMPLE3_SE:BU-ISCIII:SAMPLE3_SE_12 (length 1552)
./NO_GROUP/SAMPLE3_SE/data/SAMPLE3_SE:BU-ISCIII:SAMPLE3_SE_13 (length 211)
./NO_GROUP/SAMPLE3_SE/data/SAMPLE3_SE:BU-ISCIII:SAMPLE3_SE_14 (length 202)
./NO_GROUP/SAMPLE3_SE/data/SAMPLE3_SE:BU-ISCIII:SAMPLE3_SE_15 (length 381)
./NO_GROUP/SAMPLE3_SE/data/SAMPLE3_SE:BU-ISCIII:SAMPLE3_SE_16 (length 748)

DiscRep_ALL:MISSING_STRUCTURED_COMMENT::16 sequences do not include structured comments.
./NO_GROUP/SAMPLE3_SE/data/SAMPLE3_SE:BU-ISCIII:SAMPLE3_SE_1 (length 8200)
./NO_GROUP/SAMPLE3_SE/data/SAMPLE3_SE:BU-ISCIII:SAMPLE3_SE_2 (length 1853)
./NO_GROUP/SAMPLE3_SE/data/SAMPLE3_SE:BU-ISCIII:SAMPLE3_SE_3 (length 1909)
./NO_GROUP/SAMPLE3_SE/data/SAMPLE3_SE:BU-ISCIII:SAMPLE3_SE_4 (length 2239)
./NO_GROUP/SAMPLE3_SE/data/SAMPLE3_SE:BU-ISCIII:SAMPLE3_SE_5 (length 2997)
./NO_GROUP/SAMPLE3_SE/data/SAMPLE3_SE:BU-ISCIII:SAMPLE3_SE_6 (length 3807)
./NO_GROUP/SAMPLE3_SE/data/SAMPLE3_SE:BU-ISCIII:SAMPLE3_SE_7 (length 630)
./NO_GROUP/SAMPLE3_SE/data/SAMPLE3_SE:BU-ISCIII:SAMPLE3_SE_8 (length 1687)
./NO_GROUP/SAMPLE3_SE/data/SAMPLE3_SE:BU-ISCIII:SAMPLE3_SE_9 (length 691)
./NO_GROUP/SAMPLE3_SE/data/SAMPLE3_SE:BU-ISCIII:SAMPLE3_SE_10 (length 396)
./NO_GROUP/SAMPLE3_SE/data/SAMPLE3_SE:BU-ISCIII:SAMPLE3_SE_11 (length 216)
./NO_GROUP/SAMPLE3_SE/data/SAMPLE3_SE:BU-ISCIII:SAMPLE3_SE_12 (length 1552)
./NO_GROUP/SAMPLE3_SE/data/SAMPLE3_SE:BU-ISCIII:SAMPLE3_SE_13 (length 211)
./NO_GROUP/SAMPLE3_SE/data/SAMPLE3_SE:BU-ISCIII:SAMPLE3_SE_14 (length 202)
./NO_GROUP/SAMPLE3_SE/data/SAMPLE3_SE:BU-ISCIII:SAMPLE3_SE_15 (length 381)
./NO_GROUP/SAMPLE3_SE/data/SAMPLE3_SE:BU-ISCIII:SAMPLE3_SE_16 (length 748)

DiscRep_ALL:MISSING_PROJECT::30 sequences do not include project.
./NO_GROUP/SAMPLE3_SE/data/SAMPLE3_SE:BU-ISCIII:SAMPLE3_SE_1 (length 8200)
./NO_GROUP/SAMPLE3_SE/data/SAMPLE3_SE:BU-ISCIII:SAMPLE3_SE_00001 (length 1524)
./NO_GROUP/SAMPLE3_SE/data/SAMPLE3_SE:BU-ISCIII:SAMPLE3_SE_2 (length 1853)
./NO_GROUP/SAMPLE3_SE/data/SAMPLE3_SE:BU-ISCIII:SAMPLE3_SE_00002 (length 89)
./NO_GROUP/SAMPLE3_SE/data/SAMPLE3_SE:BU-ISCIII:SAMPLE3_SE_00003 (length 64)
./NO_GROUP/SAMPLE3_SE/data/SAMPLE3_SE:BU-ISCIII:SAMPLE3_SE_3 (length 1909)
./NO_GROUP/SAMPLE3_SE/data/SAMPLE3_SE:BU-ISCIII:SAMPLE3_SE_00004 (length 419)
./NO_GROUP/SAMPLE3_SE/data/SAMPLE3_SE:BU-ISCIII:SAMPLE3_SE_00005 (length 121)
./NO_GROUP/SAMPLE3_SE/data/SAMPLE3_SE:BU-ISCIII:SAMPLE3_SE_4 (length 2239)
./NO_GROUP/SAMPLE3_SE/data/SAMPLE3_SE:BU-ISCIII:SAMPLE3_SE_5 (length 2997)
./NO_GROUP/SAMPLE3_SE/data/SAMPLE3_SE:BU-ISCIII:SAMPLE3_SE_00006 (length 69)
./NO_GROUP/SAMPLE3_SE/data/SAMPLE3_SE:BU-ISCIII:SAMPLE3_SE_00007 (length 34)
./NO_GROUP/SAMPLE3_SE/data/SAMPLE3_SE:BU-ISCIII:SAMPLE3_SE_00008 (length 100)
./NO_GROUP/SAMPLE3_SE/data/SAMPLE3_SE:BU-ISCIII:SAMPLE3_SE_6 (length 3807)
./NO_GROUP/SAMPLE3_SE/data/SAMPLE3_SE:BU-ISCIII:SAMPLE3_SE_00009 (length 52)
./NO_GROUP/SAMPLE3_SE/data/SAMPLE3_SE:BU-ISCIII:SAMPLE3_SE_00010 (length 153)
./NO_GROUP/SAMPLE3_SE/data/SAMPLE3_SE:BU-ISCIII:SAMPLE3_SE_00011 (length 79)
./NO_GROUP/SAMPLE3_SE/data/SAMPLE3_SE:BU-ISCIII:SAMPLE3_SE_7 (length 630)
./NO_GROUP/SAMPLE3_SE/data/SAMPLE3_SE:BU-ISCIII:SAMPLE3_SE_8 (length 1687)
./NO_GROUP/SAMPLE3_SE/data/SAMPLE3_SE:BU-ISCIII:SAMPLE3_SE_00012 (length 75)
./NO_GROUP/SAMPLE3_SE/data/SAMPLE3_SE:BU-ISCIII:SAMPLE3_SE_00013 (length 222)
./NO_GROUP/SAMPLE3_SE/data/SAMPLE3_SE:BU-ISCIII:SAMPLE3_SE_9 (length 691)
./NO_GROUP/SAMPLE3_SE/data/SAMPLE3_SE:BU-ISCIII:SAMPLE3_SE_10 (length 396)
./NO_GROUP/SAMPLE3_SE/data/SAMPLE3_SE:BU-ISCIII:SAMPLE3_SE_11 (length 216)
./NO_GROUP/SAMPLE3_SE/data/SAMPLE3_SE:BU-ISCIII:SAMPLE3_SE_12 (length 1552)
./NO_GROUP/SAMPLE3_SE/data/SAMPLE3_SE:BU-ISCIII:SAMPLE3_SE_00014 (length 405)
./NO_GROUP/SAMPLE3_SE/data/SAMPLE3_SE:BU-ISCIII:SAMPLE3_SE_13 (length 211)
./NO_GROUP/SAMPLE3_SE/data/SAMPLE3_SE:BU-ISCIII:SAMPLE3_SE_14 (length 202)
./NO_GROUP/SAMPLE3_SE/data/SAMPLE3_SE:BU-ISCIII:SAMPLE3_SE_15 (length 381)
./NO_GROUP/SAMPLE3_SE/data/SAMPLE3_SE:BU-ISCIII:SAMPLE3_SE_16 (length 748)

DiscRep_ALL:DISC_INCONSISTENT_MOLINFO_TECH::Molinfo Technique Report (some missing, all same)
DiscRep_SUB:DISC_INCONSISTENT_MOLINFO_TECH::technique (all missing)
DiscRep_SUB:DISC_INCONSISTENT_MOLINFO_TECH::16 Molinfos are missing field technique
./NO_GROUP/SAMPLE3_SE/data/SAMPLE3_SE:BU-ISCIII:SAMPLE3_SE_1 (length 8200)
./NO_GROUP/SAMPLE3_SE/data/SAMPLE3_SE:BU-ISCIII:SAMPLE3_SE_2 (length 1853)
./NO_GROUP/SAMPLE3_SE/data/SAMPLE3_SE:BU-ISCIII:SAMPLE3_SE_3 (length 1909)
./NO_GROUP/SAMPLE3_SE/data/SAMPLE3_SE:BU-ISCIII:SAMPLE3_SE_4 (length 2239)
./NO_GROUP/SAMPLE3_SE/data/SAMPLE3_SE:BU-ISCIII:SAMPLE3_SE_5 (length 2997)
./NO_GROUP/SAMPLE3_SE/data/SAMPLE3_SE:BU-ISCIII:SAMPLE3_SE_6 (length 3807)
./NO_GROUP/SAMPLE3_SE/data/SAMPLE3_SE:BU-ISCIII:SAMPLE3_SE_7 (length 630)
./NO_GROUP/SAMPLE3_SE/data/SAMPLE3_SE:BU-ISCIII:SAMPLE3_SE_8 (length 1687)
./NO_GROUP/SAMPLE3_SE/data/SAMPLE3_SE:BU-ISCIII:SAMPLE3_SE_9 (length 691)
./NO_GROUP/SAMPLE3_SE/data/SAMPLE3_SE:BU-ISCIII:SAMPLE3_SE_10 (length 396)
./NO_GROUP/SAMPLE3_SE/data/SAMPLE3_SE:BU-ISCIII:SAMPLE3_SE_11 (length 216)
./NO_GROUP/SAMPLE3_SE/data/SAMPLE3_SE:BU-ISCIII:SAMPLE3_SE_12 (length 1552)
./NO_GROUP/SAMPLE3_SE/data/SAMPLE3_SE:BU-ISCIII:SAMPLE3_SE_13 (length 211)
./NO_GROUP/SAMPLE3_SE/data/SAMPLE3_SE:BU-ISCIII:SAMPLE3_SE_14 (length 202)
./NO_GROUP/SAMPLE3_SE/data/SAMPLE3_SE:BU-ISCIII:SAMPLE3_SE_15 (length 381)
./NO_GROUP/SAMPLE3_SE/data/SAMPLE3_SE:BU-ISCIII:SAMPLE3_SE_16 (length 748)

