Aligning contigs to reference...
	Aligning contigs to the reference
Filtering alignments...
Parsing coords...
Loading reference...
	Loaded [NC_045512.2]
	Total Regions: 1
	Total Region Length: 29903
Analyzing contigs...
CONTIG: SAMPLE1_PE (29903bp)
Best alignment score: 20747.8 (LEN: 20752, IDY: 99.98), Total number of alignments: 2
			Looking for the best set of alignments (out of 2 total alignments)
			The best set is below. Score: 29322.1, number of alignments: 2, unaligned bases: 570
		This contig is misassembled.
			Real Alignment 1: 55 8635 | 55 8635 | 8581 8581 | 99.98 | NC_045512.2 SAMPLE1_PE
			  Incorrectly estimated size of scaffold gap between these two alignments: gap length difference = 0 (local)
			Real Alignment 2: 8914 29665 | 8914 29665 | 20752 20752 | 99.98 | NC_045512.2 SAMPLE1_PE

Analyzing coverage...
Writing SNPs into /home/s.varona/virology_training_test/work/5f/89ba78dc252b41eeca13f039db0820/quast/contigs_reports/minimap_output/SAMPLE1_PE-consensus-masked.used_snps.gz

Analysis is finished!
Founded SNPs were written into /home/s.varona/virology_training_test/work/5f/89ba78dc252b41eeca13f039db0820/quast/contigs_reports/minimap_output/SAMPLE1_PE-consensus-masked.used_snps.gz

Results:
	Local Misassemblies: 0
	Misassemblies: 0
		Relocations: 0
		Translocations: 0
		Inversions: 0
	Scaffold gap extensive misassemblies: 0
	Scaffold gap local misassemblies: 1
	Misassembled Contigs: 0
	Misassembled Contig Bases: 0
	Misassemblies Inter-Contig Overlap: 0
Unaligned Contigs: 0 + 0 part
Half Unaligned Contigs with Misassemblies: 0
Unaligned Contig Bases: 0

Ambiguously Mapped Contigs: 0
Total Bases in Ambiguously Mapped Contigs: 0
Extra Bases in Ambiguously Mapped Contigs: 0
Note that --allow-ambiguity option was set to "one" and only first alignment per each of these contigs was used.

	Covered Bases: 29333

	SNPs: 6
	Insertions: 0
	Deletions: 0

