Discrepancy Report Results

Summary
FATAL: BAD_LOCUS_TAG_FORMAT:17 locus tags are incorrectly formatted.
DISC_SOURCE_QUALS_ASNDISC:strain (all present, all same)
DISC_SOURCE_QUALS_ASNDISC:taxname (all present, all same)
DISC_FEATURE_COUNT:gene: 17 present
DISC_FEATURE_COUNT:CDS: 17 present
DISC_COUNT_NUCLEOTIDES:4 nucleotide Bioseqs are present
OVERLAPPING_GENES:6 genes overlap another gene on the same strand.
NO_ANNOTATION:1 bioseqs have no features
DISC_QUALITY_SCORES:Quality scores are missing on all sequences.
ONCALLER_COMMENT_PRESENT:4 comment descriptors were found (all same)
SHORT_PROT_SEQUENCES:1 protein sequences are shorter than 50 aa.
MISSING_GENOMEASSEMBLY_COMMENTS:4 bioseqs are missing GenomeAssembly structured comments
MOLTYPE_NOT_MRNA:4 molecule types are not set as mRNA.
TECHNIQUE_NOT_TSA:4 technique are not set as TSA
MISSING_STRUCTURED_COMMENT:4 sequences do not include structured comments.
MISSING_PROJECT:21 sequences do not include project.
DISC_INCONSISTENT_MOLINFO_TECH:Molinfo Technique Report (some missing, all same)


Detailed Report

FATAL: DiscRep_ALL:BAD_LOCUS_TAG_FORMAT::17 locus tags are incorrectly formatted.
./NO_GROUP/SAMPLE1_PE/data/SAMPLE1_PE:Gene	SAMPLE1_PE_00001	SAMPLE1_PE_1:c1620-361	SAMPLE1_PE_00001
./NO_GROUP/SAMPLE1_PE/data/SAMPLE1_PE:Gene	SAMPLE1_PE_00002	SAMPLE1_PE_1:c2000-1635	SAMPLE1_PE_00002
./NO_GROUP/SAMPLE1_PE/data/SAMPLE1_PE:Gene	SAMPLE1_PE_00003	SAMPLE1_PE_1:c2500-2135	SAMPLE1_PE_00003
./NO_GROUP/SAMPLE1_PE/data/SAMPLE1_PE:Gene	SAMPLE1_PE_00004	SAMPLE1_PE_1:c2692-2507	SAMPLE1_PE_00004
./NO_GROUP/SAMPLE1_PE/data/SAMPLE1_PE:Gene	SAMPLE1_PE_00005	SAMPLE1_PE_1:c3371-2703	SAMPLE1_PE_00005
./NO_GROUP/SAMPLE1_PE/data/SAMPLE1_PE:Gene	SAMPLE1_PE_00006	SAMPLE1_PE_1:c4489-3674	SAMPLE1_PE_00006
./NO_GROUP/SAMPLE1_PE/data/SAMPLE1_PE:Gene	SAMPLE1_PE_00007	SAMPLE1_PE_1:c8358-4510	SAMPLE1_PE_00007
./NO_GROUP/SAMPLE1_PE/data/SAMPLE1_PE:Gene	SAMPLE1_PE_00008	SAMPLE1_PE_1:c16126-8339	SAMPLE1_PE_00008
./NO_GROUP/SAMPLE1_PE/data/SAMPLE1_PE:Gene	SAMPLE1_PE_00009	SAMPLE1_PE_1:c20985-16411	SAMPLE1_PE_00009
./NO_GROUP/SAMPLE1_PE/data/SAMPLE1_PE:Gene	ymdB	SAMPLE1_PE_2:c8535-103	SAMPLE1_PE_00010
./NO_GROUP/SAMPLE1_PE/data/SAMPLE1_PE:Gene	SAMPLE1_PE_00011	SAMPLE1_PE_3:449-976	SAMPLE1_PE_00011
./NO_GROUP/SAMPLE1_PE/data/SAMPLE1_PE:Gene	SAMPLE1_PE_00012	SAMPLE1_PE_3:985-1971	SAMPLE1_PE_00012
./NO_GROUP/SAMPLE1_PE/data/SAMPLE1_PE:Gene	SAMPLE1_PE_00013	SAMPLE1_PE_3:2035-3576	SAMPLE1_PE_00013
./NO_GROUP/SAMPLE1_PE/data/SAMPLE1_PE:Gene	SAMPLE1_PE_00014	SAMPLE1_PE_3:3573-3833	SAMPLE1_PE_00014
./NO_GROUP/SAMPLE1_PE/data/SAMPLE1_PE:Gene	SAMPLE1_PE_00015	SAMPLE1_PE_3:3830-4288	SAMPLE1_PE_00015
./NO_GROUP/SAMPLE1_PE/data/SAMPLE1_PE:Gene	SAMPLE1_PE_00016	SAMPLE1_PE_3:4288-4404	SAMPLE1_PE_00016
./NO_GROUP/SAMPLE1_PE/data/SAMPLE1_PE:Gene	SAMPLE1_PE_00017	SAMPLE1_PE_3:c5091-4534	SAMPLE1_PE_00017

DiscRep_ALL:DISC_SOURCE_QUALS_ASNDISC::strain (all present, all same)
DiscRep_SUB:DISC_SOURCE_QUALS_ASNDISC::4 sources have 'strain' for strain
DiscRep_ALL:DISC_SOURCE_QUALS_ASNDISC::taxname (all present, all same)
DiscRep_SUB:DISC_SOURCE_QUALS_ASNDISC::4 sources have '--species species' for taxname
DiscRep_ALL:DISC_FEATURE_COUNT::gene: 17 present
DiscRep_ALL:DISC_FEATURE_COUNT::CDS: 17 present
DiscRep_ALL:DISC_COUNT_NUCLEOTIDES::4 nucleotide Bioseqs are present
./NO_GROUP/SAMPLE1_PE/data/SAMPLE1_PE:BU-ISCIII:SAMPLE1_PE_1 (length 21005)
./NO_GROUP/SAMPLE1_PE/data/SAMPLE1_PE:BU-ISCIII:SAMPLE1_PE_2 (length 8770)
./NO_GROUP/SAMPLE1_PE/data/SAMPLE1_PE:BU-ISCIII:SAMPLE1_PE_3 (length 5474)
./NO_GROUP/SAMPLE1_PE/data/SAMPLE1_PE:BU-ISCIII:SAMPLE1_PE_4 (length 458)

DiscRep_ALL:OVERLAPPING_GENES::6 genes overlap another gene on the same strand.
./NO_GROUP/SAMPLE1_PE/data/SAMPLE1_PE:Gene	SAMPLE1_PE_00007	SAMPLE1_PE_1:c8358-4510	SAMPLE1_PE_00007
./NO_GROUP/SAMPLE1_PE/data/SAMPLE1_PE:Gene	SAMPLE1_PE_00008	SAMPLE1_PE_1:c16126-8339	SAMPLE1_PE_00008
./NO_GROUP/SAMPLE1_PE/data/SAMPLE1_PE:Gene	SAMPLE1_PE_00013	SAMPLE1_PE_3:2035-3576	SAMPLE1_PE_00013
./NO_GROUP/SAMPLE1_PE/data/SAMPLE1_PE:Gene	SAMPLE1_PE_00014	SAMPLE1_PE_3:3573-3833	SAMPLE1_PE_00014
./NO_GROUP/SAMPLE1_PE/data/SAMPLE1_PE:Gene	SAMPLE1_PE_00015	SAMPLE1_PE_3:3830-4288	SAMPLE1_PE_00015
./NO_GROUP/SAMPLE1_PE/data/SAMPLE1_PE:Gene	SAMPLE1_PE_00016	SAMPLE1_PE_3:4288-4404	SAMPLE1_PE_00016

DiscRep_ALL:NO_ANNOTATION::1 bioseqs have no features
./NO_GROUP/SAMPLE1_PE/data/SAMPLE1_PE:BU-ISCIII:SAMPLE1_PE_4 (length 458)

DiscRep_ALL:DISC_QUALITY_SCORES::Quality scores are missing on all sequences.

DiscRep_ALL:ONCALLER_COMMENT_PRESENT::4 comment descriptors were found (all same)
./NO_GROUP/SAMPLE1_PE/data/SAMPLE1_PE:BU-ISCIII:SAMPLE1_PE_1:Annotated using prokka 1.14.6 from https://github.com/tseemann/prokka
./NO_GROUP/SAMPLE1_PE/data/SAMPLE1_PE:BU-ISCIII:SAMPLE1_PE_2:Annotated using prokka 1.14.6 from https://github.com/tseemann/prokka
./NO_GROUP/SAMPLE1_PE/data/SAMPLE1_PE:BU-ISCIII:SAMPLE1_PE_3:Annotated using prokka 1.14.6 from https://github.com/tseemann/prokka
./NO_GROUP/SAMPLE1_PE/data/SAMPLE1_PE:BU-ISCIII:SAMPLE1_PE_4:Annotated using prokka 1.14.6 from https://github.com/tseemann/prokka

DiscRep_ALL:SHORT_PROT_SEQUENCES::1 protein sequences are shorter than 50 aa.
./NO_GROUP/SAMPLE1_PE/data/SAMPLE1_PE:BU-ISCIII:SAMPLE1_PE_00016 (length 38)

DiscRep_ALL:MISSING_GENOMEASSEMBLY_COMMENTS::4 bioseqs are missing GenomeAssembly structured comments
./NO_GROUP/SAMPLE1_PE/data/SAMPLE1_PE:BU-ISCIII:SAMPLE1_PE_1 (length 21005)
./NO_GROUP/SAMPLE1_PE/data/SAMPLE1_PE:BU-ISCIII:SAMPLE1_PE_2 (length 8770)
./NO_GROUP/SAMPLE1_PE/data/SAMPLE1_PE:BU-ISCIII:SAMPLE1_PE_3 (length 5474)
./NO_GROUP/SAMPLE1_PE/data/SAMPLE1_PE:BU-ISCIII:SAMPLE1_PE_4 (length 458)

DiscRep_ALL:MOLTYPE_NOT_MRNA::4 molecule types are not set as mRNA.
./NO_GROUP/SAMPLE1_PE/data/SAMPLE1_PE:BU-ISCIII:SAMPLE1_PE_1 (length 21005)
./NO_GROUP/SAMPLE1_PE/data/SAMPLE1_PE:BU-ISCIII:SAMPLE1_PE_2 (length 8770)
./NO_GROUP/SAMPLE1_PE/data/SAMPLE1_PE:BU-ISCIII:SAMPLE1_PE_3 (length 5474)
./NO_GROUP/SAMPLE1_PE/data/SAMPLE1_PE:BU-ISCIII:SAMPLE1_PE_4 (length 458)

DiscRep_ALL:TECHNIQUE_NOT_TSA::4 technique are not set as TSA
./NO_GROUP/SAMPLE1_PE/data/SAMPLE1_PE:BU-ISCIII:SAMPLE1_PE_1 (length 21005)
./NO_GROUP/SAMPLE1_PE/data/SAMPLE1_PE:BU-ISCIII:SAMPLE1_PE_2 (length 8770)
./NO_GROUP/SAMPLE1_PE/data/SAMPLE1_PE:BU-ISCIII:SAMPLE1_PE_3 (length 5474)
./NO_GROUP/SAMPLE1_PE/data/SAMPLE1_PE:BU-ISCIII:SAMPLE1_PE_4 (length 458)

DiscRep_ALL:MISSING_STRUCTURED_COMMENT::4 sequences do not include structured comments.
./NO_GROUP/SAMPLE1_PE/data/SAMPLE1_PE:BU-ISCIII:SAMPLE1_PE_1 (length 21005)
./NO_GROUP/SAMPLE1_PE/data/SAMPLE1_PE:BU-ISCIII:SAMPLE1_PE_2 (length 8770)
./NO_GROUP/SAMPLE1_PE/data/SAMPLE1_PE:BU-ISCIII:SAMPLE1_PE_3 (length 5474)
./NO_GROUP/SAMPLE1_PE/data/SAMPLE1_PE:BU-ISCIII:SAMPLE1_PE_4 (length 458)

DiscRep_ALL:MISSING_PROJECT::21 sequences do not include project.
./NO_GROUP/SAMPLE1_PE/data/SAMPLE1_PE:BU-ISCIII:SAMPLE1_PE_1 (length 21005)
./NO_GROUP/SAMPLE1_PE/data/SAMPLE1_PE:BU-ISCIII:SAMPLE1_PE_00001 (length 419)
./NO_GROUP/SAMPLE1_PE/data/SAMPLE1_PE:BU-ISCIII:SAMPLE1_PE_00002 (length 121)
./NO_GROUP/SAMPLE1_PE/data/SAMPLE1_PE:BU-ISCIII:SAMPLE1_PE_00003 (length 121)
./NO_GROUP/SAMPLE1_PE/data/SAMPLE1_PE:BU-ISCIII:SAMPLE1_PE_00004 (length 61)
./NO_GROUP/SAMPLE1_PE/data/SAMPLE1_PE:BU-ISCIII:SAMPLE1_PE_00005 (length 222)
./NO_GROUP/SAMPLE1_PE/data/SAMPLE1_PE:BU-ISCIII:SAMPLE1_PE_00006 (length 271)
./NO_GROUP/SAMPLE1_PE/data/SAMPLE1_PE:BU-ISCIII:SAMPLE1_PE_00007 (length 1282)
./NO_GROUP/SAMPLE1_PE/data/SAMPLE1_PE:BU-ISCIII:SAMPLE1_PE_00008 (length 2595)
./NO_GROUP/SAMPLE1_PE/data/SAMPLE1_PE:BU-ISCIII:SAMPLE1_PE_00009 (length 1524)
./NO_GROUP/SAMPLE1_PE/data/SAMPLE1_PE:BU-ISCIII:SAMPLE1_PE_2 (length 8770)
./NO_GROUP/SAMPLE1_PE/data/SAMPLE1_PE:BU-ISCIII:SAMPLE1_PE_00010 (length 2810)
./NO_GROUP/SAMPLE1_PE/data/SAMPLE1_PE:BU-ISCIII:SAMPLE1_PE_3 (length 5474)
./NO_GROUP/SAMPLE1_PE/data/SAMPLE1_PE:BU-ISCIII:SAMPLE1_PE_00011 (length 175)
./NO_GROUP/SAMPLE1_PE/data/SAMPLE1_PE:BU-ISCIII:SAMPLE1_PE_00012 (length 328)
./NO_GROUP/SAMPLE1_PE/data/SAMPLE1_PE:BU-ISCIII:SAMPLE1_PE_00013 (length 513)
./NO_GROUP/SAMPLE1_PE/data/SAMPLE1_PE:BU-ISCIII:SAMPLE1_PE_00014 (length 86)
./NO_GROUP/SAMPLE1_PE/data/SAMPLE1_PE:BU-ISCIII:SAMPLE1_PE_00015 (length 152)
./NO_GROUP/SAMPLE1_PE/data/SAMPLE1_PE:BU-ISCIII:SAMPLE1_PE_00016 (length 38)
./NO_GROUP/SAMPLE1_PE/data/SAMPLE1_PE:BU-ISCIII:SAMPLE1_PE_00017 (length 185)
./NO_GROUP/SAMPLE1_PE/data/SAMPLE1_PE:BU-ISCIII:SAMPLE1_PE_4 (length 458)

DiscRep_ALL:DISC_INCONSISTENT_MOLINFO_TECH::Molinfo Technique Report (some missing, all same)
DiscRep_SUB:DISC_INCONSISTENT_MOLINFO_TECH::technique (all missing)
DiscRep_SUB:DISC_INCONSISTENT_MOLINFO_TECH::4 Molinfos are missing field technique
./NO_GROUP/SAMPLE1_PE/data/SAMPLE1_PE:BU-ISCIII:SAMPLE1_PE_1 (length 21005)
./NO_GROUP/SAMPLE1_PE/data/SAMPLE1_PE:BU-ISCIII:SAMPLE1_PE_2 (length 8770)
./NO_GROUP/SAMPLE1_PE/data/SAMPLE1_PE:BU-ISCIII:SAMPLE1_PE_3 (length 5474)
./NO_GROUP/SAMPLE1_PE/data/SAMPLE1_PE:BU-ISCIII:SAMPLE1_PE_4 (length 458)

