Aligning contigs to reference...
	Aligning contigs to the reference
Filtering alignments...
Parsing coords...
Loading reference...
	Loaded [NC_045512.2]
	Total Regions: 1
	Total Region Length: 29903
Analyzing contigs...
CONTIG: 0 (3807bp)
Best alignment score: 3805.1 (LEN: 3807, IDY: 99.95), Total number of alignments: 1
		One align captures most of this contig: 47 3853 | 3807 1 | 3807 3807 | 99.95 | NC_045512.2 0

CONTIG: 2 (3993bp)
Best alignment score: 3993.0 (LEN: 3993, IDY: 100.00), Total number of alignments: 1
		One align captures most of this contig: 25701 29693 | 1 3993 | 3993 3993 | 100.0 | NC_045512.2 2

CONTIG: 3 (10409bp)
Best alignment score: 10406.9 (LEN: 10409, IDY: 99.98), Total number of alignments: 1
		One align captures most of this contig: 8889 19297 | 1 10409 | 10409 10409 | 99.98 | NC_045512.2 3

CONTIG: 4 (2551bp)
Best alignment score: 2550.0 (LEN: 2551, IDY: 99.96), Total number of alignments: 1
		One align captures most of this contig: 23123 25673 | 2551 1 | 2551 2551 | 99.96 | NC_045512.2 4

CONTIG: 6 (3317bp)
Best alignment score: 3317.0 (LEN: 3317, IDY: 100.00), Total number of alignments: 1
		One align captures most of this contig: 5345 8661 | 3317 1 | 3317 3317 | 100.0 | NC_045512.2 6

CONTIG: 7 (1764bp)
Best alignment score: 1764.0 (LEN: 1764, IDY: 100.00), Total number of alignments: 1
		One align captures most of this contig: 21358 23121 | 1764 1 | 1764 1764 | 100.0 | NC_045512.2 7

CONTIG: 8 (1874bp)
Best alignment score: 1873.1 (LEN: 1874, IDY: 99.95), Total number of alignments: 1
		One align captures most of this contig: 19296 21169 | 1874 1 | 1874 1874 | 99.95 | NC_045512.2 8

Analyzing coverage...
Writing SNPs into /home/svarona/work/a2/34beced503d941be95be038ed865d2/quast/contigs_reports/minimap_output/SAMPLE1_PE-k31-scaffolds.used_snps.gz

Analysis is finished!
Founded SNPs were written into /home/svarona/work/a2/34beced503d941be95be038ed865d2/quast/contigs_reports/minimap_output/SAMPLE1_PE-k31-scaffolds.used_snps.gz

Results:
	Local Misassemblies: 0
	Misassemblies: 0
		Relocations: 0
		Translocations: 0
		Inversions: 0
	Scaffold gap extensive misassemblies: 0
	Scaffold gap local misassemblies: 0
	Misassembled Contigs: 0
	Misassembled Contig Bases: 0
	Misassemblies Inter-Contig Overlap: 0
Unaligned Contigs: 0 + 0 part
Half Unaligned Contigs with Misassemblies: 0
Unaligned Contig Bases: 0

Ambiguously Mapped Contigs: 0
Total Bases in Ambiguously Mapped Contigs: 0
Extra Bases in Ambiguously Mapped Contigs: 0
Note that --allow-ambiguity option was set to "one" and only first alignment per each of these contigs was used.

	Covered Bases: 27713

	SNPs: 6
	Insertions: 0
	Deletions: 0

